running develop
running egg_info
creating insta360_simple_camera.egg-info
writing insta360_simple_camera.egg-info/PKG-INFO
writing dependency_links to insta360_simple_camera.egg-info/dependency_links.txt
writing entry points to insta360_simple_camera.egg-info/entry_points.txt
writing requirements to insta360_simple_camera.egg-info/requires.txt
writing top-level names to insta360_simple_camera.egg-info/top_level.txt
writing manifest file 'insta360_simple_camera.egg-info/SOURCES.txt'
reading manifest file 'insta360_simple_camera.egg-info/SOURCES.txt'
writing manifest file 'insta360_simple_camera.egg-info/SOURCES.txt'
running build_ext
Creating /home/yeah2/allex_ces_idle_interaction_gui/install/insta360_simple_camera/lib/python3.10/site-packages/insta360-simple-camera.egg-link (link to .)
Installing steram_node script to /home/yeah2/allex_ces_idle_interaction_gui/install/insta360_simple_camera/lib/insta360_simple_camera

Installed /home/yeah2/allex_ces_idle_interaction_gui/build/insta360_simple_camera
running symlink_data
creating /home/yeah2/allex_ces_idle_interaction_gui/install/insta360_simple_camera/share/ament_index
creating /home/yeah2/allex_ces_idle_interaction_gui/install/insta360_simple_camera/share/ament_index/resource_index
creating /home/yeah2/allex_ces_idle_interaction_gui/install/insta360_simple_camera/share/ament_index/resource_index/packages
symbolically linking /home/yeah2/allex_ces_idle_interaction_gui/build/insta360_simple_camera/resource/insta360_simple_camera -> /home/yeah2/allex_ces_idle_interaction_gui/install/insta360_simple_camera/share/ament_index/resource_index/packages
symbolically linking /home/yeah2/allex_ces_idle_interaction_gui/build/insta360_simple_camera/package.xml -> /home/yeah2/allex_ces_idle_interaction_gui/install/insta360_simple_camera/share/insta360_simple_camera
