[0.459s] Invoking command in '/home/yeah2/allex_ces_idle_interaction_gui/build/insta360_simple_camera': CONDA_PROMPT_MODIFIER=(base) PYTHONPATH=/home/yeah2/allex_ces_idle_interaction_gui/build/insta360_simple_camera/prefix_override:/usr/lib/python3/dist-packages/colcon_core/task/python/colcon_distutils_commands:/home/yeah2/allex_ces_idle_interaction_gui/install/insta360_simple_camera/lib/python3.10/site-packages:${PYTHONPATH} /usr/bin/python3 -W ignore:setup.py install is deprecated -W ignore:easy_install command is deprecated setup.py develop --editable --build-directory /home/yeah2/allex_ces_idle_interaction_gui/build/insta360_simple_camera/build --no-deps symlink_data
[0.602s] running develop
[0.690s] running egg_info
[0.690s] creating insta360_simple_camera.egg-info
[0.690s] writing insta360_simple_camera.egg-info/PKG-INFO
[0.690s] writing dependency_links to insta360_simple_camera.egg-info/dependency_links.txt
[0.691s] writing entry points to insta360_simple_camera.egg-info/entry_points.txt
[0.691s] writing requirements to insta360_simple_camera.egg-info/requires.txt
[0.691s] writing top-level names to insta360_simple_camera.egg-info/top_level.txt
[0.691s] writing manifest file 'insta360_simple_camera.egg-info/SOURCES.txt'
[0.691s] reading manifest file 'insta360_simple_camera.egg-info/SOURCES.txt'
[0.692s] writing manifest file 'insta360_simple_camera.egg-info/SOURCES.txt'
[0.693s] running build_ext
[0.693s] Creating /home/yeah2/allex_ces_idle_interaction_gui/install/insta360_simple_camera/lib/python3.10/site-packages/insta360-simple-camera.egg-link (link to .)
[0.693s] Installing steram_node script to /home/yeah2/allex_ces_idle_interaction_gui/install/insta360_simple_camera/lib/insta360_simple_camera
[0.693s] 
[0.693s] Installed /home/yeah2/allex_ces_idle_interaction_gui/build/insta360_simple_camera
[0.693s] running symlink_data
[0.693s] creating /home/yeah2/allex_ces_idle_interaction_gui/install/insta360_simple_camera/share/ament_index
[0.693s] creating /home/yeah2/allex_ces_idle_interaction_gui/install/insta360_simple_camera/share/ament_index/resource_index
[0.693s] creating /home/yeah2/allex_ces_idle_interaction_gui/install/insta360_simple_camera/share/ament_index/resource_index/packages
[0.693s] symbolically linking /home/yeah2/allex_ces_idle_interaction_gui/build/insta360_simple_camera/resource/insta360_simple_camera -> /home/yeah2/allex_ces_idle_interaction_gui/install/insta360_simple_camera/share/ament_index/resource_index/packages
[0.693s] symbolically linking /home/yeah2/allex_ces_idle_interaction_gui/build/insta360_simple_camera/package.xml -> /home/yeah2/allex_ces_idle_interaction_gui/install/insta360_simple_camera/share/insta360_simple_camera
[0.709s] Invoked command in '/home/yeah2/allex_ces_idle_interaction_gui/build/insta360_simple_camera' returned '0': CONDA_PROMPT_MODIFIER=(base) PYTHONPATH=/home/yeah2/allex_ces_idle_interaction_gui/build/insta360_simple_camera/prefix_override:/usr/lib/python3/dist-packages/colcon_core/task/python/colcon_distutils_commands:/home/yeah2/allex_ces_idle_interaction_gui/install/insta360_simple_camera/lib/python3.10/site-packages:${PYTHONPATH} /usr/bin/python3 -W ignore:setup.py install is deprecated -W ignore:easy_install command is deprecated setup.py develop --editable --build-directory /home/yeah2/allex_ces_idle_interaction_gui/build/insta360_simple_camera/build --no-deps symlink_data
