[0.047s] DEBUG:colcon:Command line arguments: ['/usr/bin/colcon', 'build', '--symlink-install']
[0.047s] DEBUG:colcon:Parsed command line arguments: Namespace(log_base=None, log_level=None, verb_name='build', build_base='build', install_base='install', merge_install=False, symlink_install=True, test_result_base=None, continue_on_error=False, executor='parallel', parallel_workers=20, event_handlers=None, ignore_user_meta=False, metas=['./colcon.meta'], base_paths=['.'], packages_ignore=None, packages_ignore_regex=None, paths=None, packages_up_to=None, packages_up_to_regex=None, packages_above=None, packages_above_and_dependencies=None, packages_above_depth=None, packages_select_by_dep=None, packages_skip_by_dep=None, packages_skip_up_to=None, packages_select_build_failed=False, packages_skip_build_finished=False, packages_select_test_failures=False, packages_skip_test_passed=False, packages_select=None, packages_skip=None, packages_select_regex=None, packages_skip_regex=None, packages_start=None, packages_end=None, allow_overriding=[], cmake_args=None, cmake_target=None, cmake_target_skip_unavailable=False, cmake_clean_cache=False, cmake_clean_first=False, cmake_force_configure=False, ament_cmake_args=None, catkin_cmake_args=None, catkin_skip_building_tests=False, mixin_files=None, mixin=None, verb_parser=<colcon_mixin.mixin.mixin_argument.MixinArgumentDecorator object at 0xfbda44998320>, verb_extension=<colcon_core.verb.build.BuildVerb object at 0xfbda4490dfd0>, main=<bound method BuildVerb.main of <colcon_core.verb.build.BuildVerb object at 0xfbda4490dfd0>>, mixin_verb=('build',))
[0.065s] Level 1:colcon.colcon_core.package_discovery:discover_packages(colcon_meta) check parameters
[0.065s] Level 1:colcon.colcon_core.package_discovery:discover_packages(recursive) check parameters
[0.065s] Level 1:colcon.colcon_core.package_discovery:discover_packages(ignore) check parameters
[0.065s] Level 1:colcon.colcon_core.package_discovery:discover_packages(path) check parameters
[0.065s] Level 1:colcon.colcon_core.package_discovery:discover_packages(colcon_meta) discover
[0.065s] Level 1:colcon.colcon_core.package_discovery:discover_packages(recursive) discover
[0.065s] INFO:colcon.colcon_core.package_discovery:Crawling recursively for packages in '/home/dgx_allex_one/allex2head'
[0.065s] Level 1:colcon.colcon_core.package_identification:_identify(.) by extensions ['ignore', 'ignore_ament_install']
[0.065s] Level 1:colcon.colcon_core.package_identification:_identify(.) by extension 'ignore'
[0.065s] Level 1:colcon.colcon_core.package_identification:_identify(.) by extension 'ignore_ament_install'
[0.065s] Level 1:colcon.colcon_core.package_identification:_identify(.) by extensions ['colcon_pkg']
[0.065s] Level 1:colcon.colcon_core.package_identification:_identify(.) by extension 'colcon_pkg'
[0.065s] Level 1:colcon.colcon_core.package_identification:_identify(.) by extensions ['colcon_meta']
[0.065s] Level 1:colcon.colcon_core.package_identification:_identify(.) by extension 'colcon_meta'
[0.065s] Level 1:colcon.colcon_core.package_identification:_identify(.) by extensions ['ros']
[0.065s] Level 1:colcon.colcon_core.package_identification:_identify(.) by extension 'ros'
[0.077s] Level 1:colcon.colcon_core.package_identification:_identify(.) by extensions ['cmake', 'python']
[0.077s] Level 1:colcon.colcon_core.package_identification:_identify(.) by extension 'cmake'
[0.077s] Level 1:colcon.colcon_core.package_identification:_identify(.) by extension 'python'
[0.077s] Level 1:colcon.colcon_core.package_identification:_identify(.) by extensions ['python_setup_py']
[0.077s] Level 1:colcon.colcon_core.package_identification:_identify(.) by extension 'python_setup_py'
[0.077s] Level 1:colcon.colcon_core.package_identification:_identify(build) by extensions ['ignore', 'ignore_ament_install']
[0.077s] Level 1:colcon.colcon_core.package_identification:_identify(build) by extension 'ignore'
[0.077s] Level 1:colcon.colcon_core.package_identification:_identify(build) ignored
[0.077s] Level 1:colcon.colcon_core.package_identification:_identify(config) by extensions ['ignore', 'ignore_ament_install']
[0.078s] Level 1:colcon.colcon_core.package_identification:_identify(config) by extension 'ignore'
[0.078s] Level 1:colcon.colcon_core.package_identification:_identify(config) by extension 'ignore_ament_install'
[0.078s] Level 1:colcon.colcon_core.package_identification:_identify(config) by extensions ['colcon_pkg']
[0.078s] Level 1:colcon.colcon_core.package_identification:_identify(config) by extension 'colcon_pkg'
[0.078s] Level 1:colcon.colcon_core.package_identification:_identify(config) by extensions ['colcon_meta']
[0.078s] Level 1:colcon.colcon_core.package_identification:_identify(config) by extension 'colcon_meta'
[0.078s] Level 1:colcon.colcon_core.package_identification:_identify(config) by extensions ['ros']
[0.078s] Level 1:colcon.colcon_core.package_identification:_identify(config) by extension 'ros'
[0.078s] Level 1:colcon.colcon_core.package_identification:_identify(config) by extensions ['cmake', 'python']
[0.078s] Level 1:colcon.colcon_core.package_identification:_identify(config) by extension 'cmake'
[0.078s] Level 1:colcon.colcon_core.package_identification:_identify(config) by extension 'python'
[0.078s] Level 1:colcon.colcon_core.package_identification:_identify(config) by extensions ['python_setup_py']
[0.078s] Level 1:colcon.colcon_core.package_identification:_identify(config) by extension 'python_setup_py'
[0.078s] Level 1:colcon.colcon_core.package_identification:_identify(install) by extensions ['ignore', 'ignore_ament_install']
[0.078s] Level 1:colcon.colcon_core.package_identification:_identify(install) by extension 'ignore'
[0.078s] Level 1:colcon.colcon_core.package_identification:_identify(install) ignored
[0.078s] Level 1:colcon.colcon_core.package_identification:_identify(log) by extensions ['ignore', 'ignore_ament_install']
[0.078s] Level 1:colcon.colcon_core.package_identification:_identify(log) by extension 'ignore'
[0.078s] Level 1:colcon.colcon_core.package_identification:_identify(log) ignored
[0.078s] Level 1:colcon.colcon_core.package_identification:_identify(rosbag) by extensions ['ignore', 'ignore_ament_install']
[0.078s] Level 1:colcon.colcon_core.package_identification:_identify(rosbag) by extension 'ignore'
[0.078s] Level 1:colcon.colcon_core.package_identification:_identify(rosbag) by extension 'ignore_ament_install'
[0.078s] Level 1:colcon.colcon_core.package_identification:_identify(rosbag) by extensions ['colcon_pkg']
[0.078s] Level 1:colcon.colcon_core.package_identification:_identify(rosbag) by extension 'colcon_pkg'
[0.078s] Level 1:colcon.colcon_core.package_identification:_identify(rosbag) by extensions ['colcon_meta']
[0.078s] Level 1:colcon.colcon_core.package_identification:_identify(rosbag) by extension 'colcon_meta'
[0.078s] Level 1:colcon.colcon_core.package_identification:_identify(rosbag) by extensions ['ros']
[0.078s] Level 1:colcon.colcon_core.package_identification:_identify(rosbag) by extension 'ros'
[0.078s] Level 1:colcon.colcon_core.package_identification:_identify(rosbag) by extensions ['cmake', 'python']
[0.078s] Level 1:colcon.colcon_core.package_identification:_identify(rosbag) by extension 'cmake'
[0.078s] Level 1:colcon.colcon_core.package_identification:_identify(rosbag) by extension 'python'
[0.078s] Level 1:colcon.colcon_core.package_identification:_identify(rosbag) by extensions ['python_setup_py']
[0.078s] Level 1:colcon.colcon_core.package_identification:_identify(rosbag) by extension 'python_setup_py'
[0.078s] Level 1:colcon.colcon_core.package_identification:_identify(src) by extensions ['ignore', 'ignore_ament_install']
[0.078s] Level 1:colcon.colcon_core.package_identification:_identify(src) by extension 'ignore'
[0.078s] Level 1:colcon.colcon_core.package_identification:_identify(src) by extension 'ignore_ament_install'
[0.078s] Level 1:colcon.colcon_core.package_identification:_identify(src) by extensions ['colcon_pkg']
[0.078s] Level 1:colcon.colcon_core.package_identification:_identify(src) by extension 'colcon_pkg'
[0.078s] Level 1:colcon.colcon_core.package_identification:_identify(src) by extensions ['colcon_meta']
[0.078s] Level 1:colcon.colcon_core.package_identification:_identify(src) by extension 'colcon_meta'
[0.078s] Level 1:colcon.colcon_core.package_identification:_identify(src) by extensions ['ros']
[0.078s] Level 1:colcon.colcon_core.package_identification:_identify(src) by extension 'ros'
[0.078s] Level 1:colcon.colcon_core.package_identification:_identify(src) by extensions ['cmake', 'python']
[0.078s] Level 1:colcon.colcon_core.package_identification:_identify(src) by extension 'cmake'
[0.078s] Level 1:colcon.colcon_core.package_identification:_identify(src) by extension 'python'
[0.078s] Level 1:colcon.colcon_core.package_identification:_identify(src) by extensions ['python_setup_py']
[0.078s] Level 1:colcon.colcon_core.package_identification:_identify(src) by extension 'python_setup_py'
[0.078s] Level 1:colcon.colcon_core.package_identification:_identify(src/OrbbecSDK_ROS2) by extensions ['ignore', 'ignore_ament_install']
[0.078s] Level 1:colcon.colcon_core.package_identification:_identify(src/OrbbecSDK_ROS2) by extension 'ignore'
[0.078s] Level 1:colcon.colcon_core.package_identification:_identify(src/OrbbecSDK_ROS2) by extension 'ignore_ament_install'
[0.078s] Level 1:colcon.colcon_core.package_identification:_identify(src/OrbbecSDK_ROS2) by extensions ['colcon_pkg']
[0.079s] Level 1:colcon.colcon_core.package_identification:_identify(src/OrbbecSDK_ROS2) by extension 'colcon_pkg'
[0.079s] Level 1:colcon.colcon_core.package_identification:_identify(src/OrbbecSDK_ROS2) by extensions ['colcon_meta']
[0.079s] Level 1:colcon.colcon_core.package_identification:_identify(src/OrbbecSDK_ROS2) by extension 'colcon_meta'
[0.079s] Level 1:colcon.colcon_core.package_identification:_identify(src/OrbbecSDK_ROS2) by extensions ['ros']
[0.079s] Level 1:colcon.colcon_core.package_identification:_identify(src/OrbbecSDK_ROS2) by extension 'ros'
[0.079s] Level 1:colcon.colcon_core.package_identification:_identify(src/OrbbecSDK_ROS2) by extensions ['cmake', 'python']
[0.079s] Level 1:colcon.colcon_core.package_identification:_identify(src/OrbbecSDK_ROS2) by extension 'cmake'
[0.079s] Level 1:colcon.colcon_core.package_identification:_identify(src/OrbbecSDK_ROS2) by extension 'python'
[0.079s] Level 1:colcon.colcon_core.package_identification:_identify(src/OrbbecSDK_ROS2) by extensions ['python_setup_py']
[0.079s] Level 1:colcon.colcon_core.package_identification:_identify(src/OrbbecSDK_ROS2) by extension 'python_setup_py'
[0.079s] Level 1:colcon.colcon_core.package_identification:_identify(src/OrbbecSDK_ROS2/docs) by extensions ['ignore', 'ignore_ament_install']
[0.079s] Level 1:colcon.colcon_core.package_identification:_identify(src/OrbbecSDK_ROS2/docs) by extension 'ignore'
[0.079s] Level 1:colcon.colcon_core.package_identification:_identify(src/OrbbecSDK_ROS2/docs) by extension 'ignore_ament_install'
[0.079s] Level 1:colcon.colcon_core.package_identification:_identify(src/OrbbecSDK_ROS2/docs) by extensions ['colcon_pkg']
[0.079s] Level 1:colcon.colcon_core.package_identification:_identify(src/OrbbecSDK_ROS2/docs) by extension 'colcon_pkg'
[0.079s] Level 1:colcon.colcon_core.package_identification:_identify(src/OrbbecSDK_ROS2/docs) by extensions ['colcon_meta']
[0.079s] Level 1:colcon.colcon_core.package_identification:_identify(src/OrbbecSDK_ROS2/docs) by extension 'colcon_meta'
[0.079s] Level 1:colcon.colcon_core.package_identification:_identify(src/OrbbecSDK_ROS2/docs) by extensions ['ros']
[0.079s] Level 1:colcon.colcon_core.package_identification:_identify(src/OrbbecSDK_ROS2/docs) by extension 'ros'
[0.079s] Level 1:colcon.colcon_core.package_identification:_identify(src/OrbbecSDK_ROS2/docs) by extensions ['cmake', 'python']
[0.079s] Level 1:colcon.colcon_core.package_identification:_identify(src/OrbbecSDK_ROS2/docs) by extension 'cmake'
[0.079s] Level 1:colcon.colcon_core.package_identification:_identify(src/OrbbecSDK_ROS2/docs) by extension 'python'
[0.079s] Level 1:colcon.colcon_core.package_identification:_identify(src/OrbbecSDK_ROS2/docs) by extensions ['python_setup_py']
[0.079s] Level 1:colcon.colcon_core.package_identification:_identify(src/OrbbecSDK_ROS2/docs) by extension 'python_setup_py'
[0.079s] Level 1:colcon.colcon_core.package_identification:_identify(src/OrbbecSDK_ROS2/docs/images) by extensions ['ignore', 'ignore_ament_install']
[0.079s] Level 1:colcon.colcon_core.package_identification:_identify(src/OrbbecSDK_ROS2/docs/images) by extension 'ignore'
[0.079s] Level 1:colcon.colcon_core.package_identification:_identify(src/OrbbecSDK_ROS2/docs/images) by extension 'ignore_ament_install'
[0.079s] Level 1:colcon.colcon_core.package_identification:_identify(src/OrbbecSDK_ROS2/docs/images) by extensions ['colcon_pkg']
[0.079s] Level 1:colcon.colcon_core.package_identification:_identify(src/OrbbecSDK_ROS2/docs/images) by extension 'colcon_pkg'
[0.079s] Level 1:colcon.colcon_core.package_identification:_identify(src/OrbbecSDK_ROS2/docs/images) by extensions ['colcon_meta']
[0.079s] Level 1:colcon.colcon_core.package_identification:_identify(src/OrbbecSDK_ROS2/docs/images) by extension 'colcon_meta'
[0.079s] Level 1:colcon.colcon_core.package_identification:_identify(src/OrbbecSDK_ROS2/docs/images) by extensions ['ros']
[0.079s] Level 1:colcon.colcon_core.package_identification:_identify(src/OrbbecSDK_ROS2/docs/images) by extension 'ros'
[0.079s] Level 1:colcon.colcon_core.package_identification:_identify(src/OrbbecSDK_ROS2/docs/images) by extensions ['cmake', 'python']
[0.079s] Level 1:colcon.colcon_core.package_identification:_identify(src/OrbbecSDK_ROS2/docs/images) by extension 'cmake'
[0.079s] Level 1:colcon.colcon_core.package_identification:_identify(src/OrbbecSDK_ROS2/docs/images) by extension 'python'
[0.079s] Level 1:colcon.colcon_core.package_identification:_identify(src/OrbbecSDK_ROS2/docs/images) by extensions ['python_setup_py']
[0.079s] Level 1:colcon.colcon_core.package_identification:_identify(src/OrbbecSDK_ROS2/docs/images) by extension 'python_setup_py'
[0.079s] Level 1:colcon.colcon_core.package_identification:_identify(src/OrbbecSDK_ROS2/orbbec_camera) by extensions ['ignore', 'ignore_ament_install']
[0.079s] Level 1:colcon.colcon_core.package_identification:_identify(src/OrbbecSDK_ROS2/orbbec_camera) by extension 'ignore'
[0.079s] Level 1:colcon.colcon_core.package_identification:_identify(src/OrbbecSDK_ROS2/orbbec_camera) by extension 'ignore_ament_install'
[0.079s] Level 1:colcon.colcon_core.package_identification:_identify(src/OrbbecSDK_ROS2/orbbec_camera) by extensions ['colcon_pkg']
[0.079s] Level 1:colcon.colcon_core.package_identification:_identify(src/OrbbecSDK_ROS2/orbbec_camera) by extension 'colcon_pkg'
[0.079s] Level 1:colcon.colcon_core.package_identification:_identify(src/OrbbecSDK_ROS2/orbbec_camera) by extensions ['colcon_meta']
[0.079s] Level 1:colcon.colcon_core.package_identification:_identify(src/OrbbecSDK_ROS2/orbbec_camera) by extension 'colcon_meta'
[0.079s] Level 1:colcon.colcon_core.package_identification:_identify(src/OrbbecSDK_ROS2/orbbec_camera) by extensions ['ros']
[0.079s] Level 1:colcon.colcon_core.package_identification:_identify(src/OrbbecSDK_ROS2/orbbec_camera) by extension 'ros'
[0.081s] DEBUG:colcon.colcon_core.package_identification:Package 'src/OrbbecSDK_ROS2/orbbec_camera' with type 'ros.ament_cmake' and name 'orbbec_camera'
[0.081s] Level 1:colcon.colcon_core.package_identification:_identify(src/OrbbecSDK_ROS2/orbbec_camera_msgs) by extensions ['ignore', 'ignore_ament_install']
[0.081s] Level 1:colcon.colcon_core.package_identification:_identify(src/OrbbecSDK_ROS2/orbbec_camera_msgs) by extension 'ignore'
[0.081s] Level 1:colcon.colcon_core.package_identification:_identify(src/OrbbecSDK_ROS2/orbbec_camera_msgs) by extension 'ignore_ament_install'
[0.081s] Level 1:colcon.colcon_core.package_identification:_identify(src/OrbbecSDK_ROS2/orbbec_camera_msgs) by extensions ['colcon_pkg']
[0.081s] Level 1:colcon.colcon_core.package_identification:_identify(src/OrbbecSDK_ROS2/orbbec_camera_msgs) by extension 'colcon_pkg'
[0.081s] Level 1:colcon.colcon_core.package_identification:_identify(src/OrbbecSDK_ROS2/orbbec_camera_msgs) by extensions ['colcon_meta']
[0.081s] Level 1:colcon.colcon_core.package_identification:_identify(src/OrbbecSDK_ROS2/orbbec_camera_msgs) by extension 'colcon_meta'
[0.081s] Level 1:colcon.colcon_core.package_identification:_identify(src/OrbbecSDK_ROS2/orbbec_camera_msgs) by extensions ['ros']
[0.081s] Level 1:colcon.colcon_core.package_identification:_identify(src/OrbbecSDK_ROS2/orbbec_camera_msgs) by extension 'ros'
[0.081s] DEBUG:colcon.colcon_core.package_identification:Package 'src/OrbbecSDK_ROS2/orbbec_camera_msgs' with type 'ros.ament_cmake' and name 'orbbec_camera_msgs'
[0.081s] Level 1:colcon.colcon_core.package_identification:_identify(src/OrbbecSDK_ROS2/orbbec_description) by extensions ['ignore', 'ignore_ament_install']
[0.081s] Level 1:colcon.colcon_core.package_identification:_identify(src/OrbbecSDK_ROS2/orbbec_description) by extension 'ignore'
[0.081s] Level 1:colcon.colcon_core.package_identification:_identify(src/OrbbecSDK_ROS2/orbbec_description) by extension 'ignore_ament_install'
[0.081s] Level 1:colcon.colcon_core.package_identification:_identify(src/OrbbecSDK_ROS2/orbbec_description) by extensions ['colcon_pkg']
[0.081s] Level 1:colcon.colcon_core.package_identification:_identify(src/OrbbecSDK_ROS2/orbbec_description) by extension 'colcon_pkg'
[0.081s] Level 1:colcon.colcon_core.package_identification:_identify(src/OrbbecSDK_ROS2/orbbec_description) by extensions ['colcon_meta']
[0.081s] Level 1:colcon.colcon_core.package_identification:_identify(src/OrbbecSDK_ROS2/orbbec_description) by extension 'colcon_meta'
[0.081s] Level 1:colcon.colcon_core.package_identification:_identify(src/OrbbecSDK_ROS2/orbbec_description) by extensions ['ros']
[0.081s] Level 1:colcon.colcon_core.package_identification:_identify(src/OrbbecSDK_ROS2/orbbec_description) by extension 'ros'
[0.082s] DEBUG:colcon.colcon_core.package_identification:Package 'src/OrbbecSDK_ROS2/orbbec_description' with type 'ros.ament_cmake' and name 'orbbec_description'
[0.082s] Level 1:colcon.colcon_core.package_identification:_identify(src/camera_node) by extensions ['ignore', 'ignore_ament_install']
[0.082s] Level 1:colcon.colcon_core.package_identification:_identify(src/camera_node) by extension 'ignore'
[0.082s] Level 1:colcon.colcon_core.package_identification:_identify(src/camera_node) by extension 'ignore_ament_install'
[0.082s] Level 1:colcon.colcon_core.package_identification:_identify(src/camera_node) by extensions ['colcon_pkg']
[0.082s] Level 1:colcon.colcon_core.package_identification:_identify(src/camera_node) by extension 'colcon_pkg'
[0.082s] Level 1:colcon.colcon_core.package_identification:_identify(src/camera_node) by extensions ['colcon_meta']
[0.082s] Level 1:colcon.colcon_core.package_identification:_identify(src/camera_node) by extension 'colcon_meta'
[0.082s] Level 1:colcon.colcon_core.package_identification:_identify(src/camera_node) by extensions ['ros']
[0.082s] Level 1:colcon.colcon_core.package_identification:_identify(src/camera_node) by extension 'ros'
[0.082s] DEBUG:colcon.colcon_core.package_identification:Package 'src/camera_node' with type 'ros.ament_python' and name 'camera_node'
[0.082s] Level 1:colcon.colcon_core.package_identification:_identify(src/insta360_simple_camera) by extensions ['ignore', 'ignore_ament_install']
[0.082s] Level 1:colcon.colcon_core.package_identification:_identify(src/insta360_simple_camera) by extension 'ignore'
[0.082s] Level 1:colcon.colcon_core.package_identification:_identify(src/insta360_simple_camera) by extension 'ignore_ament_install'
[0.082s] Level 1:colcon.colcon_core.package_identification:_identify(src/insta360_simple_camera) by extensions ['colcon_pkg']
[0.082s] Level 1:colcon.colcon_core.package_identification:_identify(src/insta360_simple_camera) by extension 'colcon_pkg'
[0.082s] Level 1:colcon.colcon_core.package_identification:_identify(src/insta360_simple_camera) by extensions ['colcon_meta']
[0.082s] Level 1:colcon.colcon_core.package_identification:_identify(src/insta360_simple_camera) by extension 'colcon_meta'
[0.082s] Level 1:colcon.colcon_core.package_identification:_identify(src/insta360_simple_camera) by extensions ['ros']
[0.082s] Level 1:colcon.colcon_core.package_identification:_identify(src/insta360_simple_camera) by extension 'ros'
[0.082s] DEBUG:colcon.colcon_core.package_identification:Package 'src/insta360_simple_camera' with type 'ros.ament_python' and name 'insta360_simple_camera'
[0.082s] Level 1:colcon.colcon_core.package_discovery:discover_packages(recursive) using defaults
[0.082s] Level 1:colcon.colcon_core.package_discovery:discover_packages(ignore) discover
[0.082s] Level 1:colcon.colcon_core.package_discovery:discover_packages(ignore) using defaults
[0.082s] Level 1:colcon.colcon_core.package_discovery:discover_packages(path) discover
[0.082s] Level 1:colcon.colcon_core.package_discovery:discover_packages(path) using defaults
[0.091s] Level 1:colcon.colcon_core.package_discovery:discover_packages(prefix_path) check parameters
[0.091s] Level 1:colcon.colcon_core.package_discovery:discover_packages(prefix_path) discover
[0.092s] DEBUG:colcon.colcon_installed_package_information.package_discovery:Found 5 installed packages in /home/dgx_allex_one/allex2head/install
[0.092s] DEBUG:colcon.colcon_installed_package_information.package_discovery:Found 294 installed packages in /opt/ros/jazzy
[0.093s] Level 1:colcon.colcon_core.package_discovery:discover_packages(prefix_path) using defaults
[0.111s] Level 5:colcon.colcon_core.verb:set package 'camera_node' build argument 'cmake_args' from command line to 'None'
[0.111s] Level 5:colcon.colcon_core.verb:set package 'camera_node' build argument 'cmake_target' from command line to 'None'
[0.111s] Level 5:colcon.colcon_core.verb:set package 'camera_node' build argument 'cmake_target_skip_unavailable' from command line to 'False'
[0.111s] Level 5:colcon.colcon_core.verb:set package 'camera_node' build argument 'cmake_clean_cache' from command line to 'False'
[0.111s] Level 5:colcon.colcon_core.verb:set package 'camera_node' build argument 'cmake_clean_first' from command line to 'False'
[0.111s] Level 5:colcon.colcon_core.verb:set package 'camera_node' build argument 'cmake_force_configure' from command line to 'False'
[0.111s] Level 5:colcon.colcon_core.verb:set package 'camera_node' build argument 'ament_cmake_args' from command line to 'None'
[0.111s] Level 5:colcon.colcon_core.verb:set package 'camera_node' build argument 'catkin_cmake_args' from command line to 'None'
[0.111s] Level 5:colcon.colcon_core.verb:set package 'camera_node' build argument 'catkin_skip_building_tests' from command line to 'False'
[0.111s] DEBUG:colcon.colcon_core.verb:Building package 'camera_node' with the following arguments: {'ament_cmake_args': None, 'build_base': '/home/dgx_allex_one/allex2head/build/camera_node', 'catkin_cmake_args': None, 'catkin_skip_building_tests': False, 'cmake_args': None, 'cmake_clean_cache': False, 'cmake_clean_first': False, 'cmake_force_configure': False, 'cmake_target': None, 'cmake_target_skip_unavailable': False, 'install_base': '/home/dgx_allex_one/allex2head/install/camera_node', 'merge_install': False, 'path': '/home/dgx_allex_one/allex2head/src/camera_node', 'symlink_install': True, 'test_result_base': None}
[0.111s] Level 5:colcon.colcon_core.verb:set package 'insta360_simple_camera' build argument 'cmake_args' from command line to 'None'
[0.111s] Level 5:colcon.colcon_core.verb:set package 'insta360_simple_camera' build argument 'cmake_target' from command line to 'None'
[0.111s] Level 5:colcon.colcon_core.verb:set package 'insta360_simple_camera' build argument 'cmake_target_skip_unavailable' from command line to 'False'
[0.111s] Level 5:colcon.colcon_core.verb:set package 'insta360_simple_camera' build argument 'cmake_clean_cache' from command line to 'False'
[0.111s] Level 5:colcon.colcon_core.verb:set package 'insta360_simple_camera' build argument 'cmake_clean_first' from command line to 'False'
[0.111s] Level 5:colcon.colcon_core.verb:set package 'insta360_simple_camera' build argument 'cmake_force_configure' from command line to 'False'
[0.111s] Level 5:colcon.colcon_core.verb:set package 'insta360_simple_camera' build argument 'ament_cmake_args' from command line to 'None'
[0.111s] Level 5:colcon.colcon_core.verb:set package 'insta360_simple_camera' build argument 'catkin_cmake_args' from command line to 'None'
[0.111s] Level 5:colcon.colcon_core.verb:set package 'insta360_simple_camera' build argument 'catkin_skip_building_tests' from command line to 'False'
[0.111s] DEBUG:colcon.colcon_core.verb:Building package 'insta360_simple_camera' with the following arguments: {'ament_cmake_args': None, 'build_base': '/home/dgx_allex_one/allex2head/build/insta360_simple_camera', 'catkin_cmake_args': None, 'catkin_skip_building_tests': False, 'cmake_args': None, 'cmake_clean_cache': False, 'cmake_clean_first': False, 'cmake_force_configure': False, 'cmake_target': None, 'cmake_target_skip_unavailable': False, 'install_base': '/home/dgx_allex_one/allex2head/install/insta360_simple_camera', 'merge_install': False, 'path': '/home/dgx_allex_one/allex2head/src/insta360_simple_camera', 'symlink_install': True, 'test_result_base': None}
[0.111s] Level 5:colcon.colcon_core.verb:set package 'orbbec_camera_msgs' build argument 'cmake_args' from command line to 'None'
[0.111s] Level 5:colcon.colcon_core.verb:set package 'orbbec_camera_msgs' build argument 'cmake_target' from command line to 'None'
[0.111s] Level 5:colcon.colcon_core.verb:set package 'orbbec_camera_msgs' build argument 'cmake_target_skip_unavailable' from command line to 'False'
[0.111s] Level 5:colcon.colcon_core.verb:set package 'orbbec_camera_msgs' build argument 'cmake_clean_cache' from command line to 'False'
[0.111s] Level 5:colcon.colcon_core.verb:set package 'orbbec_camera_msgs' build argument 'cmake_clean_first' from command line to 'False'
[0.111s] Level 5:colcon.colcon_core.verb:set package 'orbbec_camera_msgs' build argument 'cmake_force_configure' from command line to 'False'
[0.111s] Level 5:colcon.colcon_core.verb:set package 'orbbec_camera_msgs' build argument 'ament_cmake_args' from command line to 'None'
[0.111s] Level 5:colcon.colcon_core.verb:set package 'orbbec_camera_msgs' build argument 'catkin_cmake_args' from command line to 'None'
[0.111s] Level 5:colcon.colcon_core.verb:set package 'orbbec_camera_msgs' build argument 'catkin_skip_building_tests' from command line to 'False'
[0.111s] DEBUG:colcon.colcon_core.verb:Building package 'orbbec_camera_msgs' with the following arguments: {'ament_cmake_args': None, 'build_base': '/home/dgx_allex_one/allex2head/build/orbbec_camera_msgs', 'catkin_cmake_args': None, 'catkin_skip_building_tests': False, 'cmake_args': None, 'cmake_clean_cache': False, 'cmake_clean_first': False, 'cmake_force_configure': False, 'cmake_target': None, 'cmake_target_skip_unavailable': False, 'install_base': '/home/dgx_allex_one/allex2head/install/orbbec_camera_msgs', 'merge_install': False, 'path': '/home/dgx_allex_one/allex2head/src/OrbbecSDK_ROS2/orbbec_camera_msgs', 'symlink_install': True, 'test_result_base': None}
[0.111s] Level 5:colcon.colcon_core.verb:set package 'orbbec_description' build argument 'cmake_args' from command line to 'None'
[0.111s] Level 5:colcon.colcon_core.verb:set package 'orbbec_description' build argument 'cmake_target' from command line to 'None'
[0.111s] Level 5:colcon.colcon_core.verb:set package 'orbbec_description' build argument 'cmake_target_skip_unavailable' from command line to 'False'
[0.111s] Level 5:colcon.colcon_core.verb:set package 'orbbec_description' build argument 'cmake_clean_cache' from command line to 'False'
[0.111s] Level 5:colcon.colcon_core.verb:set package 'orbbec_description' build argument 'cmake_clean_first' from command line to 'False'
[0.111s] Level 5:colcon.colcon_core.verb:set package 'orbbec_description' build argument 'cmake_force_configure' from command line to 'False'
[0.111s] Level 5:colcon.colcon_core.verb:set package 'orbbec_description' build argument 'ament_cmake_args' from command line to 'None'
[0.111s] Level 5:colcon.colcon_core.verb:set package 'orbbec_description' build argument 'catkin_cmake_args' from command line to 'None'
[0.111s] Level 5:colcon.colcon_core.verb:set package 'orbbec_description' build argument 'catkin_skip_building_tests' from command line to 'False'
[0.111s] DEBUG:colcon.colcon_core.verb:Building package 'orbbec_description' with the following arguments: {'ament_cmake_args': None, 'build_base': '/home/dgx_allex_one/allex2head/build/orbbec_description', 'catkin_cmake_args': None, 'catkin_skip_building_tests': False, 'cmake_args': None, 'cmake_clean_cache': False, 'cmake_clean_first': False, 'cmake_force_configure': False, 'cmake_target': None, 'cmake_target_skip_unavailable': False, 'install_base': '/home/dgx_allex_one/allex2head/install/orbbec_description', 'merge_install': False, 'path': '/home/dgx_allex_one/allex2head/src/OrbbecSDK_ROS2/orbbec_description', 'symlink_install': True, 'test_result_base': None}
[0.111s] Level 5:colcon.colcon_core.verb:set package 'orbbec_camera' build argument 'cmake_args' from command line to 'None'
[0.111s] Level 5:colcon.colcon_core.verb:set package 'orbbec_camera' build argument 'cmake_target' from command line to 'None'
[0.111s] Level 5:colcon.colcon_core.verb:set package 'orbbec_camera' build argument 'cmake_target_skip_unavailable' from command line to 'False'
[0.111s] Level 5:colcon.colcon_core.verb:set package 'orbbec_camera' build argument 'cmake_clean_cache' from command line to 'False'
[0.111s] Level 5:colcon.colcon_core.verb:set package 'orbbec_camera' build argument 'cmake_clean_first' from command line to 'False'
[0.111s] Level 5:colcon.colcon_core.verb:set package 'orbbec_camera' build argument 'cmake_force_configure' from command line to 'False'
[0.111s] Level 5:colcon.colcon_core.verb:set package 'orbbec_camera' build argument 'ament_cmake_args' from command line to 'None'
[0.111s] Level 5:colcon.colcon_core.verb:set package 'orbbec_camera' build argument 'catkin_cmake_args' from command line to 'None'
[0.111s] Level 5:colcon.colcon_core.verb:set package 'orbbec_camera' build argument 'catkin_skip_building_tests' from command line to 'False'
[0.111s] DEBUG:colcon.colcon_core.verb:Building package 'orbbec_camera' with the following arguments: {'ament_cmake_args': None, 'build_base': '/home/dgx_allex_one/allex2head/build/orbbec_camera', 'catkin_cmake_args': None, 'catkin_skip_building_tests': False, 'cmake_args': None, 'cmake_clean_cache': False, 'cmake_clean_first': False, 'cmake_force_configure': False, 'cmake_target': None, 'cmake_target_skip_unavailable': False, 'install_base': '/home/dgx_allex_one/allex2head/install/orbbec_camera', 'merge_install': False, 'path': '/home/dgx_allex_one/allex2head/src/OrbbecSDK_ROS2/orbbec_camera', 'symlink_install': True, 'test_result_base': None}
[0.111s] INFO:colcon.colcon_core.executor:Executing jobs using 'parallel' executor
[0.112s] DEBUG:colcon.colcon_parallel_executor.executor.parallel:run_until_complete
[0.112s] INFO:colcon.colcon_ros.task.ament_cmake.build:Building ROS package in '/home/dgx_allex_one/allex2head/src/OrbbecSDK_ROS2/orbbec_camera_msgs' with build type 'ament_cmake'
[0.112s] INFO:colcon.colcon_cmake.task.cmake.build:Building CMake package in '/home/dgx_allex_one/allex2head/src/OrbbecSDK_ROS2/orbbec_camera_msgs'
[0.113s] INFO:colcon.colcon_core.plugin_system:Skipping extension 'colcon_core.shell.bat': Not used on non-Windows systems
[0.113s] INFO:colcon.colcon_core.shell:Skip shell extension 'powershell' for command environment: Not usable outside of PowerShell
[0.113s] DEBUG:colcon.colcon_core.shell:Skip shell extension 'dsv' for command environment
[0.115s] INFO:colcon.colcon_ros.task.ament_python.build:Building ROS package in '/home/dgx_allex_one/allex2head/src/camera_node' with build type 'ament_python'
[0.115s] Level 1:colcon.colcon_core.shell:create_environment_hook('camera_node', 'ament_prefix_path')
[0.115s] INFO:colcon.colcon_core.shell:Creating environment hook '/home/dgx_allex_one/allex2head/install/camera_node/share/camera_node/hook/ament_prefix_path.ps1'
[0.116s] INFO:colcon.colcon_core.shell:Creating environment descriptor '/home/dgx_allex_one/allex2head/install/camera_node/share/camera_node/hook/ament_prefix_path.dsv'
[0.116s] INFO:colcon.colcon_core.shell:Creating environment hook '/home/dgx_allex_one/allex2head/install/camera_node/share/camera_node/hook/ament_prefix_path.sh'
[0.116s] INFO:colcon.colcon_core.shell:Skip shell extension 'powershell' for command environment: Not usable outside of PowerShell
[0.116s] DEBUG:colcon.colcon_core.shell:Skip shell extension 'dsv' for command environment
[0.117s] INFO:colcon.colcon_ros.task.ament_python.build:Building ROS package in '/home/dgx_allex_one/allex2head/src/insta360_simple_camera' with build type 'ament_python'
[0.118s] Level 1:colcon.colcon_core.shell:create_environment_hook('insta360_simple_camera', 'ament_prefix_path')
[0.118s] INFO:colcon.colcon_core.shell:Creating environment hook '/home/dgx_allex_one/allex2head/install/insta360_simple_camera/share/insta360_simple_camera/hook/ament_prefix_path.ps1'
[0.118s] INFO:colcon.colcon_core.shell:Creating environment descriptor '/home/dgx_allex_one/allex2head/install/insta360_simple_camera/share/insta360_simple_camera/hook/ament_prefix_path.dsv'
[0.118s] INFO:colcon.colcon_core.shell:Creating environment hook '/home/dgx_allex_one/allex2head/install/insta360_simple_camera/share/insta360_simple_camera/hook/ament_prefix_path.sh'
[0.118s] INFO:colcon.colcon_core.shell:Skip shell extension 'powershell' for command environment: Not usable outside of PowerShell
[0.118s] DEBUG:colcon.colcon_core.shell:Skip shell extension 'dsv' for command environment
[0.125s] INFO:colcon.colcon_ros.task.ament_cmake.build:Building ROS package in '/home/dgx_allex_one/allex2head/src/OrbbecSDK_ROS2/orbbec_description' with build type 'ament_cmake'
[0.125s] INFO:colcon.colcon_cmake.task.cmake.build:Building CMake package in '/home/dgx_allex_one/allex2head/src/OrbbecSDK_ROS2/orbbec_description'
[0.125s] INFO:colcon.colcon_core.shell:Skip shell extension 'powershell' for command environment: Not usable outside of PowerShell
[0.125s] DEBUG:colcon.colcon_core.shell:Skip shell extension 'dsv' for command environment
[0.128s] DEBUG:colcon.colcon_core.event_handler.log_command:Invoking command in '/home/dgx_allex_one/allex2head/build/orbbec_camera_msgs': CMAKE_PREFIX_PATH=${CMAKE_PREFIX_PATH}:/home/dgx_allex_one/allex2head/install/insta360_simple_camera:/home/dgx_allex_one/allex2head/install/camera_node:/opt/ros/jazzy DEBUGINFOD_URLS=https://debuginfod.ubuntu.com /usr/bin/cmake --build /home/dgx_allex_one/allex2head/build/orbbec_camera_msgs -- -j20 -l20
[0.244s] INFO:colcon.colcon_core.task.python.build:Building Python package in '/home/dgx_allex_one/allex2head/src/camera_node'
[0.244s] INFO:colcon.colcon_core.shell:Skip shell extension 'powershell' for command environment: Not usable outside of PowerShell
[0.244s] DEBUG:colcon.colcon_core.shell:Skip shell extension 'dsv' for command environment
[0.359s] INFO:colcon.colcon_core.task.python.build:Building Python package in '/home/dgx_allex_one/allex2head/src/insta360_simple_camera'
[0.360s] INFO:colcon.colcon_core.shell:Skip shell extension 'powershell' for command environment: Not usable outside of PowerShell
[0.360s] DEBUG:colcon.colcon_core.shell:Skip shell extension 'dsv' for command environment
[0.364s] DEBUG:colcon.colcon_core.event_handler.log_command:Invoked command in '/home/dgx_allex_one/allex2head/build/orbbec_camera_msgs' returned '0': CMAKE_PREFIX_PATH=${CMAKE_PREFIX_PATH}:/home/dgx_allex_one/allex2head/install/insta360_simple_camera:/home/dgx_allex_one/allex2head/install/camera_node:/opt/ros/jazzy DEBUGINFOD_URLS=https://debuginfod.ubuntu.com /usr/bin/cmake --build /home/dgx_allex_one/allex2head/build/orbbec_camera_msgs -- -j20 -l20
[0.371s] DEBUG:colcon.colcon_core.event_handler.log_command:Invoking command in '/home/dgx_allex_one/allex2head/build/orbbec_camera_msgs': CMAKE_PREFIX_PATH=${CMAKE_PREFIX_PATH}:/home/dgx_allex_one/allex2head/install/insta360_simple_camera:/home/dgx_allex_one/allex2head/install/camera_node:/opt/ros/jazzy DEBUGINFOD_URLS=https://debuginfod.ubuntu.com /usr/bin/cmake --install /home/dgx_allex_one/allex2head/build/orbbec_camera_msgs
[0.373s] DEBUG:colcon.colcon_core.event_handler.log_command:Invoking command in '/home/dgx_allex_one/allex2head/build/orbbec_description': CMAKE_PREFIX_PATH=${CMAKE_PREFIX_PATH}:/home/dgx_allex_one/allex2head/install/insta360_simple_camera:/home/dgx_allex_one/allex2head/install/camera_node:/opt/ros/jazzy DEBUGINFOD_URLS=https://debuginfod.ubuntu.com /usr/bin/cmake --build /home/dgx_allex_one/allex2head/build/orbbec_description -- -j20 -l20
[0.402s] DEBUG:colcon.colcon_core.event_handler.log_command:Invoked command in '/home/dgx_allex_one/allex2head/build/orbbec_description' returned '0': CMAKE_PREFIX_PATH=${CMAKE_PREFIX_PATH}:/home/dgx_allex_one/allex2head/install/insta360_simple_camera:/home/dgx_allex_one/allex2head/install/camera_node:/opt/ros/jazzy DEBUGINFOD_URLS=https://debuginfod.ubuntu.com /usr/bin/cmake --build /home/dgx_allex_one/allex2head/build/orbbec_description -- -j20 -l20
[0.404s] DEBUG:colcon.colcon_core.event_handler.log_command:Invoking command in '/home/dgx_allex_one/allex2head/build/orbbec_description': CMAKE_PREFIX_PATH=${CMAKE_PREFIX_PATH}:/home/dgx_allex_one/allex2head/install/insta360_simple_camera:/home/dgx_allex_one/allex2head/install/camera_node:/opt/ros/jazzy DEBUGINFOD_URLS=https://debuginfod.ubuntu.com /usr/bin/cmake --install /home/dgx_allex_one/allex2head/build/orbbec_description
[0.425s] Level 1:colcon.colcon_core.environment:create_environment_scripts_only(orbbec_camera_msgs)
[0.425s] DEBUG:colcon.colcon_core.event_handler.log_command:Invoked command in '/home/dgx_allex_one/allex2head/build/orbbec_camera_msgs' returned '0': CMAKE_PREFIX_PATH=${CMAKE_PREFIX_PATH}:/home/dgx_allex_one/allex2head/install/insta360_simple_camera:/home/dgx_allex_one/allex2head/install/camera_node:/opt/ros/jazzy DEBUGINFOD_URLS=https://debuginfod.ubuntu.com /usr/bin/cmake --install /home/dgx_allex_one/allex2head/build/orbbec_camera_msgs
[0.426s] Level 1:colcon.colcon_core.environment:checking '/home/dgx_allex_one/allex2head/install/orbbec_camera_msgs' for CMake module files
[0.427s] Level 1:colcon.colcon_core.environment:checking '/home/dgx_allex_one/allex2head/install/orbbec_camera_msgs' for CMake config files
[0.427s] Level 1:colcon.colcon_core.shell:create_environment_hook('orbbec_camera_msgs', 'cmake_prefix_path')
[0.427s] INFO:colcon.colcon_core.shell:Creating environment hook '/home/dgx_allex_one/allex2head/install/orbbec_camera_msgs/share/orbbec_camera_msgs/hook/cmake_prefix_path.ps1'
[0.427s] INFO:colcon.colcon_core.shell:Creating environment descriptor '/home/dgx_allex_one/allex2head/install/orbbec_camera_msgs/share/orbbec_camera_msgs/hook/cmake_prefix_path.dsv'
[0.427s] INFO:colcon.colcon_core.shell:Creating environment hook '/home/dgx_allex_one/allex2head/install/orbbec_camera_msgs/share/orbbec_camera_msgs/hook/cmake_prefix_path.sh'
[0.428s] Level 1:colcon.colcon_core.environment:checking '/home/dgx_allex_one/allex2head/install/orbbec_camera_msgs/lib'
[0.428s] Level 1:colcon.colcon_core.shell:create_environment_hook('orbbec_camera_msgs', 'ld_library_path_lib')
[0.428s] INFO:colcon.colcon_core.shell:Creating environment hook '/home/dgx_allex_one/allex2head/install/orbbec_camera_msgs/share/orbbec_camera_msgs/hook/ld_library_path_lib.ps1'
[0.428s] INFO:colcon.colcon_core.shell:Creating environment descriptor '/home/dgx_allex_one/allex2head/install/orbbec_camera_msgs/share/orbbec_camera_msgs/hook/ld_library_path_lib.dsv'
[0.428s] INFO:colcon.colcon_core.shell:Creating environment hook '/home/dgx_allex_one/allex2head/install/orbbec_camera_msgs/share/orbbec_camera_msgs/hook/ld_library_path_lib.sh'
[0.429s] Level 1:colcon.colcon_core.environment:checking '/home/dgx_allex_one/allex2head/install/orbbec_camera_msgs/bin'
[0.429s] Level 1:colcon.colcon_core.environment:checking '/home/dgx_allex_one/allex2head/install/orbbec_camera_msgs/lib/pkgconfig/orbbec_camera_msgs.pc'
[0.429s] Level 1:colcon.colcon_core.environment:checking '/home/dgx_allex_one/allex2head/install/orbbec_camera_msgs/lib/python3.12/site-packages'
[0.429s] Level 1:colcon.colcon_core.shell:create_environment_hook('orbbec_camera_msgs', 'pythonpath')
[0.429s] INFO:colcon.colcon_core.shell:Creating environment hook '/home/dgx_allex_one/allex2head/install/orbbec_camera_msgs/share/orbbec_camera_msgs/hook/pythonpath.ps1'
[0.429s] INFO:colcon.colcon_core.shell:Creating environment descriptor '/home/dgx_allex_one/allex2head/install/orbbec_camera_msgs/share/orbbec_camera_msgs/hook/pythonpath.dsv'
[0.429s] INFO:colcon.colcon_core.shell:Creating environment hook '/home/dgx_allex_one/allex2head/install/orbbec_camera_msgs/share/orbbec_camera_msgs/hook/pythonpath.sh'
[0.429s] Level 1:colcon.colcon_core.environment:checking '/home/dgx_allex_one/allex2head/install/orbbec_camera_msgs/bin'
[0.429s] INFO:colcon.colcon_core.shell:Creating package script '/home/dgx_allex_one/allex2head/install/orbbec_camera_msgs/share/orbbec_camera_msgs/package.ps1'
[0.430s] INFO:colcon.colcon_core.shell:Creating package descriptor '/home/dgx_allex_one/allex2head/install/orbbec_camera_msgs/share/orbbec_camera_msgs/package.dsv'
[0.430s] INFO:colcon.colcon_core.shell:Creating package script '/home/dgx_allex_one/allex2head/install/orbbec_camera_msgs/share/orbbec_camera_msgs/package.sh'
[0.430s] INFO:colcon.colcon_core.shell:Creating package script '/home/dgx_allex_one/allex2head/install/orbbec_camera_msgs/share/orbbec_camera_msgs/package.bash'
[0.430s] INFO:colcon.colcon_core.shell:Creating package script '/home/dgx_allex_one/allex2head/install/orbbec_camera_msgs/share/orbbec_camera_msgs/package.zsh'
[0.431s] Level 1:colcon.colcon_core.environment:create_file_with_runtime_dependencies(/home/dgx_allex_one/allex2head/install/orbbec_camera_msgs/share/colcon-core/packages/orbbec_camera_msgs)
[0.431s] Level 1:colcon.colcon_core.environment:create_environment_scripts_only(orbbec_camera_msgs)
[0.431s] Level 1:colcon.colcon_core.environment:checking '/home/dgx_allex_one/allex2head/install/orbbec_camera_msgs' for CMake module files
[0.431s] Level 1:colcon.colcon_core.environment:checking '/home/dgx_allex_one/allex2head/install/orbbec_camera_msgs' for CMake config files
[0.431s] Level 1:colcon.colcon_core.shell:create_environment_hook('orbbec_camera_msgs', 'cmake_prefix_path')
[0.431s] INFO:colcon.colcon_core.shell:Creating environment hook '/home/dgx_allex_one/allex2head/install/orbbec_camera_msgs/share/orbbec_camera_msgs/hook/cmake_prefix_path.ps1'
[0.432s] INFO:colcon.colcon_core.shell:Creating environment descriptor '/home/dgx_allex_one/allex2head/install/orbbec_camera_msgs/share/orbbec_camera_msgs/hook/cmake_prefix_path.dsv'
[0.432s] INFO:colcon.colcon_core.shell:Creating environment hook '/home/dgx_allex_one/allex2head/install/orbbec_camera_msgs/share/orbbec_camera_msgs/hook/cmake_prefix_path.sh'
[0.432s] Level 1:colcon.colcon_core.environment:checking '/home/dgx_allex_one/allex2head/install/orbbec_camera_msgs/lib'
[0.432s] Level 1:colcon.colcon_core.shell:create_environment_hook('orbbec_camera_msgs', 'ld_library_path_lib')
[0.432s] INFO:colcon.colcon_core.shell:Creating environment hook '/home/dgx_allex_one/allex2head/install/orbbec_camera_msgs/share/orbbec_camera_msgs/hook/ld_library_path_lib.ps1'
[0.432s] INFO:colcon.colcon_core.shell:Creating environment descriptor '/home/dgx_allex_one/allex2head/install/orbbec_camera_msgs/share/orbbec_camera_msgs/hook/ld_library_path_lib.dsv'
[0.432s] INFO:colcon.colcon_core.shell:Creating environment hook '/home/dgx_allex_one/allex2head/install/orbbec_camera_msgs/share/orbbec_camera_msgs/hook/ld_library_path_lib.sh'
[0.432s] Level 1:colcon.colcon_core.environment:checking '/home/dgx_allex_one/allex2head/install/orbbec_camera_msgs/bin'
[0.432s] Level 1:colcon.colcon_core.environment:checking '/home/dgx_allex_one/allex2head/install/orbbec_camera_msgs/lib/pkgconfig/orbbec_camera_msgs.pc'
[0.432s] Level 1:colcon.colcon_core.environment:checking '/home/dgx_allex_one/allex2head/install/orbbec_camera_msgs/lib/python3.12/site-packages'
[0.432s] Level 1:colcon.colcon_core.shell:create_environment_hook('orbbec_camera_msgs', 'pythonpath')
[0.432s] INFO:colcon.colcon_core.shell:Creating environment hook '/home/dgx_allex_one/allex2head/install/orbbec_camera_msgs/share/orbbec_camera_msgs/hook/pythonpath.ps1'
[0.432s] INFO:colcon.colcon_core.shell:Creating environment descriptor '/home/dgx_allex_one/allex2head/install/orbbec_camera_msgs/share/orbbec_camera_msgs/hook/pythonpath.dsv'
[0.433s] INFO:colcon.colcon_core.shell:Creating environment hook '/home/dgx_allex_one/allex2head/install/orbbec_camera_msgs/share/orbbec_camera_msgs/hook/pythonpath.sh'
[0.433s] Level 1:colcon.colcon_core.environment:checking '/home/dgx_allex_one/allex2head/install/orbbec_camera_msgs/bin'
[0.433s] INFO:colcon.colcon_core.shell:Creating package script '/home/dgx_allex_one/allex2head/install/orbbec_camera_msgs/share/orbbec_camera_msgs/package.ps1'
[0.433s] INFO:colcon.colcon_core.shell:Creating package descriptor '/home/dgx_allex_one/allex2head/install/orbbec_camera_msgs/share/orbbec_camera_msgs/package.dsv'
[0.434s] INFO:colcon.colcon_core.shell:Creating package script '/home/dgx_allex_one/allex2head/install/orbbec_camera_msgs/share/orbbec_camera_msgs/package.sh'
[0.434s] INFO:colcon.colcon_core.shell:Creating package script '/home/dgx_allex_one/allex2head/install/orbbec_camera_msgs/share/orbbec_camera_msgs/package.bash'
[0.434s] INFO:colcon.colcon_core.shell:Creating package script '/home/dgx_allex_one/allex2head/install/orbbec_camera_msgs/share/orbbec_camera_msgs/package.zsh'
[0.434s] Level 1:colcon.colcon_core.environment:create_file_with_runtime_dependencies(/home/dgx_allex_one/allex2head/install/orbbec_camera_msgs/share/colcon-core/packages/orbbec_camera_msgs)
[0.434s] INFO:colcon.colcon_ros.task.ament_cmake.build:Building ROS package in '/home/dgx_allex_one/allex2head/src/OrbbecSDK_ROS2/orbbec_camera' with build type 'ament_cmake'
[0.434s] INFO:colcon.colcon_cmake.task.cmake.build:Building CMake package in '/home/dgx_allex_one/allex2head/src/OrbbecSDK_ROS2/orbbec_camera'
[0.434s] INFO:colcon.colcon_core.shell:Skip shell extension 'powershell' for command environment: Not usable outside of PowerShell
[0.434s] DEBUG:colcon.colcon_core.shell:Skip shell extension 'dsv' for command environment
[0.437s] Level 1:colcon.colcon_core.environment:create_environment_scripts_only(orbbec_description)
[0.437s] Level 1:colcon.colcon_core.environment:checking '/home/dgx_allex_one/allex2head/install/orbbec_description' for CMake module files
[0.437s] Level 1:colcon.colcon_core.environment:checking '/home/dgx_allex_one/allex2head/install/orbbec_description' for CMake config files
[0.437s] Level 1:colcon.colcon_core.shell:create_environment_hook('orbbec_description', 'cmake_prefix_path')
[0.437s] INFO:colcon.colcon_core.shell:Creating environment hook '/home/dgx_allex_one/allex2head/install/orbbec_description/share/orbbec_description/hook/cmake_prefix_path.ps1'
[0.438s] DEBUG:colcon.colcon_core.event_handler.log_command:Invoked command in '/home/dgx_allex_one/allex2head/build/orbbec_description' returned '0': CMAKE_PREFIX_PATH=${CMAKE_PREFIX_PATH}:/home/dgx_allex_one/allex2head/install/insta360_simple_camera:/home/dgx_allex_one/allex2head/install/camera_node:/opt/ros/jazzy DEBUGINFOD_URLS=https://debuginfod.ubuntu.com /usr/bin/cmake --install /home/dgx_allex_one/allex2head/build/orbbec_description
[0.438s] INFO:colcon.colcon_core.shell:Creating environment descriptor '/home/dgx_allex_one/allex2head/install/orbbec_description/share/orbbec_description/hook/cmake_prefix_path.dsv'
[0.438s] INFO:colcon.colcon_core.shell:Creating environment hook '/home/dgx_allex_one/allex2head/install/orbbec_description/share/orbbec_description/hook/cmake_prefix_path.sh'
[0.438s] Level 1:colcon.colcon_core.environment:checking '/home/dgx_allex_one/allex2head/install/orbbec_description/bin'
[0.438s] Level 1:colcon.colcon_core.environment:checking '/home/dgx_allex_one/allex2head/install/orbbec_description/lib/pkgconfig/orbbec_description.pc'
[0.438s] Level 1:colcon.colcon_core.environment:checking '/home/dgx_allex_one/allex2head/install/orbbec_description/lib/python3.12/site-packages'
[0.438s] Level 1:colcon.colcon_core.environment:checking '/home/dgx_allex_one/allex2head/install/orbbec_description/bin'
[0.438s] INFO:colcon.colcon_core.shell:Creating package script '/home/dgx_allex_one/allex2head/install/orbbec_description/share/orbbec_description/package.ps1'
[0.438s] INFO:colcon.colcon_core.shell:Creating package descriptor '/home/dgx_allex_one/allex2head/install/orbbec_description/share/orbbec_description/package.dsv'
[0.439s] INFO:colcon.colcon_core.shell:Creating package script '/home/dgx_allex_one/allex2head/install/orbbec_description/share/orbbec_description/package.sh'
[0.439s] INFO:colcon.colcon_core.shell:Creating package script '/home/dgx_allex_one/allex2head/install/orbbec_description/share/orbbec_description/package.bash'
[0.439s] INFO:colcon.colcon_core.shell:Creating package script '/home/dgx_allex_one/allex2head/install/orbbec_description/share/orbbec_description/package.zsh'
[0.439s] Level 1:colcon.colcon_core.environment:create_file_with_runtime_dependencies(/home/dgx_allex_one/allex2head/install/orbbec_description/share/colcon-core/packages/orbbec_description)
[0.439s] Level 1:colcon.colcon_core.environment:create_environment_scripts_only(orbbec_description)
[0.439s] Level 1:colcon.colcon_core.environment:checking '/home/dgx_allex_one/allex2head/install/orbbec_description' for CMake module files
[0.439s] Level 1:colcon.colcon_core.environment:checking '/home/dgx_allex_one/allex2head/install/orbbec_description' for CMake config files
[0.439s] Level 1:colcon.colcon_core.shell:create_environment_hook('orbbec_description', 'cmake_prefix_path')
[0.439s] INFO:colcon.colcon_core.shell:Creating environment hook '/home/dgx_allex_one/allex2head/install/orbbec_description/share/orbbec_description/hook/cmake_prefix_path.ps1'
[0.439s] INFO:colcon.colcon_core.shell:Creating environment descriptor '/home/dgx_allex_one/allex2head/install/orbbec_description/share/orbbec_description/hook/cmake_prefix_path.dsv'
[0.440s] INFO:colcon.colcon_core.shell:Creating environment hook '/home/dgx_allex_one/allex2head/install/orbbec_description/share/orbbec_description/hook/cmake_prefix_path.sh'
[0.440s] Level 1:colcon.colcon_core.environment:checking '/home/dgx_allex_one/allex2head/install/orbbec_description/bin'
[0.440s] Level 1:colcon.colcon_core.environment:checking '/home/dgx_allex_one/allex2head/install/orbbec_description/lib/pkgconfig/orbbec_description.pc'
[0.440s] Level 1:colcon.colcon_core.environment:checking '/home/dgx_allex_one/allex2head/install/orbbec_description/lib/python3.12/site-packages'
[0.440s] Level 1:colcon.colcon_core.environment:checking '/home/dgx_allex_one/allex2head/install/orbbec_description/bin'
[0.440s] INFO:colcon.colcon_core.shell:Creating package script '/home/dgx_allex_one/allex2head/install/orbbec_description/share/orbbec_description/package.ps1'
[0.440s] INFO:colcon.colcon_core.shell:Creating package descriptor '/home/dgx_allex_one/allex2head/install/orbbec_description/share/orbbec_description/package.dsv'
[0.440s] INFO:colcon.colcon_core.shell:Creating package script '/home/dgx_allex_one/allex2head/install/orbbec_description/share/orbbec_description/package.sh'
[0.440s] INFO:colcon.colcon_core.shell:Creating package script '/home/dgx_allex_one/allex2head/install/orbbec_description/share/orbbec_description/package.bash'
[0.440s] INFO:colcon.colcon_core.shell:Creating package script '/home/dgx_allex_one/allex2head/install/orbbec_description/share/orbbec_description/package.zsh'
[0.441s] Level 1:colcon.colcon_core.environment:create_file_with_runtime_dependencies(/home/dgx_allex_one/allex2head/install/orbbec_description/share/colcon-core/packages/orbbec_description)
[0.443s] DEBUG:colcon.colcon_core.event_handler.log_command:Invoking command in '/home/dgx_allex_one/allex2head/build/orbbec_camera': CMAKE_PREFIX_PATH=/home/dgx_allex_one/allex2head/install/orbbec_camera_msgs:/home/dgx_allex_one/allex2head/install/orbbec_description:/home/dgx_allex_one/allex2head/install/orbbec_camera:/opt/ros/jazzy/opt/gz_math_vendor:/opt/ros/jazzy/opt/gz_utils_vendor:/opt/ros/jazzy/opt/gz_cmake_vendor:/home/dgx_allex_one/allex2head/install/insta360_simple_camera:/home/dgx_allex_one/allex2head/install/camera_node:/opt/ros/jazzy DEBUGINFOD_URLS=https://debuginfod.ubuntu.com LD_LIBRARY_PATH=/home/dgx_allex_one/allex2head/install/orbbec_camera_msgs/lib:/home/dgx_allex_one/allex2head/install/orbbec_camera/lib:/opt/ros/jazzy/opt/rviz_ogre_vendor/lib:/opt/ros/jazzy/lib/aarch64-linux-gnu:/opt/ros/jazzy/opt/gz_math_vendor/lib:/opt/ros/jazzy/opt/gz_utils_vendor/lib:/opt/ros/jazzy/opt/gz_cmake_vendor/lib:/opt/ros/jazzy/lib PYTHONPATH=/home/dgx_allex_one/allex2head/install/orbbec_camera_msgs/lib/python3.12/site-packages:/home/dgx_allex_one/allex2head/build/insta360_simple_camera:/home/dgx_allex_one/allex2head/install/insta360_simple_camera/lib/python3.12/site-packages:/home/dgx_allex_one/allex2head/build/camera_node:/home/dgx_allex_one/allex2head/install/camera_node/lib/python3.12/site-packages:/opt/ros/jazzy/lib/python3.12/site-packages /usr/bin/cmake --build /home/dgx_allex_one/allex2head/build/orbbec_camera -- -j20 -l20
[0.550s] DEBUG:colcon.colcon_core.event_handler.log_command:Invoked command in '/home/dgx_allex_one/allex2head/build/orbbec_camera' returned '0': CMAKE_PREFIX_PATH=/home/dgx_allex_one/allex2head/install/orbbec_camera_msgs:/home/dgx_allex_one/allex2head/install/orbbec_description:/home/dgx_allex_one/allex2head/install/orbbec_camera:/opt/ros/jazzy/opt/gz_math_vendor:/opt/ros/jazzy/opt/gz_utils_vendor:/opt/ros/jazzy/opt/gz_cmake_vendor:/home/dgx_allex_one/allex2head/install/insta360_simple_camera:/home/dgx_allex_one/allex2head/install/camera_node:/opt/ros/jazzy DEBUGINFOD_URLS=https://debuginfod.ubuntu.com LD_LIBRARY_PATH=/home/dgx_allex_one/allex2head/install/orbbec_camera_msgs/lib:/home/dgx_allex_one/allex2head/install/orbbec_camera/lib:/opt/ros/jazzy/opt/rviz_ogre_vendor/lib:/opt/ros/jazzy/lib/aarch64-linux-gnu:/opt/ros/jazzy/opt/gz_math_vendor/lib:/opt/ros/jazzy/opt/gz_utils_vendor/lib:/opt/ros/jazzy/opt/gz_cmake_vendor/lib:/opt/ros/jazzy/lib PYTHONPATH=/home/dgx_allex_one/allex2head/install/orbbec_camera_msgs/lib/python3.12/site-packages:/home/dgx_allex_one/allex2head/build/insta360_simple_camera:/home/dgx_allex_one/allex2head/install/insta360_simple_camera/lib/python3.12/site-packages:/home/dgx_allex_one/allex2head/build/camera_node:/home/dgx_allex_one/allex2head/install/camera_node/lib/python3.12/site-packages:/opt/ros/jazzy/lib/python3.12/site-packages /usr/bin/cmake --build /home/dgx_allex_one/allex2head/build/orbbec_camera -- -j20 -l20
[0.552s] DEBUG:colcon.colcon_core.event_handler.log_command:Invoking command in '/home/dgx_allex_one/allex2head/build/orbbec_camera': CMAKE_PREFIX_PATH=/home/dgx_allex_one/allex2head/install/orbbec_camera_msgs:/home/dgx_allex_one/allex2head/install/orbbec_description:/home/dgx_allex_one/allex2head/install/orbbec_camera:/opt/ros/jazzy/opt/gz_math_vendor:/opt/ros/jazzy/opt/gz_utils_vendor:/opt/ros/jazzy/opt/gz_cmake_vendor:/home/dgx_allex_one/allex2head/install/insta360_simple_camera:/home/dgx_allex_one/allex2head/install/camera_node:/opt/ros/jazzy DEBUGINFOD_URLS=https://debuginfod.ubuntu.com LD_LIBRARY_PATH=/home/dgx_allex_one/allex2head/install/orbbec_camera_msgs/lib:/home/dgx_allex_one/allex2head/install/orbbec_camera/lib:/opt/ros/jazzy/opt/rviz_ogre_vendor/lib:/opt/ros/jazzy/lib/aarch64-linux-gnu:/opt/ros/jazzy/opt/gz_math_vendor/lib:/opt/ros/jazzy/opt/gz_utils_vendor/lib:/opt/ros/jazzy/opt/gz_cmake_vendor/lib:/opt/ros/jazzy/lib PYTHONPATH=/home/dgx_allex_one/allex2head/install/orbbec_camera_msgs/lib/python3.12/site-packages:/home/dgx_allex_one/allex2head/build/insta360_simple_camera:/home/dgx_allex_one/allex2head/install/insta360_simple_camera/lib/python3.12/site-packages:/home/dgx_allex_one/allex2head/build/camera_node:/home/dgx_allex_one/allex2head/install/camera_node/lib/python3.12/site-packages:/opt/ros/jazzy/lib/python3.12/site-packages /usr/bin/cmake --install /home/dgx_allex_one/allex2head/build/orbbec_camera
[0.582s] Level 1:colcon.colcon_core.environment:create_environment_scripts_only(orbbec_camera)
[0.582s] Level 1:colcon.colcon_core.environment:checking '/home/dgx_allex_one/allex2head/install/orbbec_camera' for CMake module files
[0.583s] DEBUG:colcon.colcon_core.event_handler.log_command:Invoked command in '/home/dgx_allex_one/allex2head/build/orbbec_camera' returned '0': CMAKE_PREFIX_PATH=/home/dgx_allex_one/allex2head/install/orbbec_camera_msgs:/home/dgx_allex_one/allex2head/install/orbbec_description:/home/dgx_allex_one/allex2head/install/orbbec_camera:/opt/ros/jazzy/opt/gz_math_vendor:/opt/ros/jazzy/opt/gz_utils_vendor:/opt/ros/jazzy/opt/gz_cmake_vendor:/home/dgx_allex_one/allex2head/install/insta360_simple_camera:/home/dgx_allex_one/allex2head/install/camera_node:/opt/ros/jazzy DEBUGINFOD_URLS=https://debuginfod.ubuntu.com LD_LIBRARY_PATH=/home/dgx_allex_one/allex2head/install/orbbec_camera_msgs/lib:/home/dgx_allex_one/allex2head/install/orbbec_camera/lib:/opt/ros/jazzy/opt/rviz_ogre_vendor/lib:/opt/ros/jazzy/lib/aarch64-linux-gnu:/opt/ros/jazzy/opt/gz_math_vendor/lib:/opt/ros/jazzy/opt/gz_utils_vendor/lib:/opt/ros/jazzy/opt/gz_cmake_vendor/lib:/opt/ros/jazzy/lib PYTHONPATH=/home/dgx_allex_one/allex2head/install/orbbec_camera_msgs/lib/python3.12/site-packages:/home/dgx_allex_one/allex2head/build/insta360_simple_camera:/home/dgx_allex_one/allex2head/install/insta360_simple_camera/lib/python3.12/site-packages:/home/dgx_allex_one/allex2head/build/camera_node:/home/dgx_allex_one/allex2head/install/camera_node/lib/python3.12/site-packages:/opt/ros/jazzy/lib/python3.12/site-packages /usr/bin/cmake --install /home/dgx_allex_one/allex2head/build/orbbec_camera
[0.583s] Level 1:colcon.colcon_core.environment:checking '/home/dgx_allex_one/allex2head/install/orbbec_camera' for CMake config files
[0.585s] Level 1:colcon.colcon_core.shell:create_environment_hook('orbbec_camera', 'cmake_prefix_path')
[0.585s] INFO:colcon.colcon_core.shell:Creating environment hook '/home/dgx_allex_one/allex2head/install/orbbec_camera/share/orbbec_camera/hook/cmake_prefix_path.ps1'
[0.585s] INFO:colcon.colcon_core.shell:Creating environment descriptor '/home/dgx_allex_one/allex2head/install/orbbec_camera/share/orbbec_camera/hook/cmake_prefix_path.dsv'
[0.586s] INFO:colcon.colcon_core.shell:Creating environment hook '/home/dgx_allex_one/allex2head/install/orbbec_camera/share/orbbec_camera/hook/cmake_prefix_path.sh'
[0.586s] Level 1:colcon.colcon_core.environment:checking '/home/dgx_allex_one/allex2head/install/orbbec_camera/lib'
[0.587s] Level 1:colcon.colcon_core.shell:create_environment_hook('orbbec_camera', 'ld_library_path_lib')
[0.587s] INFO:colcon.colcon_core.shell:Creating environment hook '/home/dgx_allex_one/allex2head/install/orbbec_camera/share/orbbec_camera/hook/ld_library_path_lib.ps1'
[0.587s] INFO:colcon.colcon_core.shell:Creating environment descriptor '/home/dgx_allex_one/allex2head/install/orbbec_camera/share/orbbec_camera/hook/ld_library_path_lib.dsv'
[0.587s] INFO:colcon.colcon_core.shell:Creating environment hook '/home/dgx_allex_one/allex2head/install/orbbec_camera/share/orbbec_camera/hook/ld_library_path_lib.sh'
[0.588s] Level 1:colcon.colcon_core.environment:checking '/home/dgx_allex_one/allex2head/install/orbbec_camera/bin'
[0.588s] Level 1:colcon.colcon_core.environment:checking '/home/dgx_allex_one/allex2head/install/orbbec_camera/lib/pkgconfig/orbbec_camera.pc'
[0.588s] Level 1:colcon.colcon_core.environment:checking '/home/dgx_allex_one/allex2head/install/orbbec_camera/lib/python3.12/site-packages'
[0.588s] Level 1:colcon.colcon_core.environment:checking '/home/dgx_allex_one/allex2head/install/orbbec_camera/bin'
[0.588s] INFO:colcon.colcon_core.shell:Creating package script '/home/dgx_allex_one/allex2head/install/orbbec_camera/share/orbbec_camera/package.ps1'
[0.589s] INFO:colcon.colcon_core.shell:Creating package descriptor '/home/dgx_allex_one/allex2head/install/orbbec_camera/share/orbbec_camera/package.dsv'
[0.589s] INFO:colcon.colcon_core.shell:Creating package script '/home/dgx_allex_one/allex2head/install/orbbec_camera/share/orbbec_camera/package.sh'
[0.590s] INFO:colcon.colcon_core.shell:Creating package script '/home/dgx_allex_one/allex2head/install/orbbec_camera/share/orbbec_camera/package.bash'
[0.590s] INFO:colcon.colcon_core.shell:Creating package script '/home/dgx_allex_one/allex2head/install/orbbec_camera/share/orbbec_camera/package.zsh'
[0.590s] Level 1:colcon.colcon_core.environment:create_file_with_runtime_dependencies(/home/dgx_allex_one/allex2head/install/orbbec_camera/share/colcon-core/packages/orbbec_camera)
[0.591s] Level 1:colcon.colcon_core.environment:create_environment_scripts_only(orbbec_camera)
[0.591s] Level 1:colcon.colcon_core.environment:checking '/home/dgx_allex_one/allex2head/install/orbbec_camera' for CMake module files
[0.592s] Level 1:colcon.colcon_core.environment:checking '/home/dgx_allex_one/allex2head/install/orbbec_camera' for CMake config files
[0.593s] Level 1:colcon.colcon_core.shell:create_environment_hook('orbbec_camera', 'cmake_prefix_path')
[0.593s] INFO:colcon.colcon_core.shell:Creating environment hook '/home/dgx_allex_one/allex2head/install/orbbec_camera/share/orbbec_camera/hook/cmake_prefix_path.ps1'
[0.593s] INFO:colcon.colcon_core.shell:Creating environment descriptor '/home/dgx_allex_one/allex2head/install/orbbec_camera/share/orbbec_camera/hook/cmake_prefix_path.dsv'
[0.594s] INFO:colcon.colcon_core.shell:Creating environment hook '/home/dgx_allex_one/allex2head/install/orbbec_camera/share/orbbec_camera/hook/cmake_prefix_path.sh'
[0.594s] Level 1:colcon.colcon_core.environment:checking '/home/dgx_allex_one/allex2head/install/orbbec_camera/lib'
[0.594s] Level 1:colcon.colcon_core.shell:create_environment_hook('orbbec_camera', 'ld_library_path_lib')
[0.595s] INFO:colcon.colcon_core.shell:Creating environment hook '/home/dgx_allex_one/allex2head/install/orbbec_camera/share/orbbec_camera/hook/ld_library_path_lib.ps1'
[0.595s] INFO:colcon.colcon_core.shell:Creating environment descriptor '/home/dgx_allex_one/allex2head/install/orbbec_camera/share/orbbec_camera/hook/ld_library_path_lib.dsv'
[0.595s] INFO:colcon.colcon_core.shell:Creating environment hook '/home/dgx_allex_one/allex2head/install/orbbec_camera/share/orbbec_camera/hook/ld_library_path_lib.sh'
[0.596s] Level 1:colcon.colcon_core.environment:checking '/home/dgx_allex_one/allex2head/install/orbbec_camera/bin'
[0.596s] Level 1:colcon.colcon_core.environment:checking '/home/dgx_allex_one/allex2head/install/orbbec_camera/lib/pkgconfig/orbbec_camera.pc'
[0.596s] Level 1:colcon.colcon_core.environment:checking '/home/dgx_allex_one/allex2head/install/orbbec_camera/lib/python3.12/site-packages'
[0.596s] Level 1:colcon.colcon_core.environment:checking '/home/dgx_allex_one/allex2head/install/orbbec_camera/bin'
[0.596s] INFO:colcon.colcon_core.shell:Creating package script '/home/dgx_allex_one/allex2head/install/orbbec_camera/share/orbbec_camera/package.ps1'
[0.597s] INFO:colcon.colcon_core.shell:Creating package descriptor '/home/dgx_allex_one/allex2head/install/orbbec_camera/share/orbbec_camera/package.dsv'
[0.597s] INFO:colcon.colcon_core.shell:Creating package script '/home/dgx_allex_one/allex2head/install/orbbec_camera/share/orbbec_camera/package.sh'
[0.598s] INFO:colcon.colcon_core.shell:Creating package script '/home/dgx_allex_one/allex2head/install/orbbec_camera/share/orbbec_camera/package.bash'
[0.598s] INFO:colcon.colcon_core.shell:Creating package script '/home/dgx_allex_one/allex2head/install/orbbec_camera/share/orbbec_camera/package.zsh'
[0.598s] Level 1:colcon.colcon_core.environment:create_file_with_runtime_dependencies(/home/dgx_allex_one/allex2head/install/orbbec_camera/share/colcon-core/packages/orbbec_camera)
[0.680s] DEBUG:colcon.colcon_core.event_handler.log_command:Invoking command in '/home/dgx_allex_one/allex2head/build/camera_node': DEBUGINFOD_URLS=https://debuginfod.ubuntu.com PYTHONPATH=/home/dgx_allex_one/allex2head/build/camera_node/prefix_override:/usr/lib/python3/dist-packages/colcon_core/task/python/colcon_distutils_commands:/home/dgx_allex_one/allex2head/install/camera_node/lib/python3.12/site-packages:${PYTHONPATH} /usr/bin/python3 -W ignore:setup.py install is deprecated -W ignore:easy_install command is deprecated setup.py develop --editable --build-directory /home/dgx_allex_one/allex2head/build/camera_node/build --no-deps symlink_data
[0.690s] DEBUG:colcon.colcon_core.event_handler.log_command:Invoking command in '/home/dgx_allex_one/allex2head/build/insta360_simple_camera': DEBUGINFOD_URLS=https://debuginfod.ubuntu.com PYTHONPATH=/home/dgx_allex_one/allex2head/build/insta360_simple_camera/prefix_override:/usr/lib/python3/dist-packages/colcon_core/task/python/colcon_distutils_commands:/home/dgx_allex_one/allex2head/install/insta360_simple_camera/lib/python3.12/site-packages:${PYTHONPATH} /usr/bin/python3 -W ignore:setup.py install is deprecated -W ignore:easy_install command is deprecated setup.py develop --editable --build-directory /home/dgx_allex_one/allex2head/build/insta360_simple_camera/build --no-deps symlink_data
[0.973s] Level 1:colcon.colcon_core.shell:create_environment_hook('camera_node', 'pythonpath_develop')
[0.973s] INFO:colcon.colcon_core.shell:Creating environment hook '/home/dgx_allex_one/allex2head/build/camera_node/share/camera_node/hook/pythonpath_develop.ps1'
[0.973s] DEBUG:colcon.colcon_core.event_handler.log_command:Invoked command in '/home/dgx_allex_one/allex2head/build/camera_node' returned '0': DEBUGINFOD_URLS=https://debuginfod.ubuntu.com PYTHONPATH=/home/dgx_allex_one/allex2head/build/camera_node/prefix_override:/usr/lib/python3/dist-packages/colcon_core/task/python/colcon_distutils_commands:/home/dgx_allex_one/allex2head/install/camera_node/lib/python3.12/site-packages:${PYTHONPATH} /usr/bin/python3 -W ignore:setup.py install is deprecated -W ignore:easy_install command is deprecated setup.py develop --editable --build-directory /home/dgx_allex_one/allex2head/build/camera_node/build --no-deps symlink_data
[0.973s] INFO:colcon.colcon_core.shell:Creating environment descriptor '/home/dgx_allex_one/allex2head/build/camera_node/share/camera_node/hook/pythonpath_develop.dsv'
[0.974s] INFO:colcon.colcon_core.shell:Creating environment hook '/home/dgx_allex_one/allex2head/build/camera_node/share/camera_node/hook/pythonpath_develop.sh'
[0.974s] Level 1:colcon.colcon_core.environment:checking '/home/dgx_allex_one/allex2head/install/camera_node' for CMake module files
[0.974s] Level 1:colcon.colcon_core.environment:checking '/home/dgx_allex_one/allex2head/install/camera_node' for CMake config files
[0.974s] Level 1:colcon.colcon_core.environment:checking '/home/dgx_allex_one/allex2head/install/camera_node/lib'
[0.974s] Level 1:colcon.colcon_core.environment:checking '/home/dgx_allex_one/allex2head/install/camera_node/bin'
[0.974s] Level 1:colcon.colcon_core.environment:checking '/home/dgx_allex_one/allex2head/install/camera_node/lib/pkgconfig/camera_node.pc'
[0.975s] Level 1:colcon.colcon_core.environment:checking '/home/dgx_allex_one/allex2head/install/camera_node/lib/python3.12/site-packages'
[0.975s] Level 1:colcon.colcon_core.shell:create_environment_hook('camera_node', 'pythonpath')
[0.975s] INFO:colcon.colcon_core.shell:Creating environment hook '/home/dgx_allex_one/allex2head/install/camera_node/share/camera_node/hook/pythonpath.ps1'
[0.975s] INFO:colcon.colcon_core.shell:Creating environment descriptor '/home/dgx_allex_one/allex2head/install/camera_node/share/camera_node/hook/pythonpath.dsv'
[0.975s] INFO:colcon.colcon_core.shell:Creating environment hook '/home/dgx_allex_one/allex2head/install/camera_node/share/camera_node/hook/pythonpath.sh'
[0.975s] Level 1:colcon.colcon_core.environment:checking '/home/dgx_allex_one/allex2head/install/camera_node/bin'
[0.975s] Level 1:colcon.colcon_core.environment:create_environment_scripts_only(camera_node)
[0.975s] INFO:colcon.colcon_core.shell:Creating package script '/home/dgx_allex_one/allex2head/install/camera_node/share/camera_node/package.ps1'
[0.976s] INFO:colcon.colcon_core.shell:Creating package descriptor '/home/dgx_allex_one/allex2head/install/camera_node/share/camera_node/package.dsv'
[0.976s] INFO:colcon.colcon_core.shell:Creating package script '/home/dgx_allex_one/allex2head/install/camera_node/share/camera_node/package.sh'
[0.976s] INFO:colcon.colcon_core.shell:Creating package script '/home/dgx_allex_one/allex2head/install/camera_node/share/camera_node/package.bash'
[0.976s] INFO:colcon.colcon_core.shell:Creating package script '/home/dgx_allex_one/allex2head/install/camera_node/share/camera_node/package.zsh'
[0.976s] Level 1:colcon.colcon_core.environment:create_file_with_runtime_dependencies(/home/dgx_allex_one/allex2head/install/camera_node/share/colcon-core/packages/camera_node)
[0.998s] Level 1:colcon.colcon_core.shell:create_environment_hook('insta360_simple_camera', 'pythonpath_develop')
[0.998s] INFO:colcon.colcon_core.shell:Creating environment hook '/home/dgx_allex_one/allex2head/build/insta360_simple_camera/share/insta360_simple_camera/hook/pythonpath_develop.ps1'
[0.998s] DEBUG:colcon.colcon_core.event_handler.log_command:Invoked command in '/home/dgx_allex_one/allex2head/build/insta360_simple_camera' returned '0': DEBUGINFOD_URLS=https://debuginfod.ubuntu.com PYTHONPATH=/home/dgx_allex_one/allex2head/build/insta360_simple_camera/prefix_override:/usr/lib/python3/dist-packages/colcon_core/task/python/colcon_distutils_commands:/home/dgx_allex_one/allex2head/install/insta360_simple_camera/lib/python3.12/site-packages:${PYTHONPATH} /usr/bin/python3 -W ignore:setup.py install is deprecated -W ignore:easy_install command is deprecated setup.py develop --editable --build-directory /home/dgx_allex_one/allex2head/build/insta360_simple_camera/build --no-deps symlink_data
[0.999s] INFO:colcon.colcon_core.shell:Creating environment descriptor '/home/dgx_allex_one/allex2head/build/insta360_simple_camera/share/insta360_simple_camera/hook/pythonpath_develop.dsv'
[1.000s] INFO:colcon.colcon_core.shell:Creating environment hook '/home/dgx_allex_one/allex2head/build/insta360_simple_camera/share/insta360_simple_camera/hook/pythonpath_develop.sh'
[1.000s] Level 1:colcon.colcon_core.environment:checking '/home/dgx_allex_one/allex2head/install/insta360_simple_camera' for CMake module files
[1.001s] Level 1:colcon.colcon_core.environment:checking '/home/dgx_allex_one/allex2head/install/insta360_simple_camera' for CMake config files
[1.001s] Level 1:colcon.colcon_core.environment:checking '/home/dgx_allex_one/allex2head/install/insta360_simple_camera/lib'
[1.001s] Level 1:colcon.colcon_core.environment:checking '/home/dgx_allex_one/allex2head/install/insta360_simple_camera/bin'
[1.001s] Level 1:colcon.colcon_core.environment:checking '/home/dgx_allex_one/allex2head/install/insta360_simple_camera/lib/pkgconfig/insta360_simple_camera.pc'
[1.001s] Level 1:colcon.colcon_core.environment:checking '/home/dgx_allex_one/allex2head/install/insta360_simple_camera/lib/python3.12/site-packages'
[1.001s] Level 1:colcon.colcon_core.shell:create_environment_hook('insta360_simple_camera', 'pythonpath')
[1.002s] INFO:colcon.colcon_core.shell:Creating environment hook '/home/dgx_allex_one/allex2head/install/insta360_simple_camera/share/insta360_simple_camera/hook/pythonpath.ps1'
[1.002s] INFO:colcon.colcon_core.shell:Creating environment descriptor '/home/dgx_allex_one/allex2head/install/insta360_simple_camera/share/insta360_simple_camera/hook/pythonpath.dsv'
[1.002s] INFO:colcon.colcon_core.shell:Creating environment hook '/home/dgx_allex_one/allex2head/install/insta360_simple_camera/share/insta360_simple_camera/hook/pythonpath.sh'
[1.003s] Level 1:colcon.colcon_core.environment:checking '/home/dgx_allex_one/allex2head/install/insta360_simple_camera/bin'
[1.003s] Level 1:colcon.colcon_core.environment:create_environment_scripts_only(insta360_simple_camera)
[1.003s] INFO:colcon.colcon_core.shell:Creating package script '/home/dgx_allex_one/allex2head/install/insta360_simple_camera/share/insta360_simple_camera/package.ps1'
[1.004s] INFO:colcon.colcon_core.shell:Creating package descriptor '/home/dgx_allex_one/allex2head/install/insta360_simple_camera/share/insta360_simple_camera/package.dsv'
[1.004s] INFO:colcon.colcon_core.shell:Creating package script '/home/dgx_allex_one/allex2head/install/insta360_simple_camera/share/insta360_simple_camera/package.sh'
[1.005s] INFO:colcon.colcon_core.shell:Creating package script '/home/dgx_allex_one/allex2head/install/insta360_simple_camera/share/insta360_simple_camera/package.bash'
[1.005s] INFO:colcon.colcon_core.shell:Creating package script '/home/dgx_allex_one/allex2head/install/insta360_simple_camera/share/insta360_simple_camera/package.zsh'
[1.005s] Level 1:colcon.colcon_core.environment:create_file_with_runtime_dependencies(/home/dgx_allex_one/allex2head/install/insta360_simple_camera/share/colcon-core/packages/insta360_simple_camera)
[1.006s] DEBUG:colcon.colcon_parallel_executor.executor.parallel:closing loop
[1.006s] DEBUG:colcon.colcon_parallel_executor.executor.parallel:loop closed
[1.006s] DEBUG:colcon.colcon_parallel_executor.executor.parallel:run_until_complete finished with '0'
[1.006s] DEBUG:colcon.colcon_core.event_reactor:joining thread
[1.012s] INFO:colcon.colcon_core.plugin_system:Skipping extension 'colcon_notification.desktop_notification.terminal_notifier': Not used on non-Darwin systems
[1.012s] INFO:colcon.colcon_core.plugin_system:Skipping extension 'colcon_notification.desktop_notification.win32': Not used on non-Windows systems
[1.012s] INFO:colcon.colcon_notification.desktop_notification:Sending desktop notification using 'notify2'
[1.033s] DEBUG:colcon.colcon_core.event_reactor:joined thread
[1.034s] INFO:colcon.colcon_core.shell:Creating prefix script '/home/dgx_allex_one/allex2head/install/local_setup.ps1'
[1.034s] INFO:colcon.colcon_core.shell:Creating prefix util module '/home/dgx_allex_one/allex2head/install/_local_setup_util_ps1.py'
[1.034s] INFO:colcon.colcon_core.shell:Creating prefix chain script '/home/dgx_allex_one/allex2head/install/setup.ps1'
[1.035s] INFO:colcon.colcon_core.shell:Creating prefix script '/home/dgx_allex_one/allex2head/install/local_setup.sh'
[1.035s] INFO:colcon.colcon_core.shell:Creating prefix util module '/home/dgx_allex_one/allex2head/install/_local_setup_util_sh.py'
[1.035s] INFO:colcon.colcon_core.shell:Creating prefix chain script '/home/dgx_allex_one/allex2head/install/setup.sh'
[1.036s] INFO:colcon.colcon_core.shell:Creating prefix script '/home/dgx_allex_one/allex2head/install/local_setup.bash'
[1.036s] INFO:colcon.colcon_core.shell:Creating prefix chain script '/home/dgx_allex_one/allex2head/install/setup.bash'
[1.036s] INFO:colcon.colcon_core.shell:Creating prefix script '/home/dgx_allex_one/allex2head/install/local_setup.zsh'
[1.036s] INFO:colcon.colcon_core.shell:Creating prefix chain script '/home/dgx_allex_one/allex2head/install/setup.zsh'
