[  6%] Built target start_benchmark_node
[ 12%] Built target frame_latency_node
[ 18%] Built target multi_save_rgbir_node
[ 25%] Built target frame_latency
[ 31%] Built target orbbec_camera_node
[ 37%] Built target start_benchmark
[ 46%] Built target multi_save_rgbir
[ 81%] Built target orbbec_camera
[ 87%] Built target topic_statistics_node
[ 93%] Built target list_depth_work_mode_node
[100%] Built target ob_benchmark_node
-- Install configuration: ""
-- Execute custom install script
-- Up-to-date symlink: /home/dgx_allex_one/allex2head/install/orbbec_camera/lib/orbbec_camera/orbbec_camera_node
-- Up-to-date symlink: /home/dgx_allex_one/allex2head/install/orbbec_camera/lib/orbbec_camera/frame_latency_node
-- Up-to-date symlink: /home/dgx_allex_one/allex2head/install/orbbec_camera/lib/orbbec_camera/start_benchmark_node
-- Up-to-date symlink: /home/dgx_allex_one/allex2head/install/orbbec_camera/lib/orbbec_camera/multi_save_rgbir_node
-- Up-to-date symlink: /home/dgx_allex_one/allex2head/install/orbbec_camera/lib/liborbbec_camera.so
-- Up-to-date symlink: /home/dgx_allex_one/allex2head/install/orbbec_camera/lib/libframe_latency.so
-- Up-to-date symlink: /home/dgx_allex_one/allex2head/install/orbbec_camera/lib/libstart_benchmark.so
-- Up-to-date symlink: /home/dgx_allex_one/allex2head/install/orbbec_camera/lib/libmulti_save_rgbir.so
-- Up-to-date symlink: /home/dgx_allex_one/allex2head/install/orbbec_camera/include/magic_enum/magic_enum.hpp
-- Up-to-date symlink: /home/dgx_allex_one/allex2head/install/orbbec_camera/include/orbbec_camera/constants.h
-- Up-to-date symlink: /home/dgx_allex_one/allex2head/install/orbbec_camera/include/orbbec_camera/d2c_viewer.h
-- Up-to-date symlink: /home/dgx_allex_one/allex2head/install/orbbec_camera/include/orbbec_camera/dynamic_params.h
-- Up-to-date symlink: /home/dgx_allex_one/allex2head/install/orbbec_camera/include/orbbec_camera/fps_counter.hpp
-- Up-to-date symlink: /home/dgx_allex_one/allex2head/install/orbbec_camera/include/orbbec_camera/image_publisher.h
-- Up-to-date symlink: /home/dgx_allex_one/allex2head/install/orbbec_camera/include/orbbec_camera/jetson_nv_decoder.h
-- Up-to-date symlink: /home/dgx_allex_one/allex2head/install/orbbec_camera/include/orbbec_camera/jpeg_decoder.h
-- Up-to-date symlink: /home/dgx_allex_one/allex2head/install/orbbec_camera/include/orbbec_camera/ob_camera_node.h
-- Up-to-date symlink: /home/dgx_allex_one/allex2head/install/orbbec_camera/include/orbbec_camera/ob_camera_node_driver.h
-- Up-to-date symlink: /home/dgx_allex_one/allex2head/install/orbbec_camera/include/orbbec_camera/rk_mpp_decoder.h
-- Up-to-date symlink: /home/dgx_allex_one/allex2head/install/orbbec_camera/include/orbbec_camera/ros_param_backend.h
-- Up-to-date symlink: /home/dgx_allex_one/allex2head/install/orbbec_camera/include/orbbec_camera/synced_imu_publisher.h
-- Up-to-date symlink: /home/dgx_allex_one/allex2head/install/orbbec_camera/include/orbbec_camera/utils.h
-- Up-to-date symlink: /home/dgx_allex_one/allex2head/install/orbbec_camera/share/orbbec_camera//launch/astra2.launch.py
-- Up-to-date symlink: /home/dgx_allex_one/allex2head/install/orbbec_camera/share/orbbec_camera//launch/dabai_a.launch.py
-- Up-to-date symlink: /home/dgx_allex_one/allex2head/install/orbbec_camera/share/orbbec_camera//launch/dabai_al.launch.py
-- Up-to-date symlink: /home/dgx_allex_one/allex2head/install/orbbec_camera/share/orbbec_camera//launch/femto.launch.py
-- Up-to-date symlink: /home/dgx_allex_one/allex2head/install/orbbec_camera/share/orbbec_camera//launch/femto_bolt.launch.py
-- Up-to-date symlink: /home/dgx_allex_one/allex2head/install/orbbec_camera/share/orbbec_camera//launch/femto_mega.launch.py
-- Up-to-date symlink: /home/dgx_allex_one/allex2head/install/orbbec_camera/share/orbbec_camera//launch/gemini2.launch.py
-- Up-to-date symlink: /home/dgx_allex_one/allex2head/install/orbbec_camera/share/orbbec_camera//launch/gemini210.launch.py
-- Up-to-date symlink: /home/dgx_allex_one/allex2head/install/orbbec_camera/share/orbbec_camera//launch/gemini2L.launch.py
-- Up-to-date symlink: /home/dgx_allex_one/allex2head/install/orbbec_camera/share/orbbec_camera//launch/gemini435_le.launch.py
-- Up-to-date symlink: /home/dgx_allex_one/allex2head/install/orbbec_camera/share/orbbec_camera//launch/gemini_330_series.launch.py
-- Up-to-date symlink: /home/dgx_allex_one/allex2head/install/orbbec_camera/share/orbbec_camera//launch/gemini_intra_process_demo_launch.py
-- Up-to-date symlink: /home/dgx_allex_one/allex2head/install/orbbec_camera/share/orbbec_camera//launch/multi_camera.launch.py
-- Up-to-date symlink: /home/dgx_allex_one/allex2head/install/orbbec_camera/share/orbbec_camera//launch/multi_camera_synced.launch.py
-- Up-to-date symlink: /home/dgx_allex_one/allex2head/install/orbbec_camera/share/orbbec_camera//launch/orbbec_camera.launch.py
-- Up-to-date symlink: /home/dgx_allex_one/allex2head/install/orbbec_camera/share/orbbec_camera//launch/orbbec_multicamera.launch.py
-- Up-to-date symlink: /home/dgx_allex_one/allex2head/install/orbbec_camera/share/orbbec_camera//launch/utils_yaml.py
-- Up-to-date symlink: /home/dgx_allex_one/allex2head/install/orbbec_camera/share/orbbec_camera//config/.gitkeep
-- Up-to-date symlink: /home/dgx_allex_one/allex2head/install/orbbec_camera/share/orbbec_camera//config/OrbbecSDKConfig_v2.0.xml
-- Up-to-date symlink: /home/dgx_allex_one/allex2head/install/orbbec_camera/share/orbbec_camera//config/astra2.yaml
-- Up-to-date symlink: /home/dgx_allex_one/allex2head/install/orbbec_camera/share/orbbec_camera//config/camera_params.yaml
-- Up-to-date symlink: /home/dgx_allex_one/allex2head/install/orbbec_camera/share/orbbec_camera//config/camera_secondary_params.yaml
-- Up-to-date symlink: /home/dgx_allex_one/allex2head/install/orbbec_camera/share/orbbec_camera//config/common.yaml
-- Up-to-date symlink: /home/dgx_allex_one/allex2head/install/orbbec_camera/share/orbbec_camera//config/depthfilter/Gemini2_v1.7.json
-- Up-to-date symlink: /home/dgx_allex_one/allex2head/install/orbbec_camera/share/orbbec_camera//config/depthfilter/Openni_device.json
-- Up-to-date symlink: /home/dgx_allex_one/allex2head/install/orbbec_camera/share/orbbec_camera//config/femto.yaml
-- Up-to-date symlink: /home/dgx_allex_one/allex2head/install/orbbec_camera/share/orbbec_camera//config/femto_bolt.yaml
-- Up-to-date symlink: /home/dgx_allex_one/allex2head/install/orbbec_camera/share/orbbec_camera//config/femto_mega.yaml
-- Up-to-date symlink: /home/dgx_allex_one/allex2head/install/orbbec_camera/share/orbbec_camera//config/gemini2.yaml
-- Up-to-date symlink: /home/dgx_allex_one/allex2head/install/orbbec_camera/share/orbbec_camera//config/gemini2L.yaml
-- Up-to-date symlink: /home/dgx_allex_one/allex2head/install/orbbec_camera/share/orbbec_camera//config/gemini330Lg_series.yaml
-- Up-to-date symlink: /home/dgx_allex_one/allex2head/install/orbbec_camera/share/orbbec_camera//config/gemini330_series.yaml
-- Up-to-date symlink: /home/dgx_allex_one/allex2head/install/orbbec_camera/share/orbbec_camera//config/tools/multisavergbir/multi_save_rgbir_params.json
-- Up-to-date symlink: /home/dgx_allex_one/allex2head/install/orbbec_camera/share/orbbec_camera//config/tools/startbenchmark/start_benchmark_params.json
-- Up-to-date symlink: /home/dgx_allex_one/allex2head/install/orbbec_camera/share/orbbec_camera//examples/README.MD
-- Up-to-date symlink: /home/dgx_allex_one/allex2head/install/orbbec_camera/share/orbbec_camera//examples/align_depth_color/README.MD
-- Up-to-date symlink: /home/dgx_allex_one/allex2head/install/orbbec_camera/share/orbbec_camera//examples/align_depth_color/image/image3.png
-- Up-to-date symlink: /home/dgx_allex_one/allex2head/install/orbbec_camera/share/orbbec_camera//examples/align_depth_color/image/image4.jpg
-- Up-to-date symlink: /home/dgx_allex_one/allex2head/install/orbbec_camera/share/orbbec_camera//examples/benchmark/README.MD
-- Up-to-date symlink: /home/dgx_allex_one/allex2head/install/orbbec_camera/share/orbbec_camera//examples/benchmark/gemini_330_series_benchmark.launch.py
-- Up-to-date symlink: /home/dgx_allex_one/allex2head/install/orbbec_camera/share/orbbec_camera//examples/benchmark/ob_benchmark_0.launch.py
-- Up-to-date symlink: /home/dgx_allex_one/allex2head/install/orbbec_camera/share/orbbec_camera//examples/benchmark/ob_benchmark_1.launch.py
-- Up-to-date symlink: /home/dgx_allex_one/allex2head/install/orbbec_camera/share/orbbec_camera//examples/disparity_search_offset/README.MD
-- Up-to-date symlink: /home/dgx_allex_one/allex2head/install/orbbec_camera/share/orbbec_camera//examples/disparity_search_offset/image/search_offset0.png
-- Up-to-date symlink: /home/dgx_allex_one/allex2head/install/orbbec_camera/share/orbbec_camera//examples/gmsl_camera/README.MD
-- Up-to-date symlink: /home/dgx_allex_one/allex2head/install/orbbec_camera/share/orbbec_camera//examples/gmsl_camera/gemini_330_gmsl.launch.py
-- Up-to-date symlink: /home/dgx_allex_one/allex2head/install/orbbec_camera/share/orbbec_camera//examples/gmsl_camera/multi_gmsl_camera.launch.py
-- Up-to-date symlink: /home/dgx_allex_one/allex2head/install/orbbec_camera/share/orbbec_camera//examples/gmsl_camera/multi_gmsl_camera_synced.launch.py
-- Up-to-date symlink: /home/dgx_allex_one/allex2head/install/orbbec_camera/share/orbbec_camera//examples/interleave_ae_mode/README.MD
-- Up-to-date symlink: /home/dgx_allex_one/allex2head/install/orbbec_camera/share/orbbec_camera//examples/interleave_ae_mode/image/interleave_ae0.jpeg
-- Up-to-date symlink: /home/dgx_allex_one/allex2head/install/orbbec_camera/share/orbbec_camera//examples/interleave_ae_mode/image/interleave_ae1.jpeg
-- Up-to-date symlink: /home/dgx_allex_one/allex2head/install/orbbec_camera/share/orbbec_camera//examples/lower_cpu_usage/README.MD
-- Up-to-date symlink: /home/dgx_allex_one/allex2head/install/orbbec_camera/share/orbbec_camera//examples/lower_cpu_usage/gemini_330_series_lower_cpu_usage.launch.py
-- Up-to-date symlink: /home/dgx_allex_one/allex2head/install/orbbec_camera/share/orbbec_camera//examples/lower_cpu_usage/multi_camera_lower_cpu_usage.launch.py
-- Up-to-date symlink: /home/dgx_allex_one/allex2head/install/orbbec_camera/share/orbbec_camera//examples/multi_camera/README.MD
-- Up-to-date symlink: /home/dgx_allex_one/allex2head/install/orbbec_camera/share/orbbec_camera//examples/multi_camera_synced/README.MD
-- Up-to-date symlink: /home/dgx_allex_one/allex2head/install/orbbec_camera/share/orbbec_camera//examples/multi_camera_synced/image/multi_camera_synced1.png
-- Up-to-date symlink: /home/dgx_allex_one/allex2head/install/orbbec_camera/share/orbbec_camera//examples/multi_camera_synced/image/multi_camera_synced2.png
-- Up-to-date symlink: /home/dgx_allex_one/allex2head/install/orbbec_camera/share/orbbec_camera//examples/multi_camera_synced_verification_tool/README.MD
-- Up-to-date symlink: /home/dgx_allex_one/allex2head/install/orbbec_camera/share/orbbec_camera//examples/multi_camera_synced_verification_tool/gemini_330_series_synced_verify.launch.py
-- Up-to-date symlink: /home/dgx_allex_one/allex2head/install/orbbec_camera/share/orbbec_camera//examples/multi_camera_synced_verification_tool/gemini_synced_verify.launch.py
-- Up-to-date symlink: /home/dgx_allex_one/allex2head/install/orbbec_camera/share/orbbec_camera//examples/multi_camera_synced_verification_tool/multi_camera_synced_verify.launch.py
-- Up-to-date symlink: /home/dgx_allex_one/allex2head/install/orbbec_camera/share/orbbec_camera//examples/multi_camera_synced_verification_tool/multicamera_sync/Python/Analysis_script.md
-- Up-to-date symlink: /home/dgx_allex_one/allex2head/install/orbbec_camera/share/orbbec_camera//examples/multi_camera_synced_verification_tool/multicamera_sync/Python/Config.ini
-- Up-to-date symlink: /home/dgx_allex_one/allex2head/install/orbbec_camera/share/orbbec_camera//examples/multi_camera_synced_verification_tool/multicamera_sync/Python/SyncFramesMain.py
-- Up-to-date symlink: /home/dgx_allex_one/allex2head/install/orbbec_camera/share/orbbec_camera//examples/multi_camera_synced_verification_tool/multicamera_sync/Python/script/config_frameMatch-Astra2_new.py
-- Up-to-date symlink: /home/dgx_allex_one/allex2head/install/orbbec_camera/share/orbbec_camera//examples/multi_camera_synced_verification_tool/multicamera_sync/Python/script/config_frameMatch-systemTimestamp.py
-- Up-to-date symlink: /home/dgx_allex_one/allex2head/install/orbbec_camera/share/orbbec_camera//examples/multi_camera_synced_verification_tool/multicamera_sync/Python/script/config_frameMatch.py
-- Up-to-date symlink: /home/dgx_allex_one/allex2head/install/orbbec_camera/share/orbbec_camera//examples/multi_camera_synced_verification_tool/multicamera_sync/Python/script/config_frameMatch_Gemini2VL.py
-- Up-to-date symlink: /home/dgx_allex_one/allex2head/install/orbbec_camera/share/orbbec_camera//examples/multi_camera_synced_verification_tool/multicamera_sync/Python/script/config_frameMatch_g330.py
-- Up-to-date symlink: /home/dgx_allex_one/allex2head/install/orbbec_camera/share/orbbec_camera//examples/multi_camera_synced_verification_tool/multicamera_sync/output/20250218102900/DevicesInfo.txt
-- Up-to-date symlink: /home/dgx_allex_one/allex2head/install/orbbec_camera/share/orbbec_camera//examples/multi_camera_synced_verification_tool/multicamera_sync/output/20250218102900/StreamProfileInfo.txt
-- Up-to-date symlink: /home/dgx_allex_one/allex2head/install/orbbec_camera/share/orbbec_camera//examples/multi_camera_synced_verification_tool/multicamera_sync/output/20250218102900/TotalModeFrames/SNCP1E5420006D_Index0/color_SNCP1E5420006D_Index0_g1739874543227_f0_s1739874543327_e50_d16_.jpg
-- Up-to-date symlink: /home/dgx_allex_one/allex2head/install/orbbec_camera/share/orbbec_camera//examples/multi_camera_synced_verification_tool/multicamera_sync/output/20250218102900/TotalModeFrames/SNCP1E5420006D_Index0/color_SNCP1E5420006D_Index0_g1739874543260_f1_s1739874543351_e50_d16_.jpg
-- Up-to-date symlink: /home/dgx_allex_one/allex2head/install/orbbec_camera/share/orbbec_camera//examples/multi_camera_synced_verification_tool/multicamera_sync/output/20250218102900/TotalModeFrames/SNCP1E5420006D_Index0/color_SNCP1E5420006D_Index0_g1739874543294_f2_s1739874543359_e50_d16_.jpg
-- Up-to-date symlink: /home/dgx_allex_one/allex2head/install/orbbec_camera/share/orbbec_camera//examples/multi_camera_synced_verification_tool/multicamera_sync/output/20250218102900/TotalModeFrames/SNCP1E5420006D_Index0/color_SNCP1E5420006D_Index0_g1739874543327_f3_s1739874543441_e50_d16_.jpg
-- Up-to-date symlink: /home/dgx_allex_one/allex2head/install/orbbec_camera/share/orbbec_camera//examples/multi_camera_synced_verification_tool/multicamera_sync/output/20250218102900/TotalModeFrames/SNCP1E5420006D_Index0/color_SNCP1E5420006D_Index0_g1739874543360_f4_s1739874543442_e50_d16_.jpg
-- Up-to-date symlink: /home/dgx_allex_one/allex2head/install/orbbec_camera/share/orbbec_camera//examples/multi_camera_synced_verification_tool/multicamera_sync/output/20250218102900/TotalModeFrames/SNCP1E5420006D_Index0/color_SNCP1E5420006D_Index0_g1739874543394_f5_s1739874543506_e50_d16_.jpg
-- Up-to-date symlink: /home/dgx_allex_one/allex2head/install/orbbec_camera/share/orbbec_camera//examples/multi_camera_synced_verification_tool/multicamera_sync/output/20250218102900/TotalModeFrames/SNCP1E5420006D_Index0/color_SNCP1E5420006D_Index0_g1739874543427_f6_s1739874543518_e50_d16_.jpg
-- Up-to-date symlink: /home/dgx_allex_one/allex2head/install/orbbec_camera/share/orbbec_camera//examples/multi_camera_synced_verification_tool/multicamera_sync/output/20250218102900/TotalModeFrames/SNCP1E5420006D_Index0/color_SNCP1E5420006D_Index0_g1739874543461_f7_s1739874543520_e50_d16_.jpg
-- Up-to-date symlink: /home/dgx_allex_one/allex2head/install/orbbec_camera/share/orbbec_camera//examples/multi_camera_synced_verification_tool/multicamera_sync/output/20250218102900/TotalModeFrames/SNCP1E5420006D_Index0/color_SNCP1E5420006D_Index0_g1739874543494_f8_s1739874543548_e50_d16_.jpg
-- Up-to-date symlink: /home/dgx_allex_one/allex2head/install/orbbec_camera/share/orbbec_camera//examples/multi_camera_synced_verification_tool/multicamera_sync/output/20250218102900/TotalModeFrames/SNCP1E5420006D_Index0/color_SNCP1E5420006D_Index0_g1739874543527_f9_s1739874543603_e50_d16_.jpg
-- Up-to-date symlink: /home/dgx_allex_one/allex2head/install/orbbec_camera/share/orbbec_camera//examples/multi_camera_synced_verification_tool/multicamera_sync/output/20250218102900/TotalModeFrames/SNCP1E5420006D_Index0/color_SNCP1E5420006D_Index0_g1739874543561_f10_s1739874543648_e50_d16_.jpg
-- Up-to-date symlink: /home/dgx_allex_one/allex2head/install/orbbec_camera/share/orbbec_camera//examples/multi_camera_synced_verification_tool/multicamera_sync/output/20250218102900/TotalModeFrames/SNCP1E5420006D_Index0/ir#left_SNCP1E5420006D_Index0_g1739874543227_f0_s1739874543250_e5000_d16_.jpg
-- Up-to-date symlink: /home/dgx_allex_one/allex2head/install/orbbec_camera/share/orbbec_camera//examples/multi_camera_synced_verification_tool/multicamera_sync/output/20250218102900/TotalModeFrames/SNCP1E5420006D_Index0/ir#left_SNCP1E5420006D_Index0_g1739874543260_f1_s1739874543310_e5000_d16_.jpg
-- Up-to-date symlink: /home/dgx_allex_one/allex2head/install/orbbec_camera/share/orbbec_camera//examples/multi_camera_synced_verification_tool/multicamera_sync/output/20250218102900/TotalModeFrames/SNCP1E5420006D_Index0/ir#left_SNCP1E5420006D_Index0_g1739874543294_f2_s1739874543329_e5000_d16_.jpg
-- Up-to-date symlink: /home/dgx_allex_one/allex2head/install/orbbec_camera/share/orbbec_camera//examples/multi_camera_synced_verification_tool/multicamera_sync/output/20250218102900/TotalModeFrames/SNCP1E5420006D_Index0/ir#left_SNCP1E5420006D_Index0_g1739874543327_f3_s1739874543393_e5000_d16_.jpg
-- Up-to-date symlink: /home/dgx_allex_one/allex2head/install/orbbec_camera/share/orbbec_camera//examples/multi_camera_synced_verification_tool/multicamera_sync/output/20250218102900/TotalModeFrames/SNCP1E5420006D_Index0/ir#left_SNCP1E5420006D_Index0_g1739874543361_f4_s1739874543405_e5000_d16_.jpg
-- Up-to-date symlink: /home/dgx_allex_one/allex2head/install/orbbec_camera/share/orbbec_camera//examples/multi_camera_synced_verification_tool/multicamera_sync/output/20250218102900/TotalModeFrames/SNCP1E5420006D_Index0/ir#left_SNCP1E5420006D_Index0_g1739874543394_f5_s1739874543473_e5000_d16_.jpg
-- Up-to-date symlink: /home/dgx_allex_one/allex2head/install/orbbec_camera/share/orbbec_camera//examples/multi_camera_synced_verification_tool/multicamera_sync/output/20250218102900/TotalModeFrames/SNCP1E5420006D_Index0/ir#left_SNCP1E5420006D_Index0_g1739874543427_f6_s1739874543474_e5000_d16_.jpg
-- Up-to-date symlink: /home/dgx_allex_one/allex2head/install/orbbec_camera/share/orbbec_camera//examples/multi_camera_synced_verification_tool/multicamera_sync/output/20250218102900/TotalModeFrames/SNCP1E5420006D_Index0/ir#left_SNCP1E5420006D_Index0_g1739874543461_f7_s1739874543493_e5000_d16_.jpg
-- Up-to-date symlink: /home/dgx_allex_one/allex2head/install/orbbec_camera/share/orbbec_camera//examples/multi_camera_synced_verification_tool/multicamera_sync/output/20250218102900/TotalModeFrames/SNCP1E5420006D_Index0/ir#left_SNCP1E5420006D_Index0_g1739874543494_f8_s1739874543528_e5000_d16_.jpg
-- Up-to-date symlink: /home/dgx_allex_one/allex2head/install/orbbec_camera/share/orbbec_camera//examples/multi_camera_synced_verification_tool/multicamera_sync/output/20250218102900/TotalModeFrames/SNCP1E5420006D_Index0/ir#left_SNCP1E5420006D_Index0_g1739874543527_f9_s1739874543627_e5000_d16_.jpg
-- Up-to-date symlink: /home/dgx_allex_one/allex2head/install/orbbec_camera/share/orbbec_camera//examples/multi_camera_synced_verification_tool/multicamera_sync/output/20250218102900/TotalModeFrames/SNCP1E5420006D_Index0/ir#left_SNCP1E5420006D_Index0_g1739874543561_f10_s1739874543628_e5000_d16_.jpg
-- Up-to-date symlink: /home/dgx_allex_one/allex2head/install/orbbec_camera/share/orbbec_camera//examples/multi_camera_synced_verification_tool/multicamera_sync/output/20250218102900/TotalModeFrames/SNCP1L44P00051_Index1/color_SNCP1L44P00051_Index1_g1739874543227_f0_s1739874543304_e50_d16_.jpg
-- Up-to-date symlink: /home/dgx_allex_one/allex2head/install/orbbec_camera/share/orbbec_camera//examples/multi_camera_synced_verification_tool/multicamera_sync/output/20250218102900/TotalModeFrames/SNCP1L44P00051_Index1/color_SNCP1L44P00051_Index1_g1739874543260_f1_s1739874543345_e50_d16_.jpg
-- Up-to-date symlink: /home/dgx_allex_one/allex2head/install/orbbec_camera/share/orbbec_camera//examples/multi_camera_synced_verification_tool/multicamera_sync/output/20250218102900/TotalModeFrames/SNCP1L44P00051_Index1/color_SNCP1L44P00051_Index1_g1739874543293_f2_s1739874543446_e50_d16_.jpg
-- Up-to-date symlink: /home/dgx_allex_one/allex2head/install/orbbec_camera/share/orbbec_camera//examples/multi_camera_synced_verification_tool/multicamera_sync/output/20250218102900/TotalModeFrames/SNCP1L44P00051_Index1/color_SNCP1L44P00051_Index1_g1739874543327_f3_s1739874543458_e50_d16_.jpg
-- Up-to-date symlink: /home/dgx_allex_one/allex2head/install/orbbec_camera/share/orbbec_camera//examples/multi_camera_synced_verification_tool/multicamera_sync/output/20250218102900/TotalModeFrames/SNCP1L44P00051_Index1/color_SNCP1L44P00051_Index1_g1739874543360_f4_s1739874543468_e50_d16_.jpg
-- Up-to-date symlink: /home/dgx_allex_one/allex2head/install/orbbec_camera/share/orbbec_camera//examples/multi_camera_synced_verification_tool/multicamera_sync/output/20250218102900/TotalModeFrames/SNCP1L44P00051_Index1/color_SNCP1L44P00051_Index1_g1739874543393_f5_s1739874543470_e50_d16_.jpg
-- Up-to-date symlink: /home/dgx_allex_one/allex2head/install/orbbec_camera/share/orbbec_camera//examples/multi_camera_synced_verification_tool/multicamera_sync/output/20250218102900/TotalModeFrames/SNCP1L44P00051_Index1/color_SNCP1L44P00051_Index1_g1739874543427_f6_s1739874543485_e50_d16_.jpg
-- Up-to-date symlink: /home/dgx_allex_one/allex2head/install/orbbec_camera/share/orbbec_camera//examples/multi_camera_synced_verification_tool/multicamera_sync/output/20250218102900/TotalModeFrames/SNCP1L44P00051_Index1/color_SNCP1L44P00051_Index1_g1739874543460_f7_s1739874543505_e50_d16_.jpg
-- Up-to-date symlink: /home/dgx_allex_one/allex2head/install/orbbec_camera/share/orbbec_camera//examples/multi_camera_synced_verification_tool/multicamera_sync/output/20250218102900/TotalModeFrames/SNCP1L44P00051_Index1/color_SNCP1L44P00051_Index1_g1739874543494_f8_s1739874543540_e50_d16_.jpg
-- Up-to-date symlink: /home/dgx_allex_one/allex2head/install/orbbec_camera/share/orbbec_camera//examples/multi_camera_synced_verification_tool/multicamera_sync/output/20250218102900/TotalModeFrames/SNCP1L44P00051_Index1/color_SNCP1L44P00051_Index1_g1739874543527_f9_s1739874543616_e50_d16_.jpg
-- Up-to-date symlink: /home/dgx_allex_one/allex2head/install/orbbec_camera/share/orbbec_camera//examples/multi_camera_synced_verification_tool/multicamera_sync/output/20250218102900/TotalModeFrames/SNCP1L44P00051_Index1/color_SNCP1L44P00051_Index1_g1739874543560_f10_s1739874543618_e50_d16_.jpg
-- Up-to-date symlink: /home/dgx_allex_one/allex2head/install/orbbec_camera/share/orbbec_camera//examples/multi_camera_synced_verification_tool/multicamera_sync/output/20250218102900/TotalModeFrames/SNCP1L44P00051_Index1/ir#left_SNCP1L44P00051_Index1_g1739874543227_f0_s1739874543250_e5000_d16_.jpg
-- Up-to-date symlink: /home/dgx_allex_one/allex2head/install/orbbec_camera/share/orbbec_camera//examples/multi_camera_synced_verification_tool/multicamera_sync/output/20250218102900/TotalModeFrames/SNCP1L44P00051_Index1/ir#left_SNCP1L44P00051_Index1_g1739874543260_f1_s1739874543294_e5000_d16_.jpg
-- Up-to-date symlink: /home/dgx_allex_one/allex2head/install/orbbec_camera/share/orbbec_camera//examples/multi_camera_synced_verification_tool/multicamera_sync/output/20250218102900/TotalModeFrames/SNCP1L44P00051_Index1/ir#left_SNCP1L44P00051_Index1_g1739874543294_f2_s1739874543319_e5000_d16_.jpg
-- Up-to-date symlink: /home/dgx_allex_one/allex2head/install/orbbec_camera/share/orbbec_camera//examples/multi_camera_synced_verification_tool/multicamera_sync/output/20250218102900/TotalModeFrames/SNCP1L44P00051_Index1/ir#left_SNCP1L44P00051_Index1_g1739874543327_f3_s1739874543460_e5000_d16_.jpg
-- Up-to-date symlink: /home/dgx_allex_one/allex2head/install/orbbec_camera/share/orbbec_camera//examples/multi_camera_synced_verification_tool/multicamera_sync/output/20250218102900/TotalModeFrames/SNCP1L44P00051_Index1/ir#left_SNCP1L44P00051_Index1_g1739874543360_f4_s1739874543460_e5000_d16_.jpg
-- Up-to-date symlink: /home/dgx_allex_one/allex2head/install/orbbec_camera/share/orbbec_camera//examples/multi_camera_synced_verification_tool/multicamera_sync/output/20250218102900/TotalModeFrames/SNCP1L44P00051_Index1/ir#left_SNCP1L44P00051_Index1_g1739874543394_f5_s1739874543661_e5000_d16_.jpg
-- Up-to-date symlink: /home/dgx_allex_one/allex2head/install/orbbec_camera/share/orbbec_camera//examples/multi_camera_synced_verification_tool/multicamera_sync/output/20250218102900/TotalModeFrames/SNCP1L44P00051_Index1/ir#left_SNCP1L44P00051_Index1_g1739874543427_f6_s1739874543684_e5000_d16_.jpg
-- Up-to-date symlink: /home/dgx_allex_one/allex2head/install/orbbec_camera/share/orbbec_camera//examples/multi_camera_synced_verification_tool/multicamera_sync/output/20250218102900/TotalModeFrames/SNCP1L44P00051_Index1/ir#left_SNCP1L44P00051_Index1_g1739874543460_f7_s1739874543685_e5000_d16_.jpg
-- Up-to-date symlink: /home/dgx_allex_one/allex2head/install/orbbec_camera/share/orbbec_camera//examples/multi_camera_synced_verification_tool/multicamera_sync/output/20250218102900/TotalModeFrames/SNCP1L44P00051_Index1/ir#left_SNCP1L44P00051_Index1_g1739874543494_f8_s1739874543687_e5000_d16_.jpg
-- Up-to-date symlink: /home/dgx_allex_one/allex2head/install/orbbec_camera/share/orbbec_camera//examples/multi_camera_synced_verification_tool/multicamera_sync/output/20250218102900/TotalModeFrames/SNCP1L44P00051_Index1/ir#left_SNCP1L44P00051_Index1_g1739874543527_f10_s1739874543687_e5000_d16_.jpg
-- Up-to-date symlink: /home/dgx_allex_one/allex2head/install/orbbec_camera/share/orbbec_camera//examples/multi_camera_synced_verification_tool/multicamera_sync/output/20250218102900/TotalModeFrames/SNCP1L44P00051_Index1/ir#left_SNCP1L44P00051_Index1_g1739874543560_f11_s1739874543687_e5000_d16_.jpg
-- Up-to-date symlink: /home/dgx_allex_one/allex2head/install/orbbec_camera/share/orbbec_camera//examples/multi_camera_synced_verification_tool/multicamera_sync/output/20250218102900/results-2025-02-25_163648/frameMatchLog.txt
-- Up-to-date symlink: /home/dgx_allex_one/allex2head/install/orbbec_camera/share/orbbec_camera//examples/multi_camera_synced_verification_tool/multicamera_sync/output/20250218102900/results-2025-02-25_163648/matchFrames/0_color_SNCP1E5420006D_Index0_1739874543527_[0].jpg
-- Up-to-date symlink: /home/dgx_allex_one/allex2head/install/orbbec_camera/share/orbbec_camera//examples/multi_camera_synced_verification_tool/multicamera_sync/output/20250218102900/results-2025-02-25_163648/matchFrames/0_color_SNCP1L44P00051_Index1_1739874543527_[0].jpg
-- Up-to-date symlink: /home/dgx_allex_one/allex2head/install/orbbec_camera/share/orbbec_camera//examples/multi_camera_synced_verification_tool/multicamera_sync/output/20250218102900/results-2025-02-25_163648/matchFrames/0_ir_left_SNCP1E5420006D_Index0_1739874543527_[0].jpg
-- Up-to-date symlink: /home/dgx_allex_one/allex2head/install/orbbec_camera/share/orbbec_camera//examples/multi_camera_synced_verification_tool/multicamera_sync/output/20250218102900/results-2025-02-25_163648/matchFrames/0_ir_left_SNCP1L44P00051_Index1_1739874543527_[0].jpg
-- Up-to-date symlink: /home/dgx_allex_one/allex2head/install/orbbec_camera/share/orbbec_camera//examples/multi_camera_synced_verification_tool/multicamera_sync/output/20250218102900/results-2025-02-25_163648/matchFrames/10_color_SNCP1E5420006D_Index0_1739874543227_[0].jpg
-- Up-to-date symlink: /home/dgx_allex_one/allex2head/install/orbbec_camera/share/orbbec_camera//examples/multi_camera_synced_verification_tool/multicamera_sync/output/20250218102900/results-2025-02-25_163648/matchFrames/10_color_SNCP1L44P00051_Index1_1739874543227_[0].jpg
-- Up-to-date symlink: /home/dgx_allex_one/allex2head/install/orbbec_camera/share/orbbec_camera//examples/multi_camera_synced_verification_tool/multicamera_sync/output/20250218102900/results-2025-02-25_163648/matchFrames/10_ir_left_SNCP1E5420006D_Index0_1739874543227_[0].jpg
-- Up-to-date symlink: /home/dgx_allex_one/allex2head/install/orbbec_camera/share/orbbec_camera//examples/multi_camera_synced_verification_tool/multicamera_sync/output/20250218102900/results-2025-02-25_163648/matchFrames/10_ir_left_SNCP1L44P00051_Index1_1739874543227_[0].jpg
-- Up-to-date symlink: /home/dgx_allex_one/allex2head/install/orbbec_camera/share/orbbec_camera//examples/multi_camera_synced_verification_tool/multicamera_sync/output/20250218102900/results-2025-02-25_163648/matchFrames/1_color_SNCP1E5420006D_Index0_1739874543494_[0].jpg
-- Up-to-date symlink: /home/dgx_allex_one/allex2head/install/orbbec_camera/share/orbbec_camera//examples/multi_camera_synced_verification_tool/multicamera_sync/output/20250218102900/results-2025-02-25_163648/matchFrames/1_color_SNCP1L44P00051_Index1_1739874543494_[0].jpg
-- Up-to-date symlink: /home/dgx_allex_one/allex2head/install/orbbec_camera/share/orbbec_camera//examples/multi_camera_synced_verification_tool/multicamera_sync/output/20250218102900/results-2025-02-25_163648/matchFrames/1_ir_left_SNCP1E5420006D_Index0_1739874543494_[0].jpg
-- Up-to-date symlink: /home/dgx_allex_one/allex2head/install/orbbec_camera/share/orbbec_camera//examples/multi_camera_synced_verification_tool/multicamera_sync/output/20250218102900/results-2025-02-25_163648/matchFrames/1_ir_left_SNCP1L44P00051_Index1_1739874543494_[0].jpg
-- Up-to-date symlink: /home/dgx_allex_one/allex2head/install/orbbec_camera/share/orbbec_camera//examples/multi_camera_synced_verification_tool/multicamera_sync/output/20250218102900/results-2025-02-25_163648/matchFrames/2_color_SNCP1E5420006D_Index0_1739874543461_[1].jpg
-- Up-to-date symlink: /home/dgx_allex_one/allex2head/install/orbbec_camera/share/orbbec_camera//examples/multi_camera_synced_verification_tool/multicamera_sync/output/20250218102900/results-2025-02-25_163648/matchFrames/2_color_SNCP1L44P00051_Index1_1739874543460_[0].jpg
-- Up-to-date symlink: /home/dgx_allex_one/allex2head/install/orbbec_camera/share/orbbec_camera//examples/multi_camera_synced_verification_tool/multicamera_sync/output/20250218102900/results-2025-02-25_163648/matchFrames/2_ir_left_SNCP1E5420006D_Index0_1739874543461_[1].jpg
-- Up-to-date symlink: /home/dgx_allex_one/allex2head/install/orbbec_camera/share/orbbec_camera//examples/multi_camera_synced_verification_tool/multicamera_sync/output/20250218102900/results-2025-02-25_163648/matchFrames/2_ir_left_SNCP1L44P00051_Index1_1739874543460_[0].jpg
-- Up-to-date symlink: /home/dgx_allex_one/allex2head/install/orbbec_camera/share/orbbec_camera//examples/multi_camera_synced_verification_tool/multicamera_sync/output/20250218102900/results-2025-02-25_163648/matchFrames/3_color_SNCP1E5420006D_Index0_1739874543260_[0].jpg
-- Up-to-date symlink: /home/dgx_allex_one/allex2head/install/orbbec_camera/share/orbbec_camera//examples/multi_camera_synced_verification_tool/multicamera_sync/output/20250218102900/results-2025-02-25_163648/matchFrames/3_color_SNCP1L44P00051_Index1_1739874543260_[0].jpg
-- Up-to-date symlink: /home/dgx_allex_one/allex2head/install/orbbec_camera/share/orbbec_camera//examples/multi_camera_synced_verification_tool/multicamera_sync/output/20250218102900/results-2025-02-25_163648/matchFrames/3_ir_left_SNCP1E5420006D_Index0_1739874543260_[0].jpg
-- Up-to-date symlink: /home/dgx_allex_one/allex2head/install/orbbec_camera/share/orbbec_camera//examples/multi_camera_synced_verification_tool/multicamera_sync/output/20250218102900/results-2025-02-25_163648/matchFrames/3_ir_left_SNCP1L44P00051_Index1_1739874543260_[0].jpg
-- Up-to-date symlink: /home/dgx_allex_one/allex2head/install/orbbec_camera/share/orbbec_camera//examples/multi_camera_synced_verification_tool/multicamera_sync/output/20250218102900/results-2025-02-25_163648/matchFrames/4_color_SNCP1E5420006D_Index0_1739874543360_[0].jpg
-- Up-to-date symlink: /home/dgx_allex_one/allex2head/install/orbbec_camera/share/orbbec_camera//examples/multi_camera_synced_verification_tool/multicamera_sync/output/20250218102900/results-2025-02-25_163648/matchFrames/4_color_SNCP1L44P00051_Index1_1739874543360_[0].jpg
-- Up-to-date symlink: /home/dgx_allex_one/allex2head/install/orbbec_camera/share/orbbec_camera//examples/multi_camera_synced_verification_tool/multicamera_sync/output/20250218102900/results-2025-02-25_163648/matchFrames/4_ir_left_SNCP1E5420006D_Index0_1739874543361_[1].jpg
-- Up-to-date symlink: /home/dgx_allex_one/allex2head/install/orbbec_camera/share/orbbec_camera//examples/multi_camera_synced_verification_tool/multicamera_sync/output/20250218102900/results-2025-02-25_163648/matchFrames/4_ir_left_SNCP1L44P00051_Index1_1739874543360_[0].jpg
-- Up-to-date symlink: /home/dgx_allex_one/allex2head/install/orbbec_camera/share/orbbec_camera//examples/multi_camera_synced_verification_tool/multicamera_sync/output/20250218102900/results-2025-02-25_163648/matchFrames/5_color_SNCP1E5420006D_Index0_1739874543327_[0].jpg
-- Up-to-date symlink: /home/dgx_allex_one/allex2head/install/orbbec_camera/share/orbbec_camera//examples/multi_camera_synced_verification_tool/multicamera_sync/output/20250218102900/results-2025-02-25_163648/matchFrames/5_color_SNCP1L44P00051_Index1_1739874543327_[0].jpg
-- Up-to-date symlink: /home/dgx_allex_one/allex2head/install/orbbec_camera/share/orbbec_camera//examples/multi_camera_synced_verification_tool/multicamera_sync/output/20250218102900/results-2025-02-25_163648/matchFrames/5_ir_left_SNCP1E5420006D_Index0_1739874543327_[0].jpg
-- Up-to-date symlink: /home/dgx_allex_one/allex2head/install/orbbec_camera/share/orbbec_camera//examples/multi_camera_synced_verification_tool/multicamera_sync/output/20250218102900/results-2025-02-25_163648/matchFrames/5_ir_left_SNCP1L44P00051_Index1_1739874543327_[0].jpg
-- Up-to-date symlink: /home/dgx_allex_one/allex2head/install/orbbec_camera/share/orbbec_camera//examples/multi_camera_synced_verification_tool/multicamera_sync/output/20250218102900/results-2025-02-25_163648/matchFrames/6_color_SNCP1E5420006D_Index0_1739874543561_[1].jpg
-- Up-to-date symlink: /home/dgx_allex_one/allex2head/install/orbbec_camera/share/orbbec_camera//examples/multi_camera_synced_verification_tool/multicamera_sync/output/20250218102900/results-2025-02-25_163648/matchFrames/6_color_SNCP1L44P00051_Index1_1739874543560_[0].jpg
-- Up-to-date symlink: /home/dgx_allex_one/allex2head/install/orbbec_camera/share/orbbec_camera//examples/multi_camera_synced_verification_tool/multicamera_sync/output/20250218102900/results-2025-02-25_163648/matchFrames/6_ir_left_SNCP1E5420006D_Index0_1739874543561_[1].jpg
-- Up-to-date symlink: /home/dgx_allex_one/allex2head/install/orbbec_camera/share/orbbec_camera//examples/multi_camera_synced_verification_tool/multicamera_sync/output/20250218102900/results-2025-02-25_163648/matchFrames/6_ir_left_SNCP1L44P00051_Index1_1739874543560_[0].jpg
-- Up-to-date symlink: /home/dgx_allex_one/allex2head/install/orbbec_camera/share/orbbec_camera//examples/multi_camera_synced_verification_tool/multicamera_sync/output/20250218102900/results-2025-02-25_163648/matchFrames/7_color_SNCP1E5420006D_Index0_1739874543427_[0].jpg
-- Up-to-date symlink: /home/dgx_allex_one/allex2head/install/orbbec_camera/share/orbbec_camera//examples/multi_camera_synced_verification_tool/multicamera_sync/output/20250218102900/results-2025-02-25_163648/matchFrames/7_color_SNCP1L44P00051_Index1_1739874543427_[0].jpg
-- Up-to-date symlink: /home/dgx_allex_one/allex2head/install/orbbec_camera/share/orbbec_camera//examples/multi_camera_synced_verification_tool/multicamera_sync/output/20250218102900/results-2025-02-25_163648/matchFrames/7_ir_left_SNCP1E5420006D_Index0_1739874543427_[0].jpg
-- Up-to-date symlink: /home/dgx_allex_one/allex2head/install/orbbec_camera/share/orbbec_camera//examples/multi_camera_synced_verification_tool/multicamera_sync/output/20250218102900/results-2025-02-25_163648/matchFrames/7_ir_left_SNCP1L44P00051_Index1_1739874543427_[0].jpg
-- Up-to-date symlink: /home/dgx_allex_one/allex2head/install/orbbec_camera/share/orbbec_camera//examples/multi_camera_synced_verification_tool/multicamera_sync/output/20250218102900/results-2025-02-25_163648/matchFrames/8_color_SNCP1E5420006D_Index0_1739874543294_[1].jpg
-- Up-to-date symlink: /home/dgx_allex_one/allex2head/install/orbbec_camera/share/orbbec_camera//examples/multi_camera_synced_verification_tool/multicamera_sync/output/20250218102900/results-2025-02-25_163648/matchFrames/8_color_SNCP1L44P00051_Index1_1739874543293_[0].jpg
-- Up-to-date symlink: /home/dgx_allex_one/allex2head/install/orbbec_camera/share/orbbec_camera//examples/multi_camera_synced_verification_tool/multicamera_sync/output/20250218102900/results-2025-02-25_163648/matchFrames/8_ir_left_SNCP1E5420006D_Index0_1739874543294_[1].jpg
-- Up-to-date symlink: /home/dgx_allex_one/allex2head/install/orbbec_camera/share/orbbec_camera//examples/multi_camera_synced_verification_tool/multicamera_sync/output/20250218102900/results-2025-02-25_163648/matchFrames/8_ir_left_SNCP1L44P00051_Index1_1739874543294_[1].jpg
-- Up-to-date symlink: /home/dgx_allex_one/allex2head/install/orbbec_camera/share/orbbec_camera//examples/multi_camera_synced_verification_tool/multicamera_sync/output/20250218102900/results-2025-02-25_163648/matchFrames/9_color_SNCP1E5420006D_Index0_1739874543394_[1].jpg
-- Up-to-date symlink: /home/dgx_allex_one/allex2head/install/orbbec_camera/share/orbbec_camera//examples/multi_camera_synced_verification_tool/multicamera_sync/output/20250218102900/results-2025-02-25_163648/matchFrames/9_color_SNCP1L44P00051_Index1_1739874543393_[0].jpg
-- Up-to-date symlink: /home/dgx_allex_one/allex2head/install/orbbec_camera/share/orbbec_camera//examples/multi_camera_synced_verification_tool/multicamera_sync/output/20250218102900/results-2025-02-25_163648/matchFrames/9_ir_left_SNCP1E5420006D_Index0_1739874543394_[1].jpg
-- Up-to-date symlink: /home/dgx_allex_one/allex2head/install/orbbec_camera/share/orbbec_camera//examples/multi_camera_synced_verification_tool/multicamera_sync/output/20250218102900/results-2025-02-25_163648/matchFrames/9_ir_left_SNCP1L44P00051_Index1_1739874543394_[1].jpg
-- Up-to-date symlink: /home/dgx_allex_one/allex2head/install/orbbec_camera/share/orbbec_camera//examples/net_camera/README.MD
-- Up-to-date symlink: /home/dgx_allex_one/allex2head/install/orbbec_camera/share/orbbec_camera//examples/net_camera/multi_net_camera.launch.py
-- Up-to-date symlink: /home/dgx_allex_one/allex2head/install/orbbec_camera/share/orbbec_camera//examples/point_cloud/README.MD
-- Up-to-date symlink: /home/dgx_allex_one/allex2head/install/orbbec_camera/share/orbbec_camera//examples/point_cloud/image/image5.jpg
-- Up-to-date symlink: /home/dgx_allex_one/allex2head/install/orbbec_camera/share/orbbec_camera//examples/point_cloud/image/image6.jpg
-- Up-to-date symlink: /home/dgx_allex_one/allex2head/install/orbbec_camera/share/orbbec_camera//examples/start_camera_node/README.MD
-- Up-to-date symlink: /home/dgx_allex_one/allex2head/install/orbbec_camera/share/orbbec_camera//examples/start_camera_node/image/image1.jpg
-- Up-to-date symlink: /home/dgx_allex_one/allex2head/install/orbbec_camera/share/orbbec_camera//examples/start_camera_node/image/image2.jpg
-- Up-to-date symlink: /home/dgx_allex_one/allex2head/install/orbbec_camera/include/libobsensor/ObSensor.h
-- Up-to-date symlink: /home/dgx_allex_one/allex2head/install/orbbec_camera/include/libobsensor/ObSensor.hpp
-- Up-to-date symlink: /home/dgx_allex_one/allex2head/install/orbbec_camera/include/libobsensor/h/Advanced.h
-- Up-to-date symlink: /home/dgx_allex_one/allex2head/install/orbbec_camera/include/libobsensor/h/Context.h
-- Up-to-date symlink: /home/dgx_allex_one/allex2head/install/orbbec_camera/include/libobsensor/h/Device.h
-- Up-to-date symlink: /home/dgx_allex_one/allex2head/install/orbbec_camera/include/libobsensor/h/Error.h
-- Up-to-date symlink: /home/dgx_allex_one/allex2head/install/orbbec_camera/include/libobsensor/h/Export.h
-- Up-to-date symlink: /home/dgx_allex_one/allex2head/install/orbbec_camera/include/libobsensor/h/Filter.h
-- Up-to-date symlink: /home/dgx_allex_one/allex2head/install/orbbec_camera/include/libobsensor/h/Frame.h
-- Up-to-date symlink: /home/dgx_allex_one/allex2head/install/orbbec_camera/include/libobsensor/h/MultipleDevices.h
-- Up-to-date symlink: /home/dgx_allex_one/allex2head/install/orbbec_camera/include/libobsensor/h/ObTypes.h
-- Up-to-date symlink: /home/dgx_allex_one/allex2head/install/orbbec_camera/include/libobsensor/h/Pipeline.h
-- Up-to-date symlink: /home/dgx_allex_one/allex2head/install/orbbec_camera/include/libobsensor/h/Property.h
-- Up-to-date symlink: /home/dgx_allex_one/allex2head/install/orbbec_camera/include/libobsensor/h/RecordPlayback.h
-- Up-to-date symlink: /home/dgx_allex_one/allex2head/install/orbbec_camera/include/libobsensor/h/Sensor.h
-- Up-to-date symlink: /home/dgx_allex_one/allex2head/install/orbbec_camera/include/libobsensor/h/StreamProfile.h
-- Up-to-date symlink: /home/dgx_allex_one/allex2head/install/orbbec_camera/include/libobsensor/h/TypeHelper.h
-- Up-to-date symlink: /home/dgx_allex_one/allex2head/install/orbbec_camera/include/libobsensor/h/Utils.h
-- Up-to-date symlink: /home/dgx_allex_one/allex2head/install/orbbec_camera/include/libobsensor/h/Version.h
-- Up-to-date symlink: /home/dgx_allex_one/allex2head/install/orbbec_camera/include/libobsensor/hpp/Context.hpp
-- Up-to-date symlink: /home/dgx_allex_one/allex2head/install/orbbec_camera/include/libobsensor/hpp/Device.hpp
-- Up-to-date symlink: /home/dgx_allex_one/allex2head/install/orbbec_camera/include/libobsensor/hpp/Error.hpp
-- Up-to-date symlink: /home/dgx_allex_one/allex2head/install/orbbec_camera/include/libobsensor/hpp/Filter.hpp
-- Up-to-date symlink: /home/dgx_allex_one/allex2head/install/orbbec_camera/include/libobsensor/hpp/Frame.hpp
-- Up-to-date symlink: /home/dgx_allex_one/allex2head/install/orbbec_camera/include/libobsensor/hpp/Pipeline.hpp
-- Up-to-date symlink: /home/dgx_allex_one/allex2head/install/orbbec_camera/include/libobsensor/hpp/RecordPlayback.hpp
-- Up-to-date symlink: /home/dgx_allex_one/allex2head/install/orbbec_camera/include/libobsensor/hpp/Sensor.hpp
-- Up-to-date symlink: /home/dgx_allex_one/allex2head/install/orbbec_camera/include/libobsensor/hpp/StreamProfile.hpp
-- Up-to-date symlink: /home/dgx_allex_one/allex2head/install/orbbec_camera/include/libobsensor/hpp/TypeHelper.hpp
-- Up-to-date symlink: /home/dgx_allex_one/allex2head/install/orbbec_camera/include/libobsensor/hpp/Types.hpp
-- Up-to-date symlink: /home/dgx_allex_one/allex2head/install/orbbec_camera/include/libobsensor/hpp/Utils.hpp
-- Up-to-date symlink: /home/dgx_allex_one/allex2head/install/orbbec_camera/include/libobsensor/hpp/Version.hpp
-- Up-to-date symlink: /home/dgx_allex_one/allex2head/install/orbbec_camera/lib/extensions//libdepthengine.so
-- Up-to-date symlink: /home/dgx_allex_one/allex2head/install/orbbec_camera/lib/extensions//libdepthengine.so.2.0
-- Up-to-date symlink: /home/dgx_allex_one/allex2head/install/orbbec_camera/lib/extensions//libFilterProcessor.so
-- Up-to-date symlink: /home/dgx_allex_one/allex2head/install/orbbec_camera/lib/extensions//libob_priv_filter.so
-- Up-to-date symlink: /home/dgx_allex_one/allex2head/install/orbbec_camera/lib/extensions//libfirmwareupdater.so
-- Up-to-date symlink: /home/dgx_allex_one/allex2head/install/orbbec_camera/lib/extensions//libob_frame_processor.so
-- Up-to-date symlink: /home/dgx_allex_one/allex2head/install/orbbec_camera/lib/orbbec_camera//list_depth_work_mode_node
-- Up-to-date symlink: /home/dgx_allex_one/allex2head/install/orbbec_camera/lib/orbbec_camera//topic_statistics_node
-- Up-to-date symlink: /home/dgx_allex_one/allex2head/install/orbbec_camera/lib/orbbec_camera//ob_benchmark_node
-- Up-to-date symlink: /home/dgx_allex_one/allex2head/install/orbbec_camera/share/orbbec_camera/environment/library_path.sh
-- Up-to-date symlink: /home/dgx_allex_one/allex2head/install/orbbec_camera/share/orbbec_camera/environment/library_path.dsv
-- Up-to-date symlink: /home/dgx_allex_one/allex2head/install/orbbec_camera/share/ament_index/resource_index/package_run_dependencies/orbbec_camera
-- Up-to-date symlink: /home/dgx_allex_one/allex2head/install/orbbec_camera/share/ament_index/resource_index/parent_prefix_path/orbbec_camera
-- Up-to-date symlink: /home/dgx_allex_one/allex2head/install/orbbec_camera/share/orbbec_camera/environment/ament_prefix_path.sh
-- Up-to-date symlink: /home/dgx_allex_one/allex2head/install/orbbec_camera/share/orbbec_camera/environment/ament_prefix_path.dsv
-- Up-to-date symlink: /home/dgx_allex_one/allex2head/install/orbbec_camera/share/orbbec_camera/environment/path.sh
-- Up-to-date symlink: /home/dgx_allex_one/allex2head/install/orbbec_camera/share/orbbec_camera/environment/path.dsv
-- Up-to-date symlink: /home/dgx_allex_one/allex2head/install/orbbec_camera/share/orbbec_camera/local_setup.bash
-- Up-to-date symlink: /home/dgx_allex_one/allex2head/install/orbbec_camera/share/orbbec_camera/local_setup.sh
-- Up-to-date symlink: /home/dgx_allex_one/allex2head/install/orbbec_camera/share/orbbec_camera/local_setup.zsh
-- Up-to-date symlink: /home/dgx_allex_one/allex2head/install/orbbec_camera/share/orbbec_camera/local_setup.dsv
-- Symlinking: /home/dgx_allex_one/allex2head/install/orbbec_camera/share/orbbec_camera/package.dsv
-- Up-to-date symlink: /home/dgx_allex_one/allex2head/install/orbbec_camera/share/ament_index/resource_index/packages/orbbec_camera
-- Up-to-date symlink: /home/dgx_allex_one/allex2head/install/orbbec_camera/share/ament_index/resource_index/rclcpp_components/orbbec_camera
-- Up-to-date symlink: /home/dgx_allex_one/allex2head/install/orbbec_camera/share/orbbec_camera/cmake/ament_cmake_export_include_directories-extras.cmake
-- Up-to-date symlink: /home/dgx_allex_one/allex2head/install/orbbec_camera/share/orbbec_camera/cmake/ament_cmake_export_libraries-extras.cmake
-- Up-to-date symlink: /home/dgx_allex_one/allex2head/install/orbbec_camera/share/orbbec_camera/cmake/ament_cmake_export_dependencies-extras.cmake
-- Up-to-date symlink: /home/dgx_allex_one/allex2head/install/orbbec_camera/share/orbbec_camera/cmake/orbbec_cameraConfig.cmake
-- Up-to-date symlink: /home/dgx_allex_one/allex2head/install/orbbec_camera/share/orbbec_camera/cmake/orbbec_cameraConfig-version.cmake
-- Up-to-date symlink: /home/dgx_allex_one/allex2head/install/orbbec_camera/share/orbbec_camera/package.xml
-- Up-to-date: /home/dgx_allex_one/allex2head/install/orbbec_camera/lib/
-- Up-to-date: /home/dgx_allex_one/allex2head/install/orbbec_camera/lib//libOrbbecSDK.so
-- Up-to-date: /home/dgx_allex_one/allex2head/install/orbbec_camera/lib//extensions
-- Up-to-date: /home/dgx_allex_one/allex2head/install/orbbec_camera/lib//extensions/firmwareupdater
-- Up-to-date: /home/dgx_allex_one/allex2head/install/orbbec_camera/lib//extensions/firmwareupdater/libfirmwareupdater.so
-- Up-to-date: /home/dgx_allex_one/allex2head/install/orbbec_camera/lib//extensions/filters
-- Up-to-date: /home/dgx_allex_one/allex2head/install/orbbec_camera/lib//extensions/filters/libFilterProcessor.so
-- Up-to-date: /home/dgx_allex_one/allex2head/install/orbbec_camera/lib//extensions/filters/libob_priv_filter.so
-- Up-to-date: /home/dgx_allex_one/allex2head/install/orbbec_camera/lib//extensions/depthengine
-- Up-to-date: /home/dgx_allex_one/allex2head/install/orbbec_camera/lib//extensions/depthengine/libdepthengine.so
-- Up-to-date: /home/dgx_allex_one/allex2head/install/orbbec_camera/lib//extensions/depthengine/libdepthengine.so.2.0
-- Up-to-date: /home/dgx_allex_one/allex2head/install/orbbec_camera/lib//extensions/frameprocessor
-- Up-to-date: /home/dgx_allex_one/allex2head/install/orbbec_camera/lib//extensions/frameprocessor/libob_frame_processor.so
-- Up-to-date: /home/dgx_allex_one/allex2head/install/orbbec_camera/lib//libOrbbecSDK.so.2
-- Up-to-date: /home/dgx_allex_one/allex2head/install/orbbec_camera/lib//libOrbbecSDK.so.2.4.11
