[0.015s] Invoking command in '/home/dgx_allex_one/allex2head/build/orbbec_camera_msgs': CMAKE_PREFIX_PATH=${CMAKE_PREFIX_PATH}:/home/dgx_allex_one/allex2head/install/insta360_simple_camera:/home/dgx_allex_one/allex2head/install/camera_node:/opt/ros/jazzy CONDA_PROMPT_MODIFIER=(base) DEBUGINFOD_URLS=https://debuginfod.ubuntu.com /usr/bin/cmake --build /home/dgx_allex_one/allex2head/build/orbbec_camera_msgs -- -j20 -l20
[0.247s] [  0%] Built target orbbec_camera_msgs__rosidl_generator_type_description
[0.247s] [  0%] Built target ament_cmake_python_symlink_orbbec_camera_msgs
[0.247s] [  0%] Built target orbbec_camera_msgs__cpp
[0.247s] [ 27%] Built target orbbec_camera_msgs__rosidl_generator_c
[0.247s] [ 37%] Built target orbbec_camera_msgs__rosidl_typesupport_introspection_c
[0.247s] [ 47%] Built target orbbec_camera_msgs__rosidl_typesupport_c
[0.247s] [ 56%] Built target orbbec_camera_msgs__rosidl_typesupport_fastrtps_cpp
[0.247s] [ 66%] Built target orbbec_camera_msgs__rosidl_typesupport_cpp
[0.247s] [ 76%] Built target orbbec_camera_msgs__rosidl_typesupport_fastrtps_c
[0.247s] [ 86%] Built target orbbec_camera_msgs__rosidl_typesupport_introspection_cpp
[0.247s] [ 86%] Built target orbbec_camera_msgs
[0.247s] [ 87%] Built target orbbec_camera_msgs__py
[0.248s] [ 96%] Built target orbbec_camera_msgs__rosidl_generator_py
[0.248s] [ 97%] Built target orbbec_camera_msgs_s__rosidl_typesupport_fastrtps_c
[0.248s] [ 99%] Built target orbbec_camera_msgs_s__rosidl_typesupport_introspection_c
[0.248s] [100%] Built target orbbec_camera_msgs_s__rosidl_typesupport_c
[0.248s] running egg_info
[0.248s] writing orbbec_camera_msgs.egg-info/PKG-INFO
[0.248s] writing dependency_links to orbbec_camera_msgs.egg-info/dependency_links.txt
[0.248s] writing top-level names to orbbec_camera_msgs.egg-info/top_level.txt
[0.248s] reading manifest file 'orbbec_camera_msgs.egg-info/SOURCES.txt'
[0.248s] writing manifest file 'orbbec_camera_msgs.egg-info/SOURCES.txt'
[0.248s] [100%] Built target ament_cmake_python_build_orbbec_camera_msgs_egg
[0.251s] Invoked command in '/home/dgx_allex_one/allex2head/build/orbbec_camera_msgs' returned '0': CMAKE_PREFIX_PATH=${CMAKE_PREFIX_PATH}:/home/dgx_allex_one/allex2head/install/insta360_simple_camera:/home/dgx_allex_one/allex2head/install/camera_node:/opt/ros/jazzy CONDA_PROMPT_MODIFIER=(base) DEBUGINFOD_URLS=https://debuginfod.ubuntu.com /usr/bin/cmake --build /home/dgx_allex_one/allex2head/build/orbbec_camera_msgs -- -j20 -l20
[0.260s] Invoking command in '/home/dgx_allex_one/allex2head/build/orbbec_camera_msgs': CMAKE_PREFIX_PATH=${CMAKE_PREFIX_PATH}:/home/dgx_allex_one/allex2head/install/insta360_simple_camera:/home/dgx_allex_one/allex2head/install/camera_node:/opt/ros/jazzy CONDA_PROMPT_MODIFIER=(base) DEBUGINFOD_URLS=https://debuginfod.ubuntu.com /usr/bin/cmake --install /home/dgx_allex_one/allex2head/build/orbbec_camera_msgs
[0.264s] -- Install configuration: ""
[0.264s] -- Execute custom install script
[0.265s] -- Up-to-date symlink: /home/dgx_allex_one/allex2head/install/orbbec_camera_msgs/share/ament_index/resource_index/rosidl_interfaces/orbbec_camera_msgs
[0.265s] -- Up-to-date symlink: /home/dgx_allex_one/allex2head/install/orbbec_camera_msgs/share/orbbec_camera_msgs/msg/DeviceInfo.json
[0.265s] -- Up-to-date symlink: /home/dgx_allex_one/allex2head/install/orbbec_camera_msgs/share/orbbec_camera_msgs/msg/Extrinsics.json
[0.265s] -- Up-to-date symlink: /home/dgx_allex_one/allex2head/install/orbbec_camera_msgs/share/orbbec_camera_msgs/msg/Metadata.json
[0.265s] -- Up-to-date symlink: /home/dgx_allex_one/allex2head/install/orbbec_camera_msgs/share/orbbec_camera_msgs/msg/IMUInfo.json
[0.265s] -- Up-to-date symlink: /home/dgx_allex_one/allex2head/install/orbbec_camera_msgs/share/orbbec_camera_msgs/msg/RGBD.json
[0.265s] -- Up-to-date symlink: /home/dgx_allex_one/allex2head/install/orbbec_camera_msgs/share/orbbec_camera_msgs/srv/GetBool.json
[0.265s] -- Up-to-date symlink: /home/dgx_allex_one/allex2head/install/orbbec_camera_msgs/share/orbbec_camera_msgs/srv/GetDeviceInfo.json
[0.265s] -- Up-to-date symlink: /home/dgx_allex_one/allex2head/install/orbbec_camera_msgs/share/orbbec_camera_msgs/srv/GetCameraInfo.json
[0.265s] -- Up-to-date symlink: /home/dgx_allex_one/allex2head/install/orbbec_camera_msgs/share/orbbec_camera_msgs/srv/GetInt32.json
[0.265s] -- Up-to-date symlink: /home/dgx_allex_one/allex2head/install/orbbec_camera_msgs/share/orbbec_camera_msgs/srv/GetString.json
[0.265s] -- Up-to-date symlink: /home/dgx_allex_one/allex2head/install/orbbec_camera_msgs/share/orbbec_camera_msgs/srv/SetFilter.json
[0.265s] -- Up-to-date symlink: /home/dgx_allex_one/allex2head/install/orbbec_camera_msgs/share/orbbec_camera_msgs/srv/SetInt32.json
[0.265s] -- Up-to-date symlink: /home/dgx_allex_one/allex2head/install/orbbec_camera_msgs/share/orbbec_camera_msgs/srv/SetString.json
[0.265s] -- Up-to-date symlink: /home/dgx_allex_one/allex2head/install/orbbec_camera_msgs/share/orbbec_camera_msgs/srv/SetArrays.json
[0.266s] -- Up-to-date symlink: /home/dgx_allex_one/allex2head/install/orbbec_camera_msgs/include/orbbec_camera_msgs/orbbec_camera_msgs/msg/detail/device_info__functions.h
[0.266s] -- Up-to-date symlink: /home/dgx_allex_one/allex2head/install/orbbec_camera_msgs/include/orbbec_camera_msgs/orbbec_camera_msgs/msg/detail/device_info__struct.h
[0.266s] -- Up-to-date symlink: /home/dgx_allex_one/allex2head/install/orbbec_camera_msgs/include/orbbec_camera_msgs/orbbec_camera_msgs/msg/detail/device_info__type_support.h
[0.266s] -- Up-to-date symlink: /home/dgx_allex_one/allex2head/install/orbbec_camera_msgs/include/orbbec_camera_msgs/orbbec_camera_msgs/msg/detail/extrinsics__functions.h
[0.266s] -- Up-to-date symlink: /home/dgx_allex_one/allex2head/install/orbbec_camera_msgs/include/orbbec_camera_msgs/orbbec_camera_msgs/msg/detail/extrinsics__struct.h
[0.267s] -- Up-to-date symlink: /home/dgx_allex_one/allex2head/install/orbbec_camera_msgs/include/orbbec_camera_msgs/orbbec_camera_msgs/msg/detail/extrinsics__type_support.h
[0.267s] -- Up-to-date symlink: /home/dgx_allex_one/allex2head/install/orbbec_camera_msgs/include/orbbec_camera_msgs/orbbec_camera_msgs/msg/detail/imu_info__functions.h
[0.267s] -- Up-to-date symlink: /home/dgx_allex_one/allex2head/install/orbbec_camera_msgs/include/orbbec_camera_msgs/orbbec_camera_msgs/msg/detail/imu_info__struct.h
[0.267s] -- Up-to-date symlink: /home/dgx_allex_one/allex2head/install/orbbec_camera_msgs/include/orbbec_camera_msgs/orbbec_camera_msgs/msg/detail/imu_info__type_support.h
[0.267s] -- Up-to-date symlink: /home/dgx_allex_one/allex2head/install/orbbec_camera_msgs/include/orbbec_camera_msgs/orbbec_camera_msgs/msg/detail/metadata__functions.h
[0.267s] -- Up-to-date symlink: /home/dgx_allex_one/allex2head/install/orbbec_camera_msgs/include/orbbec_camera_msgs/orbbec_camera_msgs/msg/detail/metadata__struct.h
[0.267s] -- Up-to-date symlink: /home/dgx_allex_one/allex2head/install/orbbec_camera_msgs/include/orbbec_camera_msgs/orbbec_camera_msgs/msg/detail/metadata__type_support.h
[0.267s] -- Up-to-date symlink: /home/dgx_allex_one/allex2head/install/orbbec_camera_msgs/include/orbbec_camera_msgs/orbbec_camera_msgs/msg/detail/rgbd__functions.h
[0.267s] -- Up-to-date symlink: /home/dgx_allex_one/allex2head/install/orbbec_camera_msgs/include/orbbec_camera_msgs/orbbec_camera_msgs/msg/detail/rgbd__struct.h
[0.267s] -- Up-to-date symlink: /home/dgx_allex_one/allex2head/install/orbbec_camera_msgs/include/orbbec_camera_msgs/orbbec_camera_msgs/msg/detail/rgbd__type_support.h
[0.268s] -- Up-to-date symlink: /home/dgx_allex_one/allex2head/install/orbbec_camera_msgs/include/orbbec_camera_msgs/orbbec_camera_msgs/msg/device_info.h
[0.268s] -- Up-to-date symlink: /home/dgx_allex_one/allex2head/install/orbbec_camera_msgs/include/orbbec_camera_msgs/orbbec_camera_msgs/msg/extrinsics.h
[0.268s] -- Up-to-date symlink: /home/dgx_allex_one/allex2head/install/orbbec_camera_msgs/include/orbbec_camera_msgs/orbbec_camera_msgs/msg/imu_info.h
[0.268s] -- Up-to-date symlink: /home/dgx_allex_one/allex2head/install/orbbec_camera_msgs/include/orbbec_camera_msgs/orbbec_camera_msgs/msg/metadata.h
[0.268s] -- Up-to-date symlink: /home/dgx_allex_one/allex2head/install/orbbec_camera_msgs/include/orbbec_camera_msgs/orbbec_camera_msgs/msg/rgbd.h
[0.268s] -- Up-to-date symlink: /home/dgx_allex_one/allex2head/install/orbbec_camera_msgs/include/orbbec_camera_msgs/orbbec_camera_msgs/msg/rosidl_generator_c__visibility_control.h
[0.268s] -- Up-to-date symlink: /home/dgx_allex_one/allex2head/install/orbbec_camera_msgs/include/orbbec_camera_msgs/orbbec_camera_msgs/srv/detail/get_bool__functions.h
[0.269s] -- Up-to-date symlink: /home/dgx_allex_one/allex2head/install/orbbec_camera_msgs/include/orbbec_camera_msgs/orbbec_camera_msgs/srv/detail/get_bool__struct.h
[0.269s] -- Up-to-date symlink: /home/dgx_allex_one/allex2head/install/orbbec_camera_msgs/include/orbbec_camera_msgs/orbbec_camera_msgs/srv/detail/get_bool__type_support.h
[0.269s] -- Up-to-date symlink: /home/dgx_allex_one/allex2head/install/orbbec_camera_msgs/include/orbbec_camera_msgs/orbbec_camera_msgs/srv/detail/get_camera_info__functions.h
[0.269s] -- Up-to-date symlink: /home/dgx_allex_one/allex2head/install/orbbec_camera_msgs/include/orbbec_camera_msgs/orbbec_camera_msgs/srv/detail/get_camera_info__struct.h
[0.269s] -- Up-to-date symlink: /home/dgx_allex_one/allex2head/install/orbbec_camera_msgs/include/orbbec_camera_msgs/orbbec_camera_msgs/srv/detail/get_camera_info__type_support.h
[0.269s] -- Up-to-date symlink: /home/dgx_allex_one/allex2head/install/orbbec_camera_msgs/include/orbbec_camera_msgs/orbbec_camera_msgs/srv/detail/get_device_info__functions.h
[0.269s] -- Up-to-date symlink: /home/dgx_allex_one/allex2head/install/orbbec_camera_msgs/include/orbbec_camera_msgs/orbbec_camera_msgs/srv/detail/get_device_info__struct.h
[0.269s] -- Up-to-date symlink: /home/dgx_allex_one/allex2head/install/orbbec_camera_msgs/include/orbbec_camera_msgs/orbbec_camera_msgs/srv/detail/get_device_info__type_support.h
[0.269s] -- Up-to-date symlink: /home/dgx_allex_one/allex2head/install/orbbec_camera_msgs/include/orbbec_camera_msgs/orbbec_camera_msgs/srv/detail/get_int32__functions.h
[0.269s] -- Up-to-date symlink: /home/dgx_allex_one/allex2head/install/orbbec_camera_msgs/include/orbbec_camera_msgs/orbbec_camera_msgs/srv/detail/get_int32__struct.h
[0.269s] -- Up-to-date symlink: /home/dgx_allex_one/allex2head/install/orbbec_camera_msgs/include/orbbec_camera_msgs/orbbec_camera_msgs/srv/detail/get_int32__type_support.h
[0.269s] -- Up-to-date symlink: /home/dgx_allex_one/allex2head/install/orbbec_camera_msgs/include/orbbec_camera_msgs/orbbec_camera_msgs/srv/detail/get_string__functions.h
[0.269s] -- Up-to-date symlink: /home/dgx_allex_one/allex2head/install/orbbec_camera_msgs/include/orbbec_camera_msgs/orbbec_camera_msgs/srv/detail/get_string__struct.h
[0.270s] -- Up-to-date symlink: /home/dgx_allex_one/allex2head/install/orbbec_camera_msgs/include/orbbec_camera_msgs/orbbec_camera_msgs/srv/detail/get_string__type_support.h
[0.270s] -- Up-to-date symlink: /home/dgx_allex_one/allex2head/install/orbbec_camera_msgs/include/orbbec_camera_msgs/orbbec_camera_msgs/srv/detail/set_arrays__functions.h
[0.270s] -- Up-to-date symlink: /home/dgx_allex_one/allex2head/install/orbbec_camera_msgs/include/orbbec_camera_msgs/orbbec_camera_msgs/srv/detail/set_arrays__struct.h
[0.270s] -- Up-to-date symlink: /home/dgx_allex_one/allex2head/install/orbbec_camera_msgs/include/orbbec_camera_msgs/orbbec_camera_msgs/srv/detail/set_arrays__type_support.h
[0.270s] -- Up-to-date symlink: /home/dgx_allex_one/allex2head/install/orbbec_camera_msgs/include/orbbec_camera_msgs/orbbec_camera_msgs/srv/detail/set_filter__functions.h
[0.270s] -- Up-to-date symlink: /home/dgx_allex_one/allex2head/install/orbbec_camera_msgs/include/orbbec_camera_msgs/orbbec_camera_msgs/srv/detail/set_filter__struct.h
[0.270s] -- Up-to-date symlink: /home/dgx_allex_one/allex2head/install/orbbec_camera_msgs/include/orbbec_camera_msgs/orbbec_camera_msgs/srv/detail/set_filter__type_support.h
[0.270s] -- Up-to-date symlink: /home/dgx_allex_one/allex2head/install/orbbec_camera_msgs/include/orbbec_camera_msgs/orbbec_camera_msgs/srv/detail/set_int32__functions.h
[0.270s] -- Up-to-date symlink: /home/dgx_allex_one/allex2head/install/orbbec_camera_msgs/include/orbbec_camera_msgs/orbbec_camera_msgs/srv/detail/set_int32__struct.h
[0.270s] -- Up-to-date symlink: /home/dgx_allex_one/allex2head/install/orbbec_camera_msgs/include/orbbec_camera_msgs/orbbec_camera_msgs/srv/detail/set_int32__type_support.h
[0.270s] -- Up-to-date symlink: /home/dgx_allex_one/allex2head/install/orbbec_camera_msgs/include/orbbec_camera_msgs/orbbec_camera_msgs/srv/detail/set_string__functions.h
[0.270s] -- Up-to-date symlink: /home/dgx_allex_one/allex2head/install/orbbec_camera_msgs/include/orbbec_camera_msgs/orbbec_camera_msgs/srv/detail/set_string__struct.h
[0.270s] -- Up-to-date symlink: /home/dgx_allex_one/allex2head/install/orbbec_camera_msgs/include/orbbec_camera_msgs/orbbec_camera_msgs/srv/detail/set_string__type_support.h
[0.271s] -- Up-to-date symlink: /home/dgx_allex_one/allex2head/install/orbbec_camera_msgs/include/orbbec_camera_msgs/orbbec_camera_msgs/srv/get_bool.h
[0.271s] -- Up-to-date symlink: /home/dgx_allex_one/allex2head/install/orbbec_camera_msgs/include/orbbec_camera_msgs/orbbec_camera_msgs/srv/get_camera_info.h
[0.271s] -- Up-to-date symlink: /home/dgx_allex_one/allex2head/install/orbbec_camera_msgs/include/orbbec_camera_msgs/orbbec_camera_msgs/srv/get_device_info.h
[0.271s] -- Up-to-date symlink: /home/dgx_allex_one/allex2head/install/orbbec_camera_msgs/include/orbbec_camera_msgs/orbbec_camera_msgs/srv/get_int32.h
[0.271s] -- Up-to-date symlink: /home/dgx_allex_one/allex2head/install/orbbec_camera_msgs/include/orbbec_camera_msgs/orbbec_camera_msgs/srv/get_string.h
[0.271s] -- Up-to-date symlink: /home/dgx_allex_one/allex2head/install/orbbec_camera_msgs/include/orbbec_camera_msgs/orbbec_camera_msgs/srv/set_arrays.h
[0.271s] -- Up-to-date symlink: /home/dgx_allex_one/allex2head/install/orbbec_camera_msgs/include/orbbec_camera_msgs/orbbec_camera_msgs/srv/set_filter.h
[0.271s] -- Up-to-date symlink: /home/dgx_allex_one/allex2head/install/orbbec_camera_msgs/include/orbbec_camera_msgs/orbbec_camera_msgs/srv/set_int32.h
[0.271s] -- Up-to-date symlink: /home/dgx_allex_one/allex2head/install/orbbec_camera_msgs/include/orbbec_camera_msgs/orbbec_camera_msgs/srv/set_string.h
[0.271s] -- Up-to-date symlink: /home/dgx_allex_one/allex2head/install/orbbec_camera_msgs/share/orbbec_camera_msgs/environment/library_path.sh
[0.271s] -- Up-to-date symlink: /home/dgx_allex_one/allex2head/install/orbbec_camera_msgs/share/orbbec_camera_msgs/environment/library_path.dsv
[0.271s] -- Up-to-date symlink: /home/dgx_allex_one/allex2head/install/orbbec_camera_msgs/include/orbbec_camera_msgs/orbbec_camera_msgs/msg/detail/device_info__rosidl_typesupport_fastrtps_c.h
[0.271s] -- Up-to-date symlink: /home/dgx_allex_one/allex2head/install/orbbec_camera_msgs/include/orbbec_camera_msgs/orbbec_camera_msgs/msg/detail/extrinsics__rosidl_typesupport_fastrtps_c.h
[0.272s] -- Up-to-date symlink: /home/dgx_allex_one/allex2head/install/orbbec_camera_msgs/include/orbbec_camera_msgs/orbbec_camera_msgs/msg/detail/imu_info__rosidl_typesupport_fastrtps_c.h
[0.272s] -- Up-to-date symlink: /home/dgx_allex_one/allex2head/install/orbbec_camera_msgs/include/orbbec_camera_msgs/orbbec_camera_msgs/msg/detail/metadata__rosidl_typesupport_fastrtps_c.h
[0.272s] -- Up-to-date symlink: /home/dgx_allex_one/allex2head/install/orbbec_camera_msgs/include/orbbec_camera_msgs/orbbec_camera_msgs/msg/detail/rgbd__rosidl_typesupport_fastrtps_c.h
[0.272s] -- Up-to-date symlink: /home/dgx_allex_one/allex2head/install/orbbec_camera_msgs/include/orbbec_camera_msgs/orbbec_camera_msgs/msg/rosidl_typesupport_fastrtps_c__visibility_control.h
[0.272s] -- Up-to-date symlink: /home/dgx_allex_one/allex2head/install/orbbec_camera_msgs/include/orbbec_camera_msgs/orbbec_camera_msgs/srv/detail/get_bool__rosidl_typesupport_fastrtps_c.h
[0.272s] -- Up-to-date symlink: /home/dgx_allex_one/allex2head/install/orbbec_camera_msgs/include/orbbec_camera_msgs/orbbec_camera_msgs/srv/detail/get_camera_info__rosidl_typesupport_fastrtps_c.h
[0.272s] -- Up-to-date symlink: /home/dgx_allex_one/allex2head/install/orbbec_camera_msgs/include/orbbec_camera_msgs/orbbec_camera_msgs/srv/detail/get_device_info__rosidl_typesupport_fastrtps_c.h
[0.272s] -- Up-to-date symlink: /home/dgx_allex_one/allex2head/install/orbbec_camera_msgs/include/orbbec_camera_msgs/orbbec_camera_msgs/srv/detail/get_int32__rosidl_typesupport_fastrtps_c.h
[0.272s] -- Up-to-date symlink: /home/dgx_allex_one/allex2head/install/orbbec_camera_msgs/include/orbbec_camera_msgs/orbbec_camera_msgs/srv/detail/get_string__rosidl_typesupport_fastrtps_c.h
[0.272s] -- Up-to-date symlink: /home/dgx_allex_one/allex2head/install/orbbec_camera_msgs/include/orbbec_camera_msgs/orbbec_camera_msgs/srv/detail/set_arrays__rosidl_typesupport_fastrtps_c.h
[0.273s] -- Up-to-date symlink: /home/dgx_allex_one/allex2head/install/orbbec_camera_msgs/include/orbbec_camera_msgs/orbbec_camera_msgs/srv/detail/set_filter__rosidl_typesupport_fastrtps_c.h
[0.273s] -- Up-to-date symlink: /home/dgx_allex_one/allex2head/install/orbbec_camera_msgs/include/orbbec_camera_msgs/orbbec_camera_msgs/srv/detail/set_int32__rosidl_typesupport_fastrtps_c.h
[0.273s] -- Up-to-date symlink: /home/dgx_allex_one/allex2head/install/orbbec_camera_msgs/include/orbbec_camera_msgs/orbbec_camera_msgs/srv/detail/set_string__rosidl_typesupport_fastrtps_c.h
[0.273s] -- Up-to-date symlink: /home/dgx_allex_one/allex2head/install/orbbec_camera_msgs/include/orbbec_camera_msgs/orbbec_camera_msgs/msg/detail/device_info__rosidl_typesupport_introspection_c.h
[0.273s] -- Up-to-date symlink: /home/dgx_allex_one/allex2head/install/orbbec_camera_msgs/include/orbbec_camera_msgs/orbbec_camera_msgs/msg/detail/extrinsics__rosidl_typesupport_introspection_c.h
[0.273s] -- Up-to-date symlink: /home/dgx_allex_one/allex2head/install/orbbec_camera_msgs/include/orbbec_camera_msgs/orbbec_camera_msgs/msg/detail/imu_info__rosidl_typesupport_introspection_c.h
[0.273s] -- Up-to-date symlink: /home/dgx_allex_one/allex2head/install/orbbec_camera_msgs/include/orbbec_camera_msgs/orbbec_camera_msgs/msg/detail/metadata__rosidl_typesupport_introspection_c.h
[0.273s] -- Up-to-date symlink: /home/dgx_allex_one/allex2head/install/orbbec_camera_msgs/include/orbbec_camera_msgs/orbbec_camera_msgs/msg/detail/rgbd__rosidl_typesupport_introspection_c.h
[0.273s] -- Up-to-date symlink: /home/dgx_allex_one/allex2head/install/orbbec_camera_msgs/include/orbbec_camera_msgs/orbbec_camera_msgs/msg/rosidl_typesupport_introspection_c__visibility_control.h
[0.274s] -- Up-to-date symlink: /home/dgx_allex_one/allex2head/install/orbbec_camera_msgs/include/orbbec_camera_msgs/orbbec_camera_msgs/srv/detail/get_bool__rosidl_typesupport_introspection_c.h
[0.274s] -- Up-to-date symlink: /home/dgx_allex_one/allex2head/install/orbbec_camera_msgs/include/orbbec_camera_msgs/orbbec_camera_msgs/srv/detail/get_camera_info__rosidl_typesupport_introspection_c.h
[0.274s] -- Up-to-date symlink: /home/dgx_allex_one/allex2head/install/orbbec_camera_msgs/include/orbbec_camera_msgs/orbbec_camera_msgs/srv/detail/get_device_info__rosidl_typesupport_introspection_c.h
[0.274s] -- Up-to-date symlink: /home/dgx_allex_one/allex2head/install/orbbec_camera_msgs/include/orbbec_camera_msgs/orbbec_camera_msgs/srv/detail/get_int32__rosidl_typesupport_introspection_c.h
[0.274s] -- Up-to-date symlink: /home/dgx_allex_one/allex2head/install/orbbec_camera_msgs/include/orbbec_camera_msgs/orbbec_camera_msgs/srv/detail/get_string__rosidl_typesupport_introspection_c.h
[0.274s] -- Up-to-date symlink: /home/dgx_allex_one/allex2head/install/orbbec_camera_msgs/include/orbbec_camera_msgs/orbbec_camera_msgs/srv/detail/set_arrays__rosidl_typesupport_introspection_c.h
[0.274s] -- Up-to-date symlink: /home/dgx_allex_one/allex2head/install/orbbec_camera_msgs/include/orbbec_camera_msgs/orbbec_camera_msgs/srv/detail/set_filter__rosidl_typesupport_introspection_c.h
[0.274s] -- Up-to-date symlink: /home/dgx_allex_one/allex2head/install/orbbec_camera_msgs/include/orbbec_camera_msgs/orbbec_camera_msgs/srv/detail/set_int32__rosidl_typesupport_introspection_c.h
[0.274s] -- Up-to-date symlink: /home/dgx_allex_one/allex2head/install/orbbec_camera_msgs/include/orbbec_camera_msgs/orbbec_camera_msgs/srv/detail/set_string__rosidl_typesupport_introspection_c.h
[0.275s] -- Up-to-date symlink: /home/dgx_allex_one/allex2head/install/orbbec_camera_msgs/include/orbbec_camera_msgs/orbbec_camera_msgs/msg/detail/device_info__builder.hpp
[0.275s] -- Up-to-date symlink: /home/dgx_allex_one/allex2head/install/orbbec_camera_msgs/include/orbbec_camera_msgs/orbbec_camera_msgs/msg/detail/device_info__struct.hpp
[0.275s] -- Up-to-date symlink: /home/dgx_allex_one/allex2head/install/orbbec_camera_msgs/include/orbbec_camera_msgs/orbbec_camera_msgs/msg/detail/device_info__traits.hpp
[0.275s] -- Up-to-date symlink: /home/dgx_allex_one/allex2head/install/orbbec_camera_msgs/include/orbbec_camera_msgs/orbbec_camera_msgs/msg/detail/device_info__type_support.hpp
[0.275s] -- Up-to-date symlink: /home/dgx_allex_one/allex2head/install/orbbec_camera_msgs/include/orbbec_camera_msgs/orbbec_camera_msgs/msg/detail/extrinsics__builder.hpp
[0.275s] -- Up-to-date symlink: /home/dgx_allex_one/allex2head/install/orbbec_camera_msgs/include/orbbec_camera_msgs/orbbec_camera_msgs/msg/detail/extrinsics__struct.hpp
[0.275s] -- Up-to-date symlink: /home/dgx_allex_one/allex2head/install/orbbec_camera_msgs/include/orbbec_camera_msgs/orbbec_camera_msgs/msg/detail/extrinsics__traits.hpp
[0.275s] -- Up-to-date symlink: /home/dgx_allex_one/allex2head/install/orbbec_camera_msgs/include/orbbec_camera_msgs/orbbec_camera_msgs/msg/detail/extrinsics__type_support.hpp
[0.275s] -- Up-to-date symlink: /home/dgx_allex_one/allex2head/install/orbbec_camera_msgs/include/orbbec_camera_msgs/orbbec_camera_msgs/msg/detail/imu_info__builder.hpp
[0.275s] -- Up-to-date symlink: /home/dgx_allex_one/allex2head/install/orbbec_camera_msgs/include/orbbec_camera_msgs/orbbec_camera_msgs/msg/detail/imu_info__struct.hpp
[0.275s] -- Up-to-date symlink: /home/dgx_allex_one/allex2head/install/orbbec_camera_msgs/include/orbbec_camera_msgs/orbbec_camera_msgs/msg/detail/imu_info__traits.hpp
[0.275s] -- Up-to-date symlink: /home/dgx_allex_one/allex2head/install/orbbec_camera_msgs/include/orbbec_camera_msgs/orbbec_camera_msgs/msg/detail/imu_info__type_support.hpp
[0.276s] -- Up-to-date symlink: /home/dgx_allex_one/allex2head/install/orbbec_camera_msgs/include/orbbec_camera_msgs/orbbec_camera_msgs/msg/detail/metadata__builder.hpp
[0.276s] -- Up-to-date symlink: /home/dgx_allex_one/allex2head/install/orbbec_camera_msgs/include/orbbec_camera_msgs/orbbec_camera_msgs/msg/detail/metadata__struct.hpp
[0.276s] -- Up-to-date symlink: /home/dgx_allex_one/allex2head/install/orbbec_camera_msgs/include/orbbec_camera_msgs/orbbec_camera_msgs/msg/detail/metadata__traits.hpp
[0.276s] -- Up-to-date symlink: /home/dgx_allex_one/allex2head/install/orbbec_camera_msgs/include/orbbec_camera_msgs/orbbec_camera_msgs/msg/detail/metadata__type_support.hpp
[0.276s] -- Up-to-date symlink: /home/dgx_allex_one/allex2head/install/orbbec_camera_msgs/include/orbbec_camera_msgs/orbbec_camera_msgs/msg/detail/rgbd__builder.hpp
[0.276s] -- Up-to-date symlink: /home/dgx_allex_one/allex2head/install/orbbec_camera_msgs/include/orbbec_camera_msgs/orbbec_camera_msgs/msg/detail/rgbd__struct.hpp
[0.276s] -- Up-to-date symlink: /home/dgx_allex_one/allex2head/install/orbbec_camera_msgs/include/orbbec_camera_msgs/orbbec_camera_msgs/msg/detail/rgbd__traits.hpp
[0.276s] -- Up-to-date symlink: /home/dgx_allex_one/allex2head/install/orbbec_camera_msgs/include/orbbec_camera_msgs/orbbec_camera_msgs/msg/detail/rgbd__type_support.hpp
[0.277s] -- Up-to-date symlink: /home/dgx_allex_one/allex2head/install/orbbec_camera_msgs/include/orbbec_camera_msgs/orbbec_camera_msgs/msg/device_info.hpp
[0.277s] -- Up-to-date symlink: /home/dgx_allex_one/allex2head/install/orbbec_camera_msgs/include/orbbec_camera_msgs/orbbec_camera_msgs/msg/extrinsics.hpp
[0.277s] -- Up-to-date symlink: /home/dgx_allex_one/allex2head/install/orbbec_camera_msgs/include/orbbec_camera_msgs/orbbec_camera_msgs/msg/imu_info.hpp
[0.277s] -- Up-to-date symlink: /home/dgx_allex_one/allex2head/install/orbbec_camera_msgs/include/orbbec_camera_msgs/orbbec_camera_msgs/msg/metadata.hpp
[0.277s] -- Up-to-date symlink: /home/dgx_allex_one/allex2head/install/orbbec_camera_msgs/include/orbbec_camera_msgs/orbbec_camera_msgs/msg/rgbd.hpp
[0.277s] -- Up-to-date symlink: /home/dgx_allex_one/allex2head/install/orbbec_camera_msgs/include/orbbec_camera_msgs/orbbec_camera_msgs/msg/rosidl_generator_cpp__visibility_control.hpp
[0.277s] -- Up-to-date symlink: /home/dgx_allex_one/allex2head/install/orbbec_camera_msgs/include/orbbec_camera_msgs/orbbec_camera_msgs/srv/detail/get_bool__builder.hpp
[0.278s] -- Up-to-date symlink: /home/dgx_allex_one/allex2head/install/orbbec_camera_msgs/include/orbbec_camera_msgs/orbbec_camera_msgs/srv/detail/get_bool__struct.hpp
[0.278s] -- Up-to-date symlink: /home/dgx_allex_one/allex2head/install/orbbec_camera_msgs/include/orbbec_camera_msgs/orbbec_camera_msgs/srv/detail/get_bool__traits.hpp
[0.278s] -- Up-to-date symlink: /home/dgx_allex_one/allex2head/install/orbbec_camera_msgs/include/orbbec_camera_msgs/orbbec_camera_msgs/srv/detail/get_bool__type_support.hpp
[0.278s] -- Up-to-date symlink: /home/dgx_allex_one/allex2head/install/orbbec_camera_msgs/include/orbbec_camera_msgs/orbbec_camera_msgs/srv/detail/get_camera_info__builder.hpp
[0.278s] -- Up-to-date symlink: /home/dgx_allex_one/allex2head/install/orbbec_camera_msgs/include/orbbec_camera_msgs/orbbec_camera_msgs/srv/detail/get_camera_info__struct.hpp
[0.278s] -- Up-to-date symlink: /home/dgx_allex_one/allex2head/install/orbbec_camera_msgs/include/orbbec_camera_msgs/orbbec_camera_msgs/srv/detail/get_camera_info__traits.hpp
[0.278s] -- Up-to-date symlink: /home/dgx_allex_one/allex2head/install/orbbec_camera_msgs/include/orbbec_camera_msgs/orbbec_camera_msgs/srv/detail/get_camera_info__type_support.hpp
[0.278s] -- Up-to-date symlink: /home/dgx_allex_one/allex2head/install/orbbec_camera_msgs/include/orbbec_camera_msgs/orbbec_camera_msgs/srv/detail/get_device_info__builder.hpp
[0.279s] -- Up-to-date symlink: /home/dgx_allex_one/allex2head/install/orbbec_camera_msgs/include/orbbec_camera_msgs/orbbec_camera_msgs/srv/detail/get_device_info__struct.hpp
[0.279s] -- Up-to-date symlink: /home/dgx_allex_one/allex2head/install/orbbec_camera_msgs/include/orbbec_camera_msgs/orbbec_camera_msgs/srv/detail/get_device_info__traits.hpp
[0.280s] -- Up-to-date symlink: /home/dgx_allex_one/allex2head/install/orbbec_camera_msgs/include/orbbec_camera_msgs/orbbec_camera_msgs/srv/detail/get_device_info__type_support.hpp
[0.280s] -- Up-to-date symlink: /home/dgx_allex_one/allex2head/install/orbbec_camera_msgs/include/orbbec_camera_msgs/orbbec_camera_msgs/srv/detail/get_int32__builder.hpp
[0.280s] -- Up-to-date symlink: /home/dgx_allex_one/allex2head/install/orbbec_camera_msgs/include/orbbec_camera_msgs/orbbec_camera_msgs/srv/detail/get_int32__struct.hpp
[0.280s] -- Up-to-date symlink: /home/dgx_allex_one/allex2head/install/orbbec_camera_msgs/include/orbbec_camera_msgs/orbbec_camera_msgs/srv/detail/get_int32__traits.hpp
[0.280s] -- Up-to-date symlink: /home/dgx_allex_one/allex2head/install/orbbec_camera_msgs/include/orbbec_camera_msgs/orbbec_camera_msgs/srv/detail/get_int32__type_support.hpp
[0.281s] -- Up-to-date symlink: /home/dgx_allex_one/allex2head/install/orbbec_camera_msgs/include/orbbec_camera_msgs/orbbec_camera_msgs/srv/detail/get_string__builder.hpp
[0.281s] -- Up-to-date symlink: /home/dgx_allex_one/allex2head/install/orbbec_camera_msgs/include/orbbec_camera_msgs/orbbec_camera_msgs/srv/detail/get_string__struct.hpp
[0.281s] -- Up-to-date symlink: /home/dgx_allex_one/allex2head/install/orbbec_camera_msgs/include/orbbec_camera_msgs/orbbec_camera_msgs/srv/detail/get_string__traits.hpp
[0.282s] -- Up-to-date symlink: /home/dgx_allex_one/allex2head/install/orbbec_camera_msgs/include/orbbec_camera_msgs/orbbec_camera_msgs/srv/detail/get_string__type_support.hpp
[0.282s] -- Up-to-date symlink: /home/dgx_allex_one/allex2head/install/orbbec_camera_msgs/include/orbbec_camera_msgs/orbbec_camera_msgs/srv/detail/set_arrays__builder.hpp
[0.282s] -- Up-to-date symlink: /home/dgx_allex_one/allex2head/install/orbbec_camera_msgs/include/orbbec_camera_msgs/orbbec_camera_msgs/srv/detail/set_arrays__struct.hpp
[0.282s] -- Up-to-date symlink: /home/dgx_allex_one/allex2head/install/orbbec_camera_msgs/include/orbbec_camera_msgs/orbbec_camera_msgs/srv/detail/set_arrays__traits.hpp
[0.282s] -- Up-to-date symlink: /home/dgx_allex_one/allex2head/install/orbbec_camera_msgs/include/orbbec_camera_msgs/orbbec_camera_msgs/srv/detail/set_arrays__type_support.hpp
[0.282s] -- Up-to-date symlink: /home/dgx_allex_one/allex2head/install/orbbec_camera_msgs/include/orbbec_camera_msgs/orbbec_camera_msgs/srv/detail/set_filter__builder.hpp
[0.282s] -- Up-to-date symlink: /home/dgx_allex_one/allex2head/install/orbbec_camera_msgs/include/orbbec_camera_msgs/orbbec_camera_msgs/srv/detail/set_filter__struct.hpp
[0.282s] -- Up-to-date symlink: /home/dgx_allex_one/allex2head/install/orbbec_camera_msgs/include/orbbec_camera_msgs/orbbec_camera_msgs/srv/detail/set_filter__traits.hpp
[0.282s] -- Up-to-date symlink: /home/dgx_allex_one/allex2head/install/orbbec_camera_msgs/include/orbbec_camera_msgs/orbbec_camera_msgs/srv/detail/set_filter__type_support.hpp
[0.282s] -- Up-to-date symlink: /home/dgx_allex_one/allex2head/install/orbbec_camera_msgs/include/orbbec_camera_msgs/orbbec_camera_msgs/srv/detail/set_int32__builder.hpp
[0.282s] -- Up-to-date symlink: /home/dgx_allex_one/allex2head/install/orbbec_camera_msgs/include/orbbec_camera_msgs/orbbec_camera_msgs/srv/detail/set_int32__struct.hpp
[0.283s] -- Up-to-date symlink: /home/dgx_allex_one/allex2head/install/orbbec_camera_msgs/include/orbbec_camera_msgs/orbbec_camera_msgs/srv/detail/set_int32__traits.hpp
[0.283s] -- Up-to-date symlink: /home/dgx_allex_one/allex2head/install/orbbec_camera_msgs/include/orbbec_camera_msgs/orbbec_camera_msgs/srv/detail/set_int32__type_support.hpp
[0.283s] -- Up-to-date symlink: /home/dgx_allex_one/allex2head/install/orbbec_camera_msgs/include/orbbec_camera_msgs/orbbec_camera_msgs/srv/detail/set_string__builder.hpp
[0.283s] -- Up-to-date symlink: /home/dgx_allex_one/allex2head/install/orbbec_camera_msgs/include/orbbec_camera_msgs/orbbec_camera_msgs/srv/detail/set_string__struct.hpp
[0.283s] -- Up-to-date symlink: /home/dgx_allex_one/allex2head/install/orbbec_camera_msgs/include/orbbec_camera_msgs/orbbec_camera_msgs/srv/detail/set_string__traits.hpp
[0.283s] -- Up-to-date symlink: /home/dgx_allex_one/allex2head/install/orbbec_camera_msgs/include/orbbec_camera_msgs/orbbec_camera_msgs/srv/detail/set_string__type_support.hpp
[0.283s] -- Up-to-date symlink: /home/dgx_allex_one/allex2head/install/orbbec_camera_msgs/include/orbbec_camera_msgs/orbbec_camera_msgs/srv/get_bool.hpp
[0.283s] -- Up-to-date symlink: /home/dgx_allex_one/allex2head/install/orbbec_camera_msgs/include/orbbec_camera_msgs/orbbec_camera_msgs/srv/get_camera_info.hpp
[0.283s] -- Up-to-date symlink: /home/dgx_allex_one/allex2head/install/orbbec_camera_msgs/include/orbbec_camera_msgs/orbbec_camera_msgs/srv/get_device_info.hpp
[0.283s] -- Up-to-date symlink: /home/dgx_allex_one/allex2head/install/orbbec_camera_msgs/include/orbbec_camera_msgs/orbbec_camera_msgs/srv/get_int32.hpp
[0.283s] -- Up-to-date symlink: /home/dgx_allex_one/allex2head/install/orbbec_camera_msgs/include/orbbec_camera_msgs/orbbec_camera_msgs/srv/get_string.hpp
[0.283s] -- Up-to-date symlink: /home/dgx_allex_one/allex2head/install/orbbec_camera_msgs/include/orbbec_camera_msgs/orbbec_camera_msgs/srv/set_arrays.hpp
[0.283s] -- Up-to-date symlink: /home/dgx_allex_one/allex2head/install/orbbec_camera_msgs/include/orbbec_camera_msgs/orbbec_camera_msgs/srv/set_filter.hpp
[0.283s] -- Up-to-date symlink: /home/dgx_allex_one/allex2head/install/orbbec_camera_msgs/include/orbbec_camera_msgs/orbbec_camera_msgs/srv/set_int32.hpp
[0.283s] -- Up-to-date symlink: /home/dgx_allex_one/allex2head/install/orbbec_camera_msgs/include/orbbec_camera_msgs/orbbec_camera_msgs/srv/set_string.hpp
[0.283s] -- Up-to-date symlink: /home/dgx_allex_one/allex2head/install/orbbec_camera_msgs/include/orbbec_camera_msgs/orbbec_camera_msgs/msg/detail/device_info__rosidl_typesupport_fastrtps_cpp.hpp
[0.283s] -- Up-to-date symlink: /home/dgx_allex_one/allex2head/install/orbbec_camera_msgs/include/orbbec_camera_msgs/orbbec_camera_msgs/msg/detail/extrinsics__rosidl_typesupport_fastrtps_cpp.hpp
[0.284s] -- Up-to-date symlink: /home/dgx_allex_one/allex2head/install/orbbec_camera_msgs/include/orbbec_camera_msgs/orbbec_camera_msgs/msg/detail/imu_info__rosidl_typesupport_fastrtps_cpp.hpp
[0.284s] -- Up-to-date symlink: /home/dgx_allex_one/allex2head/install/orbbec_camera_msgs/include/orbbec_camera_msgs/orbbec_camera_msgs/msg/detail/metadata__rosidl_typesupport_fastrtps_cpp.hpp
[0.284s] -- Up-to-date symlink: /home/dgx_allex_one/allex2head/install/orbbec_camera_msgs/include/orbbec_camera_msgs/orbbec_camera_msgs/msg/detail/rgbd__rosidl_typesupport_fastrtps_cpp.hpp
[0.284s] -- Up-to-date symlink: /home/dgx_allex_one/allex2head/install/orbbec_camera_msgs/include/orbbec_camera_msgs/orbbec_camera_msgs/msg/rosidl_typesupport_fastrtps_cpp__visibility_control.h
[0.284s] -- Up-to-date symlink: /home/dgx_allex_one/allex2head/install/orbbec_camera_msgs/include/orbbec_camera_msgs/orbbec_camera_msgs/srv/detail/get_bool__rosidl_typesupport_fastrtps_cpp.hpp
[0.284s] -- Up-to-date symlink: /home/dgx_allex_one/allex2head/install/orbbec_camera_msgs/include/orbbec_camera_msgs/orbbec_camera_msgs/srv/detail/get_camera_info__rosidl_typesupport_fastrtps_cpp.hpp
[0.284s] -- Up-to-date symlink: /home/dgx_allex_one/allex2head/install/orbbec_camera_msgs/include/orbbec_camera_msgs/orbbec_camera_msgs/srv/detail/get_device_info__rosidl_typesupport_fastrtps_cpp.hpp
[0.284s] -- Up-to-date symlink: /home/dgx_allex_one/allex2head/install/orbbec_camera_msgs/include/orbbec_camera_msgs/orbbec_camera_msgs/srv/detail/get_int32__rosidl_typesupport_fastrtps_cpp.hpp
[0.284s] -- Up-to-date symlink: /home/dgx_allex_one/allex2head/install/orbbec_camera_msgs/include/orbbec_camera_msgs/orbbec_camera_msgs/srv/detail/get_string__rosidl_typesupport_fastrtps_cpp.hpp
[0.284s] -- Up-to-date symlink: /home/dgx_allex_one/allex2head/install/orbbec_camera_msgs/include/orbbec_camera_msgs/orbbec_camera_msgs/srv/detail/set_arrays__rosidl_typesupport_fastrtps_cpp.hpp
[0.284s] -- Up-to-date symlink: /home/dgx_allex_one/allex2head/install/orbbec_camera_msgs/include/orbbec_camera_msgs/orbbec_camera_msgs/srv/detail/set_filter__rosidl_typesupport_fastrtps_cpp.hpp
[0.284s] -- Up-to-date symlink: /home/dgx_allex_one/allex2head/install/orbbec_camera_msgs/include/orbbec_camera_msgs/orbbec_camera_msgs/srv/detail/set_int32__rosidl_typesupport_fastrtps_cpp.hpp
[0.284s] -- Up-to-date symlink: /home/dgx_allex_one/allex2head/install/orbbec_camera_msgs/include/orbbec_camera_msgs/orbbec_camera_msgs/srv/detail/set_string__rosidl_typesupport_fastrtps_cpp.hpp
[0.284s] -- Up-to-date symlink: /home/dgx_allex_one/allex2head/install/orbbec_camera_msgs/include/orbbec_camera_msgs/orbbec_camera_msgs/msg/detail/device_info__rosidl_typesupport_introspection_cpp.hpp
[0.284s] -- Up-to-date symlink: /home/dgx_allex_one/allex2head/install/orbbec_camera_msgs/include/orbbec_camera_msgs/orbbec_camera_msgs/msg/detail/extrinsics__rosidl_typesupport_introspection_cpp.hpp
[0.284s] -- Up-to-date symlink: /home/dgx_allex_one/allex2head/install/orbbec_camera_msgs/include/orbbec_camera_msgs/orbbec_camera_msgs/msg/detail/imu_info__rosidl_typesupport_introspection_cpp.hpp
[0.284s] -- Up-to-date symlink: /home/dgx_allex_one/allex2head/install/orbbec_camera_msgs/include/orbbec_camera_msgs/orbbec_camera_msgs/msg/detail/metadata__rosidl_typesupport_introspection_cpp.hpp
[0.284s] -- Up-to-date symlink: /home/dgx_allex_one/allex2head/install/orbbec_camera_msgs/include/orbbec_camera_msgs/orbbec_camera_msgs/msg/detail/rgbd__rosidl_typesupport_introspection_cpp.hpp
[0.285s] -- Up-to-date symlink: /home/dgx_allex_one/allex2head/install/orbbec_camera_msgs/include/orbbec_camera_msgs/orbbec_camera_msgs/srv/detail/get_bool__rosidl_typesupport_introspection_cpp.hpp
[0.285s] -- Up-to-date symlink: /home/dgx_allex_one/allex2head/install/orbbec_camera_msgs/include/orbbec_camera_msgs/orbbec_camera_msgs/srv/detail/get_camera_info__rosidl_typesupport_introspection_cpp.hpp
[0.285s] -- Up-to-date symlink: /home/dgx_allex_one/allex2head/install/orbbec_camera_msgs/include/orbbec_camera_msgs/orbbec_camera_msgs/srv/detail/get_device_info__rosidl_typesupport_introspection_cpp.hpp
[0.285s] -- Up-to-date symlink: /home/dgx_allex_one/allex2head/install/orbbec_camera_msgs/include/orbbec_camera_msgs/orbbec_camera_msgs/srv/detail/get_int32__rosidl_typesupport_introspection_cpp.hpp
[0.285s] -- Up-to-date symlink: /home/dgx_allex_one/allex2head/install/orbbec_camera_msgs/include/orbbec_camera_msgs/orbbec_camera_msgs/srv/detail/get_string__rosidl_typesupport_introspection_cpp.hpp
[0.285s] -- Up-to-date symlink: /home/dgx_allex_one/allex2head/install/orbbec_camera_msgs/include/orbbec_camera_msgs/orbbec_camera_msgs/srv/detail/set_arrays__rosidl_typesupport_introspection_cpp.hpp
[0.285s] -- Up-to-date symlink: /home/dgx_allex_one/allex2head/install/orbbec_camera_msgs/include/orbbec_camera_msgs/orbbec_camera_msgs/srv/detail/set_filter__rosidl_typesupport_introspection_cpp.hpp
[0.285s] -- Up-to-date symlink: /home/dgx_allex_one/allex2head/install/orbbec_camera_msgs/include/orbbec_camera_msgs/orbbec_camera_msgs/srv/detail/set_int32__rosidl_typesupport_introspection_cpp.hpp
[0.285s] -- Up-to-date symlink: /home/dgx_allex_one/allex2head/install/orbbec_camera_msgs/include/orbbec_camera_msgs/orbbec_camera_msgs/srv/detail/set_string__rosidl_typesupport_introspection_cpp.hpp
[0.285s] -- Up-to-date symlink: /home/dgx_allex_one/allex2head/install/orbbec_camera_msgs/share/orbbec_camera_msgs/environment/pythonpath.sh
[0.285s] -- Up-to-date symlink: /home/dgx_allex_one/allex2head/install/orbbec_camera_msgs/share/orbbec_camera_msgs/environment/pythonpath.dsv
[0.285s] -- Up-to-date symlink: /home/dgx_allex_one/allex2head/install/orbbec_camera_msgs/lib/python3.12/site-packages/orbbec_camera_msgs-1.2.2-py3.12.egg-info/PKG-INFO
[0.285s] -- Up-to-date symlink: /home/dgx_allex_one/allex2head/install/orbbec_camera_msgs/lib/python3.12/site-packages/orbbec_camera_msgs-1.2.2-py3.12.egg-info/SOURCES.txt
[0.285s] -- Up-to-date symlink: /home/dgx_allex_one/allex2head/install/orbbec_camera_msgs/lib/python3.12/site-packages/orbbec_camera_msgs-1.2.2-py3.12.egg-info/dependency_links.txt
[0.285s] -- Up-to-date symlink: /home/dgx_allex_one/allex2head/install/orbbec_camera_msgs/lib/python3.12/site-packages/orbbec_camera_msgs-1.2.2-py3.12.egg-info/top_level.txt
[0.285s] -- Up-to-date symlink: /home/dgx_allex_one/allex2head/install/orbbec_camera_msgs/lib/python3.12/site-packages/orbbec_camera_msgs/__init__.py
[0.285s] -- Up-to-date symlink: /home/dgx_allex_one/allex2head/install/orbbec_camera_msgs/lib/python3.12/site-packages/orbbec_camera_msgs/_orbbec_camera_msgs_s.ep.rosidl_typesupport_c.c
[0.285s] -- Up-to-date symlink: /home/dgx_allex_one/allex2head/install/orbbec_camera_msgs/lib/python3.12/site-packages/orbbec_camera_msgs/_orbbec_camera_msgs_s.ep.rosidl_typesupport_fastrtps_c.c
[0.286s] -- Up-to-date symlink: /home/dgx_allex_one/allex2head/install/orbbec_camera_msgs/lib/python3.12/site-packages/orbbec_camera_msgs/_orbbec_camera_msgs_s.ep.rosidl_typesupport_introspection_c.c
[0.286s] -- Up-to-date symlink: /home/dgx_allex_one/allex2head/install/orbbec_camera_msgs/lib/python3.12/site-packages/orbbec_camera_msgs/msg/__init__.py
[0.286s] -- Up-to-date symlink: /home/dgx_allex_one/allex2head/install/orbbec_camera_msgs/lib/python3.12/site-packages/orbbec_camera_msgs/msg/_device_info.py
[0.286s] -- Up-to-date symlink: /home/dgx_allex_one/allex2head/install/orbbec_camera_msgs/lib/python3.12/site-packages/orbbec_camera_msgs/msg/_device_info_s.c
[0.286s] -- Up-to-date symlink: /home/dgx_allex_one/allex2head/install/orbbec_camera_msgs/lib/python3.12/site-packages/orbbec_camera_msgs/msg/_extrinsics.py
[0.286s] -- Up-to-date symlink: /home/dgx_allex_one/allex2head/install/orbbec_camera_msgs/lib/python3.12/site-packages/orbbec_camera_msgs/msg/_extrinsics_s.c
[0.286s] -- Up-to-date symlink: /home/dgx_allex_one/allex2head/install/orbbec_camera_msgs/lib/python3.12/site-packages/orbbec_camera_msgs/msg/_imu_info.py
[0.286s] -- Up-to-date symlink: /home/dgx_allex_one/allex2head/install/orbbec_camera_msgs/lib/python3.12/site-packages/orbbec_camera_msgs/msg/_imu_info_s.c
[0.286s] -- Up-to-date symlink: /home/dgx_allex_one/allex2head/install/orbbec_camera_msgs/lib/python3.12/site-packages/orbbec_camera_msgs/msg/_metadata.py
[0.287s] -- Up-to-date symlink: /home/dgx_allex_one/allex2head/install/orbbec_camera_msgs/lib/python3.12/site-packages/orbbec_camera_msgs/msg/_metadata_s.c
[0.287s] -- Up-to-date symlink: /home/dgx_allex_one/allex2head/install/orbbec_camera_msgs/lib/python3.12/site-packages/orbbec_camera_msgs/msg/_rgbd.py
[0.287s] -- Up-to-date symlink: /home/dgx_allex_one/allex2head/install/orbbec_camera_msgs/lib/python3.12/site-packages/orbbec_camera_msgs/msg/_rgbd_s.c
[0.287s] -- Up-to-date symlink: /home/dgx_allex_one/allex2head/install/orbbec_camera_msgs/lib/python3.12/site-packages/orbbec_camera_msgs/orbbec_camera_msgs_s__rosidl_typesupport_c.so
[0.287s] -- Up-to-date symlink: /home/dgx_allex_one/allex2head/install/orbbec_camera_msgs/lib/python3.12/site-packages/orbbec_camera_msgs/orbbec_camera_msgs_s__rosidl_typesupport_fastrtps_c.so
[0.287s] -- Up-to-date symlink: /home/dgx_allex_one/allex2head/install/orbbec_camera_msgs/lib/python3.12/site-packages/orbbec_camera_msgs/orbbec_camera_msgs_s__rosidl_typesupport_introspection_c.so
[0.287s] -- Up-to-date symlink: /home/dgx_allex_one/allex2head/install/orbbec_camera_msgs/lib/python3.12/site-packages/orbbec_camera_msgs/srv/__init__.py
[0.287s] -- Up-to-date symlink: /home/dgx_allex_one/allex2head/install/orbbec_camera_msgs/lib/python3.12/site-packages/orbbec_camera_msgs/srv/_get_bool.py
[0.287s] -- Up-to-date symlink: /home/dgx_allex_one/allex2head/install/orbbec_camera_msgs/lib/python3.12/site-packages/orbbec_camera_msgs/srv/_get_bool_s.c
[0.287s] -- Up-to-date symlink: /home/dgx_allex_one/allex2head/install/orbbec_camera_msgs/lib/python3.12/site-packages/orbbec_camera_msgs/srv/_get_camera_info.py
[0.288s] -- Up-to-date symlink: /home/dgx_allex_one/allex2head/install/orbbec_camera_msgs/lib/python3.12/site-packages/orbbec_camera_msgs/srv/_get_camera_info_s.c
[0.288s] -- Up-to-date symlink: /home/dgx_allex_one/allex2head/install/orbbec_camera_msgs/lib/python3.12/site-packages/orbbec_camera_msgs/srv/_get_device_info.py
[0.288s] -- Up-to-date symlink: /home/dgx_allex_one/allex2head/install/orbbec_camera_msgs/lib/python3.12/site-packages/orbbec_camera_msgs/srv/_get_device_info_s.c
[0.288s] -- Up-to-date symlink: /home/dgx_allex_one/allex2head/install/orbbec_camera_msgs/lib/python3.12/site-packages/orbbec_camera_msgs/srv/_get_int32.py
[0.288s] -- Up-to-date symlink: /home/dgx_allex_one/allex2head/install/orbbec_camera_msgs/lib/python3.12/site-packages/orbbec_camera_msgs/srv/_get_int32_s.c
[0.288s] -- Up-to-date symlink: /home/dgx_allex_one/allex2head/install/orbbec_camera_msgs/lib/python3.12/site-packages/orbbec_camera_msgs/srv/_get_string.py
[0.288s] -- Up-to-date symlink: /home/dgx_allex_one/allex2head/install/orbbec_camera_msgs/lib/python3.12/site-packages/orbbec_camera_msgs/srv/_get_string_s.c
[0.288s] -- Up-to-date symlink: /home/dgx_allex_one/allex2head/install/orbbec_camera_msgs/lib/python3.12/site-packages/orbbec_camera_msgs/srv/_set_arrays.py
[0.288s] -- Up-to-date symlink: /home/dgx_allex_one/allex2head/install/orbbec_camera_msgs/lib/python3.12/site-packages/orbbec_camera_msgs/srv/_set_arrays_s.c
[0.288s] -- Up-to-date symlink: /home/dgx_allex_one/allex2head/install/orbbec_camera_msgs/lib/python3.12/site-packages/orbbec_camera_msgs/srv/_set_filter.py
[0.288s] -- Up-to-date symlink: /home/dgx_allex_one/allex2head/install/orbbec_camera_msgs/lib/python3.12/site-packages/orbbec_camera_msgs/srv/_set_filter_s.c
[0.289s] -- Up-to-date symlink: /home/dgx_allex_one/allex2head/install/orbbec_camera_msgs/lib/python3.12/site-packages/orbbec_camera_msgs/srv/_set_int32.py
[0.289s] -- Up-to-date symlink: /home/dgx_allex_one/allex2head/install/orbbec_camera_msgs/lib/python3.12/site-packages/orbbec_camera_msgs/srv/_set_int32_s.c
[0.289s] -- Up-to-date symlink: /home/dgx_allex_one/allex2head/install/orbbec_camera_msgs/lib/python3.12/site-packages/orbbec_camera_msgs/srv/_set_string.py
[0.289s] -- Up-to-date symlink: /home/dgx_allex_one/allex2head/install/orbbec_camera_msgs/lib/python3.12/site-packages/orbbec_camera_msgs/srv/_set_string_s.c
[0.289s] -- Up-to-date symlink: /home/dgx_allex_one/allex2head/install/orbbec_camera_msgs/lib/python3.12/site-packages/orbbec_camera_msgs/orbbec_camera_msgs_s__rosidl_typesupport_fastrtps_c.so
[0.289s] -- Up-to-date symlink: /home/dgx_allex_one/allex2head/install/orbbec_camera_msgs/lib/python3.12/site-packages/orbbec_camera_msgs/orbbec_camera_msgs_s__rosidl_typesupport_introspection_c.so
[0.289s] -- Up-to-date symlink: /home/dgx_allex_one/allex2head/install/orbbec_camera_msgs/lib/python3.12/site-packages/orbbec_camera_msgs/orbbec_camera_msgs_s__rosidl_typesupport_c.so
[0.290s] -- Up-to-date symlink: /home/dgx_allex_one/allex2head/install/orbbec_camera_msgs/share/orbbec_camera_msgs/msg/DeviceInfo.idl
[0.290s] -- Up-to-date symlink: /home/dgx_allex_one/allex2head/install/orbbec_camera_msgs/share/orbbec_camera_msgs/msg/Extrinsics.idl
[0.290s] -- Up-to-date symlink: /home/dgx_allex_one/allex2head/install/orbbec_camera_msgs/share/orbbec_camera_msgs/msg/Metadata.idl
[0.290s] -- Up-to-date symlink: /home/dgx_allex_one/allex2head/install/orbbec_camera_msgs/share/orbbec_camera_msgs/msg/IMUInfo.idl
[0.290s] -- Up-to-date symlink: /home/dgx_allex_one/allex2head/install/orbbec_camera_msgs/share/orbbec_camera_msgs/msg/RGBD.idl
[0.290s] -- Up-to-date symlink: /home/dgx_allex_one/allex2head/install/orbbec_camera_msgs/share/orbbec_camera_msgs/srv/GetBool.idl
[0.290s] -- Up-to-date symlink: /home/dgx_allex_one/allex2head/install/orbbec_camera_msgs/share/orbbec_camera_msgs/srv/GetDeviceInfo.idl
[0.290s] -- Up-to-date symlink: /home/dgx_allex_one/allex2head/install/orbbec_camera_msgs/share/orbbec_camera_msgs/srv/GetCameraInfo.idl
[0.290s] -- Up-to-date symlink: /home/dgx_allex_one/allex2head/install/orbbec_camera_msgs/share/orbbec_camera_msgs/srv/GetInt32.idl
[0.290s] -- Up-to-date symlink: /home/dgx_allex_one/allex2head/install/orbbec_camera_msgs/share/orbbec_camera_msgs/srv/GetString.idl
[0.290s] -- Up-to-date symlink: /home/dgx_allex_one/allex2head/install/orbbec_camera_msgs/share/orbbec_camera_msgs/srv/SetFilter.idl
[0.291s] -- Up-to-date symlink: /home/dgx_allex_one/allex2head/install/orbbec_camera_msgs/share/orbbec_camera_msgs/srv/SetInt32.idl
[0.291s] -- Up-to-date symlink: /home/dgx_allex_one/allex2head/install/orbbec_camera_msgs/share/orbbec_camera_msgs/srv/SetString.idl
[0.291s] -- Up-to-date symlink: /home/dgx_allex_one/allex2head/install/orbbec_camera_msgs/share/orbbec_camera_msgs/srv/SetArrays.idl
[0.291s] -- Up-to-date symlink: /home/dgx_allex_one/allex2head/install/orbbec_camera_msgs/share/orbbec_camera_msgs/msg/DeviceInfo.msg
[0.291s] -- Up-to-date symlink: /home/dgx_allex_one/allex2head/install/orbbec_camera_msgs/share/orbbec_camera_msgs/msg/Extrinsics.msg
[0.291s] -- Up-to-date symlink: /home/dgx_allex_one/allex2head/install/orbbec_camera_msgs/share/orbbec_camera_msgs/msg/Metadata.msg
[0.291s] -- Up-to-date symlink: /home/dgx_allex_one/allex2head/install/orbbec_camera_msgs/share/orbbec_camera_msgs/msg/IMUInfo.msg
[0.291s] -- Up-to-date symlink: /home/dgx_allex_one/allex2head/install/orbbec_camera_msgs/share/orbbec_camera_msgs/msg/RGBD.msg
[0.291s] -- Up-to-date symlink: /home/dgx_allex_one/allex2head/install/orbbec_camera_msgs/share/orbbec_camera_msgs/srv/GetBool.srv
[0.291s] -- Up-to-date symlink: /home/dgx_allex_one/allex2head/install/orbbec_camera_msgs/share/orbbec_camera_msgs/srv/GetDeviceInfo.srv
[0.291s] -- Up-to-date symlink: /home/dgx_allex_one/allex2head/install/orbbec_camera_msgs/share/orbbec_camera_msgs/srv/GetCameraInfo.srv
[0.291s] -- Up-to-date symlink: /home/dgx_allex_one/allex2head/install/orbbec_camera_msgs/share/orbbec_camera_msgs/srv/GetInt32.srv
[0.291s] -- Up-to-date symlink: /home/dgx_allex_one/allex2head/install/orbbec_camera_msgs/share/orbbec_camera_msgs/srv/GetString.srv
[0.292s] -- Up-to-date symlink: /home/dgx_allex_one/allex2head/install/orbbec_camera_msgs/share/orbbec_camera_msgs/srv/SetFilter.srv
[0.292s] -- Up-to-date symlink: /home/dgx_allex_one/allex2head/install/orbbec_camera_msgs/share/orbbec_camera_msgs/srv/SetInt32.srv
[0.292s] -- Up-to-date symlink: /home/dgx_allex_one/allex2head/install/orbbec_camera_msgs/share/orbbec_camera_msgs/srv/SetString.srv
[0.292s] -- Up-to-date symlink: /home/dgx_allex_one/allex2head/install/orbbec_camera_msgs/share/orbbec_camera_msgs/srv/SetArrays.srv
[0.292s] -- Up-to-date symlink: /home/dgx_allex_one/allex2head/install/orbbec_camera_msgs/share/ament_index/resource_index/package_run_dependencies/orbbec_camera_msgs
[0.292s] -- Up-to-date symlink: /home/dgx_allex_one/allex2head/install/orbbec_camera_msgs/share/ament_index/resource_index/parent_prefix_path/orbbec_camera_msgs
[0.292s] -- Up-to-date symlink: /home/dgx_allex_one/allex2head/install/orbbec_camera_msgs/share/orbbec_camera_msgs/environment/ament_prefix_path.sh
[0.292s] -- Up-to-date symlink: /home/dgx_allex_one/allex2head/install/orbbec_camera_msgs/share/orbbec_camera_msgs/environment/ament_prefix_path.dsv
[0.292s] -- Up-to-date symlink: /home/dgx_allex_one/allex2head/install/orbbec_camera_msgs/share/orbbec_camera_msgs/environment/path.sh
[0.292s] -- Up-to-date symlink: /home/dgx_allex_one/allex2head/install/orbbec_camera_msgs/share/orbbec_camera_msgs/environment/path.dsv
[0.292s] -- Up-to-date symlink: /home/dgx_allex_one/allex2head/install/orbbec_camera_msgs/share/orbbec_camera_msgs/local_setup.bash
[0.292s] -- Up-to-date symlink: /home/dgx_allex_one/allex2head/install/orbbec_camera_msgs/share/orbbec_camera_msgs/local_setup.sh
[0.292s] -- Up-to-date symlink: /home/dgx_allex_one/allex2head/install/orbbec_camera_msgs/share/orbbec_camera_msgs/local_setup.zsh
[0.293s] -- Up-to-date symlink: /home/dgx_allex_one/allex2head/install/orbbec_camera_msgs/share/orbbec_camera_msgs/local_setup.dsv
[0.293s] -- Symlinking: /home/dgx_allex_one/allex2head/install/orbbec_camera_msgs/share/orbbec_camera_msgs/package.dsv
[0.296s] -- Up-to-date symlink: /home/dgx_allex_one/allex2head/install/orbbec_camera_msgs/share/ament_index/resource_index/packages/orbbec_camera_msgs
[0.296s] -- Up-to-date symlink: /home/dgx_allex_one/allex2head/install/orbbec_camera_msgs/share/orbbec_camera_msgs/cmake/rosidl_cmake-extras.cmake
[0.296s] -- Up-to-date symlink: /home/dgx_allex_one/allex2head/install/orbbec_camera_msgs/share/orbbec_camera_msgs/cmake/ament_cmake_export_dependencies-extras.cmake
[0.296s] -- Up-to-date symlink: /home/dgx_allex_one/allex2head/install/orbbec_camera_msgs/share/orbbec_camera_msgs/cmake/ament_cmake_export_include_directories-extras.cmake
[0.296s] -- Up-to-date symlink: /home/dgx_allex_one/allex2head/install/orbbec_camera_msgs/share/orbbec_camera_msgs/cmake/ament_cmake_export_libraries-extras.cmake
[0.296s] -- Up-to-date symlink: /home/dgx_allex_one/allex2head/install/orbbec_camera_msgs/share/orbbec_camera_msgs/cmake/ament_cmake_export_targets-extras.cmake
[0.296s] -- Up-to-date symlink: /home/dgx_allex_one/allex2head/install/orbbec_camera_msgs/share/orbbec_camera_msgs/cmake/rosidl_cmake_export_typesupport_targets-extras.cmake
[0.296s] -- Up-to-date symlink: /home/dgx_allex_one/allex2head/install/orbbec_camera_msgs/share/orbbec_camera_msgs/cmake/rosidl_cmake_export_typesupport_libraries-extras.cmake
[0.297s] -- Up-to-date symlink: /home/dgx_allex_one/allex2head/install/orbbec_camera_msgs/share/orbbec_camera_msgs/cmake/orbbec_camera_msgsConfig.cmake
[0.297s] -- Up-to-date symlink: /home/dgx_allex_one/allex2head/install/orbbec_camera_msgs/share/orbbec_camera_msgs/cmake/orbbec_camera_msgsConfig-version.cmake
[0.297s] -- Up-to-date symlink: /home/dgx_allex_one/allex2head/install/orbbec_camera_msgs/share/orbbec_camera_msgs/package.xml
[0.297s] -- Up-to-date: /home/dgx_allex_one/allex2head/install/orbbec_camera_msgs/lib/liborbbec_camera_msgs__rosidl_generator_c.so
[0.297s] -- Up-to-date: /home/dgx_allex_one/allex2head/install/orbbec_camera_msgs/lib/liborbbec_camera_msgs__rosidl_typesupport_fastrtps_c.so
[0.297s] -- Up-to-date: /home/dgx_allex_one/allex2head/install/orbbec_camera_msgs/lib/liborbbec_camera_msgs__rosidl_typesupport_introspection_c.so
[0.298s] -- Up-to-date: /home/dgx_allex_one/allex2head/install/orbbec_camera_msgs/lib/liborbbec_camera_msgs__rosidl_typesupport_c.so
[0.298s] -- Up-to-date: /home/dgx_allex_one/allex2head/install/orbbec_camera_msgs/lib/liborbbec_camera_msgs__rosidl_typesupport_fastrtps_cpp.so
[0.298s] -- Up-to-date: /home/dgx_allex_one/allex2head/install/orbbec_camera_msgs/lib/liborbbec_camera_msgs__rosidl_typesupport_introspection_cpp.so
[0.298s] -- Up-to-date: /home/dgx_allex_one/allex2head/install/orbbec_camera_msgs/lib/liborbbec_camera_msgs__rosidl_typesupport_cpp.so
[0.308s] Listing '/home/dgx_allex_one/allex2head/install/orbbec_camera_msgs/lib/python3.12/site-packages/orbbec_camera_msgs'...
[0.308s] Listing '/home/dgx_allex_one/allex2head/install/orbbec_camera_msgs/lib/python3.12/site-packages/orbbec_camera_msgs/msg'...
[0.308s] Listing '/home/dgx_allex_one/allex2head/install/orbbec_camera_msgs/lib/python3.12/site-packages/orbbec_camera_msgs/srv'...
[0.311s] -- Up-to-date: /home/dgx_allex_one/allex2head/install/orbbec_camera_msgs/lib/liborbbec_camera_msgs__rosidl_generator_py.so
[0.311s] -- Up-to-date: /home/dgx_allex_one/allex2head/install/orbbec_camera_msgs/share/orbbec_camera_msgs/cmake/export_orbbec_camera_msgs__rosidl_generator_cExport.cmake
[0.311s] -- Up-to-date: /home/dgx_allex_one/allex2head/install/orbbec_camera_msgs/share/orbbec_camera_msgs/cmake/export_orbbec_camera_msgs__rosidl_generator_cExport-noconfig.cmake
[0.311s] -- Up-to-date: /home/dgx_allex_one/allex2head/install/orbbec_camera_msgs/share/orbbec_camera_msgs/cmake/export_orbbec_camera_msgs__rosidl_typesupport_fastrtps_cExport.cmake
[0.311s] -- Up-to-date: /home/dgx_allex_one/allex2head/install/orbbec_camera_msgs/share/orbbec_camera_msgs/cmake/export_orbbec_camera_msgs__rosidl_typesupport_fastrtps_cExport-noconfig.cmake
[0.311s] -- Up-to-date: /home/dgx_allex_one/allex2head/install/orbbec_camera_msgs/share/orbbec_camera_msgs/cmake/orbbec_camera_msgs__rosidl_typesupport_introspection_cExport.cmake
[0.311s] -- Up-to-date: /home/dgx_allex_one/allex2head/install/orbbec_camera_msgs/share/orbbec_camera_msgs/cmake/orbbec_camera_msgs__rosidl_typesupport_introspection_cExport-noconfig.cmake
[0.311s] -- Up-to-date: /home/dgx_allex_one/allex2head/install/orbbec_camera_msgs/share/orbbec_camera_msgs/cmake/orbbec_camera_msgs__rosidl_typesupport_cExport.cmake
[0.312s] -- Up-to-date: /home/dgx_allex_one/allex2head/install/orbbec_camera_msgs/share/orbbec_camera_msgs/cmake/orbbec_camera_msgs__rosidl_typesupport_cExport-noconfig.cmake
[0.312s] -- Up-to-date: /home/dgx_allex_one/allex2head/install/orbbec_camera_msgs/share/orbbec_camera_msgs/cmake/export_orbbec_camera_msgs__rosidl_generator_cppExport.cmake
[0.312s] -- Up-to-date: /home/dgx_allex_one/allex2head/install/orbbec_camera_msgs/share/orbbec_camera_msgs/cmake/export_orbbec_camera_msgs__rosidl_typesupport_fastrtps_cppExport.cmake
[0.312s] -- Up-to-date: /home/dgx_allex_one/allex2head/install/orbbec_camera_msgs/share/orbbec_camera_msgs/cmake/export_orbbec_camera_msgs__rosidl_typesupport_fastrtps_cppExport-noconfig.cmake
[0.312s] -- Up-to-date: /home/dgx_allex_one/allex2head/install/orbbec_camera_msgs/share/orbbec_camera_msgs/cmake/orbbec_camera_msgs__rosidl_typesupport_introspection_cppExport.cmake
[0.312s] -- Up-to-date: /home/dgx_allex_one/allex2head/install/orbbec_camera_msgs/share/orbbec_camera_msgs/cmake/orbbec_camera_msgs__rosidl_typesupport_introspection_cppExport-noconfig.cmake
[0.312s] -- Up-to-date: /home/dgx_allex_one/allex2head/install/orbbec_camera_msgs/share/orbbec_camera_msgs/cmake/orbbec_camera_msgs__rosidl_typesupport_cppExport.cmake
[0.312s] -- Up-to-date: /home/dgx_allex_one/allex2head/install/orbbec_camera_msgs/share/orbbec_camera_msgs/cmake/orbbec_camera_msgs__rosidl_typesupport_cppExport-noconfig.cmake
[0.312s] -- Up-to-date: /home/dgx_allex_one/allex2head/install/orbbec_camera_msgs/share/orbbec_camera_msgs/cmake/export_orbbec_camera_msgs__rosidl_generator_pyExport.cmake
[0.312s] -- Up-to-date: /home/dgx_allex_one/allex2head/install/orbbec_camera_msgs/share/orbbec_camera_msgs/cmake/export_orbbec_camera_msgs__rosidl_generator_pyExport-noconfig.cmake
[0.314s] Invoked command in '/home/dgx_allex_one/allex2head/build/orbbec_camera_msgs' returned '0': CMAKE_PREFIX_PATH=${CMAKE_PREFIX_PATH}:/home/dgx_allex_one/allex2head/install/insta360_simple_camera:/home/dgx_allex_one/allex2head/install/camera_node:/opt/ros/jazzy CONDA_PROMPT_MODIFIER=(base) DEBUGINFOD_URLS=https://debuginfod.ubuntu.com /usr/bin/cmake --install /home/dgx_allex_one/allex2head/build/orbbec_camera_msgs
