[0.187s] DEBUG:colcon:Command line arguments: ['/usr/bin/colcon', 'build', '--symlink-install']
[0.187s] DEBUG:colcon:Parsed command line arguments: Namespace(log_base=None, log_level=None, verb_name='build', build_base='build', install_base='install', merge_install=False, symlink_install=True, test_result_base=None, continue_on_error=False, executor='parallel', parallel_workers=20, event_handlers=None, ignore_user_meta=False, metas=['./colcon.meta'], base_paths=['.'], packages_ignore=None, packages_ignore_regex=None, paths=None, packages_up_to=None, packages_up_to_regex=None, packages_above=None, packages_above_and_dependencies=None, packages_above_depth=None, packages_select_by_dep=None, packages_skip_by_dep=None, packages_skip_up_to=None, packages_select_build_failed=False, packages_skip_build_finished=False, packages_select_test_failures=False, packages_skip_test_passed=False, packages_select=None, packages_skip=None, packages_select_regex=None, packages_skip_regex=None, packages_start=None, packages_end=None, allow_overriding=[], cmake_args=None, cmake_target=None, cmake_target_skip_unavailable=False, cmake_clean_cache=False, cmake_clean_first=False, cmake_force_configure=False, ament_cmake_args=None, catkin_cmake_args=None, catkin_skip_building_tests=False, mixin_files=None, mixin=None, verb_parser=<colcon_mixin.mixin.mixin_argument.MixinArgumentDecorator object at 0xf25cc39eb500>, verb_extension=<colcon_core.verb.build.BuildVerb object at 0xf25cc3befa70>, main=<bound method BuildVerb.main of <colcon_core.verb.build.BuildVerb object at 0xf25cc3befa70>>, mixin_verb=('build',))
[0.227s] Level 1:colcon.colcon_core.package_discovery:discover_packages(colcon_meta) check parameters
[0.227s] Level 1:colcon.colcon_core.package_discovery:discover_packages(recursive) check parameters
[0.227s] Level 1:colcon.colcon_core.package_discovery:discover_packages(ignore) check parameters
[0.227s] Level 1:colcon.colcon_core.package_discovery:discover_packages(path) check parameters
[0.227s] Level 1:colcon.colcon_core.package_discovery:discover_packages(colcon_meta) discover
[0.227s] Level 1:colcon.colcon_core.package_discovery:discover_packages(recursive) discover
[0.227s] INFO:colcon.colcon_core.package_discovery:Crawling recursively for packages in '/home/dgx_allex_one/allex_ces_idle_interaction_gui'
[0.227s] Level 1:colcon.colcon_core.package_identification:_identify(.) by extensions ['ignore', 'ignore_ament_install']
[0.227s] Level 1:colcon.colcon_core.package_identification:_identify(.) by extension 'ignore'
[0.227s] Level 1:colcon.colcon_core.package_identification:_identify(.) by extension 'ignore_ament_install'
[0.227s] Level 1:colcon.colcon_core.package_identification:_identify(.) by extensions ['colcon_pkg']
[0.227s] Level 1:colcon.colcon_core.package_identification:_identify(.) by extension 'colcon_pkg'
[0.227s] Level 1:colcon.colcon_core.package_identification:_identify(.) by extensions ['colcon_meta']
[0.227s] Level 1:colcon.colcon_core.package_identification:_identify(.) by extension 'colcon_meta'
[0.227s] Level 1:colcon.colcon_core.package_identification:_identify(.) by extensions ['ros']
[0.227s] Level 1:colcon.colcon_core.package_identification:_identify(.) by extension 'ros'
[0.243s] Level 1:colcon.colcon_core.package_identification:_identify(.) by extensions ['cmake', 'python']
[0.243s] Level 1:colcon.colcon_core.package_identification:_identify(.) by extension 'cmake'
[0.243s] Level 1:colcon.colcon_core.package_identification:_identify(.) by extension 'python'
[0.243s] Level 1:colcon.colcon_core.package_identification:_identify(.) by extensions ['python_setup_py']
[0.243s] Level 1:colcon.colcon_core.package_identification:_identify(.) by extension 'python_setup_py'
[0.243s] Level 1:colcon.colcon_core.package_identification:_identify(build) by extensions ['ignore', 'ignore_ament_install']
[0.243s] Level 1:colcon.colcon_core.package_identification:_identify(build) by extension 'ignore'
[0.243s] Level 1:colcon.colcon_core.package_identification:_identify(build) ignored
[0.243s] Level 1:colcon.colcon_core.package_identification:_identify(config) by extensions ['ignore', 'ignore_ament_install']
[0.243s] Level 1:colcon.colcon_core.package_identification:_identify(config) by extension 'ignore'
[0.243s] Level 1:colcon.colcon_core.package_identification:_identify(config) by extension 'ignore_ament_install'
[0.243s] Level 1:colcon.colcon_core.package_identification:_identify(config) by extensions ['colcon_pkg']
[0.243s] Level 1:colcon.colcon_core.package_identification:_identify(config) by extension 'colcon_pkg'
[0.243s] Level 1:colcon.colcon_core.package_identification:_identify(config) by extensions ['colcon_meta']
[0.243s] Level 1:colcon.colcon_core.package_identification:_identify(config) by extension 'colcon_meta'
[0.243s] Level 1:colcon.colcon_core.package_identification:_identify(config) by extensions ['ros']
[0.243s] Level 1:colcon.colcon_core.package_identification:_identify(config) by extension 'ros'
[0.243s] Level 1:colcon.colcon_core.package_identification:_identify(config) by extensions ['cmake', 'python']
[0.243s] Level 1:colcon.colcon_core.package_identification:_identify(config) by extension 'cmake'
[0.243s] Level 1:colcon.colcon_core.package_identification:_identify(config) by extension 'python'
[0.243s] Level 1:colcon.colcon_core.package_identification:_identify(config) by extensions ['python_setup_py']
[0.243s] Level 1:colcon.colcon_core.package_identification:_identify(config) by extension 'python_setup_py'
[0.243s] Level 1:colcon.colcon_core.package_identification:_identify(install) by extensions ['ignore', 'ignore_ament_install']
[0.243s] Level 1:colcon.colcon_core.package_identification:_identify(install) by extension 'ignore'
[0.243s] Level 1:colcon.colcon_core.package_identification:_identify(install) ignored
[0.243s] Level 1:colcon.colcon_core.package_identification:_identify(log) by extensions ['ignore', 'ignore_ament_install']
[0.243s] Level 1:colcon.colcon_core.package_identification:_identify(log) by extension 'ignore'
[0.243s] Level 1:colcon.colcon_core.package_identification:_identify(log) ignored
[0.243s] Level 1:colcon.colcon_core.package_identification:_identify(src) by extensions ['ignore', 'ignore_ament_install']
[0.243s] Level 1:colcon.colcon_core.package_identification:_identify(src) by extension 'ignore'
[0.243s] Level 1:colcon.colcon_core.package_identification:_identify(src) by extension 'ignore_ament_install'
[0.243s] Level 1:colcon.colcon_core.package_identification:_identify(src) by extensions ['colcon_pkg']
[0.243s] Level 1:colcon.colcon_core.package_identification:_identify(src) by extension 'colcon_pkg'
[0.243s] Level 1:colcon.colcon_core.package_identification:_identify(src) by extensions ['colcon_meta']
[0.243s] Level 1:colcon.colcon_core.package_identification:_identify(src) by extension 'colcon_meta'
[0.243s] Level 1:colcon.colcon_core.package_identification:_identify(src) by extensions ['ros']
[0.243s] Level 1:colcon.colcon_core.package_identification:_identify(src) by extension 'ros'
[0.243s] Level 1:colcon.colcon_core.package_identification:_identify(src) by extensions ['cmake', 'python']
[0.243s] Level 1:colcon.colcon_core.package_identification:_identify(src) by extension 'cmake'
[0.243s] Level 1:colcon.colcon_core.package_identification:_identify(src) by extension 'python'
[0.243s] Level 1:colcon.colcon_core.package_identification:_identify(src) by extensions ['python_setup_py']
[0.243s] Level 1:colcon.colcon_core.package_identification:_identify(src) by extension 'python_setup_py'
[0.243s] Level 1:colcon.colcon_core.package_identification:_identify(src/OrbbecSDK_ROS2) by extensions ['ignore', 'ignore_ament_install']
[0.244s] Level 1:colcon.colcon_core.package_identification:_identify(src/OrbbecSDK_ROS2) by extension 'ignore'
[0.244s] Level 1:colcon.colcon_core.package_identification:_identify(src/OrbbecSDK_ROS2) by extension 'ignore_ament_install'
[0.244s] Level 1:colcon.colcon_core.package_identification:_identify(src/OrbbecSDK_ROS2) by extensions ['colcon_pkg']
[0.244s] Level 1:colcon.colcon_core.package_identification:_identify(src/OrbbecSDK_ROS2) by extension 'colcon_pkg'
[0.244s] Level 1:colcon.colcon_core.package_identification:_identify(src/OrbbecSDK_ROS2) by extensions ['colcon_meta']
[0.244s] Level 1:colcon.colcon_core.package_identification:_identify(src/OrbbecSDK_ROS2) by extension 'colcon_meta'
[0.244s] Level 1:colcon.colcon_core.package_identification:_identify(src/OrbbecSDK_ROS2) by extensions ['ros']
[0.244s] Level 1:colcon.colcon_core.package_identification:_identify(src/OrbbecSDK_ROS2) by extension 'ros'
[0.244s] Level 1:colcon.colcon_core.package_identification:_identify(src/OrbbecSDK_ROS2) by extensions ['cmake', 'python']
[0.244s] Level 1:colcon.colcon_core.package_identification:_identify(src/OrbbecSDK_ROS2) by extension 'cmake'
[0.244s] Level 1:colcon.colcon_core.package_identification:_identify(src/OrbbecSDK_ROS2) by extension 'python'
[0.244s] Level 1:colcon.colcon_core.package_identification:_identify(src/OrbbecSDK_ROS2) by extensions ['python_setup_py']
[0.244s] Level 1:colcon.colcon_core.package_identification:_identify(src/OrbbecSDK_ROS2) by extension 'python_setup_py'
[0.244s] Level 1:colcon.colcon_core.package_identification:_identify(src/camera_node) by extensions ['ignore', 'ignore_ament_install']
[0.244s] Level 1:colcon.colcon_core.package_identification:_identify(src/camera_node) by extension 'ignore'
[0.244s] Level 1:colcon.colcon_core.package_identification:_identify(src/camera_node) by extension 'ignore_ament_install'
[0.244s] Level 1:colcon.colcon_core.package_identification:_identify(src/camera_node) by extensions ['colcon_pkg']
[0.244s] Level 1:colcon.colcon_core.package_identification:_identify(src/camera_node) by extension 'colcon_pkg'
[0.244s] Level 1:colcon.colcon_core.package_identification:_identify(src/camera_node) by extensions ['colcon_meta']
[0.244s] Level 1:colcon.colcon_core.package_identification:_identify(src/camera_node) by extension 'colcon_meta'
[0.244s] Level 1:colcon.colcon_core.package_identification:_identify(src/camera_node) by extensions ['ros']
[0.244s] Level 1:colcon.colcon_core.package_identification:_identify(src/camera_node) by extension 'ros'
[0.246s] DEBUG:colcon.colcon_core.package_identification:Package 'src/camera_node' with type 'ros.ament_python' and name 'camera_node'
[0.247s] Level 1:colcon.colcon_core.package_identification:_identify(src/insta360_simple_camera) by extensions ['ignore', 'ignore_ament_install']
[0.247s] Level 1:colcon.colcon_core.package_identification:_identify(src/insta360_simple_camera) by extension 'ignore'
[0.247s] Level 1:colcon.colcon_core.package_identification:_identify(src/insta360_simple_camera) by extension 'ignore_ament_install'
[0.247s] Level 1:colcon.colcon_core.package_identification:_identify(src/insta360_simple_camera) by extensions ['colcon_pkg']
[0.247s] Level 1:colcon.colcon_core.package_identification:_identify(src/insta360_simple_camera) by extension 'colcon_pkg'
[0.247s] Level 1:colcon.colcon_core.package_identification:_identify(src/insta360_simple_camera) by extensions ['colcon_meta']
[0.247s] Level 1:colcon.colcon_core.package_identification:_identify(src/insta360_simple_camera) by extension 'colcon_meta'
[0.247s] Level 1:colcon.colcon_core.package_identification:_identify(src/insta360_simple_camera) by extensions ['ros']
[0.247s] Level 1:colcon.colcon_core.package_identification:_identify(src/insta360_simple_camera) by extension 'ros'
[0.247s] DEBUG:colcon.colcon_core.package_identification:Package 'src/insta360_simple_camera' with type 'ros.ament_python' and name 'insta360_simple_camera'
[0.247s] Level 1:colcon.colcon_core.package_discovery:discover_packages(recursive) using defaults
[0.247s] Level 1:colcon.colcon_core.package_discovery:discover_packages(ignore) discover
[0.247s] Level 1:colcon.colcon_core.package_discovery:discover_packages(ignore) using defaults
[0.247s] Level 1:colcon.colcon_core.package_discovery:discover_packages(path) discover
[0.247s] Level 1:colcon.colcon_core.package_discovery:discover_packages(path) using defaults
[0.261s] Level 1:colcon.colcon_core.package_discovery:discover_packages(prefix_path) check parameters
[0.261s] Level 1:colcon.colcon_core.package_discovery:discover_packages(prefix_path) discover
[0.264s] DEBUG:colcon.colcon_installed_package_information.package_discovery:Found 294 installed packages in /opt/ros/jazzy
[0.264s] Level 1:colcon.colcon_core.package_discovery:discover_packages(prefix_path) using defaults
[0.282s] Level 5:colcon.colcon_core.verb:set package 'camera_node' build argument 'cmake_args' from command line to 'None'
[0.282s] Level 5:colcon.colcon_core.verb:set package 'camera_node' build argument 'cmake_target' from command line to 'None'
[0.282s] Level 5:colcon.colcon_core.verb:set package 'camera_node' build argument 'cmake_target_skip_unavailable' from command line to 'False'
[0.282s] Level 5:colcon.colcon_core.verb:set package 'camera_node' build argument 'cmake_clean_cache' from command line to 'False'
[0.282s] Level 5:colcon.colcon_core.verb:set package 'camera_node' build argument 'cmake_clean_first' from command line to 'False'
[0.282s] Level 5:colcon.colcon_core.verb:set package 'camera_node' build argument 'cmake_force_configure' from command line to 'False'
[0.282s] Level 5:colcon.colcon_core.verb:set package 'camera_node' build argument 'ament_cmake_args' from command line to 'None'
[0.282s] Level 5:colcon.colcon_core.verb:set package 'camera_node' build argument 'catkin_cmake_args' from command line to 'None'
[0.282s] Level 5:colcon.colcon_core.verb:set package 'camera_node' build argument 'catkin_skip_building_tests' from command line to 'False'
[0.282s] DEBUG:colcon.colcon_core.verb:Building package 'camera_node' with the following arguments: {'ament_cmake_args': None, 'build_base': '/home/dgx_allex_one/allex_ces_idle_interaction_gui/build/camera_node', 'catkin_cmake_args': None, 'catkin_skip_building_tests': False, 'cmake_args': None, 'cmake_clean_cache': False, 'cmake_clean_first': False, 'cmake_force_configure': False, 'cmake_target': None, 'cmake_target_skip_unavailable': False, 'install_base': '/home/dgx_allex_one/allex_ces_idle_interaction_gui/install/camera_node', 'merge_install': False, 'path': '/home/dgx_allex_one/allex_ces_idle_interaction_gui/src/camera_node', 'symlink_install': True, 'test_result_base': None}
[0.282s] Level 5:colcon.colcon_core.verb:set package 'insta360_simple_camera' build argument 'cmake_args' from command line to 'None'
[0.282s] Level 5:colcon.colcon_core.verb:set package 'insta360_simple_camera' build argument 'cmake_target' from command line to 'None'
[0.282s] Level 5:colcon.colcon_core.verb:set package 'insta360_simple_camera' build argument 'cmake_target_skip_unavailable' from command line to 'False'
[0.282s] Level 5:colcon.colcon_core.verb:set package 'insta360_simple_camera' build argument 'cmake_clean_cache' from command line to 'False'
[0.282s] Level 5:colcon.colcon_core.verb:set package 'insta360_simple_camera' build argument 'cmake_clean_first' from command line to 'False'
[0.282s] Level 5:colcon.colcon_core.verb:set package 'insta360_simple_camera' build argument 'cmake_force_configure' from command line to 'False'
[0.282s] Level 5:colcon.colcon_core.verb:set package 'insta360_simple_camera' build argument 'ament_cmake_args' from command line to 'None'
[0.282s] Level 5:colcon.colcon_core.verb:set package 'insta360_simple_camera' build argument 'catkin_cmake_args' from command line to 'None'
[0.282s] Level 5:colcon.colcon_core.verb:set package 'insta360_simple_camera' build argument 'catkin_skip_building_tests' from command line to 'False'
[0.282s] DEBUG:colcon.colcon_core.verb:Building package 'insta360_simple_camera' with the following arguments: {'ament_cmake_args': None, 'build_base': '/home/dgx_allex_one/allex_ces_idle_interaction_gui/build/insta360_simple_camera', 'catkin_cmake_args': None, 'catkin_skip_building_tests': False, 'cmake_args': None, 'cmake_clean_cache': False, 'cmake_clean_first': False, 'cmake_force_configure': False, 'cmake_target': None, 'cmake_target_skip_unavailable': False, 'install_base': '/home/dgx_allex_one/allex_ces_idle_interaction_gui/install/insta360_simple_camera', 'merge_install': False, 'path': '/home/dgx_allex_one/allex_ces_idle_interaction_gui/src/insta360_simple_camera', 'symlink_install': True, 'test_result_base': None}
[0.282s] INFO:colcon.colcon_core.executor:Executing jobs using 'parallel' executor
[0.283s] DEBUG:colcon.colcon_parallel_executor.executor.parallel:run_until_complete
[0.283s] INFO:colcon.colcon_ros.task.ament_python.build:Building ROS package in '/home/dgx_allex_one/allex_ces_idle_interaction_gui/src/camera_node' with build type 'ament_python'
[0.283s] Level 1:colcon.colcon_core.shell:create_environment_hook('camera_node', 'ament_prefix_path')
[0.287s] INFO:colcon.colcon_core.plugin_system:Skipping extension 'colcon_core.shell.bat': Not used on non-Windows systems
[0.287s] INFO:colcon.colcon_core.shell:Creating environment hook '/home/dgx_allex_one/allex_ces_idle_interaction_gui/install/camera_node/share/camera_node/hook/ament_prefix_path.ps1'
[0.288s] INFO:colcon.colcon_core.shell:Creating environment descriptor '/home/dgx_allex_one/allex_ces_idle_interaction_gui/install/camera_node/share/camera_node/hook/ament_prefix_path.dsv'
[0.288s] INFO:colcon.colcon_core.shell:Creating environment hook '/home/dgx_allex_one/allex_ces_idle_interaction_gui/install/camera_node/share/camera_node/hook/ament_prefix_path.sh'
[0.289s] INFO:colcon.colcon_core.shell:Skip shell extension 'powershell' for command environment: Not usable outside of PowerShell
[0.289s] DEBUG:colcon.colcon_core.shell:Skip shell extension 'dsv' for command environment
[0.290s] INFO:colcon.colcon_ros.task.ament_python.build:Building ROS package in '/home/dgx_allex_one/allex_ces_idle_interaction_gui/src/insta360_simple_camera' with build type 'ament_python'
[0.290s] Level 1:colcon.colcon_core.shell:create_environment_hook('insta360_simple_camera', 'ament_prefix_path')
[0.290s] INFO:colcon.colcon_core.shell:Creating environment hook '/home/dgx_allex_one/allex_ces_idle_interaction_gui/install/insta360_simple_camera/share/insta360_simple_camera/hook/ament_prefix_path.ps1'
[0.290s] INFO:colcon.colcon_core.shell:Creating environment descriptor '/home/dgx_allex_one/allex_ces_idle_interaction_gui/install/insta360_simple_camera/share/insta360_simple_camera/hook/ament_prefix_path.dsv'
[0.291s] INFO:colcon.colcon_core.shell:Creating environment hook '/home/dgx_allex_one/allex_ces_idle_interaction_gui/install/insta360_simple_camera/share/insta360_simple_camera/hook/ament_prefix_path.sh'
[0.291s] INFO:colcon.colcon_core.shell:Skip shell extension 'powershell' for command environment: Not usable outside of PowerShell
[0.291s] DEBUG:colcon.colcon_core.shell:Skip shell extension 'dsv' for command environment
[0.403s] INFO:colcon.colcon_core.task.python.build:Building Python package in '/home/dgx_allex_one/allex_ces_idle_interaction_gui/src/camera_node'
[0.403s] INFO:colcon.colcon_core.shell:Skip shell extension 'powershell' for command environment: Not usable outside of PowerShell
[0.403s] DEBUG:colcon.colcon_core.shell:Skip shell extension 'dsv' for command environment
[0.503s] INFO:colcon.colcon_core.task.python.build:Building Python package in '/home/dgx_allex_one/allex_ces_idle_interaction_gui/src/insta360_simple_camera'
[0.503s] INFO:colcon.colcon_core.shell:Skip shell extension 'powershell' for command environment: Not usable outside of PowerShell
[0.503s] DEBUG:colcon.colcon_core.shell:Skip shell extension 'dsv' for command environment
[1.053s] DEBUG:colcon.colcon_core.event_handler.log_command:Invoking command in '/home/dgx_allex_one/allex_ces_idle_interaction_gui/build/camera_node': DEBUGINFOD_URLS=https://debuginfod.ubuntu.com PYTHONPATH=/home/dgx_allex_one/allex_ces_idle_interaction_gui/build/camera_node/prefix_override:/usr/lib/python3/dist-packages/colcon_core/task/python/colcon_distutils_commands:/home/dgx_allex_one/allex_ces_idle_interaction_gui/install/camera_node/lib/python3.12/site-packages:${PYTHONPATH} /usr/bin/python3 -W ignore:setup.py install is deprecated -W ignore:easy_install command is deprecated setup.py develop --editable --build-directory /home/dgx_allex_one/allex_ces_idle_interaction_gui/build/camera_node/build --no-deps symlink_data
[1.055s] DEBUG:colcon.colcon_core.event_handler.log_command:Invoking command in '/home/dgx_allex_one/allex_ces_idle_interaction_gui/build/insta360_simple_camera': DEBUGINFOD_URLS=https://debuginfod.ubuntu.com PYTHONPATH=/home/dgx_allex_one/allex_ces_idle_interaction_gui/build/insta360_simple_camera/prefix_override:/usr/lib/python3/dist-packages/colcon_core/task/python/colcon_distutils_commands:/home/dgx_allex_one/allex_ces_idle_interaction_gui/install/insta360_simple_camera/lib/python3.12/site-packages:${PYTHONPATH} /usr/bin/python3 -W ignore:setup.py install is deprecated -W ignore:easy_install command is deprecated setup.py develop --editable --build-directory /home/dgx_allex_one/allex_ces_idle_interaction_gui/build/insta360_simple_camera/build --no-deps symlink_data
[1.359s] Level 1:colcon.colcon_core.shell:create_environment_hook('camera_node', 'pythonpath_develop')
[1.359s] DEBUG:colcon.colcon_core.event_handler.log_command:Invoked command in '/home/dgx_allex_one/allex_ces_idle_interaction_gui/build/camera_node' returned '0': DEBUGINFOD_URLS=https://debuginfod.ubuntu.com PYTHONPATH=/home/dgx_allex_one/allex_ces_idle_interaction_gui/build/camera_node/prefix_override:/usr/lib/python3/dist-packages/colcon_core/task/python/colcon_distutils_commands:/home/dgx_allex_one/allex_ces_idle_interaction_gui/install/camera_node/lib/python3.12/site-packages:${PYTHONPATH} /usr/bin/python3 -W ignore:setup.py install is deprecated -W ignore:easy_install command is deprecated setup.py develop --editable --build-directory /home/dgx_allex_one/allex_ces_idle_interaction_gui/build/camera_node/build --no-deps symlink_data
[1.360s] INFO:colcon.colcon_core.shell:Creating environment hook '/home/dgx_allex_one/allex_ces_idle_interaction_gui/build/camera_node/share/camera_node/hook/pythonpath_develop.ps1'
[1.361s] INFO:colcon.colcon_core.shell:Creating environment descriptor '/home/dgx_allex_one/allex_ces_idle_interaction_gui/build/camera_node/share/camera_node/hook/pythonpath_develop.dsv'
[1.361s] INFO:colcon.colcon_core.shell:Creating environment hook '/home/dgx_allex_one/allex_ces_idle_interaction_gui/build/camera_node/share/camera_node/hook/pythonpath_develop.sh'
[1.368s] Level 1:colcon.colcon_core.environment:checking '/home/dgx_allex_one/allex_ces_idle_interaction_gui/install/camera_node' for CMake module files
[1.369s] Level 1:colcon.colcon_core.environment:checking '/home/dgx_allex_one/allex_ces_idle_interaction_gui/install/camera_node' for CMake config files
[1.370s] Level 1:colcon.colcon_core.environment:checking '/home/dgx_allex_one/allex_ces_idle_interaction_gui/install/camera_node/lib'
[1.370s] Level 1:colcon.colcon_core.environment:checking '/home/dgx_allex_one/allex_ces_idle_interaction_gui/install/camera_node/bin'
[1.370s] Level 1:colcon.colcon_core.environment:checking '/home/dgx_allex_one/allex_ces_idle_interaction_gui/install/camera_node/lib/pkgconfig/camera_node.pc'
[1.370s] Level 1:colcon.colcon_core.environment:checking '/home/dgx_allex_one/allex_ces_idle_interaction_gui/install/camera_node/lib/python3.12/site-packages'
[1.370s] Level 1:colcon.colcon_core.shell:create_environment_hook('camera_node', 'pythonpath')
[1.370s] INFO:colcon.colcon_core.shell:Creating environment hook '/home/dgx_allex_one/allex_ces_idle_interaction_gui/install/camera_node/share/camera_node/hook/pythonpath.ps1'
[1.371s] INFO:colcon.colcon_core.shell:Creating environment descriptor '/home/dgx_allex_one/allex_ces_idle_interaction_gui/install/camera_node/share/camera_node/hook/pythonpath.dsv'
[1.371s] INFO:colcon.colcon_core.shell:Creating environment hook '/home/dgx_allex_one/allex_ces_idle_interaction_gui/install/camera_node/share/camera_node/hook/pythonpath.sh'
[1.371s] Level 1:colcon.colcon_core.environment:checking '/home/dgx_allex_one/allex_ces_idle_interaction_gui/install/camera_node/bin'
[1.371s] Level 1:colcon.colcon_core.environment:create_environment_scripts_only(camera_node)
[1.372s] INFO:colcon.colcon_core.shell:Creating package script '/home/dgx_allex_one/allex_ces_idle_interaction_gui/install/camera_node/share/camera_node/package.ps1'
[1.373s] INFO:colcon.colcon_core.shell:Creating package descriptor '/home/dgx_allex_one/allex_ces_idle_interaction_gui/install/camera_node/share/camera_node/package.dsv'
[1.373s] INFO:colcon.colcon_core.shell:Creating package script '/home/dgx_allex_one/allex_ces_idle_interaction_gui/install/camera_node/share/camera_node/package.sh'
[1.374s] INFO:colcon.colcon_core.shell:Creating package script '/home/dgx_allex_one/allex_ces_idle_interaction_gui/install/camera_node/share/camera_node/package.bash'
[1.375s] INFO:colcon.colcon_core.shell:Creating package script '/home/dgx_allex_one/allex_ces_idle_interaction_gui/install/camera_node/share/camera_node/package.zsh'
[1.376s] Level 1:colcon.colcon_core.environment:create_file_with_runtime_dependencies(/home/dgx_allex_one/allex_ces_idle_interaction_gui/install/camera_node/share/colcon-core/packages/camera_node)
[1.376s] Level 1:colcon.colcon_core.shell:create_environment_hook('insta360_simple_camera', 'pythonpath_develop')
[1.376s] INFO:colcon.colcon_core.shell:Creating environment hook '/home/dgx_allex_one/allex_ces_idle_interaction_gui/build/insta360_simple_camera/share/insta360_simple_camera/hook/pythonpath_develop.ps1'
[1.377s] DEBUG:colcon.colcon_core.event_handler.log_command:Invoked command in '/home/dgx_allex_one/allex_ces_idle_interaction_gui/build/insta360_simple_camera' returned '0': DEBUGINFOD_URLS=https://debuginfod.ubuntu.com PYTHONPATH=/home/dgx_allex_one/allex_ces_idle_interaction_gui/build/insta360_simple_camera/prefix_override:/usr/lib/python3/dist-packages/colcon_core/task/python/colcon_distutils_commands:/home/dgx_allex_one/allex_ces_idle_interaction_gui/install/insta360_simple_camera/lib/python3.12/site-packages:${PYTHONPATH} /usr/bin/python3 -W ignore:setup.py install is deprecated -W ignore:easy_install command is deprecated setup.py develop --editable --build-directory /home/dgx_allex_one/allex_ces_idle_interaction_gui/build/insta360_simple_camera/build --no-deps symlink_data
[1.377s] INFO:colcon.colcon_core.shell:Creating environment descriptor '/home/dgx_allex_one/allex_ces_idle_interaction_gui/build/insta360_simple_camera/share/insta360_simple_camera/hook/pythonpath_develop.dsv'
[1.377s] INFO:colcon.colcon_core.shell:Creating environment hook '/home/dgx_allex_one/allex_ces_idle_interaction_gui/build/insta360_simple_camera/share/insta360_simple_camera/hook/pythonpath_develop.sh'
[1.378s] Level 1:colcon.colcon_core.environment:checking '/home/dgx_allex_one/allex_ces_idle_interaction_gui/install/insta360_simple_camera' for CMake module files
[1.378s] Level 1:colcon.colcon_core.environment:checking '/home/dgx_allex_one/allex_ces_idle_interaction_gui/install/insta360_simple_camera' for CMake config files
[1.379s] Level 1:colcon.colcon_core.environment:checking '/home/dgx_allex_one/allex_ces_idle_interaction_gui/install/insta360_simple_camera/lib'
[1.379s] Level 1:colcon.colcon_core.environment:checking '/home/dgx_allex_one/allex_ces_idle_interaction_gui/install/insta360_simple_camera/bin'
[1.379s] Level 1:colcon.colcon_core.environment:checking '/home/dgx_allex_one/allex_ces_idle_interaction_gui/install/insta360_simple_camera/lib/pkgconfig/insta360_simple_camera.pc'
[1.379s] Level 1:colcon.colcon_core.environment:checking '/home/dgx_allex_one/allex_ces_idle_interaction_gui/install/insta360_simple_camera/lib/python3.12/site-packages'
[1.379s] Level 1:colcon.colcon_core.shell:create_environment_hook('insta360_simple_camera', 'pythonpath')
[1.379s] INFO:colcon.colcon_core.shell:Creating environment hook '/home/dgx_allex_one/allex_ces_idle_interaction_gui/install/insta360_simple_camera/share/insta360_simple_camera/hook/pythonpath.ps1'
[1.379s] INFO:colcon.colcon_core.shell:Creating environment descriptor '/home/dgx_allex_one/allex_ces_idle_interaction_gui/install/insta360_simple_camera/share/insta360_simple_camera/hook/pythonpath.dsv'
[1.380s] INFO:colcon.colcon_core.shell:Creating environment hook '/home/dgx_allex_one/allex_ces_idle_interaction_gui/install/insta360_simple_camera/share/insta360_simple_camera/hook/pythonpath.sh'
[1.380s] Level 1:colcon.colcon_core.environment:checking '/home/dgx_allex_one/allex_ces_idle_interaction_gui/install/insta360_simple_camera/bin'
[1.380s] Level 1:colcon.colcon_core.environment:create_environment_scripts_only(insta360_simple_camera)
[1.381s] INFO:colcon.colcon_core.shell:Creating package script '/home/dgx_allex_one/allex_ces_idle_interaction_gui/install/insta360_simple_camera/share/insta360_simple_camera/package.ps1'
[1.381s] INFO:colcon.colcon_core.shell:Creating package descriptor '/home/dgx_allex_one/allex_ces_idle_interaction_gui/install/insta360_simple_camera/share/insta360_simple_camera/package.dsv'
[1.381s] INFO:colcon.colcon_core.shell:Creating package script '/home/dgx_allex_one/allex_ces_idle_interaction_gui/install/insta360_simple_camera/share/insta360_simple_camera/package.sh'
[1.382s] INFO:colcon.colcon_core.shell:Creating package script '/home/dgx_allex_one/allex_ces_idle_interaction_gui/install/insta360_simple_camera/share/insta360_simple_camera/package.bash'
[1.382s] INFO:colcon.colcon_core.shell:Creating package script '/home/dgx_allex_one/allex_ces_idle_interaction_gui/install/insta360_simple_camera/share/insta360_simple_camera/package.zsh'
[1.382s] Level 1:colcon.colcon_core.environment:create_file_with_runtime_dependencies(/home/dgx_allex_one/allex_ces_idle_interaction_gui/install/insta360_simple_camera/share/colcon-core/packages/insta360_simple_camera)
[1.382s] DEBUG:colcon.colcon_parallel_executor.executor.parallel:closing loop
[1.383s] DEBUG:colcon.colcon_parallel_executor.executor.parallel:loop closed
[1.383s] DEBUG:colcon.colcon_parallel_executor.executor.parallel:run_until_complete finished with '0'
[1.383s] DEBUG:colcon.colcon_core.event_reactor:joining thread
[1.389s] INFO:colcon.colcon_core.plugin_system:Skipping extension 'colcon_notification.desktop_notification.terminal_notifier': Not used on non-Darwin systems
[1.389s] INFO:colcon.colcon_core.plugin_system:Skipping extension 'colcon_notification.desktop_notification.win32': Not used on non-Windows systems
[1.389s] INFO:colcon.colcon_notification.desktop_notification:Sending desktop notification using 'notify2'
[1.403s] DEBUG:colcon.colcon_core.event_reactor:joined thread
[1.403s] INFO:colcon.colcon_core.shell:Creating prefix script '/home/dgx_allex_one/allex_ces_idle_interaction_gui/install/local_setup.ps1'
[1.404s] INFO:colcon.colcon_core.shell:Creating prefix util module '/home/dgx_allex_one/allex_ces_idle_interaction_gui/install/_local_setup_util_ps1.py'
[1.405s] INFO:colcon.colcon_core.shell:Creating prefix chain script '/home/dgx_allex_one/allex_ces_idle_interaction_gui/install/setup.ps1'
[1.406s] INFO:colcon.colcon_core.shell:Creating prefix script '/home/dgx_allex_one/allex_ces_idle_interaction_gui/install/local_setup.sh'
[1.406s] INFO:colcon.colcon_core.shell:Creating prefix util module '/home/dgx_allex_one/allex_ces_idle_interaction_gui/install/_local_setup_util_sh.py'
[1.407s] INFO:colcon.colcon_core.shell:Creating prefix chain script '/home/dgx_allex_one/allex_ces_idle_interaction_gui/install/setup.sh'
[1.408s] INFO:colcon.colcon_core.shell:Creating prefix script '/home/dgx_allex_one/allex_ces_idle_interaction_gui/install/local_setup.bash'
[1.408s] INFO:colcon.colcon_core.shell:Creating prefix chain script '/home/dgx_allex_one/allex_ces_idle_interaction_gui/install/setup.bash'
[1.409s] INFO:colcon.colcon_core.shell:Creating prefix script '/home/dgx_allex_one/allex_ces_idle_interaction_gui/install/local_setup.zsh'
[1.410s] INFO:colcon.colcon_core.shell:Creating prefix chain script '/home/dgx_allex_one/allex_ces_idle_interaction_gui/install/setup.zsh'
