[0.000000] (-) TimerEvent: {}
[0.000083] (-) JobUnselected: {'identifier': 'orbbec_camera'}
[0.000101] (-) JobUnselected: {'identifier': 'orbbec_camera_msgs'}
[0.000111] (-) JobUnselected: {'identifier': 'orbbec_description'}
[0.000124] (camera_node) JobQueued: {'identifier': 'camera_node', 'dependencies': OrderedDict()}
[0.000280] (camera_node) JobStarted: {'identifier': 'camera_node'}
[0.100087] (-) TimerEvent: {}
[0.200345] (-) TimerEvent: {}
[0.300511] (-) TimerEvent: {}
[0.400714] (-) TimerEvent: {}
[0.497284] (camera_node) Command: {'cmd': ['/usr/bin/python3', '-W', 'ignore:setup.py install is deprecated', '-W', 'ignore:easy_install command is deprecated', 'setup.py', 'develop', '--editable', '--build-directory', '/home/dgx_allex_one/allex2head/build/camera_node/build', '--no-deps', 'symlink_data'], 'cwd': '/home/dgx_allex_one/allex2head/build/camera_node', 'env': {'GJS_DEBUG_TOPICS': 'JS ERROR;JS LOG', 'LESSOPEN': '| /usr/bin/lesspipe %s', 'VSCODE_CWD': '/home/dgx_allex_one', 'VSCODE_ESM_ENTRYPOINT': 'vs/workbench/api/node/extensionHostProcess', 'CONDA_PROMPT_MODIFIER': '(base)', 'USER': 'dgx_allex_one', 'VSCODE_NLS_CONFIG': '{"userLocale":"en-us","osLocale":"en-us","resolvedLanguage":"en","defaultMessagesFile":"/usr/share/cursor/resources/app/out/nls.messages.json","locale":"en-us","availableLanguages":{}}', 'VSCODE_HANDLES_UNCAUGHT_ERRORS': 'true', 'XDG_SESSION_TYPE': 'x11', 'CLUTTER_DISABLE_MIPMAPPED_TEXT': '1', 'SHLVL': '1', 'LD_LIBRARY_PATH': '/opt/ros/jazzy/opt/rviz_ogre_vendor/lib:/opt/ros/jazzy/lib/aarch64-linux-gnu:/opt/ros/jazzy/opt/gz_math_vendor/lib:/opt/ros/jazzy/opt/gz_utils_vendor/lib:/opt/ros/jazzy/opt/gz_cmake_vendor/lib:/opt/ros/jazzy/lib', 'HOME': '/home/dgx_allex_one', 'CHROME_DESKTOP': 'cursor.desktop', 'CONDA_SHLVL': '1', 'OLDPWD': '/home/dgx_allex_one/allex2head', 'DESKTOP_SESSION': 'ubuntu', 'VSCODE_IPC_HOOK': '/run/user/1000/vscode-798f06ff-2.1.-main.sock', 'GIO_LAUNCHED_DESKTOP_FILE': '/usr/share/applications/cursor.desktop', 'ROS_PYTHON_VERSION': '3', 'GNOME_SHELL_SESSION_MODE': 'ubuntu', 'GTK_MODULES': 'gail:atk-bridge', 'MANAGERPID': '3231', 'SYSTEMD_EXEC_PID': '3532', 'GSM_SKIP_SSH_AGENT_WORKAROUND': 'true', 'NO_COLOR': '1', 'DBUS_SESSION_BUS_ADDRESS': 'unix:path=/run/user/1000/bus', '_CE_M': '', '_CONDA_ROOT': '/home/dgx_allex_one/miniconda3', 'GIO_LAUNCHED_DESKTOP_FILE_PID': '5877', 'VSCODE_CRASH_REPORTER_PROCESS_TYPE': 'extensionHost', 'DEBUGINFOD_URLS': 'https://debuginfod.ubuntu.com', 'ROS_DISTRO': 'jazzy', 'LOGNAME': 'dgx_allex_one', 'FORCE_COLOR': '0', 'JOURNAL_STREAM': '9:34427', '_': '/usr/bin/colcon', 'ROS_VERSION': '2', 'MEMORY_PRESSURE_WATCH': '/sys/fs/cgroup/user.slice/user-1000.slice/user@1000.service/session.slice/org.gnome.Shell@x11.service/memory.pressure', 'XDG_SESSION_CLASS': 'user', 'USERNAME': 'dgx_allex_one', 'TERM': 'dumb', 'GNOME_DESKTOP_SESSION_ID': 'this-is-deprecated', '_CE_CONDA': '', 'COMPOSER_NO_INTERACTION': '1', 'WINDOWPATH': '2', 'PATH': '/home/dgx_allex_one/.local/bin:/usr/local/cuda/bin:/opt/bin:/home/dgx_allex_one/.local/bin:/home/dgx_allex_one/miniconda3/bin:/home/dgx_allex_one/miniconda3/condabin:/opt/ros/jazzy/bin:/usr/local/cuda/bin:/opt/bin:/home/dgx_allex_one/.local/bin:/usr/local/cuda/bin:/opt/bin:/usr/local/sbin:/usr/local/bin:/usr/sbin:/usr/bin:/sbin:/bin:/usr/games:/usr/local/games:/snap/bin:/snap/bin', 'SESSION_MANAGER': 'local/spark-4f0a:@/tmp/.ICE-unix/3500,unix/spark-4f0a:/tmp/.ICE-unix/3500', 'INVOCATION_ID': '79152640ce584ac3985ff14b8d031e9c', 'XDG_MENU_PREFIX': 'gnome-', 'VSCODE_PROCESS_TITLE': 'extension-host  [1-1]', 'XDG_RUNTIME_DIR': '/run/user/1000', 'GDK_BACKEND': 'x11', 'CURSOR_AGENT': '1', 'DISPLAY': ':1', 'LANG': 'en_US.UTF-8', 'XDG_CURRENT_DESKTOP': 'Unity', 'XMODIFIERS': '@im=ibus', 'XDG_SESSION_DESKTOP': 'ubuntu', 'XAUTHORITY': '/run/user/1000/gdm/Xauthority', 'LS_COLORS': '', 'SBX_CHROME_API_RQ': '1', 'CURSOR_TRACE_ID': 'fabba9e10bf346cb9f9d901c65b1875c', 'SSH_AUTH_SOCK': '/run/user/1000/keyring/ssh', 'AMENT_PREFIX_PATH': '/opt/ros/jazzy', 'CONDA_PYTHON_EXE': '/home/dgx_allex_one/miniconda3/bin/python', 'ORIGINAL_XDG_CURRENT_DESKTOP': 'ubuntu:GNOME', 'SHELL': '/bin/bash', 'QT_ACCESSIBILITY': '1', 'GDMSESSION': 'ubuntu', 'LESSCLOSE': '/usr/bin/lesspipe %s %s', 'CONDA_DEFAULT_ENV': 'base', 'GPG_AGENT_INFO': '/run/user/1000/gnupg/S.gpg-agent:0:1', 'GJS_DEBUG_OUTPUT': 'stderr', '_CONDA_EXE': '/home/dgx_allex_one/miniconda3/bin/conda', 'ROS_AUTOMATIC_DISCOVERY_RANGE': 'SUBNET', 'QT_IM_MODULE': 'ibus', 'PWD': '/home/dgx_allex_one/allex2head/build/camera_node', 'LC_ALL': 'en_US.UTF-8', 'XDG_CONFIG_DIRS': '/etc/xdg/xdg-ubuntu:/etc/xdg', 'CONDA_EXE': '/home/dgx_allex_one/miniconda3/bin/conda', 'VSCODE_CODE_CACHE_PATH': '/home/dgx_allex_one/.config/Cursor/CachedData/9cd7c8b6cebcbccc1242df211dee45a4b6fe15e0', 'XDG_DATA_DIRS': '/usr/share/ubuntu:/usr/share/gnome:/usr/local/share/:/usr/share/:/var/lib/snapd/desktop', 'PYTHONPATH': '/home/dgx_allex_one/allex2head/build/camera_node/prefix_override:/usr/lib/python3/dist-packages/colcon_core/task/python/colcon_distutils_commands:/home/dgx_allex_one/allex2head/install/camera_node/lib/python3.12/site-packages:/opt/ros/jazzy/lib/python3.12/site-packages', 'CONDA_PREFIX': '/home/dgx_allex_one/miniconda3', 'COLCON': '1', '_ZO_DOCTOR': '0', 'MEMORY_PRESSURE_WRITE': 'c29tZSAyMDAwMDAgMjAwMDAwMAA=', 'CMAKE_PREFIX_PATH': '/opt/ros/jazzy/opt/gz_math_vendor:/opt/ros/jazzy/opt/gz_utils_vendor:/opt/ros/jazzy/opt/gz_cmake_vendor', 'VSCODE_PID': '5877'}, 'shell': False}
[0.500781] (-) TimerEvent: {}
[0.601022] (-) TimerEvent: {}
[0.701291] (-) TimerEvent: {}
[0.709985] (camera_node) StdoutLine: {'line': b'running develop\n'}
[0.788092] (camera_node) StdoutLine: {'line': b'running egg_info\n'}
[0.795067] (camera_node) StdoutLine: {'line': b'writing camera_node.egg-info/PKG-INFO\n'}
[0.795217] (camera_node) StdoutLine: {'line': b'writing dependency_links to camera_node.egg-info/dependency_links.txt\n'}
[0.795447] (camera_node) StdoutLine: {'line': b'writing entry points to camera_node.egg-info/entry_points.txt\n'}
[0.795578] (camera_node) StdoutLine: {'line': b'writing requirements to camera_node.egg-info/requires.txt\n'}
[0.795642] (camera_node) StdoutLine: {'line': b'writing top-level names to camera_node.egg-info/top_level.txt\n'}
[0.801450] (-) TimerEvent: {}
[0.812097] (camera_node) StdoutLine: {'line': b"reading manifest file 'camera_node.egg-info/SOURCES.txt'\n"}
[0.812240] (camera_node) StdoutLine: {'line': b"writing manifest file 'camera_node.egg-info/SOURCES.txt'\n"}
[0.825215] (camera_node) StdoutLine: {'line': b'running build_ext\n'}
[0.825353] (camera_node) StdoutLine: {'line': b'Creating /home/dgx_allex_one/allex2head/install/camera_node/lib/python3.12/site-packages/camera-node.egg-link (link to .)\n'}
[0.825421] (camera_node) StdoutLine: {'line': b'Installing camera_publisher script to /home/dgx_allex_one/allex2head/install/camera_node/lib/camera_node\n'}
[0.825700] (camera_node) StdoutLine: {'line': b'Installing gui_node script to /home/dgx_allex_one/allex2head/install/camera_node/lib/camera_node\n'}
[0.825834] (camera_node) StdoutLine: {'line': b'Installing image_publisher script to /home/dgx_allex_one/allex2head/install/camera_node/lib/camera_node\n'}
[0.825908] (camera_node) StdoutLine: {'line': b'Installing video_publisher script to /home/dgx_allex_one/allex2head/install/camera_node/lib/camera_node\n'}
[0.825963] (camera_node) StdoutLine: {'line': b'Installing zed_publisher script to /home/dgx_allex_one/allex2head/install/camera_node/lib/camera_node\n'}
[0.826014] (camera_node) StdoutLine: {'line': b'\n'}
[0.826064] (camera_node) StdoutLine: {'line': b'Installed /home/dgx_allex_one/allex2head/build/camera_node\n'}
[0.826111] (camera_node) StdoutLine: {'line': b'running symlink_data\n'}
[0.843631] (camera_node) CommandEnded: {'returncode': 0}
[0.853392] (camera_node) JobEnded: {'identifier': 'camera_node', 'rc': 0}
[0.854057] (-) EventReactorShutdown: {}
