[0.000000] (-) TimerEvent: {}
[0.000077] (-) JobUnselected: {'identifier': 'camera_node'}
[0.000106] (-) JobUnselected: {'identifier': 'orbbec_camera'}
[0.000127] (-) JobUnselected: {'identifier': 'orbbec_camera_msgs'}
[0.000141] (-) JobUnselected: {'identifier': 'orbbec_description'}
[0.000154] (insta360_simple_camera) JobQueued: {'identifier': 'insta360_simple_camera', 'dependencies': OrderedDict()}
[0.000535] (insta360_simple_camera) JobStarted: {'identifier': 'insta360_simple_camera'}
[0.099781] (-) TimerEvent: {}
[0.200157] (-) TimerEvent: {}
[0.300470] (-) TimerEvent: {}
[0.400735] (-) TimerEvent: {}
[0.427706] (insta360_simple_camera) Command: {'cmd': ['/usr/bin/python3', '-W', 'ignore:setup.py install is deprecated', '-W', 'ignore:easy_install command is deprecated', 'setup.py', 'develop', '--editable', '--build-directory', '/home/dgx_allex_one/allex2head/build/insta360_simple_camera/build', '--no-deps', 'symlink_data'], 'cwd': '/home/dgx_allex_one/allex2head/build/insta360_simple_camera', 'env': {'GJS_DEBUG_TOPICS': 'JS ERROR;JS LOG', 'LESSOPEN': '| /usr/bin/lesspipe %s', 'VSCODE_CWD': '/home/dgx_allex_one', 'VSCODE_ESM_ENTRYPOINT': 'vs/workbench/api/node/extensionHostProcess', 'CONDA_PROMPT_MODIFIER': '(base)', 'USER': 'dgx_allex_one', 'VSCODE_NLS_CONFIG': '{"userLocale":"en-us","osLocale":"en-us","resolvedLanguage":"en","defaultMessagesFile":"/usr/share/cursor/resources/app/out/nls.messages.json","locale":"en-us","availableLanguages":{}}', 'VSCODE_HANDLES_UNCAUGHT_ERRORS': 'true', 'XDG_SESSION_TYPE': 'x11', 'CLUTTER_DISABLE_MIPMAPPED_TEXT': '1', 'SHLVL': '1', 'LD_LIBRARY_PATH': '/opt/ros/jazzy/opt/rviz_ogre_vendor/lib:/opt/ros/jazzy/lib/aarch64-linux-gnu:/opt/ros/jazzy/opt/gz_math_vendor/lib:/opt/ros/jazzy/opt/gz_utils_vendor/lib:/opt/ros/jazzy/opt/gz_cmake_vendor/lib:/opt/ros/jazzy/lib', 'HOME': '/home/dgx_allex_one', 'CHROME_DESKTOP': 'cursor.desktop', 'CONDA_SHLVL': '1', 'OLDPWD': '/home/dgx_allex_one/allex2head', 'DESKTOP_SESSION': 'ubuntu', 'VSCODE_IPC_HOOK': '/run/user/1000/vscode-798f06ff-2.1.-main.sock', 'GIO_LAUNCHED_DESKTOP_FILE': '/usr/share/applications/cursor.desktop', 'ROS_PYTHON_VERSION': '3', 'GNOME_SHELL_SESSION_MODE': 'ubuntu', 'GTK_MODULES': 'gail:atk-bridge', 'MANAGERPID': '3223', 'SYSTEMD_EXEC_PID': '3532', 'GSM_SKIP_SSH_AGENT_WORKAROUND': 'true', 'NO_COLOR': '1', 'DBUS_SESSION_BUS_ADDRESS': 'unix:path=/run/user/1000/bus', '_CONDA_ROOT': '/home/dgx_allex_one/miniconda3', 'GIO_LAUNCHED_DESKTOP_FILE_PID': '6861', 'VSCODE_CRASH_REPORTER_PROCESS_TYPE': 'extensionHost', 'DEBUGINFOD_URLS': 'https://debuginfod.ubuntu.com', 'ROS_DISTRO': 'jazzy', 'LOGNAME': 'dgx_allex_one', 'FORCE_COLOR': '0', 'JOURNAL_STREAM': '9:29398', '_': '/usr/bin/colcon', 'ROS_VERSION': '2', 'MEMORY_PRESSURE_WATCH': '/sys/fs/cgroup/user.slice/user-1000.slice/user@1000.service/session.slice/org.gnome.Shell@x11.service/memory.pressure', 'XDG_SESSION_CLASS': 'user', 'USERNAME': 'dgx_allex_one', 'TERM': 'dumb', 'GNOME_DESKTOP_SESSION_ID': 'this-is-deprecated', 'COMPOSER_NO_INTERACTION': '1', 'WINDOWPATH': '2', 'PATH': '/home/dgx_allex_one/.local/bin:/home/dgx_allex_one/miniconda3/bin:/home/dgx_allex_one/miniconda3/condabin:/opt/ros/jazzy/bin:/usr/local/cuda/bin:/opt/bin:/home/dgx_allex_one/.local/bin:/usr/local/cuda/bin:/opt/bin:/usr/local/sbin:/usr/local/bin:/usr/sbin:/usr/bin:/sbin:/bin:/usr/games:/usr/local/games:/snap/bin:/snap/bin', 'SESSION_MANAGER': 'local/spark-4f0a:@/tmp/.ICE-unix/3488,unix/spark-4f0a:/tmp/.ICE-unix/3488', 'INVOCATION_ID': 'ea59b65d56a34efabd2dcbb452e51454', 'XDG_MENU_PREFIX': 'gnome-', 'VSCODE_PROCESS_TITLE': 'extension-host  [1-1]', 'XDG_RUNTIME_DIR': '/run/user/1000', 'GDK_BACKEND': 'x11', 'CURSOR_AGENT': '1', 'DISPLAY': ':1', 'LANG': 'en_US.UTF-8', 'XDG_CURRENT_DESKTOP': 'Unity', 'XMODIFIERS': '@im=ibus', 'XDG_SESSION_DESKTOP': 'ubuntu', 'XAUTHORITY': '/run/user/1000/gdm/Xauthority', 'SBX_CHROME_API_RQ': '1', 'CURSOR_TRACE_ID': 'a117a7126cd24843aa4a1c8e6e1ccbf9', 'SSH_AUTH_SOCK': '/run/user/1000/keyring/ssh', 'AMENT_PREFIX_PATH': '/opt/ros/jazzy', 'CONDA_PYTHON_EXE': '/home/dgx_allex_one/miniconda3/bin/python', 'ORIGINAL_XDG_CURRENT_DESKTOP': 'ubuntu:GNOME', 'SHELL': '/bin/bash', 'QT_ACCESSIBILITY': '1', 'GDMSESSION': 'ubuntu', 'LESSCLOSE': '/usr/bin/lesspipe %s %s', 'CONDA_DEFAULT_ENV': 'base', 'GPG_AGENT_INFO': '/run/user/1000/gnupg/S.gpg-agent:0:1', 'GJS_DEBUG_OUTPUT': 'stderr', '_CONDA_EXE': '/home/dgx_allex_one/miniconda3/bin/conda', 'ROS_AUTOMATIC_DISCOVERY_RANGE': 'SUBNET', 'QT_IM_MODULE': 'ibus', 'PWD': '/home/dgx_allex_one/allex2head/build/insta360_simple_camera', 'LC_ALL': 'en_US.UTF-8', 'XDG_CONFIG_DIRS': '/etc/xdg/xdg-ubuntu:/etc/xdg', 'CONDA_EXE': '/home/dgx_allex_one/miniconda3/bin/conda', 'VSCODE_CODE_CACHE_PATH': '/home/dgx_allex_one/.config/Cursor/CachedData/9cd7c8b6cebcbccc1242df211dee45a4b6fe15e0', 'XDG_DATA_DIRS': '/usr/share/ubuntu:/usr/share/gnome:/usr/local/share/:/usr/share/:/var/lib/snapd/desktop', 'PYTHONPATH': '/home/dgx_allex_one/allex2head/build/insta360_simple_camera/prefix_override:/usr/lib/python3/dist-packages/colcon_core/task/python/colcon_distutils_commands:/home/dgx_allex_one/allex2head/install/insta360_simple_camera/lib/python3.12/site-packages:/opt/ros/jazzy/lib/python3.12/site-packages', 'CONDA_PREFIX': '/home/dgx_allex_one/miniconda3', 'COLCON': '1', '_ZO_DOCTOR': '0', 'MEMORY_PRESSURE_WRITE': 'c29tZSAyMDAwMDAgMjAwMDAwMAA=', 'CMAKE_PREFIX_PATH': '/opt/ros/jazzy/opt/gz_math_vendor:/opt/ros/jazzy/opt/gz_utils_vendor:/opt/ros/jazzy/opt/gz_cmake_vendor', 'VSCODE_PID': '6861'}, 'shell': False}
[0.500833] (-) TimerEvent: {}
[0.587357] (insta360_simple_camera) StdoutLine: {'line': b'running develop\n'}
[0.600918] (-) TimerEvent: {}
[0.665930] (insta360_simple_camera) StdoutLine: {'line': b'running egg_info\n'}
[0.673629] (insta360_simple_camera) StdoutLine: {'line': b'writing insta360_simple_camera.egg-info/PKG-INFO\n'}
[0.673754] (insta360_simple_camera) StdoutLine: {'line': b'writing dependency_links to insta360_simple_camera.egg-info/dependency_links.txt\n'}
[0.673971] (insta360_simple_camera) StdoutLine: {'line': b'writing entry points to insta360_simple_camera.egg-info/entry_points.txt\n'}
[0.674087] (insta360_simple_camera) StdoutLine: {'line': b'writing requirements to insta360_simple_camera.egg-info/requires.txt\n'}
[0.674117] (insta360_simple_camera) StdoutLine: {'line': b'writing top-level names to insta360_simple_camera.egg-info/top_level.txt\n'}
[0.691096] (insta360_simple_camera) StdoutLine: {'line': b"reading manifest file 'insta360_simple_camera.egg-info/SOURCES.txt'\n"}
[0.691271] (insta360_simple_camera) StdoutLine: {'line': b"writing manifest file 'insta360_simple_camera.egg-info/SOURCES.txt'\n"}
[0.701043] (-) TimerEvent: {}
[0.704797] (insta360_simple_camera) StdoutLine: {'line': b'running build_ext\n'}
[0.704933] (insta360_simple_camera) StdoutLine: {'line': b'Creating /home/dgx_allex_one/allex2head/install/insta360_simple_camera/lib/python3.12/site-packages/insta360-simple-camera.egg-link (link to .)\n'}
[0.705363] (insta360_simple_camera) StdoutLine: {'line': b'Installing steram_node script to /home/dgx_allex_one/allex2head/install/insta360_simple_camera/lib/insta360_simple_camera\n'}
[0.705485] (insta360_simple_camera) StdoutLine: {'line': b'\n'}
[0.705513] (insta360_simple_camera) StdoutLine: {'line': b'Installed /home/dgx_allex_one/allex2head/build/insta360_simple_camera\n'}
[0.705537] (insta360_simple_camera) StdoutLine: {'line': b'running symlink_data\n'}
[0.725355] (insta360_simple_camera) CommandEnded: {'returncode': 0}
[0.735130] (insta360_simple_camera) JobEnded: {'identifier': 'insta360_simple_camera', 'rc': 0}
[0.735666] (-) EventReactorShutdown: {}
