[31mCMake Error at /opt/ros/jazzy/share/rosidl_adapter/cmake/rosidl_adapt_interfaces.cmake:57 (message):
  
  execute_process(/home/dgx_allex_one/miniconda3/envs/allex_camera/bin/python3
  -m rosidl_adapter --package-name orbbec_camera_msgs --arguments-file
  /home/dgx_allex_one/allex2head/build/orbbec_camera_msgs/rosidl_adapter__arguments__orbbec_camera_msgs.json
  --output-dir
  /home/dgx_allex_one/allex2head/build/orbbec_camera_msgs/rosidl_adapter/orbbec_camera_msgs
  --output-file
  /home/dgx_allex_one/allex2head/build/orbbec_camera_msgs/rosidl_adapter/orbbec_camera_msgs.idls)
  returned error code 1:

  Traceback (most recent call last):

    File "/home/dgx_allex_one/miniconda3/envs/allex_camera/lib/python3.10/runpy.py", line 196, in _run_module_as_main
      return _run_code(code, main_globals, None,
    File "/home/dgx_allex_one/miniconda3/envs/allex_camera/lib/python3.10/runpy.py", line 86, in _run_code
      exec(code, run_globals)
    File "/opt/ros/jazzy/lib/python3.12/site-packages/rosidl_adapter/__main__.py", line 19, in <module>
      sys.exit(main())
    File "/opt/ros/jazzy/lib/python3.12/site-packages/rosidl_adapter/main.py", line 53, in main
      abs_idl_file = convert_to_idl(
    File "/opt/ros/jazzy/lib/python3.12/site-packages/rosidl_adapter/__init__.py", line 18, in convert_to_idl
      from rosidl_adapter.msg import convert_msg_to_idl
    File "/opt/ros/jazzy/lib/python3.12/site-packages/rosidl_adapter/msg/__init__.py", line 16, in <module>
      from rosidl_adapter.resource import expand_template
    File "/opt/ros/jazzy/lib/python3.12/site-packages/rosidl_adapter/resource/__init__.py", line 19, in <module>
      import em

  ModuleNotFoundError: No module named 'em'

Call Stack (most recent call first):
  /opt/ros/jazzy/share/rosidl_cmake/cmake/rosidl_generate_interfaces.cmake:132 (rosidl_adapt_interfaces)
  CMakeLists.txt:17 (rosidl_generate_interfaces)

[0m
