[0.008s] Invoking command in '/home/dgx_allex_one/allex2head/build/orbbec_camera_msgs': CMAKE_PREFIX_PATH=${CMAKE_PREFIX_PATH}:/opt/ros/jazzy CONDA_PROMPT_MODIFIER=(allex_camera) DEBUGINFOD_URLS=https://debuginfod.ubuntu.com /usr/bin/cmake --build /home/dgx_allex_one/allex2head/build/orbbec_camera_msgs -- -j20 -l20
[0.185s] [  0%] [34m[1mGenerating type hashes for ROS interfaces[0m
[0.185s] [  0%] Built target ament_cmake_python_symlink_orbbec_camera_msgs
[0.185s] running egg_info
[0.186s] writing orbbec_camera_msgs.egg-info/PKG-INFO
[0.186s] writing dependency_links to orbbec_camera_msgs.egg-info/dependency_links.txt
[0.186s] writing top-level names to orbbec_camera_msgs.egg-info/top_level.txt
[0.186s] reading manifest file 'orbbec_camera_msgs.egg-info/SOURCES.txt'
[0.186s] writing manifest file 'orbbec_camera_msgs.egg-info/SOURCES.txt'
[0.195s] [  0%] Built target ament_cmake_python_build_orbbec_camera_msgs_egg
[0.294s] [  0%] Built target orbbec_camera_msgs__rosidl_generator_type_description
[0.306s] [  0%] [34m[1mGenerating C code for ROS interfaces[0m
[0.312s] [  0%] [34m[1mGenerating C++ code for ROS interfaces[0m
[1.071s] [  0%] Built target orbbec_camera_msgs__cpp
[1.264s] [  1%] [32mBuilding C object CMakeFiles/orbbec_camera_msgs__rosidl_generator_c.dir/rosidl_generator_c/orbbec_camera_msgs/msg/detail/device_info__description.c.o[0m
[1.264s] [  1%] [32mBuilding C object CMakeFiles/orbbec_camera_msgs__rosidl_generator_c.dir/rosidl_generator_c/orbbec_camera_msgs/msg/detail/device_info__type_support.c.o[0m
[1.267s] [  3%] [32mBuilding C object CMakeFiles/orbbec_camera_msgs__rosidl_generator_c.dir/rosidl_generator_c/orbbec_camera_msgs/msg/detail/imu_info__functions.c.o[0m
[1.267s] [  3%] [32mBuilding C object CMakeFiles/orbbec_camera_msgs__rosidl_generator_c.dir/rosidl_generator_c/orbbec_camera_msgs/msg/detail/metadata__type_support.c.o[0m
[1.267s] [  4%] [32mBuilding C object CMakeFiles/orbbec_camera_msgs__rosidl_generator_c.dir/rosidl_generator_c/orbbec_camera_msgs/msg/detail/imu_info__type_support.c.o[0m
[1.267s] [  4%] [32mBuilding C object CMakeFiles/orbbec_camera_msgs__rosidl_generator_c.dir/rosidl_generator_c/orbbec_camera_msgs/msg/detail/rgbd__type_support.c.o[0m
[1.267s] [  6%] [32mBuilding C object CMakeFiles/orbbec_camera_msgs__rosidl_generator_c.dir/rosidl_generator_c/orbbec_camera_msgs/msg/detail/device_info__functions.c.o[0m
[1.267s] [  6%] [32mBuilding C object CMakeFiles/orbbec_camera_msgs__rosidl_generator_c.dir/rosidl_generator_c/orbbec_camera_msgs/msg/detail/extrinsics__description.c.o[0m
[1.267s] [  7%] [32mBuilding C object CMakeFiles/orbbec_camera_msgs__rosidl_generator_c.dir/rosidl_generator_c/orbbec_camera_msgs/srv/detail/get_bool__functions.c.o[0m
[1.267s] [  7%] [32mBuilding C object CMakeFiles/orbbec_camera_msgs__rosidl_generator_c.dir/rosidl_generator_c/orbbec_camera_msgs/msg/detail/extrinsics__functions.c.o[0m
[1.267s] [  8%] [32mBuilding C object CMakeFiles/orbbec_camera_msgs__rosidl_generator_c.dir/rosidl_generator_c/orbbec_camera_msgs/srv/detail/get_bool__type_support.c.o[0m
[1.267s] [  8%] [32mBuilding C object CMakeFiles/orbbec_camera_msgs__rosidl_generator_c.dir/rosidl_generator_c/orbbec_camera_msgs/msg/detail/metadata__functions.c.o[0m
[1.267s] [  8%] [32mBuilding C object CMakeFiles/orbbec_camera_msgs__rosidl_generator_c.dir/rosidl_generator_c/orbbec_camera_msgs/msg/detail/extrinsics__type_support.c.o[0m
[1.267s] [  9%] [32mBuilding C object CMakeFiles/orbbec_camera_msgs__rosidl_generator_c.dir/rosidl_generator_c/orbbec_camera_msgs/msg/detail/metadata__description.c.o[0m
[1.267s] [ 10%] [32mBuilding C object CMakeFiles/orbbec_camera_msgs__rosidl_generator_c.dir/rosidl_generator_c/orbbec_camera_msgs/srv/detail/get_device_info__description.c.o[0m
[1.268s] [ 11%] [32mBuilding C object CMakeFiles/orbbec_camera_msgs__rosidl_generator_c.dir/rosidl_generator_c/orbbec_camera_msgs/msg/detail/rgbd__functions.c.o[0m
[1.268s] [ 11%] [32mBuilding C object CMakeFiles/orbbec_camera_msgs__rosidl_generator_c.dir/rosidl_generator_c/orbbec_camera_msgs/msg/detail/imu_info__description.c.o[0m
[1.268s] [ 11%] [32mBuilding C object CMakeFiles/orbbec_camera_msgs__rosidl_generator_c.dir/rosidl_generator_c/orbbec_camera_msgs/msg/detail/rgbd__description.c.o[0m
[1.269s] [ 12%] [32mBuilding C object CMakeFiles/orbbec_camera_msgs__rosidl_generator_c.dir/rosidl_generator_c/orbbec_camera_msgs/srv/detail/get_bool__description.c.o[0m
[1.272s] [ 13%] [32mBuilding C object CMakeFiles/orbbec_camera_msgs__rosidl_generator_c.dir/rosidl_generator_c/orbbec_camera_msgs/srv/detail/get_device_info__functions.c.o[0m
[1.305s] [ 13%] [32mBuilding C object CMakeFiles/orbbec_camera_msgs__rosidl_generator_c.dir/rosidl_generator_c/orbbec_camera_msgs/srv/detail/get_device_info__type_support.c.o[0m
[1.309s] [ 14%] [32mBuilding C object CMakeFiles/orbbec_camera_msgs__rosidl_generator_c.dir/rosidl_generator_c/orbbec_camera_msgs/srv/detail/get_camera_info__type_support.c.o[0m
[1.310s] [ 15%] [32mBuilding C object CMakeFiles/orbbec_camera_msgs__rosidl_generator_c.dir/rosidl_generator_c/orbbec_camera_msgs/srv/detail/get_camera_info__description.c.o[0m
[1.310s] [ 15%] [32mBuilding C object CMakeFiles/orbbec_camera_msgs__rosidl_generator_c.dir/rosidl_generator_c/orbbec_camera_msgs/srv/detail/get_camera_info__functions.c.o[0m
[1.311s] [ 16%] [32mBuilding C object CMakeFiles/orbbec_camera_msgs__rosidl_generator_c.dir/rosidl_generator_c/orbbec_camera_msgs/srv/detail/get_int32__description.c.o[0m
[1.313s] [ 16%] [32mBuilding C object CMakeFiles/orbbec_camera_msgs__rosidl_generator_c.dir/rosidl_generator_c/orbbec_camera_msgs/srv/detail/get_int32__functions.c.o[0m
[1.318s] [ 16%] [32mBuilding C object CMakeFiles/orbbec_camera_msgs__rosidl_generator_c.dir/rosidl_generator_c/orbbec_camera_msgs/srv/detail/get_string__description.c.o[0m
[1.318s] [ 17%] [32mBuilding C object CMakeFiles/orbbec_camera_msgs__rosidl_generator_c.dir/rosidl_generator_c/orbbec_camera_msgs/srv/detail/get_int32__type_support.c.o[0m
[1.322s] [ 18%] [32mBuilding C object CMakeFiles/orbbec_camera_msgs__rosidl_generator_c.dir/rosidl_generator_c/orbbec_camera_msgs/srv/detail/get_string__functions.c.o[0m
[1.322s] [ 19%] [32mBuilding C object CMakeFiles/orbbec_camera_msgs__rosidl_generator_c.dir/rosidl_generator_c/orbbec_camera_msgs/srv/detail/set_filter__functions.c.o[0m
[1.323s] [ 19%] [32mBuilding C object CMakeFiles/orbbec_camera_msgs__rosidl_generator_c.dir/rosidl_generator_c/orbbec_camera_msgs/srv/detail/set_filter__description.c.o[0m
[1.324s] [ 20%] [32mBuilding C object CMakeFiles/orbbec_camera_msgs__rosidl_generator_c.dir/rosidl_generator_c/orbbec_camera_msgs/srv/detail/get_string__type_support.c.o[0m
[1.326s] [ 21%] [32mBuilding C object CMakeFiles/orbbec_camera_msgs__rosidl_generator_c.dir/rosidl_generator_c/orbbec_camera_msgs/srv/detail/set_int32__description.c.o[0m
[1.326s] [ 21%] [32mBuilding C object CMakeFiles/orbbec_camera_msgs__rosidl_generator_c.dir/rosidl_generator_c/orbbec_camera_msgs/srv/detail/set_filter__type_support.c.o[0m
[1.329s] [ 24%] [32mBuilding C object CMakeFiles/orbbec_camera_msgs__rosidl_generator_c.dir/rosidl_generator_c/orbbec_camera_msgs/srv/detail/set_string__functions.c.o[0m
[1.330s] [ 24%] [32mBuilding C object CMakeFiles/orbbec_camera_msgs__rosidl_generator_c.dir/rosidl_generator_c/orbbec_camera_msgs/srv/detail/set_string__description.c.o[0m
[1.330s] [ 24%] [32mBuilding C object CMakeFiles/orbbec_camera_msgs__rosidl_generator_c.dir/rosidl_generator_c/orbbec_camera_msgs/srv/detail/set_int32__functions.c.o[0m
[1.330s] [ 24%] [32mBuilding C object CMakeFiles/orbbec_camera_msgs__rosidl_generator_c.dir/rosidl_generator_c/orbbec_camera_msgs/srv/detail/set_int32__type_support.c.o[0m
[1.330s] [ 24%] [32mBuilding C object CMakeFiles/orbbec_camera_msgs__rosidl_generator_c.dir/rosidl_generator_c/orbbec_camera_msgs/srv/detail/set_string__type_support.c.o[0m
[1.336s] [ 25%] [32mBuilding C object CMakeFiles/orbbec_camera_msgs__rosidl_generator_c.dir/rosidl_generator_c/orbbec_camera_msgs/srv/detail/set_arrays__description.c.o[0m
[1.336s] [ 25%] [32mBuilding C object CMakeFiles/orbbec_camera_msgs__rosidl_generator_c.dir/rosidl_generator_c/orbbec_camera_msgs/srv/detail/set_arrays__functions.c.o[0m
[1.336s] [ 26%] [32mBuilding C object CMakeFiles/orbbec_camera_msgs__rosidl_generator_c.dir/rosidl_generator_c/orbbec_camera_msgs/srv/detail/set_arrays__type_support.c.o[0m
[1.398s] [ 27%] [32m[1mLinking C shared library liborbbec_camera_msgs__rosidl_generator_c.so[0m
[1.430s] [ 27%] Built target orbbec_camera_msgs__rosidl_generator_c
[1.436s] [ 29%] [34m[1mGenerating C++ type support dispatch for ROS interfaces[0m
[1.436s] [ 29%] [34m[1mGenerating C type support dispatch for ROS interfaces[0m
[1.436s] [ 29%] [34m[1mGenerating C type support for eProsima Fast-RTPS[0m
[1.440s] [ 31%] [34m[1mGenerating C++ introspection for ROS interfaces[0m
[1.440s] [ 31%] [34m[1mGenerating C++ type support for eProsima Fast-RTPS[0m
[1.440s] [ 31%] [34m[1mGenerating C introspection for ROS interfaces[0m
[1.852s] [ 31%] [32mBuilding CXX object CMakeFiles/orbbec_camera_msgs__rosidl_typesupport_c.dir/rosidl_typesupport_c/orbbec_camera_msgs/msg/imu_info__type_support.cpp.o[0m
[1.852s] [ 32%] [32mBuilding CXX object CMakeFiles/orbbec_camera_msgs__rosidl_typesupport_c.dir/rosidl_typesupport_c/orbbec_camera_msgs/msg/metadata__type_support.cpp.o[0m
[1.852s] [ 32%] [32mBuilding CXX object CMakeFiles/orbbec_camera_msgs__rosidl_typesupport_c.dir/rosidl_typesupport_c/orbbec_camera_msgs/msg/extrinsics__type_support.cpp.o[0m
[1.852s] [ 33%] [32mBuilding CXX object CMakeFiles/orbbec_camera_msgs__rosidl_typesupport_c.dir/rosidl_typesupport_c/orbbec_camera_msgs/msg/device_info__type_support.cpp.o[0m
[1.854s] [ 34%] [32mBuilding CXX object CMakeFiles/orbbec_camera_msgs__rosidl_typesupport_c.dir/rosidl_typesupport_c/orbbec_camera_msgs/msg/rgbd__type_support.cpp.o[0m
[1.858s] [ 35%] [32mBuilding CXX object CMakeFiles/orbbec_camera_msgs__rosidl_typesupport_c.dir/rosidl_typesupport_c/orbbec_camera_msgs/srv/get_string__type_support.cpp.o[0m
[1.858s] [ 36%] [32mBuilding CXX object CMakeFiles/orbbec_camera_msgs__rosidl_typesupport_c.dir/rosidl_typesupport_c/orbbec_camera_msgs/srv/get_bool__type_support.cpp.o[0m
[1.859s] [ 37%] [32mBuilding CXX object CMakeFiles/orbbec_camera_msgs__rosidl_typesupport_c.dir/rosidl_typesupport_c/orbbec_camera_msgs/srv/set_string__type_support.cpp.o[0m
[1.859s] [ 37%] [32mBuilding CXX object CMakeFiles/orbbec_camera_msgs__rosidl_typesupport_c.dir/rosidl_typesupport_c/orbbec_camera_msgs/srv/get_device_info__type_support.cpp.o[0m
[1.859s] [ 38%] [32mBuilding CXX object CMakeFiles/orbbec_camera_msgs__rosidl_typesupport_c.dir/rosidl_typesupport_c/orbbec_camera_msgs/srv/get_camera_info__type_support.cpp.o[0m
[1.859s] [ 38%] [32mBuilding CXX object CMakeFiles/orbbec_camera_msgs__rosidl_typesupport_c.dir/rosidl_typesupport_c/orbbec_camera_msgs/srv/get_int32__type_support.cpp.o[0m
[1.859s] [ 38%] [32mBuilding CXX object CMakeFiles/orbbec_camera_msgs__rosidl_typesupport_c.dir/rosidl_typesupport_c/orbbec_camera_msgs/srv/set_arrays__type_support.cpp.o[0m
[1.860s] [ 39%] [32mBuilding CXX object CMakeFiles/orbbec_camera_msgs__rosidl_typesupport_c.dir/rosidl_typesupport_c/orbbec_camera_msgs/srv/set_filter__type_support.cpp.o[0m
[1.860s] [ 39%] [32mBuilding CXX object CMakeFiles/orbbec_camera_msgs__rosidl_typesupport_c.dir/rosidl_typesupport_c/orbbec_camera_msgs/srv/set_int32__type_support.cpp.o[0m
[1.867s] [ 39%] [32mBuilding CXX object CMakeFiles/orbbec_camera_msgs__rosidl_typesupport_cpp.dir/rosidl_typesupport_cpp/orbbec_camera_msgs/msg/device_info__type_support.cpp.o[0m
[1.869s] [ 40%] [32mBuilding CXX object CMakeFiles/orbbec_camera_msgs__rosidl_typesupport_cpp.dir/rosidl_typesupport_cpp/orbbec_camera_msgs/msg/extrinsics__type_support.cpp.o[0m
[1.898s] [ 41%] [32mBuilding CXX object CMakeFiles/orbbec_camera_msgs__rosidl_typesupport_cpp.dir/rosidl_typesupport_cpp/orbbec_camera_msgs/msg/metadata__type_support.cpp.o[0m
[1.899s] [ 42%] [32mBuilding CXX object CMakeFiles/orbbec_camera_msgs__rosidl_typesupport_cpp.dir/rosidl_typesupport_cpp/orbbec_camera_msgs/msg/rgbd__type_support.cpp.o[0m
[1.899s] [ 42%] [32mBuilding CXX object CMakeFiles/orbbec_camera_msgs__rosidl_typesupport_cpp.dir/rosidl_typesupport_cpp/orbbec_camera_msgs/msg/imu_info__type_support.cpp.o[0m
[1.903s] [ 43%] [32mBuilding CXX object CMakeFiles/orbbec_camera_msgs__rosidl_typesupport_cpp.dir/rosidl_typesupport_cpp/orbbec_camera_msgs/srv/set_string__type_support.cpp.o[0m
[1.904s] [ 44%] [32mBuilding CXX object CMakeFiles/orbbec_camera_msgs__rosidl_typesupport_cpp.dir/rosidl_typesupport_cpp/orbbec_camera_msgs/srv/get_device_info__type_support.cpp.o[0m
[1.904s] [ 45%] [32mBuilding CXX object CMakeFiles/orbbec_camera_msgs__rosidl_typesupport_cpp.dir/rosidl_typesupport_cpp/orbbec_camera_msgs/srv/get_int32__type_support.cpp.o[0m
[1.904s] [ 45%] [32mBuilding CXX object CMakeFiles/orbbec_camera_msgs__rosidl_typesupport_cpp.dir/rosidl_typesupport_cpp/orbbec_camera_msgs/srv/get_camera_info__type_support.cpp.o[0m
[1.905s] [ 45%] [32mBuilding CXX object CMakeFiles/orbbec_camera_msgs__rosidl_typesupport_cpp.dir/rosidl_typesupport_cpp/orbbec_camera_msgs/srv/set_filter__type_support.cpp.o[0m
[1.905s] [ 46%] [32mBuilding CXX object CMakeFiles/orbbec_camera_msgs__rosidl_typesupport_cpp.dir/rosidl_typesupport_cpp/orbbec_camera_msgs/srv/get_bool__type_support.cpp.o[0m
[1.905s] [ 46%] [32mBuilding CXX object CMakeFiles/orbbec_camera_msgs__rosidl_typesupport_cpp.dir/rosidl_typesupport_cpp/orbbec_camera_msgs/srv/get_string__type_support.cpp.o[0m
[1.905s] [ 47%] [32mBuilding CXX object CMakeFiles/orbbec_camera_msgs__rosidl_typesupport_cpp.dir/rosidl_typesupport_cpp/orbbec_camera_msgs/srv/set_int32__type_support.cpp.o[0m
[1.905s] [ 47%] [32mBuilding CXX object CMakeFiles/orbbec_camera_msgs__rosidl_typesupport_cpp.dir/rosidl_typesupport_cpp/orbbec_camera_msgs/srv/set_arrays__type_support.cpp.o[0m
[1.906s] [ 48%] [32m[1mLinking CXX shared library liborbbec_camera_msgs__rosidl_typesupport_c.so[0m
[1.957s] [ 48%] Built target orbbec_camera_msgs__rosidl_typesupport_c
[2.107s] [ 48%] [32mBuilding CXX object CMakeFiles/orbbec_camera_msgs__rosidl_typesupport_introspection_cpp.dir/rosidl_typesupport_introspection_cpp/orbbec_camera_msgs/msg/detail/imu_info__type_support.cpp.o[0m
[2.107s] [ 48%] [32mBuilding CXX object CMakeFiles/orbbec_camera_msgs__rosidl_typesupport_introspection_cpp.dir/rosidl_typesupport_introspection_cpp/orbbec_camera_msgs/msg/detail/device_info__type_support.cpp.o[0m
[2.108s] [ 49%] [32mBuilding CXX object CMakeFiles/orbbec_camera_msgs__rosidl_typesupport_introspection_cpp.dir/rosidl_typesupport_introspection_cpp/orbbec_camera_msgs/msg/detail/extrinsics__type_support.cpp.o[0m
[2.109s] [ 50%] [32mBuilding CXX object CMakeFiles/orbbec_camera_msgs__rosidl_typesupport_introspection_cpp.dir/rosidl_typesupport_introspection_cpp/orbbec_camera_msgs/msg/detail/metadata__type_support.cpp.o[0m
[2.111s] [ 51%] [32mBuilding CXX object CMakeFiles/orbbec_camera_msgs__rosidl_typesupport_introspection_cpp.dir/rosidl_typesupport_introspection_cpp/orbbec_camera_msgs/msg/detail/rgbd__type_support.cpp.o[0m
[2.115s] [ 51%] [32mBuilding CXX object CMakeFiles/orbbec_camera_msgs__rosidl_typesupport_introspection_cpp.dir/rosidl_typesupport_introspection_cpp/orbbec_camera_msgs/srv/detail/get_bool__type_support.cpp.o[0m
[2.129s] [ 52%] [32mBuilding CXX object CMakeFiles/orbbec_camera_msgs__rosidl_typesupport_introspection_cpp.dir/rosidl_typesupport_introspection_cpp/orbbec_camera_msgs/srv/detail/get_device_info__type_support.cpp.o[0m
[2.131s] [ 52%] [32mBuilding CXX object CMakeFiles/orbbec_camera_msgs__rosidl_typesupport_introspection_cpp.dir/rosidl_typesupport_introspection_cpp/orbbec_camera_msgs/srv/detail/get_int32__type_support.cpp.o[0m
[2.134s] [ 53%] [32mBuilding CXX object CMakeFiles/orbbec_camera_msgs__rosidl_typesupport_introspection_cpp.dir/rosidl_typesupport_introspection_cpp/orbbec_camera_msgs/srv/detail/get_camera_info__type_support.cpp.o[0m
[2.137s] [ 54%] [32mBuilding CXX object CMakeFiles/orbbec_camera_msgs__rosidl_typesupport_introspection_cpp.dir/rosidl_typesupport_introspection_cpp/orbbec_camera_msgs/srv/detail/get_string__type_support.cpp.o[0m
[2.140s] [ 54%] [32mBuilding CXX object CMakeFiles/orbbec_camera_msgs__rosidl_typesupport_introspection_cpp.dir/rosidl_typesupport_introspection_cpp/orbbec_camera_msgs/srv/detail/set_filter__type_support.cpp.o[0m
[2.144s] [ 55%] [32mBuilding CXX object CMakeFiles/orbbec_camera_msgs__rosidl_typesupport_introspection_cpp.dir/rosidl_typesupport_introspection_cpp/orbbec_camera_msgs/srv/detail/set_string__type_support.cpp.o[0m
[2.144s] [ 56%] [32mBuilding CXX object CMakeFiles/orbbec_camera_msgs__rosidl_typesupport_introspection_cpp.dir/rosidl_typesupport_introspection_cpp/orbbec_camera_msgs/srv/detail/set_int32__type_support.cpp.o[0m
[2.153s] [ 57%] [32mBuilding C object CMakeFiles/orbbec_camera_msgs__rosidl_typesupport_introspection_c.dir/rosidl_typesupport_introspection_c/orbbec_camera_msgs/msg/detail/device_info__type_support.c.o[0m
[2.171s] [ 57%] [32mBuilding CXX object CMakeFiles/orbbec_camera_msgs__rosidl_typesupport_introspection_cpp.dir/rosidl_typesupport_introspection_cpp/orbbec_camera_msgs/srv/detail/set_arrays__type_support.cpp.o[0m
[2.178s] [ 57%] [32mBuilding C object CMakeFiles/orbbec_camera_msgs__rosidl_typesupport_introspection_c.dir/rosidl_typesupport_introspection_c/orbbec_camera_msgs/msg/detail/extrinsics__type_support.c.o[0m
[2.184s] [ 58%] [32mBuilding C object CMakeFiles/orbbec_camera_msgs__rosidl_typesupport_introspection_c.dir/rosidl_typesupport_introspection_c/orbbec_camera_msgs/msg/detail/metadata__type_support.c.o[0m
[2.191s] [ 59%] [32m[1mLinking CXX shared library liborbbec_camera_msgs__rosidl_typesupport_cpp.so[0m
[2.195s] [ 59%] [32mBuilding C object CMakeFiles/orbbec_camera_msgs__rosidl_typesupport_introspection_c.dir/rosidl_typesupport_introspection_c/orbbec_camera_msgs/msg/detail/imu_info__type_support.c.o[0m
[2.205s] [ 60%] [32mBuilding C object CMakeFiles/orbbec_camera_msgs__rosidl_typesupport_introspection_c.dir/rosidl_typesupport_introspection_c/orbbec_camera_msgs/msg/detail/rgbd__type_support.c.o[0m
[2.215s] [ 61%] [32mBuilding C object CMakeFiles/orbbec_camera_msgs__rosidl_typesupport_introspection_c.dir/rosidl_typesupport_introspection_c/orbbec_camera_msgs/srv/detail/get_bool__type_support.c.o[0m
[2.236s] [ 61%] [32mBuilding C object CMakeFiles/orbbec_camera_msgs__rosidl_typesupport_introspection_c.dir/rosidl_typesupport_introspection_c/orbbec_camera_msgs/srv/detail/get_device_info__type_support.c.o[0m
[2.241s] [ 62%] [32mBuilding C object CMakeFiles/orbbec_camera_msgs__rosidl_typesupport_introspection_c.dir/rosidl_typesupport_introspection_c/orbbec_camera_msgs/srv/detail/get_camera_info__type_support.c.o[0m
[2.257s] [ 62%] [32mBuilding C object CMakeFiles/orbbec_camera_msgs__rosidl_typesupport_introspection_c.dir/rosidl_typesupport_introspection_c/orbbec_camera_msgs/srv/detail/get_int32__type_support.c.o[0m
[2.275s] [ 63%] [32mBuilding C object CMakeFiles/orbbec_camera_msgs__rosidl_typesupport_introspection_c.dir/rosidl_typesupport_introspection_c/orbbec_camera_msgs/srv/detail/get_string__type_support.c.o[0m
[2.279s] [ 63%] Built target orbbec_camera_msgs__rosidl_typesupport_cpp
[2.285s] [ 64%] [32mBuilding C object CMakeFiles/orbbec_camera_msgs__rosidl_typesupport_introspection_c.dir/rosidl_typesupport_introspection_c/orbbec_camera_msgs/srv/detail/set_filter__type_support.c.o[0m
[2.293s] [ 64%] [32mBuilding C object CMakeFiles/orbbec_camera_msgs__rosidl_typesupport_introspection_c.dir/rosidl_typesupport_introspection_c/orbbec_camera_msgs/srv/detail/set_int32__type_support.c.o[0m
[2.304s] [ 65%] [32mBuilding C object CMakeFiles/orbbec_camera_msgs__rosidl_typesupport_introspection_c.dir/rosidl_typesupport_introspection_c/orbbec_camera_msgs/srv/detail/set_string__type_support.c.o[0m
[2.325s] [ 65%] [32mBuilding C object CMakeFiles/orbbec_camera_msgs__rosidl_typesupport_introspection_c.dir/rosidl_typesupport_introspection_c/orbbec_camera_msgs/srv/detail/set_arrays__type_support.c.o[0m
[2.354s] [ 66%] [32m[1mLinking C shared library liborbbec_camera_msgs__rosidl_typesupport_introspection_c.so[0m
[2.363s] [ 67%] [32mBuilding CXX object CMakeFiles/orbbec_camera_msgs__rosidl_typesupport_fastrtps_cpp.dir/rosidl_typesupport_fastrtps_cpp/orbbec_camera_msgs/msg/detail/dds_fastrtps/device_info__type_support.cpp.o[0m
[2.363s] [ 67%] [32mBuilding CXX object CMakeFiles/orbbec_camera_msgs__rosidl_typesupport_fastrtps_cpp.dir/rosidl_typesupport_fastrtps_cpp/orbbec_camera_msgs/srv/detail/dds_fastrtps/get_device_info__type_support.cpp.o[0m
[2.364s] [ 68%] [32mBuilding CXX object CMakeFiles/orbbec_camera_msgs__rosidl_typesupport_fastrtps_cpp.dir/rosidl_typesupport_fastrtps_cpp/orbbec_camera_msgs/srv/detail/dds_fastrtps/get_int32__type_support.cpp.o[0m
[2.365s] [ 68%] [32mBuilding CXX object CMakeFiles/orbbec_camera_msgs__rosidl_typesupport_fastrtps_cpp.dir/rosidl_typesupport_fastrtps_cpp/orbbec_camera_msgs/msg/detail/dds_fastrtps/rgbd__type_support.cpp.o[0m
[2.366s] [ 70%] [32mBuilding CXX object CMakeFiles/orbbec_camera_msgs__rosidl_typesupport_fastrtps_cpp.dir/rosidl_typesupport_fastrtps_cpp/orbbec_camera_msgs/msg/detail/dds_fastrtps/metadata__type_support.cpp.o[0m
[2.366s] [ 70%] [32mBuilding CXX object CMakeFiles/orbbec_camera_msgs__rosidl_typesupport_fastrtps_cpp.dir/rosidl_typesupport_fastrtps_cpp/orbbec_camera_msgs/srv/detail/dds_fastrtps/get_string__type_support.cpp.o[0m
[2.367s] [ 71%] [32mBuilding CXX object CMakeFiles/orbbec_camera_msgs__rosidl_typesupport_fastrtps_cpp.dir/rosidl_typesupport_fastrtps_cpp/orbbec_camera_msgs/srv/detail/dds_fastrtps/set_int32__type_support.cpp.o[0m
[2.368s] [ 72%] [32mBuilding CXX object CMakeFiles/orbbec_camera_msgs__rosidl_typesupport_fastrtps_cpp.dir/rosidl_typesupport_fastrtps_cpp/orbbec_camera_msgs/msg/detail/dds_fastrtps/imu_info__type_support.cpp.o[0m
[2.368s] [ 72%] [32mBuilding CXX object CMakeFiles/orbbec_camera_msgs__rosidl_typesupport_fastrtps_cpp.dir/rosidl_typesupport_fastrtps_cpp/orbbec_camera_msgs/msg/detail/dds_fastrtps/extrinsics__type_support.cpp.o[0m
[2.368s] [ 72%] [32mBuilding CXX object CMakeFiles/orbbec_camera_msgs__rosidl_typesupport_fastrtps_cpp.dir/rosidl_typesupport_fastrtps_cpp/orbbec_camera_msgs/srv/detail/dds_fastrtps/get_bool__type_support.cpp.o[0m
[2.368s] [ 74%] [32mBuilding CXX object CMakeFiles/orbbec_camera_msgs__rosidl_typesupport_fastrtps_cpp.dir/rosidl_typesupport_fastrtps_cpp/orbbec_camera_msgs/srv/detail/dds_fastrtps/set_filter__type_support.cpp.o[0m
[2.369s] [ 74%] [32mBuilding CXX object CMakeFiles/orbbec_camera_msgs__rosidl_typesupport_fastrtps_cpp.dir/rosidl_typesupport_fastrtps_cpp/orbbec_camera_msgs/srv/detail/dds_fastrtps/get_camera_info__type_support.cpp.o[0m
[2.369s] [ 74%] [32mBuilding CXX object CMakeFiles/orbbec_camera_msgs__rosidl_typesupport_fastrtps_cpp.dir/rosidl_typesupport_fastrtps_cpp/orbbec_camera_msgs/srv/detail/dds_fastrtps/set_string__type_support.cpp.o[0m
[2.385s] [ 74%] Built target orbbec_camera_msgs__rosidl_typesupport_introspection_c
[2.388s] [ 75%] [32mBuilding CXX object CMakeFiles/orbbec_camera_msgs__rosidl_typesupport_fastrtps_c.dir/rosidl_typesupport_fastrtps_c/orbbec_camera_msgs/msg/detail/device_info__type_support_c.cpp.o[0m
[2.389s] [ 76%] [32mBuilding CXX object CMakeFiles/orbbec_camera_msgs__rosidl_typesupport_fastrtps_cpp.dir/rosidl_typesupport_fastrtps_cpp/orbbec_camera_msgs/srv/detail/dds_fastrtps/set_arrays__type_support.cpp.o[0m
[2.395s] [ 77%] [32mBuilding CXX object CMakeFiles/orbbec_camera_msgs__rosidl_typesupport_fastrtps_c.dir/rosidl_typesupport_fastrtps_c/orbbec_camera_msgs/msg/detail/extrinsics__type_support_c.cpp.o[0m
[2.425s] [ 77%] [32mBuilding CXX object CMakeFiles/orbbec_camera_msgs__rosidl_typesupport_fastrtps_c.dir/rosidl_typesupport_fastrtps_c/orbbec_camera_msgs/msg/detail/metadata__type_support_c.cpp.o[0m
[2.429s] [ 78%] [32mBuilding CXX object CMakeFiles/orbbec_camera_msgs__rosidl_typesupport_fastrtps_c.dir/rosidl_typesupport_fastrtps_c/orbbec_camera_msgs/msg/detail/imu_info__type_support_c.cpp.o[0m
[2.449s] [ 78%] [32mBuilding CXX object CMakeFiles/orbbec_camera_msgs__rosidl_typesupport_fastrtps_c.dir/rosidl_typesupport_fastrtps_c/orbbec_camera_msgs/msg/detail/rgbd__type_support_c.cpp.o[0m
[2.458s] [ 79%] [32m[1mLinking CXX shared library liborbbec_camera_msgs__rosidl_typesupport_introspection_cpp.so[0m
[2.593s] [ 79%] Built target orbbec_camera_msgs__rosidl_typesupport_introspection_cpp
[2.599s] [ 79%] [32mBuilding CXX object CMakeFiles/orbbec_camera_msgs__rosidl_typesupport_fastrtps_c.dir/rosidl_typesupport_fastrtps_c/orbbec_camera_msgs/srv/detail/get_camera_info__type_support_c.cpp.o[0m
[2.604s] [ 80%] [32mBuilding CXX object CMakeFiles/orbbec_camera_msgs__rosidl_typesupport_fastrtps_c.dir/rosidl_typesupport_fastrtps_c/orbbec_camera_msgs/srv/detail/get_device_info__type_support_c.cpp.o[0m
[2.606s] [ 81%] [32mBuilding CXX object CMakeFiles/orbbec_camera_msgs__rosidl_typesupport_fastrtps_c.dir/rosidl_typesupport_fastrtps_c/orbbec_camera_msgs/srv/detail/get_bool__type_support_c.cpp.o[0m
[2.626s] [ 82%] [32mBuilding CXX object CMakeFiles/orbbec_camera_msgs__rosidl_typesupport_fastrtps_c.dir/rosidl_typesupport_fastrtps_c/orbbec_camera_msgs/srv/detail/get_int32__type_support_c.cpp.o[0m
[2.646s] [ 82%] [32mBuilding CXX object CMakeFiles/orbbec_camera_msgs__rosidl_typesupport_fastrtps_c.dir/rosidl_typesupport_fastrtps_c/orbbec_camera_msgs/srv/detail/set_filter__type_support_c.cpp.o[0m
[2.651s] [ 83%] [32mBuilding CXX object CMakeFiles/orbbec_camera_msgs__rosidl_typesupport_fastrtps_c.dir/rosidl_typesupport_fastrtps_c/orbbec_camera_msgs/srv/detail/set_int32__type_support_c.cpp.o[0m
[2.653s] [ 84%] [32mBuilding CXX object CMakeFiles/orbbec_camera_msgs__rosidl_typesupport_fastrtps_c.dir/rosidl_typesupport_fastrtps_c/orbbec_camera_msgs/srv/detail/get_string__type_support_c.cpp.o[0m
[2.663s] [ 84%] [32mBuilding CXX object CMakeFiles/orbbec_camera_msgs__rosidl_typesupport_fastrtps_c.dir/rosidl_typesupport_fastrtps_c/orbbec_camera_msgs/srv/detail/set_string__type_support_c.cpp.o[0m
[2.690s] [ 85%] [32mBuilding CXX object CMakeFiles/orbbec_camera_msgs__rosidl_typesupport_fastrtps_c.dir/rosidl_typesupport_fastrtps_c/orbbec_camera_msgs/srv/detail/set_arrays__type_support_c.cpp.o[0m
[2.890s] [ 85%] [32m[1mLinking CXX shared library liborbbec_camera_msgs__rosidl_typesupport_fastrtps_cpp.so[0m
[2.959s] [ 85%] Built target orbbec_camera_msgs__rosidl_typesupport_fastrtps_cpp
[2.968s] [ 86%] [32m[1mLinking CXX shared library liborbbec_camera_msgs__rosidl_typesupport_fastrtps_c.so[0m
[3.015s] [ 86%] Built target orbbec_camera_msgs__rosidl_typesupport_fastrtps_c
[3.031s] [ 86%] Built target orbbec_camera_msgs
[3.048s] [ 87%] [34m[1mGenerating Python code for ROS interfaces[0m
[4.391s] [ 87%] Built target orbbec_camera_msgs__py
[4.405s] [ 89%] [32mBuilding C object CMakeFiles/orbbec_camera_msgs__rosidl_generator_py.dir/rosidl_generator_py/orbbec_camera_msgs/msg/_rgbd_s.c.o[0m
[4.405s] [ 89%] [32mBuilding C object CMakeFiles/orbbec_camera_msgs__rosidl_generator_py.dir/rosidl_generator_py/orbbec_camera_msgs/msg/_extrinsics_s.c.o[0m
[4.405s] [ 90%] [32mBuilding C object CMakeFiles/orbbec_camera_msgs__rosidl_generator_py.dir/rosidl_generator_py/orbbec_camera_msgs/msg/_metadata_s.c.o[0m
[4.405s] [ 90%] [32mBuilding C object CMakeFiles/orbbec_camera_msgs__rosidl_generator_py.dir/rosidl_generator_py/orbbec_camera_msgs/msg/_imu_info_s.c.o[0m
[4.406s] [ 91%] [32mBuilding C object CMakeFiles/orbbec_camera_msgs__rosidl_generator_py.dir/rosidl_generator_py/orbbec_camera_msgs/srv/_set_arrays_s.c.o[0m
[4.406s] [ 91%] [32mBuilding C object CMakeFiles/orbbec_camera_msgs__rosidl_generator_py.dir/rosidl_generator_py/orbbec_camera_msgs/msg/_device_info_s.c.o[0m
[4.407s] [ 91%] [32mBuilding C object CMakeFiles/orbbec_camera_msgs__rosidl_generator_py.dir/rosidl_generator_py/orbbec_camera_msgs/srv/_get_bool_s.c.o[0m
[4.407s] [ 92%] [32mBuilding C object CMakeFiles/orbbec_camera_msgs__rosidl_generator_py.dir/rosidl_generator_py/orbbec_camera_msgs/srv/_get_device_info_s.c.o[0m
[4.407s] [ 93%] [32mBuilding C object CMakeFiles/orbbec_camera_msgs__rosidl_generator_py.dir/rosidl_generator_py/orbbec_camera_msgs/srv/_get_int32_s.c.o[0m
[4.408s] [ 93%] [32mBuilding C object CMakeFiles/orbbec_camera_msgs__rosidl_generator_py.dir/rosidl_generator_py/orbbec_camera_msgs/srv/_get_camera_info_s.c.o[0m
[4.408s] [ 94%] [32mBuilding C object CMakeFiles/orbbec_camera_msgs__rosidl_generator_py.dir/rosidl_generator_py/orbbec_camera_msgs/srv/_get_string_s.c.o[0m
[4.408s] [ 94%] [32mBuilding C object CMakeFiles/orbbec_camera_msgs__rosidl_generator_py.dir/rosidl_generator_py/orbbec_camera_msgs/srv/_set_filter_s.c.o[0m
[4.408s] [ 95%] [32mBuilding C object CMakeFiles/orbbec_camera_msgs__rosidl_generator_py.dir/rosidl_generator_py/orbbec_camera_msgs/srv/_set_int32_s.c.o[0m
[4.408s] [ 95%] [32mBuilding C object CMakeFiles/orbbec_camera_msgs__rosidl_generator_py.dir/rosidl_generator_py/orbbec_camera_msgs/srv/_set_string_s.c.o[0m
[4.521s] [ 96%] [32m[1mLinking C shared library liborbbec_camera_msgs__rosidl_generator_py.so[0m
[4.556s] [ 96%] Built target orbbec_camera_msgs__rosidl_generator_py
[4.570s] [ 97%] [32mBuilding C object CMakeFiles/orbbec_camera_msgs_s__rosidl_typesupport_fastrtps_c.dir/rosidl_generator_py/orbbec_camera_msgs/_orbbec_camera_msgs_s.ep.rosidl_typesupport_fastrtps_c.c.o[0m
[4.571s] [ 98%] [32mBuilding C object CMakeFiles/orbbec_camera_msgs_s__rosidl_typesupport_introspection_c.dir/rosidl_generator_py/orbbec_camera_msgs/_orbbec_camera_msgs_s.ep.rosidl_typesupport_introspection_c.c.o[0m
[4.574s] [ 98%] [32mBuilding C object CMakeFiles/orbbec_camera_msgs_s__rosidl_typesupport_c.dir/rosidl_generator_py/orbbec_camera_msgs/_orbbec_camera_msgs_s.ep.rosidl_typesupport_c.c.o[0m
[4.664s] [ 99%] [32m[1mLinking C shared module rosidl_generator_py/orbbec_camera_msgs/orbbec_camera_msgs_s__rosidl_typesupport_c.so[0m
[4.664s] [100%] [32m[1mLinking C shared module rosidl_generator_py/orbbec_camera_msgs/orbbec_camera_msgs_s__rosidl_typesupport_introspection_c.so[0m
[4.687s] [100%] [32m[1mLinking C shared module rosidl_generator_py/orbbec_camera_msgs/orbbec_camera_msgs_s__rosidl_typesupport_fastrtps_c.so[0m
[4.688s] [100%] Built target orbbec_camera_msgs_s__rosidl_typesupport_introspection_c
[4.692s] [100%] Built target orbbec_camera_msgs_s__rosidl_typesupport_c
[4.712s] [100%] Built target orbbec_camera_msgs_s__rosidl_typesupport_fastrtps_c
[4.723s] Invoked command in '/home/dgx_allex_one/allex2head/build/orbbec_camera_msgs' returned '0': CMAKE_PREFIX_PATH=${CMAKE_PREFIX_PATH}:/opt/ros/jazzy CONDA_PROMPT_MODIFIER=(allex_camera) DEBUGINFOD_URLS=https://debuginfod.ubuntu.com /usr/bin/cmake --build /home/dgx_allex_one/allex2head/build/orbbec_camera_msgs -- -j20 -l20
[4.724s] Invoking command in '/home/dgx_allex_one/allex2head/build/orbbec_camera_msgs': CMAKE_PREFIX_PATH=${CMAKE_PREFIX_PATH}:/opt/ros/jazzy CONDA_PROMPT_MODIFIER=(allex_camera) DEBUGINFOD_URLS=https://debuginfod.ubuntu.com /usr/bin/cmake --install /home/dgx_allex_one/allex2head/build/orbbec_camera_msgs
[4.728s] -- Install configuration: ""
[4.729s] -- Execute custom install script
[4.729s] -- Symlinking: /home/dgx_allex_one/allex2head/install/orbbec_camera_msgs/share/ament_index/resource_index/rosidl_interfaces/orbbec_camera_msgs
[4.735s] -- Symlinking: /home/dgx_allex_one/allex2head/install/orbbec_camera_msgs/share/orbbec_camera_msgs/msg/DeviceInfo.json
[4.740s] -- Symlinking: /home/dgx_allex_one/allex2head/install/orbbec_camera_msgs/share/orbbec_camera_msgs/msg/Extrinsics.json
[4.745s] -- Symlinking: /home/dgx_allex_one/allex2head/install/orbbec_camera_msgs/share/orbbec_camera_msgs/msg/Metadata.json
[4.750s] -- Symlinking: /home/dgx_allex_one/allex2head/install/orbbec_camera_msgs/share/orbbec_camera_msgs/msg/IMUInfo.json
[4.754s] -- Symlinking: /home/dgx_allex_one/allex2head/install/orbbec_camera_msgs/share/orbbec_camera_msgs/msg/RGBD.json
[4.759s] -- Symlinking: /home/dgx_allex_one/allex2head/install/orbbec_camera_msgs/share/orbbec_camera_msgs/srv/GetBool.json
[4.766s] -- Symlinking: /home/dgx_allex_one/allex2head/install/orbbec_camera_msgs/share/orbbec_camera_msgs/srv/GetDeviceInfo.json
[4.771s] -- Symlinking: /home/dgx_allex_one/allex2head/install/orbbec_camera_msgs/share/orbbec_camera_msgs/srv/GetCameraInfo.json
[4.775s] -- Symlinking: /home/dgx_allex_one/allex2head/install/orbbec_camera_msgs/share/orbbec_camera_msgs/srv/GetInt32.json
[4.780s] -- Symlinking: /home/dgx_allex_one/allex2head/install/orbbec_camera_msgs/share/orbbec_camera_msgs/srv/GetString.json
[4.787s] -- Symlinking: /home/dgx_allex_one/allex2head/install/orbbec_camera_msgs/share/orbbec_camera_msgs/srv/SetFilter.json
[4.792s] -- Symlinking: /home/dgx_allex_one/allex2head/install/orbbec_camera_msgs/share/orbbec_camera_msgs/srv/SetInt32.json
[4.795s] -- Symlinking: /home/dgx_allex_one/allex2head/install/orbbec_camera_msgs/share/orbbec_camera_msgs/srv/SetString.json
[4.803s] -- Symlinking: /home/dgx_allex_one/allex2head/install/orbbec_camera_msgs/share/orbbec_camera_msgs/srv/SetArrays.json
[4.810s] -- Symlinking: /home/dgx_allex_one/allex2head/install/orbbec_camera_msgs/include/orbbec_camera_msgs/orbbec_camera_msgs/msg/detail/device_info__functions.h
[4.817s] -- Symlinking: /home/dgx_allex_one/allex2head/install/orbbec_camera_msgs/include/orbbec_camera_msgs/orbbec_camera_msgs/msg/detail/device_info__struct.h
[4.826s] -- Symlinking: /home/dgx_allex_one/allex2head/install/orbbec_camera_msgs/include/orbbec_camera_msgs/orbbec_camera_msgs/msg/detail/device_info__type_support.h
[4.833s] -- Symlinking: /home/dgx_allex_one/allex2head/install/orbbec_camera_msgs/include/orbbec_camera_msgs/orbbec_camera_msgs/msg/detail/extrinsics__functions.h
[4.838s] -- Symlinking: /home/dgx_allex_one/allex2head/install/orbbec_camera_msgs/include/orbbec_camera_msgs/orbbec_camera_msgs/msg/detail/extrinsics__struct.h
[4.845s] -- Symlinking: /home/dgx_allex_one/allex2head/install/orbbec_camera_msgs/include/orbbec_camera_msgs/orbbec_camera_msgs/msg/detail/extrinsics__type_support.h
[4.852s] -- Symlinking: /home/dgx_allex_one/allex2head/install/orbbec_camera_msgs/include/orbbec_camera_msgs/orbbec_camera_msgs/msg/detail/imu_info__functions.h
[4.856s] -- Symlinking: /home/dgx_allex_one/allex2head/install/orbbec_camera_msgs/include/orbbec_camera_msgs/orbbec_camera_msgs/msg/detail/imu_info__struct.h
[4.861s] -- Symlinking: /home/dgx_allex_one/allex2head/install/orbbec_camera_msgs/include/orbbec_camera_msgs/orbbec_camera_msgs/msg/detail/imu_info__type_support.h
[4.865s] -- Symlinking: /home/dgx_allex_one/allex2head/install/orbbec_camera_msgs/include/orbbec_camera_msgs/orbbec_camera_msgs/msg/detail/metadata__functions.h
[4.871s] -- Symlinking: /home/dgx_allex_one/allex2head/install/orbbec_camera_msgs/include/orbbec_camera_msgs/orbbec_camera_msgs/msg/detail/metadata__struct.h
[4.877s] -- Symlinking: /home/dgx_allex_one/allex2head/install/orbbec_camera_msgs/include/orbbec_camera_msgs/orbbec_camera_msgs/msg/detail/metadata__type_support.h
[4.882s] -- Symlinking: /home/dgx_allex_one/allex2head/install/orbbec_camera_msgs/include/orbbec_camera_msgs/orbbec_camera_msgs/msg/detail/rgbd__functions.h
[4.886s] -- Symlinking: /home/dgx_allex_one/allex2head/install/orbbec_camera_msgs/include/orbbec_camera_msgs/orbbec_camera_msgs/msg/detail/rgbd__struct.h
[4.891s] -- Symlinking: /home/dgx_allex_one/allex2head/install/orbbec_camera_msgs/include/orbbec_camera_msgs/orbbec_camera_msgs/msg/detail/rgbd__type_support.h
[4.898s] -- Symlinking: /home/dgx_allex_one/allex2head/install/orbbec_camera_msgs/include/orbbec_camera_msgs/orbbec_camera_msgs/msg/device_info.h
[4.902s] -- Symlinking: /home/dgx_allex_one/allex2head/install/orbbec_camera_msgs/include/orbbec_camera_msgs/orbbec_camera_msgs/msg/extrinsics.h
[4.909s] -- Symlinking: /home/dgx_allex_one/allex2head/install/orbbec_camera_msgs/include/orbbec_camera_msgs/orbbec_camera_msgs/msg/imu_info.h
[4.916s] -- Symlinking: /home/dgx_allex_one/allex2head/install/orbbec_camera_msgs/include/orbbec_camera_msgs/orbbec_camera_msgs/msg/metadata.h
[4.922s] -- Symlinking: /home/dgx_allex_one/allex2head/install/orbbec_camera_msgs/include/orbbec_camera_msgs/orbbec_camera_msgs/msg/rgbd.h
[4.929s] -- Symlinking: /home/dgx_allex_one/allex2head/install/orbbec_camera_msgs/include/orbbec_camera_msgs/orbbec_camera_msgs/msg/rosidl_generator_c__visibility_control.h
[4.933s] -- Symlinking: /home/dgx_allex_one/allex2head/install/orbbec_camera_msgs/include/orbbec_camera_msgs/orbbec_camera_msgs/srv/detail/get_bool__functions.h
[4.938s] -- Symlinking: /home/dgx_allex_one/allex2head/install/orbbec_camera_msgs/include/orbbec_camera_msgs/orbbec_camera_msgs/srv/detail/get_bool__struct.h
[4.943s] -- Symlinking: /home/dgx_allex_one/allex2head/install/orbbec_camera_msgs/include/orbbec_camera_msgs/orbbec_camera_msgs/srv/detail/get_bool__type_support.h
[4.947s] -- Symlinking: /home/dgx_allex_one/allex2head/install/orbbec_camera_msgs/include/orbbec_camera_msgs/orbbec_camera_msgs/srv/detail/get_camera_info__functions.h
[4.951s] -- Symlinking: /home/dgx_allex_one/allex2head/install/orbbec_camera_msgs/include/orbbec_camera_msgs/orbbec_camera_msgs/srv/detail/get_camera_info__struct.h
[4.958s] -- Symlinking: /home/dgx_allex_one/allex2head/install/orbbec_camera_msgs/include/orbbec_camera_msgs/orbbec_camera_msgs/srv/detail/get_camera_info__type_support.h
[4.962s] -- Symlinking: /home/dgx_allex_one/allex2head/install/orbbec_camera_msgs/include/orbbec_camera_msgs/orbbec_camera_msgs/srv/detail/get_device_info__functions.h
[4.966s] -- Symlinking: /home/dgx_allex_one/allex2head/install/orbbec_camera_msgs/include/orbbec_camera_msgs/orbbec_camera_msgs/srv/detail/get_device_info__struct.h
[4.971s] -- Symlinking: /home/dgx_allex_one/allex2head/install/orbbec_camera_msgs/include/orbbec_camera_msgs/orbbec_camera_msgs/srv/detail/get_device_info__type_support.h
[4.978s] -- Symlinking: /home/dgx_allex_one/allex2head/install/orbbec_camera_msgs/include/orbbec_camera_msgs/orbbec_camera_msgs/srv/detail/get_int32__functions.h
[4.983s] -- Symlinking: /home/dgx_allex_one/allex2head/install/orbbec_camera_msgs/include/orbbec_camera_msgs/orbbec_camera_msgs/srv/detail/get_int32__struct.h
[4.989s] -- Symlinking: /home/dgx_allex_one/allex2head/install/orbbec_camera_msgs/include/orbbec_camera_msgs/orbbec_camera_msgs/srv/detail/get_int32__type_support.h
[4.993s] -- Symlinking: /home/dgx_allex_one/allex2head/install/orbbec_camera_msgs/include/orbbec_camera_msgs/orbbec_camera_msgs/srv/detail/get_string__functions.h
[5.001s] -- Symlinking: /home/dgx_allex_one/allex2head/install/orbbec_camera_msgs/include/orbbec_camera_msgs/orbbec_camera_msgs/srv/detail/get_string__struct.h
[5.007s] -- Symlinking: /home/dgx_allex_one/allex2head/install/orbbec_camera_msgs/include/orbbec_camera_msgs/orbbec_camera_msgs/srv/detail/get_string__type_support.h
[5.011s] -- Symlinking: /home/dgx_allex_one/allex2head/install/orbbec_camera_msgs/include/orbbec_camera_msgs/orbbec_camera_msgs/srv/detail/set_arrays__functions.h
[5.015s] -- Symlinking: /home/dgx_allex_one/allex2head/install/orbbec_camera_msgs/include/orbbec_camera_msgs/orbbec_camera_msgs/srv/detail/set_arrays__struct.h
[5.022s] -- Symlinking: /home/dgx_allex_one/allex2head/install/orbbec_camera_msgs/include/orbbec_camera_msgs/orbbec_camera_msgs/srv/detail/set_arrays__type_support.h
[5.027s] -- Symlinking: /home/dgx_allex_one/allex2head/install/orbbec_camera_msgs/include/orbbec_camera_msgs/orbbec_camera_msgs/srv/detail/set_filter__functions.h
[5.031s] -- Symlinking: /home/dgx_allex_one/allex2head/install/orbbec_camera_msgs/include/orbbec_camera_msgs/orbbec_camera_msgs/srv/detail/set_filter__struct.h
[5.038s] -- Symlinking: /home/dgx_allex_one/allex2head/install/orbbec_camera_msgs/include/orbbec_camera_msgs/orbbec_camera_msgs/srv/detail/set_filter__type_support.h
[5.046s] -- Symlinking: /home/dgx_allex_one/allex2head/install/orbbec_camera_msgs/include/orbbec_camera_msgs/orbbec_camera_msgs/srv/detail/set_int32__functions.h
[5.051s] -- Symlinking: /home/dgx_allex_one/allex2head/install/orbbec_camera_msgs/include/orbbec_camera_msgs/orbbec_camera_msgs/srv/detail/set_int32__struct.h
[5.056s] -- Symlinking: /home/dgx_allex_one/allex2head/install/orbbec_camera_msgs/include/orbbec_camera_msgs/orbbec_camera_msgs/srv/detail/set_int32__type_support.h
[5.063s] -- Symlinking: /home/dgx_allex_one/allex2head/install/orbbec_camera_msgs/include/orbbec_camera_msgs/orbbec_camera_msgs/srv/detail/set_string__functions.h
[5.069s] -- Symlinking: /home/dgx_allex_one/allex2head/install/orbbec_camera_msgs/include/orbbec_camera_msgs/orbbec_camera_msgs/srv/detail/set_string__struct.h
[5.074s] -- Symlinking: /home/dgx_allex_one/allex2head/install/orbbec_camera_msgs/include/orbbec_camera_msgs/orbbec_camera_msgs/srv/detail/set_string__type_support.h
[5.080s] -- Symlinking: /home/dgx_allex_one/allex2head/install/orbbec_camera_msgs/include/orbbec_camera_msgs/orbbec_camera_msgs/srv/get_bool.h
[5.088s] -- Symlinking: /home/dgx_allex_one/allex2head/install/orbbec_camera_msgs/include/orbbec_camera_msgs/orbbec_camera_msgs/srv/get_camera_info.h
[5.093s] -- Symlinking: /home/dgx_allex_one/allex2head/install/orbbec_camera_msgs/include/orbbec_camera_msgs/orbbec_camera_msgs/srv/get_device_info.h
[5.098s] -- Symlinking: /home/dgx_allex_one/allex2head/install/orbbec_camera_msgs/include/orbbec_camera_msgs/orbbec_camera_msgs/srv/get_int32.h
[5.103s] -- Symlinking: /home/dgx_allex_one/allex2head/install/orbbec_camera_msgs/include/orbbec_camera_msgs/orbbec_camera_msgs/srv/get_string.h
[5.110s] -- Symlinking: /home/dgx_allex_one/allex2head/install/orbbec_camera_msgs/include/orbbec_camera_msgs/orbbec_camera_msgs/srv/set_arrays.h
[5.114s] -- Symlinking: /home/dgx_allex_one/allex2head/install/orbbec_camera_msgs/include/orbbec_camera_msgs/orbbec_camera_msgs/srv/set_filter.h
[5.119s] -- Symlinking: /home/dgx_allex_one/allex2head/install/orbbec_camera_msgs/include/orbbec_camera_msgs/orbbec_camera_msgs/srv/set_int32.h
[5.124s] -- Symlinking: /home/dgx_allex_one/allex2head/install/orbbec_camera_msgs/include/orbbec_camera_msgs/orbbec_camera_msgs/srv/set_string.h
[5.129s] -- Symlinking: /home/dgx_allex_one/allex2head/install/orbbec_camera_msgs/share/orbbec_camera_msgs/environment/library_path.sh
[5.134s] -- Symlinking: /home/dgx_allex_one/allex2head/install/orbbec_camera_msgs/share/orbbec_camera_msgs/environment/library_path.dsv
[5.139s] -- Symlinking: /home/dgx_allex_one/allex2head/install/orbbec_camera_msgs/include/orbbec_camera_msgs/orbbec_camera_msgs/msg/detail/device_info__rosidl_typesupport_fastrtps_c.h
[5.144s] -- Symlinking: /home/dgx_allex_one/allex2head/install/orbbec_camera_msgs/include/orbbec_camera_msgs/orbbec_camera_msgs/msg/detail/extrinsics__rosidl_typesupport_fastrtps_c.h
[5.148s] -- Symlinking: /home/dgx_allex_one/allex2head/install/orbbec_camera_msgs/include/orbbec_camera_msgs/orbbec_camera_msgs/msg/detail/imu_info__rosidl_typesupport_fastrtps_c.h
[5.152s] -- Symlinking: /home/dgx_allex_one/allex2head/install/orbbec_camera_msgs/include/orbbec_camera_msgs/orbbec_camera_msgs/msg/detail/metadata__rosidl_typesupport_fastrtps_c.h
[5.156s] -- Symlinking: /home/dgx_allex_one/allex2head/install/orbbec_camera_msgs/include/orbbec_camera_msgs/orbbec_camera_msgs/msg/detail/rgbd__rosidl_typesupport_fastrtps_c.h
[5.160s] -- Symlinking: /home/dgx_allex_one/allex2head/install/orbbec_camera_msgs/include/orbbec_camera_msgs/orbbec_camera_msgs/msg/rosidl_typesupport_fastrtps_c__visibility_control.h
[5.164s] -- Symlinking: /home/dgx_allex_one/allex2head/install/orbbec_camera_msgs/include/orbbec_camera_msgs/orbbec_camera_msgs/srv/detail/get_bool__rosidl_typesupport_fastrtps_c.h
[5.169s] -- Symlinking: /home/dgx_allex_one/allex2head/install/orbbec_camera_msgs/include/orbbec_camera_msgs/orbbec_camera_msgs/srv/detail/get_camera_info__rosidl_typesupport_fastrtps_c.h
[5.174s] -- Symlinking: /home/dgx_allex_one/allex2head/install/orbbec_camera_msgs/include/orbbec_camera_msgs/orbbec_camera_msgs/srv/detail/get_device_info__rosidl_typesupport_fastrtps_c.h
[5.178s] -- Symlinking: /home/dgx_allex_one/allex2head/install/orbbec_camera_msgs/include/orbbec_camera_msgs/orbbec_camera_msgs/srv/detail/get_int32__rosidl_typesupport_fastrtps_c.h
[5.183s] -- Symlinking: /home/dgx_allex_one/allex2head/install/orbbec_camera_msgs/include/orbbec_camera_msgs/orbbec_camera_msgs/srv/detail/get_string__rosidl_typesupport_fastrtps_c.h
[5.187s] -- Symlinking: /home/dgx_allex_one/allex2head/install/orbbec_camera_msgs/include/orbbec_camera_msgs/orbbec_camera_msgs/srv/detail/set_arrays__rosidl_typesupport_fastrtps_c.h
[5.191s] -- Symlinking: /home/dgx_allex_one/allex2head/install/orbbec_camera_msgs/include/orbbec_camera_msgs/orbbec_camera_msgs/srv/detail/set_filter__rosidl_typesupport_fastrtps_c.h
[5.196s] -- Symlinking: /home/dgx_allex_one/allex2head/install/orbbec_camera_msgs/include/orbbec_camera_msgs/orbbec_camera_msgs/srv/detail/set_int32__rosidl_typesupport_fastrtps_c.h
[5.200s] -- Symlinking: /home/dgx_allex_one/allex2head/install/orbbec_camera_msgs/include/orbbec_camera_msgs/orbbec_camera_msgs/srv/detail/set_string__rosidl_typesupport_fastrtps_c.h
[5.205s] -- Symlinking: /home/dgx_allex_one/allex2head/install/orbbec_camera_msgs/include/orbbec_camera_msgs/orbbec_camera_msgs/msg/detail/device_info__rosidl_typesupport_introspection_c.h
[5.210s] -- Symlinking: /home/dgx_allex_one/allex2head/install/orbbec_camera_msgs/include/orbbec_camera_msgs/orbbec_camera_msgs/msg/detail/extrinsics__rosidl_typesupport_introspection_c.h
[5.214s] -- Symlinking: /home/dgx_allex_one/allex2head/install/orbbec_camera_msgs/include/orbbec_camera_msgs/orbbec_camera_msgs/msg/detail/imu_info__rosidl_typesupport_introspection_c.h
[5.219s] -- Symlinking: /home/dgx_allex_one/allex2head/install/orbbec_camera_msgs/include/orbbec_camera_msgs/orbbec_camera_msgs/msg/detail/metadata__rosidl_typesupport_introspection_c.h
[5.223s] -- Symlinking: /home/dgx_allex_one/allex2head/install/orbbec_camera_msgs/include/orbbec_camera_msgs/orbbec_camera_msgs/msg/detail/rgbd__rosidl_typesupport_introspection_c.h
[5.228s] -- Symlinking: /home/dgx_allex_one/allex2head/install/orbbec_camera_msgs/include/orbbec_camera_msgs/orbbec_camera_msgs/msg/rosidl_typesupport_introspection_c__visibility_control.h
[5.234s] -- Symlinking: /home/dgx_allex_one/allex2head/install/orbbec_camera_msgs/include/orbbec_camera_msgs/orbbec_camera_msgs/srv/detail/get_bool__rosidl_typesupport_introspection_c.h
[5.239s] -- Symlinking: /home/dgx_allex_one/allex2head/install/orbbec_camera_msgs/include/orbbec_camera_msgs/orbbec_camera_msgs/srv/detail/get_camera_info__rosidl_typesupport_introspection_c.h
[5.244s] -- Symlinking: /home/dgx_allex_one/allex2head/install/orbbec_camera_msgs/include/orbbec_camera_msgs/orbbec_camera_msgs/srv/detail/get_device_info__rosidl_typesupport_introspection_c.h
[5.248s] -- Symlinking: /home/dgx_allex_one/allex2head/install/orbbec_camera_msgs/include/orbbec_camera_msgs/orbbec_camera_msgs/srv/detail/get_int32__rosidl_typesupport_introspection_c.h
[5.252s] -- Symlinking: /home/dgx_allex_one/allex2head/install/orbbec_camera_msgs/include/orbbec_camera_msgs/orbbec_camera_msgs/srv/detail/get_string__rosidl_typesupport_introspection_c.h
[5.256s] -- Symlinking: /home/dgx_allex_one/allex2head/install/orbbec_camera_msgs/include/orbbec_camera_msgs/orbbec_camera_msgs/srv/detail/set_arrays__rosidl_typesupport_introspection_c.h
[5.261s] -- Symlinking: /home/dgx_allex_one/allex2head/install/orbbec_camera_msgs/include/orbbec_camera_msgs/orbbec_camera_msgs/srv/detail/set_filter__rosidl_typesupport_introspection_c.h
[5.267s] -- Symlinking: /home/dgx_allex_one/allex2head/install/orbbec_camera_msgs/include/orbbec_camera_msgs/orbbec_camera_msgs/srv/detail/set_int32__rosidl_typesupport_introspection_c.h
[5.271s] -- Symlinking: /home/dgx_allex_one/allex2head/install/orbbec_camera_msgs/include/orbbec_camera_msgs/orbbec_camera_msgs/srv/detail/set_string__rosidl_typesupport_introspection_c.h
[5.280s] -- Symlinking: /home/dgx_allex_one/allex2head/install/orbbec_camera_msgs/include/orbbec_camera_msgs/orbbec_camera_msgs/msg/detail/device_info__builder.hpp
[5.284s] -- Symlinking: /home/dgx_allex_one/allex2head/install/orbbec_camera_msgs/include/orbbec_camera_msgs/orbbec_camera_msgs/msg/detail/device_info__struct.hpp
[5.291s] -- Symlinking: /home/dgx_allex_one/allex2head/install/orbbec_camera_msgs/include/orbbec_camera_msgs/orbbec_camera_msgs/msg/detail/device_info__traits.hpp
[5.296s] -- Symlinking: /home/dgx_allex_one/allex2head/install/orbbec_camera_msgs/include/orbbec_camera_msgs/orbbec_camera_msgs/msg/detail/device_info__type_support.hpp
[5.303s] -- Symlinking: /home/dgx_allex_one/allex2head/install/orbbec_camera_msgs/include/orbbec_camera_msgs/orbbec_camera_msgs/msg/detail/extrinsics__builder.hpp
[5.307s] -- Symlinking: /home/dgx_allex_one/allex2head/install/orbbec_camera_msgs/include/orbbec_camera_msgs/orbbec_camera_msgs/msg/detail/extrinsics__struct.hpp
[5.311s] -- Symlinking: /home/dgx_allex_one/allex2head/install/orbbec_camera_msgs/include/orbbec_camera_msgs/orbbec_camera_msgs/msg/detail/extrinsics__traits.hpp
[5.317s] -- Symlinking: /home/dgx_allex_one/allex2head/install/orbbec_camera_msgs/include/orbbec_camera_msgs/orbbec_camera_msgs/msg/detail/extrinsics__type_support.hpp
[5.322s] -- Symlinking: /home/dgx_allex_one/allex2head/install/orbbec_camera_msgs/include/orbbec_camera_msgs/orbbec_camera_msgs/msg/detail/imu_info__builder.hpp
[5.328s] -- Symlinking: /home/dgx_allex_one/allex2head/install/orbbec_camera_msgs/include/orbbec_camera_msgs/orbbec_camera_msgs/msg/detail/imu_info__struct.hpp
[5.333s] -- Symlinking: /home/dgx_allex_one/allex2head/install/orbbec_camera_msgs/include/orbbec_camera_msgs/orbbec_camera_msgs/msg/detail/imu_info__traits.hpp
[5.340s] -- Symlinking: /home/dgx_allex_one/allex2head/install/orbbec_camera_msgs/include/orbbec_camera_msgs/orbbec_camera_msgs/msg/detail/imu_info__type_support.hpp
[5.345s] -- Symlinking: /home/dgx_allex_one/allex2head/install/orbbec_camera_msgs/include/orbbec_camera_msgs/orbbec_camera_msgs/msg/detail/metadata__builder.hpp
[5.349s] -- Symlinking: /home/dgx_allex_one/allex2head/install/orbbec_camera_msgs/include/orbbec_camera_msgs/orbbec_camera_msgs/msg/detail/metadata__struct.hpp
[5.354s] -- Symlinking: /home/dgx_allex_one/allex2head/install/orbbec_camera_msgs/include/orbbec_camera_msgs/orbbec_camera_msgs/msg/detail/metadata__traits.hpp
[5.361s] -- Symlinking: /home/dgx_allex_one/allex2head/install/orbbec_camera_msgs/include/orbbec_camera_msgs/orbbec_camera_msgs/msg/detail/metadata__type_support.hpp
[5.367s] -- Symlinking: /home/dgx_allex_one/allex2head/install/orbbec_camera_msgs/include/orbbec_camera_msgs/orbbec_camera_msgs/msg/detail/rgbd__builder.hpp
[5.372s] -- Symlinking: /home/dgx_allex_one/allex2head/install/orbbec_camera_msgs/include/orbbec_camera_msgs/orbbec_camera_msgs/msg/detail/rgbd__struct.hpp
[5.378s] -- Symlinking: /home/dgx_allex_one/allex2head/install/orbbec_camera_msgs/include/orbbec_camera_msgs/orbbec_camera_msgs/msg/detail/rgbd__traits.hpp
[5.383s] -- Symlinking: /home/dgx_allex_one/allex2head/install/orbbec_camera_msgs/include/orbbec_camera_msgs/orbbec_camera_msgs/msg/detail/rgbd__type_support.hpp
[5.388s] -- Symlinking: /home/dgx_allex_one/allex2head/install/orbbec_camera_msgs/include/orbbec_camera_msgs/orbbec_camera_msgs/msg/device_info.hpp
[5.396s] -- Symlinking: /home/dgx_allex_one/allex2head/install/orbbec_camera_msgs/include/orbbec_camera_msgs/orbbec_camera_msgs/msg/extrinsics.hpp
[5.402s] -- Symlinking: /home/dgx_allex_one/allex2head/install/orbbec_camera_msgs/include/orbbec_camera_msgs/orbbec_camera_msgs/msg/imu_info.hpp
[5.408s] -- Symlinking: /home/dgx_allex_one/allex2head/install/orbbec_camera_msgs/include/orbbec_camera_msgs/orbbec_camera_msgs/msg/metadata.hpp
[5.412s] -- Symlinking: /home/dgx_allex_one/allex2head/install/orbbec_camera_msgs/include/orbbec_camera_msgs/orbbec_camera_msgs/msg/rgbd.hpp
[5.418s] -- Symlinking: /home/dgx_allex_one/allex2head/install/orbbec_camera_msgs/include/orbbec_camera_msgs/orbbec_camera_msgs/msg/rosidl_generator_cpp__visibility_control.hpp
[5.424s] -- Symlinking: /home/dgx_allex_one/allex2head/install/orbbec_camera_msgs/include/orbbec_camera_msgs/orbbec_camera_msgs/srv/detail/get_bool__builder.hpp
[5.429s] -- Symlinking: /home/dgx_allex_one/allex2head/install/orbbec_camera_msgs/include/orbbec_camera_msgs/orbbec_camera_msgs/srv/detail/get_bool__struct.hpp
[5.434s] -- Symlinking: /home/dgx_allex_one/allex2head/install/orbbec_camera_msgs/include/orbbec_camera_msgs/orbbec_camera_msgs/srv/detail/get_bool__traits.hpp
[5.440s] -- Symlinking: /home/dgx_allex_one/allex2head/install/orbbec_camera_msgs/include/orbbec_camera_msgs/orbbec_camera_msgs/srv/detail/get_bool__type_support.hpp
[5.445s] -- Symlinking: /home/dgx_allex_one/allex2head/install/orbbec_camera_msgs/include/orbbec_camera_msgs/orbbec_camera_msgs/srv/detail/get_camera_info__builder.hpp
[5.450s] -- Symlinking: /home/dgx_allex_one/allex2head/install/orbbec_camera_msgs/include/orbbec_camera_msgs/orbbec_camera_msgs/srv/detail/get_camera_info__struct.hpp
[5.455s] -- Symlinking: /home/dgx_allex_one/allex2head/install/orbbec_camera_msgs/include/orbbec_camera_msgs/orbbec_camera_msgs/srv/detail/get_camera_info__traits.hpp
[5.461s] -- Symlinking: /home/dgx_allex_one/allex2head/install/orbbec_camera_msgs/include/orbbec_camera_msgs/orbbec_camera_msgs/srv/detail/get_camera_info__type_support.hpp
[5.466s] -- Symlinking: /home/dgx_allex_one/allex2head/install/orbbec_camera_msgs/include/orbbec_camera_msgs/orbbec_camera_msgs/srv/detail/get_device_info__builder.hpp
[5.471s] -- Symlinking: /home/dgx_allex_one/allex2head/install/orbbec_camera_msgs/include/orbbec_camera_msgs/orbbec_camera_msgs/srv/detail/get_device_info__struct.hpp
[5.480s] -- Symlinking: /home/dgx_allex_one/allex2head/install/orbbec_camera_msgs/include/orbbec_camera_msgs/orbbec_camera_msgs/srv/detail/get_device_info__traits.hpp
[5.488s] -- Symlinking: /home/dgx_allex_one/allex2head/install/orbbec_camera_msgs/include/orbbec_camera_msgs/orbbec_camera_msgs/srv/detail/get_device_info__type_support.hpp
[5.495s] -- Symlinking: /home/dgx_allex_one/allex2head/install/orbbec_camera_msgs/include/orbbec_camera_msgs/orbbec_camera_msgs/srv/detail/get_int32__builder.hpp
[5.502s] -- Symlinking: /home/dgx_allex_one/allex2head/install/orbbec_camera_msgs/include/orbbec_camera_msgs/orbbec_camera_msgs/srv/detail/get_int32__struct.hpp
[5.507s] -- Symlinking: /home/dgx_allex_one/allex2head/install/orbbec_camera_msgs/include/orbbec_camera_msgs/orbbec_camera_msgs/srv/detail/get_int32__traits.hpp
[5.512s] -- Symlinking: /home/dgx_allex_one/allex2head/install/orbbec_camera_msgs/include/orbbec_camera_msgs/orbbec_camera_msgs/srv/detail/get_int32__type_support.hpp
[5.518s] -- Symlinking: /home/dgx_allex_one/allex2head/install/orbbec_camera_msgs/include/orbbec_camera_msgs/orbbec_camera_msgs/srv/detail/get_string__builder.hpp
[5.523s] -- Symlinking: /home/dgx_allex_one/allex2head/install/orbbec_camera_msgs/include/orbbec_camera_msgs/orbbec_camera_msgs/srv/detail/get_string__struct.hpp
[5.531s] -- Symlinking: /home/dgx_allex_one/allex2head/install/orbbec_camera_msgs/include/orbbec_camera_msgs/orbbec_camera_msgs/srv/detail/get_string__traits.hpp
[5.536s] -- Symlinking: /home/dgx_allex_one/allex2head/install/orbbec_camera_msgs/include/orbbec_camera_msgs/orbbec_camera_msgs/srv/detail/get_string__type_support.hpp
[5.542s] -- Symlinking: /home/dgx_allex_one/allex2head/install/orbbec_camera_msgs/include/orbbec_camera_msgs/orbbec_camera_msgs/srv/detail/set_arrays__builder.hpp
[5.546s] -- Symlinking: /home/dgx_allex_one/allex2head/install/orbbec_camera_msgs/include/orbbec_camera_msgs/orbbec_camera_msgs/srv/detail/set_arrays__struct.hpp
[5.552s] -- Symlinking: /home/dgx_allex_one/allex2head/install/orbbec_camera_msgs/include/orbbec_camera_msgs/orbbec_camera_msgs/srv/detail/set_arrays__traits.hpp
[5.560s] -- Symlinking: /home/dgx_allex_one/allex2head/install/orbbec_camera_msgs/include/orbbec_camera_msgs/orbbec_camera_msgs/srv/detail/set_arrays__type_support.hpp
[5.568s] -- Symlinking: /home/dgx_allex_one/allex2head/install/orbbec_camera_msgs/include/orbbec_camera_msgs/orbbec_camera_msgs/srv/detail/set_filter__builder.hpp
[5.575s] -- Symlinking: /home/dgx_allex_one/allex2head/install/orbbec_camera_msgs/include/orbbec_camera_msgs/orbbec_camera_msgs/srv/detail/set_filter__struct.hpp
[5.582s] -- Symlinking: /home/dgx_allex_one/allex2head/install/orbbec_camera_msgs/include/orbbec_camera_msgs/orbbec_camera_msgs/srv/detail/set_filter__traits.hpp
[5.587s] -- Symlinking: /home/dgx_allex_one/allex2head/install/orbbec_camera_msgs/include/orbbec_camera_msgs/orbbec_camera_msgs/srv/detail/set_filter__type_support.hpp
[5.595s] -- Symlinking: /home/dgx_allex_one/allex2head/install/orbbec_camera_msgs/include/orbbec_camera_msgs/orbbec_camera_msgs/srv/detail/set_int32__builder.hpp
[5.603s] -- Symlinking: /home/dgx_allex_one/allex2head/install/orbbec_camera_msgs/include/orbbec_camera_msgs/orbbec_camera_msgs/srv/detail/set_int32__struct.hpp
[5.610s] -- Symlinking: /home/dgx_allex_one/allex2head/install/orbbec_camera_msgs/include/orbbec_camera_msgs/orbbec_camera_msgs/srv/detail/set_int32__traits.hpp
[5.617s] -- Symlinking: /home/dgx_allex_one/allex2head/install/orbbec_camera_msgs/include/orbbec_camera_msgs/orbbec_camera_msgs/srv/detail/set_int32__type_support.hpp
[5.624s] -- Symlinking: /home/dgx_allex_one/allex2head/install/orbbec_camera_msgs/include/orbbec_camera_msgs/orbbec_camera_msgs/srv/detail/set_string__builder.hpp
[5.631s] -- Symlinking: /home/dgx_allex_one/allex2head/install/orbbec_camera_msgs/include/orbbec_camera_msgs/orbbec_camera_msgs/srv/detail/set_string__struct.hpp
[5.637s] -- Symlinking: /home/dgx_allex_one/allex2head/install/orbbec_camera_msgs/include/orbbec_camera_msgs/orbbec_camera_msgs/srv/detail/set_string__traits.hpp
[5.645s] -- Symlinking: /home/dgx_allex_one/allex2head/install/orbbec_camera_msgs/include/orbbec_camera_msgs/orbbec_camera_msgs/srv/detail/set_string__type_support.hpp
[5.652s] -- Symlinking: /home/dgx_allex_one/allex2head/install/orbbec_camera_msgs/include/orbbec_camera_msgs/orbbec_camera_msgs/srv/get_bool.hpp
[5.659s] -- Symlinking: /home/dgx_allex_one/allex2head/install/orbbec_camera_msgs/include/orbbec_camera_msgs/orbbec_camera_msgs/srv/get_camera_info.hpp
[5.666s] -- Symlinking: /home/dgx_allex_one/allex2head/install/orbbec_camera_msgs/include/orbbec_camera_msgs/orbbec_camera_msgs/srv/get_device_info.hpp
[5.675s] -- Symlinking: /home/dgx_allex_one/allex2head/install/orbbec_camera_msgs/include/orbbec_camera_msgs/orbbec_camera_msgs/srv/get_int32.hpp
[5.682s] -- Symlinking: /home/dgx_allex_one/allex2head/install/orbbec_camera_msgs/include/orbbec_camera_msgs/orbbec_camera_msgs/srv/get_string.hpp
[5.690s] -- Symlinking: /home/dgx_allex_one/allex2head/install/orbbec_camera_msgs/include/orbbec_camera_msgs/orbbec_camera_msgs/srv/set_arrays.hpp
[5.697s] -- Symlinking: /home/dgx_allex_one/allex2head/install/orbbec_camera_msgs/include/orbbec_camera_msgs/orbbec_camera_msgs/srv/set_filter.hpp
[5.704s] -- Symlinking: /home/dgx_allex_one/allex2head/install/orbbec_camera_msgs/include/orbbec_camera_msgs/orbbec_camera_msgs/srv/set_int32.hpp
[5.711s] -- Symlinking: /home/dgx_allex_one/allex2head/install/orbbec_camera_msgs/include/orbbec_camera_msgs/orbbec_camera_msgs/srv/set_string.hpp
[5.719s] -- Symlinking: /home/dgx_allex_one/allex2head/install/orbbec_camera_msgs/include/orbbec_camera_msgs/orbbec_camera_msgs/msg/detail/device_info__rosidl_typesupport_fastrtps_cpp.hpp
[5.727s] -- Symlinking: /home/dgx_allex_one/allex2head/install/orbbec_camera_msgs/include/orbbec_camera_msgs/orbbec_camera_msgs/msg/detail/extrinsics__rosidl_typesupport_fastrtps_cpp.hpp
[5.734s] -- Symlinking: /home/dgx_allex_one/allex2head/install/orbbec_camera_msgs/include/orbbec_camera_msgs/orbbec_camera_msgs/msg/detail/imu_info__rosidl_typesupport_fastrtps_cpp.hpp
[5.741s] -- Symlinking: /home/dgx_allex_one/allex2head/install/orbbec_camera_msgs/include/orbbec_camera_msgs/orbbec_camera_msgs/msg/detail/metadata__rosidl_typesupport_fastrtps_cpp.hpp
[5.748s] -- Symlinking: /home/dgx_allex_one/allex2head/install/orbbec_camera_msgs/include/orbbec_camera_msgs/orbbec_camera_msgs/msg/detail/rgbd__rosidl_typesupport_fastrtps_cpp.hpp
[5.755s] -- Symlinking: /home/dgx_allex_one/allex2head/install/orbbec_camera_msgs/include/orbbec_camera_msgs/orbbec_camera_msgs/msg/rosidl_typesupport_fastrtps_cpp__visibility_control.h
[5.762s] -- Symlinking: /home/dgx_allex_one/allex2head/install/orbbec_camera_msgs/include/orbbec_camera_msgs/orbbec_camera_msgs/srv/detail/get_bool__rosidl_typesupport_fastrtps_cpp.hpp
[5.769s] -- Symlinking: /home/dgx_allex_one/allex2head/install/orbbec_camera_msgs/include/orbbec_camera_msgs/orbbec_camera_msgs/srv/detail/get_camera_info__rosidl_typesupport_fastrtps_cpp.hpp
[5.776s] -- Symlinking: /home/dgx_allex_one/allex2head/install/orbbec_camera_msgs/include/orbbec_camera_msgs/orbbec_camera_msgs/srv/detail/get_device_info__rosidl_typesupport_fastrtps_cpp.hpp
[5.783s] -- Symlinking: /home/dgx_allex_one/allex2head/install/orbbec_camera_msgs/include/orbbec_camera_msgs/orbbec_camera_msgs/srv/detail/get_int32__rosidl_typesupport_fastrtps_cpp.hpp
[5.789s] -- Symlinking: /home/dgx_allex_one/allex2head/install/orbbec_camera_msgs/include/orbbec_camera_msgs/orbbec_camera_msgs/srv/detail/get_string__rosidl_typesupport_fastrtps_cpp.hpp
[5.796s] -- Symlinking: /home/dgx_allex_one/allex2head/install/orbbec_camera_msgs/include/orbbec_camera_msgs/orbbec_camera_msgs/srv/detail/set_arrays__rosidl_typesupport_fastrtps_cpp.hpp
[5.803s] -- Symlinking: /home/dgx_allex_one/allex2head/install/orbbec_camera_msgs/include/orbbec_camera_msgs/orbbec_camera_msgs/srv/detail/set_filter__rosidl_typesupport_fastrtps_cpp.hpp
[5.810s] -- Symlinking: /home/dgx_allex_one/allex2head/install/orbbec_camera_msgs/include/orbbec_camera_msgs/orbbec_camera_msgs/srv/detail/set_int32__rosidl_typesupport_fastrtps_cpp.hpp
[5.817s] -- Symlinking: /home/dgx_allex_one/allex2head/install/orbbec_camera_msgs/include/orbbec_camera_msgs/orbbec_camera_msgs/srv/detail/set_string__rosidl_typesupport_fastrtps_cpp.hpp
[5.825s] -- Symlinking: /home/dgx_allex_one/allex2head/install/orbbec_camera_msgs/include/orbbec_camera_msgs/orbbec_camera_msgs/msg/detail/device_info__rosidl_typesupport_introspection_cpp.hpp
[5.832s] -- Symlinking: /home/dgx_allex_one/allex2head/install/orbbec_camera_msgs/include/orbbec_camera_msgs/orbbec_camera_msgs/msg/detail/extrinsics__rosidl_typesupport_introspection_cpp.hpp
[5.837s] -- Symlinking: /home/dgx_allex_one/allex2head/install/orbbec_camera_msgs/include/orbbec_camera_msgs/orbbec_camera_msgs/msg/detail/imu_info__rosidl_typesupport_introspection_cpp.hpp
[5.845s] -- Symlinking: /home/dgx_allex_one/allex2head/install/orbbec_camera_msgs/include/orbbec_camera_msgs/orbbec_camera_msgs/msg/detail/metadata__rosidl_typesupport_introspection_cpp.hpp
[5.852s] -- Symlinking: /home/dgx_allex_one/allex2head/install/orbbec_camera_msgs/include/orbbec_camera_msgs/orbbec_camera_msgs/msg/detail/rgbd__rosidl_typesupport_introspection_cpp.hpp
[5.859s] -- Symlinking: /home/dgx_allex_one/allex2head/install/orbbec_camera_msgs/include/orbbec_camera_msgs/orbbec_camera_msgs/srv/detail/get_bool__rosidl_typesupport_introspection_cpp.hpp
[5.866s] -- Symlinking: /home/dgx_allex_one/allex2head/install/orbbec_camera_msgs/include/orbbec_camera_msgs/orbbec_camera_msgs/srv/detail/get_camera_info__rosidl_typesupport_introspection_cpp.hpp
[5.873s] -- Symlinking: /home/dgx_allex_one/allex2head/install/orbbec_camera_msgs/include/orbbec_camera_msgs/orbbec_camera_msgs/srv/detail/get_device_info__rosidl_typesupport_introspection_cpp.hpp
[5.879s] -- Symlinking: /home/dgx_allex_one/allex2head/install/orbbec_camera_msgs/include/orbbec_camera_msgs/orbbec_camera_msgs/srv/detail/get_int32__rosidl_typesupport_introspection_cpp.hpp
[5.886s] -- Symlinking: /home/dgx_allex_one/allex2head/install/orbbec_camera_msgs/include/orbbec_camera_msgs/orbbec_camera_msgs/srv/detail/get_string__rosidl_typesupport_introspection_cpp.hpp
[5.893s] -- Symlinking: /home/dgx_allex_one/allex2head/install/orbbec_camera_msgs/include/orbbec_camera_msgs/orbbec_camera_msgs/srv/detail/set_arrays__rosidl_typesupport_introspection_cpp.hpp
[5.900s] -- Symlinking: /home/dgx_allex_one/allex2head/install/orbbec_camera_msgs/include/orbbec_camera_msgs/orbbec_camera_msgs/srv/detail/set_filter__rosidl_typesupport_introspection_cpp.hpp
[5.907s] -- Symlinking: /home/dgx_allex_one/allex2head/install/orbbec_camera_msgs/include/orbbec_camera_msgs/orbbec_camera_msgs/srv/detail/set_int32__rosidl_typesupport_introspection_cpp.hpp
[5.913s] -- Symlinking: /home/dgx_allex_one/allex2head/install/orbbec_camera_msgs/include/orbbec_camera_msgs/orbbec_camera_msgs/srv/detail/set_string__rosidl_typesupport_introspection_cpp.hpp
[5.920s] -- Symlinking: /home/dgx_allex_one/allex2head/install/orbbec_camera_msgs/share/orbbec_camera_msgs/environment/pythonpath.sh
[5.925s] -- Symlinking: /home/dgx_allex_one/allex2head/install/orbbec_camera_msgs/share/orbbec_camera_msgs/environment/pythonpath.dsv
[5.933s] -- Symlinking: /home/dgx_allex_one/allex2head/install/orbbec_camera_msgs/lib/python3.10/site-packages/orbbec_camera_msgs-1.2.2-py3.10.egg-info/PKG-INFO
[5.940s] -- Symlinking: /home/dgx_allex_one/allex2head/install/orbbec_camera_msgs/lib/python3.10/site-packages/orbbec_camera_msgs-1.2.2-py3.10.egg-info/SOURCES.txt
[5.947s] -- Symlinking: /home/dgx_allex_one/allex2head/install/orbbec_camera_msgs/lib/python3.10/site-packages/orbbec_camera_msgs-1.2.2-py3.10.egg-info/dependency_links.txt
[5.954s] -- Symlinking: /home/dgx_allex_one/allex2head/install/orbbec_camera_msgs/lib/python3.10/site-packages/orbbec_camera_msgs-1.2.2-py3.10.egg-info/top_level.txt
[5.961s] -- Symlinking: /home/dgx_allex_one/allex2head/install/orbbec_camera_msgs/lib/python3.10/site-packages/orbbec_camera_msgs/__init__.py
[5.968s] -- Symlinking: /home/dgx_allex_one/allex2head/install/orbbec_camera_msgs/lib/python3.10/site-packages/orbbec_camera_msgs/_orbbec_camera_msgs_s.ep.rosidl_typesupport_c.c
[5.976s] -- Symlinking: /home/dgx_allex_one/allex2head/install/orbbec_camera_msgs/lib/python3.10/site-packages/orbbec_camera_msgs/_orbbec_camera_msgs_s.ep.rosidl_typesupport_fastrtps_c.c
[5.983s] -- Symlinking: /home/dgx_allex_one/allex2head/install/orbbec_camera_msgs/lib/python3.10/site-packages/orbbec_camera_msgs/_orbbec_camera_msgs_s.ep.rosidl_typesupport_introspection_c.c
[5.988s] -- Symlinking: /home/dgx_allex_one/allex2head/install/orbbec_camera_msgs/lib/python3.10/site-packages/orbbec_camera_msgs/msg/__init__.py
[5.992s] -- Symlinking: /home/dgx_allex_one/allex2head/install/orbbec_camera_msgs/lib/python3.10/site-packages/orbbec_camera_msgs/msg/_device_info.py
[5.997s] -- Symlinking: /home/dgx_allex_one/allex2head/install/orbbec_camera_msgs/lib/python3.10/site-packages/orbbec_camera_msgs/msg/_device_info_s.c
[6.002s] -- Symlinking: /home/dgx_allex_one/allex2head/install/orbbec_camera_msgs/lib/python3.10/site-packages/orbbec_camera_msgs/msg/_extrinsics.py
[6.007s] -- Symlinking: /home/dgx_allex_one/allex2head/install/orbbec_camera_msgs/lib/python3.10/site-packages/orbbec_camera_msgs/msg/_extrinsics_s.c
[6.012s] -- Symlinking: /home/dgx_allex_one/allex2head/install/orbbec_camera_msgs/lib/python3.10/site-packages/orbbec_camera_msgs/msg/_imu_info.py
[6.017s] -- Symlinking: /home/dgx_allex_one/allex2head/install/orbbec_camera_msgs/lib/python3.10/site-packages/orbbec_camera_msgs/msg/_imu_info_s.c
[6.021s] -- Symlinking: /home/dgx_allex_one/allex2head/install/orbbec_camera_msgs/lib/python3.10/site-packages/orbbec_camera_msgs/msg/_metadata.py
[6.027s] -- Symlinking: /home/dgx_allex_one/allex2head/install/orbbec_camera_msgs/lib/python3.10/site-packages/orbbec_camera_msgs/msg/_metadata_s.c
[6.031s] -- Symlinking: /home/dgx_allex_one/allex2head/install/orbbec_camera_msgs/lib/python3.10/site-packages/orbbec_camera_msgs/msg/_rgbd.py
[6.036s] -- Symlinking: /home/dgx_allex_one/allex2head/install/orbbec_camera_msgs/lib/python3.10/site-packages/orbbec_camera_msgs/msg/_rgbd_s.c
[6.041s] -- Symlinking: /home/dgx_allex_one/allex2head/install/orbbec_camera_msgs/lib/python3.10/site-packages/orbbec_camera_msgs/orbbec_camera_msgs_s__rosidl_typesupport_c.so
[6.045s] -- Symlinking: /home/dgx_allex_one/allex2head/install/orbbec_camera_msgs/lib/python3.10/site-packages/orbbec_camera_msgs/orbbec_camera_msgs_s__rosidl_typesupport_fastrtps_c.so
[6.050s] -- Symlinking: /home/dgx_allex_one/allex2head/install/orbbec_camera_msgs/lib/python3.10/site-packages/orbbec_camera_msgs/orbbec_camera_msgs_s__rosidl_typesupport_introspection_c.so
[6.055s] -- Symlinking: /home/dgx_allex_one/allex2head/install/orbbec_camera_msgs/lib/python3.10/site-packages/orbbec_camera_msgs/srv/__init__.py
[6.059s] -- Symlinking: /home/dgx_allex_one/allex2head/install/orbbec_camera_msgs/lib/python3.10/site-packages/orbbec_camera_msgs/srv/_get_bool.py
[6.064s] -- Symlinking: /home/dgx_allex_one/allex2head/install/orbbec_camera_msgs/lib/python3.10/site-packages/orbbec_camera_msgs/srv/_get_bool_s.c
[6.069s] -- Symlinking: /home/dgx_allex_one/allex2head/install/orbbec_camera_msgs/lib/python3.10/site-packages/orbbec_camera_msgs/srv/_get_camera_info.py
[6.074s] -- Symlinking: /home/dgx_allex_one/allex2head/install/orbbec_camera_msgs/lib/python3.10/site-packages/orbbec_camera_msgs/srv/_get_camera_info_s.c
[6.079s] -- Symlinking: /home/dgx_allex_one/allex2head/install/orbbec_camera_msgs/lib/python3.10/site-packages/orbbec_camera_msgs/srv/_get_device_info.py
[6.084s] -- Symlinking: /home/dgx_allex_one/allex2head/install/orbbec_camera_msgs/lib/python3.10/site-packages/orbbec_camera_msgs/srv/_get_device_info_s.c
[6.089s] -- Symlinking: /home/dgx_allex_one/allex2head/install/orbbec_camera_msgs/lib/python3.10/site-packages/orbbec_camera_msgs/srv/_get_int32.py
[6.094s] -- Symlinking: /home/dgx_allex_one/allex2head/install/orbbec_camera_msgs/lib/python3.10/site-packages/orbbec_camera_msgs/srv/_get_int32_s.c
[6.099s] -- Symlinking: /home/dgx_allex_one/allex2head/install/orbbec_camera_msgs/lib/python3.10/site-packages/orbbec_camera_msgs/srv/_get_string.py
[6.107s] -- Symlinking: /home/dgx_allex_one/allex2head/install/orbbec_camera_msgs/lib/python3.10/site-packages/orbbec_camera_msgs/srv/_get_string_s.c
[6.112s] -- Symlinking: /home/dgx_allex_one/allex2head/install/orbbec_camera_msgs/lib/python3.10/site-packages/orbbec_camera_msgs/srv/_set_arrays.py
[6.118s] -- Symlinking: /home/dgx_allex_one/allex2head/install/orbbec_camera_msgs/lib/python3.10/site-packages/orbbec_camera_msgs/srv/_set_arrays_s.c
[6.123s] -- Symlinking: /home/dgx_allex_one/allex2head/install/orbbec_camera_msgs/lib/python3.10/site-packages/orbbec_camera_msgs/srv/_set_filter.py
[6.128s] -- Symlinking: /home/dgx_allex_one/allex2head/install/orbbec_camera_msgs/lib/python3.10/site-packages/orbbec_camera_msgs/srv/_set_filter_s.c
[6.136s] -- Symlinking: /home/dgx_allex_one/allex2head/install/orbbec_camera_msgs/lib/python3.10/site-packages/orbbec_camera_msgs/srv/_set_int32.py
[6.144s] -- Symlinking: /home/dgx_allex_one/allex2head/install/orbbec_camera_msgs/lib/python3.10/site-packages/orbbec_camera_msgs/srv/_set_int32_s.c
[6.151s] -- Symlinking: /home/dgx_allex_one/allex2head/install/orbbec_camera_msgs/lib/python3.10/site-packages/orbbec_camera_msgs/srv/_set_string.py
[6.159s] -- Symlinking: /home/dgx_allex_one/allex2head/install/orbbec_camera_msgs/lib/python3.10/site-packages/orbbec_camera_msgs/srv/_set_string_s.c
[6.166s] -- Up-to-date symlink: /home/dgx_allex_one/allex2head/install/orbbec_camera_msgs/lib/python3.10/site-packages/orbbec_camera_msgs/orbbec_camera_msgs_s__rosidl_typesupport_fastrtps_c.so
[6.166s] -- Up-to-date symlink: /home/dgx_allex_one/allex2head/install/orbbec_camera_msgs/lib/python3.10/site-packages/orbbec_camera_msgs/orbbec_camera_msgs_s__rosidl_typesupport_introspection_c.so
[6.166s] -- Up-to-date symlink: /home/dgx_allex_one/allex2head/install/orbbec_camera_msgs/lib/python3.10/site-packages/orbbec_camera_msgs/orbbec_camera_msgs_s__rosidl_typesupport_c.so
[6.167s] -- Symlinking: /home/dgx_allex_one/allex2head/install/orbbec_camera_msgs/share/orbbec_camera_msgs/msg/DeviceInfo.idl
[6.174s] -- Symlinking: /home/dgx_allex_one/allex2head/install/orbbec_camera_msgs/share/orbbec_camera_msgs/msg/Extrinsics.idl
[6.181s] -- Symlinking: /home/dgx_allex_one/allex2head/install/orbbec_camera_msgs/share/orbbec_camera_msgs/msg/Metadata.idl
[6.189s] -- Symlinking: /home/dgx_allex_one/allex2head/install/orbbec_camera_msgs/share/orbbec_camera_msgs/msg/IMUInfo.idl
[6.196s] -- Symlinking: /home/dgx_allex_one/allex2head/install/orbbec_camera_msgs/share/orbbec_camera_msgs/msg/RGBD.idl
[6.201s] -- Symlinking: /home/dgx_allex_one/allex2head/install/orbbec_camera_msgs/share/orbbec_camera_msgs/srv/GetBool.idl
[6.209s] -- Symlinking: /home/dgx_allex_one/allex2head/install/orbbec_camera_msgs/share/orbbec_camera_msgs/srv/GetDeviceInfo.idl
[6.214s] -- Symlinking: /home/dgx_allex_one/allex2head/install/orbbec_camera_msgs/share/orbbec_camera_msgs/srv/GetCameraInfo.idl
[6.219s] -- Symlinking: /home/dgx_allex_one/allex2head/install/orbbec_camera_msgs/share/orbbec_camera_msgs/srv/GetInt32.idl
[6.224s] -- Symlinking: /home/dgx_allex_one/allex2head/install/orbbec_camera_msgs/share/orbbec_camera_msgs/srv/GetString.idl
[6.228s] -- Symlinking: /home/dgx_allex_one/allex2head/install/orbbec_camera_msgs/share/orbbec_camera_msgs/srv/SetFilter.idl
[6.234s] -- Symlinking: /home/dgx_allex_one/allex2head/install/orbbec_camera_msgs/share/orbbec_camera_msgs/srv/SetInt32.idl
[6.239s] -- Symlinking: /home/dgx_allex_one/allex2head/install/orbbec_camera_msgs/share/orbbec_camera_msgs/srv/SetString.idl
[6.244s] -- Symlinking: /home/dgx_allex_one/allex2head/install/orbbec_camera_msgs/share/orbbec_camera_msgs/srv/SetArrays.idl
[6.248s] -- Symlinking: /home/dgx_allex_one/allex2head/install/orbbec_camera_msgs/share/orbbec_camera_msgs/msg/DeviceInfo.msg
[6.253s] -- Symlinking: /home/dgx_allex_one/allex2head/install/orbbec_camera_msgs/share/orbbec_camera_msgs/msg/Extrinsics.msg
[6.258s] -- Symlinking: /home/dgx_allex_one/allex2head/install/orbbec_camera_msgs/share/orbbec_camera_msgs/msg/Metadata.msg
[6.263s] -- Symlinking: /home/dgx_allex_one/allex2head/install/orbbec_camera_msgs/share/orbbec_camera_msgs/msg/IMUInfo.msg
[6.268s] -- Symlinking: /home/dgx_allex_one/allex2head/install/orbbec_camera_msgs/share/orbbec_camera_msgs/msg/RGBD.msg
[6.273s] -- Symlinking: /home/dgx_allex_one/allex2head/install/orbbec_camera_msgs/share/orbbec_camera_msgs/srv/GetBool.srv
[6.278s] -- Symlinking: /home/dgx_allex_one/allex2head/install/orbbec_camera_msgs/share/orbbec_camera_msgs/srv/GetDeviceInfo.srv
[6.283s] -- Symlinking: /home/dgx_allex_one/allex2head/install/orbbec_camera_msgs/share/orbbec_camera_msgs/srv/GetCameraInfo.srv
[6.291s] -- Symlinking: /home/dgx_allex_one/allex2head/install/orbbec_camera_msgs/share/orbbec_camera_msgs/srv/GetInt32.srv
[6.296s] -- Symlinking: /home/dgx_allex_one/allex2head/install/orbbec_camera_msgs/share/orbbec_camera_msgs/srv/GetString.srv
[6.302s] -- Symlinking: /home/dgx_allex_one/allex2head/install/orbbec_camera_msgs/share/orbbec_camera_msgs/srv/SetFilter.srv
[6.310s] -- Symlinking: /home/dgx_allex_one/allex2head/install/orbbec_camera_msgs/share/orbbec_camera_msgs/srv/SetInt32.srv
[6.318s] -- Symlinking: /home/dgx_allex_one/allex2head/install/orbbec_camera_msgs/share/orbbec_camera_msgs/srv/SetString.srv
[6.325s] -- Symlinking: /home/dgx_allex_one/allex2head/install/orbbec_camera_msgs/share/orbbec_camera_msgs/srv/SetArrays.srv
[6.332s] -- Symlinking: /home/dgx_allex_one/allex2head/install/orbbec_camera_msgs/share/ament_index/resource_index/package_run_dependencies/orbbec_camera_msgs
[6.337s] -- Symlinking: /home/dgx_allex_one/allex2head/install/orbbec_camera_msgs/share/ament_index/resource_index/parent_prefix_path/orbbec_camera_msgs
[6.345s] -- Symlinking: /home/dgx_allex_one/allex2head/install/orbbec_camera_msgs/share/orbbec_camera_msgs/environment/ament_prefix_path.sh
[6.352s] -- Symlinking: /home/dgx_allex_one/allex2head/install/orbbec_camera_msgs/share/orbbec_camera_msgs/environment/ament_prefix_path.dsv
[6.357s] -- Symlinking: /home/dgx_allex_one/allex2head/install/orbbec_camera_msgs/share/orbbec_camera_msgs/environment/path.sh
[6.362s] -- Symlinking: /home/dgx_allex_one/allex2head/install/orbbec_camera_msgs/share/orbbec_camera_msgs/environment/path.dsv
[6.367s] -- Symlinking: /home/dgx_allex_one/allex2head/install/orbbec_camera_msgs/share/orbbec_camera_msgs/local_setup.bash
[6.372s] -- Symlinking: /home/dgx_allex_one/allex2head/install/orbbec_camera_msgs/share/orbbec_camera_msgs/local_setup.sh
[6.377s] -- Symlinking: /home/dgx_allex_one/allex2head/install/orbbec_camera_msgs/share/orbbec_camera_msgs/local_setup.zsh
[6.382s] -- Symlinking: /home/dgx_allex_one/allex2head/install/orbbec_camera_msgs/share/orbbec_camera_msgs/local_setup.dsv
[6.387s] -- Symlinking: /home/dgx_allex_one/allex2head/install/orbbec_camera_msgs/share/orbbec_camera_msgs/package.dsv
[6.392s] -- Symlinking: /home/dgx_allex_one/allex2head/install/orbbec_camera_msgs/share/ament_index/resource_index/packages/orbbec_camera_msgs
[6.397s] -- Symlinking: /home/dgx_allex_one/allex2head/install/orbbec_camera_msgs/share/orbbec_camera_msgs/cmake/rosidl_cmake-extras.cmake
[6.405s] -- Symlinking: /home/dgx_allex_one/allex2head/install/orbbec_camera_msgs/share/orbbec_camera_msgs/cmake/ament_cmake_export_dependencies-extras.cmake
[6.410s] -- Symlinking: /home/dgx_allex_one/allex2head/install/orbbec_camera_msgs/share/orbbec_camera_msgs/cmake/ament_cmake_export_include_directories-extras.cmake
[6.415s] -- Symlinking: /home/dgx_allex_one/allex2head/install/orbbec_camera_msgs/share/orbbec_camera_msgs/cmake/ament_cmake_export_libraries-extras.cmake
[6.420s] -- Symlinking: /home/dgx_allex_one/allex2head/install/orbbec_camera_msgs/share/orbbec_camera_msgs/cmake/ament_cmake_export_targets-extras.cmake
[6.425s] -- Symlinking: /home/dgx_allex_one/allex2head/install/orbbec_camera_msgs/share/orbbec_camera_msgs/cmake/rosidl_cmake_export_typesupport_targets-extras.cmake
[6.430s] -- Symlinking: /home/dgx_allex_one/allex2head/install/orbbec_camera_msgs/share/orbbec_camera_msgs/cmake/rosidl_cmake_export_typesupport_libraries-extras.cmake
[6.436s] -- Symlinking: /home/dgx_allex_one/allex2head/install/orbbec_camera_msgs/share/orbbec_camera_msgs/cmake/orbbec_camera_msgsConfig.cmake
[6.444s] -- Symlinking: /home/dgx_allex_one/allex2head/install/orbbec_camera_msgs/share/orbbec_camera_msgs/cmake/orbbec_camera_msgsConfig-version.cmake
[6.450s] -- Symlinking: /home/dgx_allex_one/allex2head/install/orbbec_camera_msgs/share/orbbec_camera_msgs/package.xml
[6.457s] -- Installing: /home/dgx_allex_one/allex2head/install/orbbec_camera_msgs/lib/liborbbec_camera_msgs__rosidl_generator_c.so
[6.458s] -- Set non-toolchain portion of runtime path of "/home/dgx_allex_one/allex2head/install/orbbec_camera_msgs/lib/liborbbec_camera_msgs__rosidl_generator_c.so" to ""
[6.458s] -- Installing: /home/dgx_allex_one/allex2head/install/orbbec_camera_msgs/lib/liborbbec_camera_msgs__rosidl_typesupport_fastrtps_c.so
[6.458s] -- Set non-toolchain portion of runtime path of "/home/dgx_allex_one/allex2head/install/orbbec_camera_msgs/lib/liborbbec_camera_msgs__rosidl_typesupport_fastrtps_c.so" to ""
[6.458s] -- Installing: /home/dgx_allex_one/allex2head/install/orbbec_camera_msgs/lib/liborbbec_camera_msgs__rosidl_typesupport_introspection_c.so
[6.458s] -- Set non-toolchain portion of runtime path of "/home/dgx_allex_one/allex2head/install/orbbec_camera_msgs/lib/liborbbec_camera_msgs__rosidl_typesupport_introspection_c.so" to ""
[6.458s] -- Installing: /home/dgx_allex_one/allex2head/install/orbbec_camera_msgs/lib/liborbbec_camera_msgs__rosidl_typesupport_c.so
[6.458s] -- Set non-toolchain portion of runtime path of "/home/dgx_allex_one/allex2head/install/orbbec_camera_msgs/lib/liborbbec_camera_msgs__rosidl_typesupport_c.so" to ""
[6.458s] -- Installing: /home/dgx_allex_one/allex2head/install/orbbec_camera_msgs/lib/liborbbec_camera_msgs__rosidl_typesupport_fastrtps_cpp.so
[6.459s] -- Set non-toolchain portion of runtime path of "/home/dgx_allex_one/allex2head/install/orbbec_camera_msgs/lib/liborbbec_camera_msgs__rosidl_typesupport_fastrtps_cpp.so" to ""
[6.459s] -- Installing: /home/dgx_allex_one/allex2head/install/orbbec_camera_msgs/lib/liborbbec_camera_msgs__rosidl_typesupport_introspection_cpp.so
[6.459s] -- Set non-toolchain portion of runtime path of "/home/dgx_allex_one/allex2head/install/orbbec_camera_msgs/lib/liborbbec_camera_msgs__rosidl_typesupport_introspection_cpp.so" to ""
[6.459s] -- Installing: /home/dgx_allex_one/allex2head/install/orbbec_camera_msgs/lib/liborbbec_camera_msgs__rosidl_typesupport_cpp.so
[6.460s] -- Set non-toolchain portion of runtime path of "/home/dgx_allex_one/allex2head/install/orbbec_camera_msgs/lib/liborbbec_camera_msgs__rosidl_typesupport_cpp.so" to ""
[6.491s] Listing '/home/dgx_allex_one/allex2head/install/orbbec_camera_msgs/lib/python3.10/site-packages/orbbec_camera_msgs'...
[6.491s] Compiling '/home/dgx_allex_one/allex2head/install/orbbec_camera_msgs/lib/python3.10/site-packages/orbbec_camera_msgs/__init__.py'...
[6.491s] Listing '/home/dgx_allex_one/allex2head/install/orbbec_camera_msgs/lib/python3.10/site-packages/orbbec_camera_msgs/msg'...
[6.491s] Compiling '/home/dgx_allex_one/allex2head/install/orbbec_camera_msgs/lib/python3.10/site-packages/orbbec_camera_msgs/msg/__init__.py'...
[6.491s] Compiling '/home/dgx_allex_one/allex2head/install/orbbec_camera_msgs/lib/python3.10/site-packages/orbbec_camera_msgs/msg/_device_info.py'...
[6.491s] Compiling '/home/dgx_allex_one/allex2head/install/orbbec_camera_msgs/lib/python3.10/site-packages/orbbec_camera_msgs/msg/_extrinsics.py'...
[6.491s] Compiling '/home/dgx_allex_one/allex2head/install/orbbec_camera_msgs/lib/python3.10/site-packages/orbbec_camera_msgs/msg/_imu_info.py'...
[6.491s] Compiling '/home/dgx_allex_one/allex2head/install/orbbec_camera_msgs/lib/python3.10/site-packages/orbbec_camera_msgs/msg/_metadata.py'...
[6.491s] Compiling '/home/dgx_allex_one/allex2head/install/orbbec_camera_msgs/lib/python3.10/site-packages/orbbec_camera_msgs/msg/_rgbd.py'...
[6.491s] Listing '/home/dgx_allex_one/allex2head/install/orbbec_camera_msgs/lib/python3.10/site-packages/orbbec_camera_msgs/srv'...
[6.491s] Compiling '/home/dgx_allex_one/allex2head/install/orbbec_camera_msgs/lib/python3.10/site-packages/orbbec_camera_msgs/srv/__init__.py'...
[6.491s] Compiling '/home/dgx_allex_one/allex2head/install/orbbec_camera_msgs/lib/python3.10/site-packages/orbbec_camera_msgs/srv/_get_bool.py'...
[6.491s] Compiling '/home/dgx_allex_one/allex2head/install/orbbec_camera_msgs/lib/python3.10/site-packages/orbbec_camera_msgs/srv/_get_camera_info.py'...
[6.491s] Compiling '/home/dgx_allex_one/allex2head/install/orbbec_camera_msgs/lib/python3.10/site-packages/orbbec_camera_msgs/srv/_get_device_info.py'...
[6.491s] Compiling '/home/dgx_allex_one/allex2head/install/orbbec_camera_msgs/lib/python3.10/site-packages/orbbec_camera_msgs/srv/_get_int32.py'...
[6.491s] Compiling '/home/dgx_allex_one/allex2head/install/orbbec_camera_msgs/lib/python3.10/site-packages/orbbec_camera_msgs/srv/_get_string.py'...
[6.491s] Compiling '/home/dgx_allex_one/allex2head/install/orbbec_camera_msgs/lib/python3.10/site-packages/orbbec_camera_msgs/srv/_set_arrays.py'...
[6.491s] Compiling '/home/dgx_allex_one/allex2head/install/orbbec_camera_msgs/lib/python3.10/site-packages/orbbec_camera_msgs/srv/_set_filter.py'...
[6.491s] Compiling '/home/dgx_allex_one/allex2head/install/orbbec_camera_msgs/lib/python3.10/site-packages/orbbec_camera_msgs/srv/_set_int32.py'...
[6.491s] Compiling '/home/dgx_allex_one/allex2head/install/orbbec_camera_msgs/lib/python3.10/site-packages/orbbec_camera_msgs/srv/_set_string.py'...
[6.494s] -- Installing: /home/dgx_allex_one/allex2head/install/orbbec_camera_msgs/lib/liborbbec_camera_msgs__rosidl_generator_py.so
[6.494s] -- Set non-toolchain portion of runtime path of "/home/dgx_allex_one/allex2head/install/orbbec_camera_msgs/lib/liborbbec_camera_msgs__rosidl_generator_py.so" to ""
[6.494s] -- Installing: /home/dgx_allex_one/allex2head/install/orbbec_camera_msgs/share/orbbec_camera_msgs/cmake/export_orbbec_camera_msgs__rosidl_generator_cExport.cmake
[6.494s] -- Installing: /home/dgx_allex_one/allex2head/install/orbbec_camera_msgs/share/orbbec_camera_msgs/cmake/export_orbbec_camera_msgs__rosidl_generator_cExport-noconfig.cmake
[6.494s] -- Installing: /home/dgx_allex_one/allex2head/install/orbbec_camera_msgs/share/orbbec_camera_msgs/cmake/export_orbbec_camera_msgs__rosidl_typesupport_fastrtps_cExport.cmake
[6.494s] -- Installing: /home/dgx_allex_one/allex2head/install/orbbec_camera_msgs/share/orbbec_camera_msgs/cmake/export_orbbec_camera_msgs__rosidl_typesupport_fastrtps_cExport-noconfig.cmake
[6.494s] -- Installing: /home/dgx_allex_one/allex2head/install/orbbec_camera_msgs/share/orbbec_camera_msgs/cmake/orbbec_camera_msgs__rosidl_typesupport_introspection_cExport.cmake
[6.494s] -- Installing: /home/dgx_allex_one/allex2head/install/orbbec_camera_msgs/share/orbbec_camera_msgs/cmake/orbbec_camera_msgs__rosidl_typesupport_introspection_cExport-noconfig.cmake
[6.494s] -- Installing: /home/dgx_allex_one/allex2head/install/orbbec_camera_msgs/share/orbbec_camera_msgs/cmake/orbbec_camera_msgs__rosidl_typesupport_cExport.cmake
[6.494s] -- Installing: /home/dgx_allex_one/allex2head/install/orbbec_camera_msgs/share/orbbec_camera_msgs/cmake/orbbec_camera_msgs__rosidl_typesupport_cExport-noconfig.cmake
[6.494s] -- Installing: /home/dgx_allex_one/allex2head/install/orbbec_camera_msgs/share/orbbec_camera_msgs/cmake/export_orbbec_camera_msgs__rosidl_generator_cppExport.cmake
[6.495s] -- Installing: /home/dgx_allex_one/allex2head/install/orbbec_camera_msgs/share/orbbec_camera_msgs/cmake/export_orbbec_camera_msgs__rosidl_typesupport_fastrtps_cppExport.cmake
[6.495s] -- Installing: /home/dgx_allex_one/allex2head/install/orbbec_camera_msgs/share/orbbec_camera_msgs/cmake/export_orbbec_camera_msgs__rosidl_typesupport_fastrtps_cppExport-noconfig.cmake
[6.495s] -- Installing: /home/dgx_allex_one/allex2head/install/orbbec_camera_msgs/share/orbbec_camera_msgs/cmake/orbbec_camera_msgs__rosidl_typesupport_introspection_cppExport.cmake
[6.495s] -- Installing: /home/dgx_allex_one/allex2head/install/orbbec_camera_msgs/share/orbbec_camera_msgs/cmake/orbbec_camera_msgs__rosidl_typesupport_introspection_cppExport-noconfig.cmake
[6.495s] -- Installing: /home/dgx_allex_one/allex2head/install/orbbec_camera_msgs/share/orbbec_camera_msgs/cmake/orbbec_camera_msgs__rosidl_typesupport_cppExport.cmake
[6.495s] -- Installing: /home/dgx_allex_one/allex2head/install/orbbec_camera_msgs/share/orbbec_camera_msgs/cmake/orbbec_camera_msgs__rosidl_typesupport_cppExport-noconfig.cmake
[6.495s] -- Installing: /home/dgx_allex_one/allex2head/install/orbbec_camera_msgs/share/orbbec_camera_msgs/cmake/export_orbbec_camera_msgs__rosidl_generator_pyExport.cmake
[6.495s] -- Installing: /home/dgx_allex_one/allex2head/install/orbbec_camera_msgs/share/orbbec_camera_msgs/cmake/export_orbbec_camera_msgs__rosidl_generator_pyExport-noconfig.cmake
[6.497s] Invoked command in '/home/dgx_allex_one/allex2head/build/orbbec_camera_msgs' returned '0': CMAKE_PREFIX_PATH=${CMAKE_PREFIX_PATH}:/opt/ros/jazzy CONDA_PROMPT_MODIFIER=(allex_camera) DEBUGINFOD_URLS=https://debuginfod.ubuntu.com /usr/bin/cmake --install /home/dgx_allex_one/allex2head/build/orbbec_camera_msgs
