[0.007s] Invoking command in '/home/dgx_allex_one/allex2head/build/orbbec_camera_msgs': CMAKE_PREFIX_PATH=${CMAKE_PREFIX_PATH}:/opt/ros/jazzy CONDA_PROMPT_MODIFIER=(allex_camera) DEBUGINFOD_URLS=https://debuginfod.ubuntu.com /usr/bin/cmake /home/dgx_allex_one/allex2head/src/OrbbecSDK_ROS2/orbbec_camera_msgs -DAMENT_CMAKE_SYMLINK_INSTALL=1 -DCMAKE_INSTALL_PREFIX=/home/dgx_allex_one/allex2head/install/orbbec_camera_msgs
[0.171s] -- The C compiler identification is GNU 13.3.0
[0.277s] -- The CXX compiler identification is GNU 13.3.0
[0.299s] -- Detecting C compiler ABI info
[0.376s] -- Detecting C compiler ABI info - done
[0.384s] -- Check for working C compiler: /usr/bin/cc - skipped
[0.385s] -- Detecting C compile features
[0.385s] -- Detecting C compile features - done
[0.393s] -- Detecting CXX compiler ABI info
[0.462s] -- Detecting CXX compiler ABI info - done
[0.471s] -- Check for working CXX compiler: /usr/bin/c++ - skipped
[0.471s] -- Detecting CXX compile features
[0.471s] -- Detecting CXX compile features - done
[0.473s] -- Found ament_cmake: 2.5.4 (/opt/ros/jazzy/share/ament_cmake/cmake)
[0.566s] -- Found Python3: /home/dgx_allex_one/miniconda3/envs/allex_camera/bin/python3 (found version "3.10.19") found components: Interpreter 
[0.616s] -- Override CMake install command with custom implementation using symlinks instead of copying resources
[0.636s] -- Found rosidl_default_generators: 1.6.0 (/opt/ros/jazzy/share/rosidl_default_generators/cmake)
[0.640s] -- Using all available rosidl_typesupport_c: rosidl_typesupport_fastrtps_c;rosidl_typesupport_introspection_c
[0.680s] -- Using all available rosidl_typesupport_cpp: rosidl_typesupport_fastrtps_cpp;rosidl_typesupport_introspection_cpp
[0.696s] -- Found rosidl_adapter: 4.6.6 (/opt/ros/jazzy/share/rosidl_adapter/cmake)
[0.697s] -- Found sensor_msgs: 5.3.6 (/opt/ros/jazzy/share/sensor_msgs/cmake)
[0.808s] [31mCMake Error at /opt/ros/jazzy/share/rosidl_adapter/cmake/rosidl_adapt_interfaces.cmake:57 (message):
[0.808s]   
[0.808s]   execute_process(/home/dgx_allex_one/miniconda3/envs/allex_camera/bin/python3
[0.808s]   -m rosidl_adapter --package-name orbbec_camera_msgs --arguments-file
[0.808s]   /home/dgx_allex_one/allex2head/build/orbbec_camera_msgs/rosidl_adapter__arguments__orbbec_camera_msgs.json
[0.808s]   --output-dir
[0.808s]   /home/dgx_allex_one/allex2head/build/orbbec_camera_msgs/rosidl_adapter/orbbec_camera_msgs
[0.808s]   --output-file
[0.808s]   /home/dgx_allex_one/allex2head/build/orbbec_camera_msgs/rosidl_adapter/orbbec_camera_msgs.idls)
[0.808s]   returned error code 1:
[0.808s] 
[0.808s]   Traceback (most recent call last):
[0.808s] 
[0.808s]     File "/home/dgx_allex_one/miniconda3/envs/allex_camera/lib/python3.10/runpy.py", line 196, in _run_module_as_main
[0.808s]       return _run_code(code, main_globals, None,
[0.808s]     File "/home/dgx_allex_one/miniconda3/envs/allex_camera/lib/python3.10/runpy.py", line 86, in _run_code
[0.808s]       exec(code, run_globals)
[0.808s]     File "/opt/ros/jazzy/lib/python3.12/site-packages/rosidl_adapter/__main__.py", line 19, in <module>
[0.808s]       sys.exit(main())
[0.808s]     File "/opt/ros/jazzy/lib/python3.12/site-packages/rosidl_adapter/main.py", line 53, in main
[0.808s]       abs_idl_file = convert_to_idl(
[0.809s]     File "/opt/ros/jazzy/lib/python3.12/site-packages/rosidl_adapter/__init__.py", line 18, in convert_to_idl
[0.809s]       from rosidl_adapter.msg import convert_msg_to_idl
[0.809s]     File "/opt/ros/jazzy/lib/python3.12/site-packages/rosidl_adapter/msg/__init__.py", line 16, in <module>
[0.809s]       from rosidl_adapter.resource import expand_template
[0.809s]     File "/opt/ros/jazzy/lib/python3.12/site-packages/rosidl_adapter/resource/__init__.py", line 19, in <module>
[0.809s]       import em
[0.809s] 
[0.809s]   ModuleNotFoundError: No module named 'em'
[0.809s] 
[0.809s] Call Stack (most recent call first):
[0.809s]   /opt/ros/jazzy/share/rosidl_cmake/cmake/rosidl_generate_interfaces.cmake:132 (rosidl_adapt_interfaces)
[0.809s]   CMakeLists.txt:17 (rosidl_generate_interfaces)
[0.809s] 
[0.809s] [0m
[0.809s] -- Configuring incomplete, errors occurred!
