[0.520s] Invoking command in '/home/dgx_allex_one/allex2head/build/camera_node': DEBUGINFOD_URLS=https://debuginfod.ubuntu.com PYTHONPATH=/home/dgx_allex_one/allex2head/build/camera_node/prefix_override:/usr/lib/python3/dist-packages/colcon_core/task/python/colcon_distutils_commands:/home/dgx_allex_one/allex2head/install/camera_node/lib/python3.12/site-packages:${PYTHONPATH} /usr/bin/python3 -W ignore:setup.py install is deprecated -W ignore:easy_install command is deprecated setup.py develop --editable --build-directory /home/dgx_allex_one/allex2head/build/camera_node/build --no-deps symlink_data
[0.718s] running develop
[0.794s] running egg_info
[0.801s] writing camera_node.egg-info/PKG-INFO
[0.801s] writing dependency_links to camera_node.egg-info/dependency_links.txt
[0.801s] writing entry points to camera_node.egg-info/entry_points.txt
[0.801s] writing requirements to camera_node.egg-info/requires.txt
[0.801s] writing top-level names to camera_node.egg-info/top_level.txt
[0.817s] reading manifest file 'camera_node.egg-info/SOURCES.txt'
[0.818s] writing manifest file 'camera_node.egg-info/SOURCES.txt'
[0.831s] running build_ext
[0.831s] Creating /home/dgx_allex_one/allex2head/install/camera_node/lib/python3.12/site-packages/camera-node.egg-link (link to .)
[0.831s] Installing camera_publisher script to /home/dgx_allex_one/allex2head/install/camera_node/lib/camera_node
[0.831s] Installing face_detection_test script to /home/dgx_allex_one/allex2head/install/camera_node/lib/camera_node
[0.831s] Installing gui_node script to /home/dgx_allex_one/allex2head/install/camera_node/lib/camera_node
[0.831s] Installing image_publisher script to /home/dgx_allex_one/allex2head/install/camera_node/lib/camera_node
[0.831s] Installing video_publisher script to /home/dgx_allex_one/allex2head/install/camera_node/lib/camera_node
[0.831s] Installing zed_publisher script to /home/dgx_allex_one/allex2head/install/camera_node/lib/camera_node
[0.832s] 
[0.832s] Installed /home/dgx_allex_one/allex2head/build/camera_node
[0.832s] running symlink_data
[0.850s] Invoked command in '/home/dgx_allex_one/allex2head/build/camera_node' returned '0': DEBUGINFOD_URLS=https://debuginfod.ubuntu.com PYTHONPATH=/home/dgx_allex_one/allex2head/build/camera_node/prefix_override:/usr/lib/python3/dist-packages/colcon_core/task/python/colcon_distutils_commands:/home/dgx_allex_one/allex2head/install/camera_node/lib/python3.12/site-packages:${PYTHONPATH} /usr/bin/python3 -W ignore:setup.py install is deprecated -W ignore:easy_install command is deprecated setup.py develop --editable --build-directory /home/dgx_allex_one/allex2head/build/camera_node/build --no-deps symlink_data
