[0.060s] DEBUG:colcon:Command line arguments: ['/usr/bin/colcon', 'build', '--symlink-install']
[0.060s] DEBUG:colcon:Parsed command line arguments: Namespace(log_base=None, log_level=None, verb_name='build', build_base='build', install_base='install', merge_install=False, symlink_install=True, test_result_base=None, continue_on_error=False, executor='parallel', parallel_workers=20, event_handlers=None, ignore_user_meta=False, metas=['./colcon.meta'], base_paths=['.'], packages_ignore=None, packages_ignore_regex=None, paths=None, packages_up_to=None, packages_up_to_regex=None, packages_above=None, packages_above_and_dependencies=None, packages_above_depth=None, packages_select_by_dep=None, packages_skip_by_dep=None, packages_skip_up_to=None, packages_select_build_failed=False, packages_skip_build_finished=False, packages_select_test_failures=False, packages_skip_test_passed=False, packages_select=None, packages_skip=None, packages_select_regex=None, packages_skip_regex=None, packages_start=None, packages_end=None, allow_overriding=[], cmake_args=None, cmake_target=None, cmake_target_skip_unavailable=False, cmake_clean_cache=False, cmake_clean_first=False, cmake_force_configure=False, ament_cmake_args=None, catkin_cmake_args=None, catkin_skip_building_tests=False, mixin_files=None, mixin=None, verb_parser=<colcon_mixin.mixin.mixin_argument.MixinArgumentDecorator object at 0x705ca61890f0>, verb_extension=<colcon_core.verb.build.BuildVerb object at 0x705ca6188b80>, main=<bound method BuildVerb.main of <colcon_core.verb.build.BuildVerb object at 0x705ca6188b80>>, mixin_verb=('build',))
[0.146s] Level 1:colcon.colcon_core.package_discovery:discover_packages(colcon_meta) check parameters
[0.146s] Level 1:colcon.colcon_core.package_discovery:discover_packages(recursive) check parameters
[0.146s] Level 1:colcon.colcon_core.package_discovery:discover_packages(ignore) check parameters
[0.146s] Level 1:colcon.colcon_core.package_discovery:discover_packages(path) check parameters
[0.146s] Level 1:colcon.colcon_core.package_discovery:discover_packages(colcon_meta) discover
[0.146s] Level 1:colcon.colcon_core.package_discovery:discover_packages(recursive) discover
[0.146s] INFO:colcon.colcon_core.package_discovery:Crawling recursively for packages in '/home/yeah2/allex_ces_idle_interaction_gui'
[0.146s] Level 1:colcon.colcon_core.package_identification:_identify(.) by extensions ['ignore', 'ignore_ament_install']
[0.147s] Level 1:colcon.colcon_core.package_identification:_identify(.) by extension 'ignore'
[0.147s] Level 1:colcon.colcon_core.package_identification:_identify(.) by extension 'ignore_ament_install'
[0.147s] Level 1:colcon.colcon_core.package_identification:_identify(.) by extensions ['colcon_pkg']
[0.147s] Level 1:colcon.colcon_core.package_identification:_identify(.) by extension 'colcon_pkg'
[0.147s] Level 1:colcon.colcon_core.package_identification:_identify(.) by extensions ['colcon_meta']
[0.147s] Level 1:colcon.colcon_core.package_identification:_identify(.) by extension 'colcon_meta'
[0.147s] Level 1:colcon.colcon_core.package_identification:_identify(.) by extensions ['ros']
[0.147s] Level 1:colcon.colcon_core.package_identification:_identify(.) by extension 'ros'
[0.165s] Level 1:colcon.colcon_core.package_identification:_identify(.) by extensions ['cmake', 'python']
[0.165s] Level 1:colcon.colcon_core.package_identification:_identify(.) by extension 'cmake'
[0.165s] Level 1:colcon.colcon_core.package_identification:_identify(.) by extension 'python'
[0.165s] Level 1:colcon.colcon_core.package_identification:_identify(.) by extensions ['python_setup_py']
[0.166s] Level 1:colcon.colcon_core.package_identification:_identify(.) by extension 'python_setup_py'
[0.166s] Level 1:colcon.colcon_core.package_identification:_identify(build) by extensions ['ignore', 'ignore_ament_install']
[0.166s] Level 1:colcon.colcon_core.package_identification:_identify(build) by extension 'ignore'
[0.166s] Level 1:colcon.colcon_core.package_identification:_identify(build) ignored
[0.166s] Level 1:colcon.colcon_core.package_identification:_identify(config) by extensions ['ignore', 'ignore_ament_install']
[0.166s] Level 1:colcon.colcon_core.package_identification:_identify(config) by extension 'ignore'
[0.166s] Level 1:colcon.colcon_core.package_identification:_identify(config) by extension 'ignore_ament_install'
[0.166s] Level 1:colcon.colcon_core.package_identification:_identify(config) by extensions ['colcon_pkg']
[0.166s] Level 1:colcon.colcon_core.package_identification:_identify(config) by extension 'colcon_pkg'
[0.166s] Level 1:colcon.colcon_core.package_identification:_identify(config) by extensions ['colcon_meta']
[0.166s] Level 1:colcon.colcon_core.package_identification:_identify(config) by extension 'colcon_meta'
[0.166s] Level 1:colcon.colcon_core.package_identification:_identify(config) by extensions ['ros']
[0.166s] Level 1:colcon.colcon_core.package_identification:_identify(config) by extension 'ros'
[0.166s] Level 1:colcon.colcon_core.package_identification:_identify(config) by extensions ['cmake', 'python']
[0.166s] Level 1:colcon.colcon_core.package_identification:_identify(config) by extension 'cmake'
[0.166s] Level 1:colcon.colcon_core.package_identification:_identify(config) by extension 'python'
[0.166s] Level 1:colcon.colcon_core.package_identification:_identify(config) by extensions ['python_setup_py']
[0.166s] Level 1:colcon.colcon_core.package_identification:_identify(config) by extension 'python_setup_py'
[0.166s] Level 1:colcon.colcon_core.package_identification:_identify(install) by extensions ['ignore', 'ignore_ament_install']
[0.166s] Level 1:colcon.colcon_core.package_identification:_identify(install) by extension 'ignore'
[0.166s] Level 1:colcon.colcon_core.package_identification:_identify(install) ignored
[0.166s] Level 1:colcon.colcon_core.package_identification:_identify(log) by extensions ['ignore', 'ignore_ament_install']
[0.166s] Level 1:colcon.colcon_core.package_identification:_identify(log) by extension 'ignore'
[0.166s] Level 1:colcon.colcon_core.package_identification:_identify(log) ignored
[0.166s] Level 1:colcon.colcon_core.package_identification:_identify(src) by extensions ['ignore', 'ignore_ament_install']
[0.166s] Level 1:colcon.colcon_core.package_identification:_identify(src) by extension 'ignore'
[0.166s] Level 1:colcon.colcon_core.package_identification:_identify(src) by extension 'ignore_ament_install'
[0.166s] Level 1:colcon.colcon_core.package_identification:_identify(src) by extensions ['colcon_pkg']
[0.166s] Level 1:colcon.colcon_core.package_identification:_identify(src) by extension 'colcon_pkg'
[0.166s] Level 1:colcon.colcon_core.package_identification:_identify(src) by extensions ['colcon_meta']
[0.166s] Level 1:colcon.colcon_core.package_identification:_identify(src) by extension 'colcon_meta'
[0.166s] Level 1:colcon.colcon_core.package_identification:_identify(src) by extensions ['ros']
[0.166s] Level 1:colcon.colcon_core.package_identification:_identify(src) by extension 'ros'
[0.166s] Level 1:colcon.colcon_core.package_identification:_identify(src) by extensions ['cmake', 'python']
[0.166s] Level 1:colcon.colcon_core.package_identification:_identify(src) by extension 'cmake'
[0.166s] Level 1:colcon.colcon_core.package_identification:_identify(src) by extension 'python'
[0.166s] Level 1:colcon.colcon_core.package_identification:_identify(src) by extensions ['python_setup_py']
[0.166s] Level 1:colcon.colcon_core.package_identification:_identify(src) by extension 'python_setup_py'
[0.167s] Level 1:colcon.colcon_core.package_identification:_identify(src/OrbbecSDK_ROS2) by extensions ['ignore', 'ignore_ament_install']
[0.167s] Level 1:colcon.colcon_core.package_identification:_identify(src/OrbbecSDK_ROS2) by extension 'ignore'
[0.167s] Level 1:colcon.colcon_core.package_identification:_identify(src/OrbbecSDK_ROS2) by extension 'ignore_ament_install'
[0.167s] Level 1:colcon.colcon_core.package_identification:_identify(src/OrbbecSDK_ROS2) by extensions ['colcon_pkg']
[0.167s] Level 1:colcon.colcon_core.package_identification:_identify(src/OrbbecSDK_ROS2) by extension 'colcon_pkg'
[0.167s] Level 1:colcon.colcon_core.package_identification:_identify(src/OrbbecSDK_ROS2) by extensions ['colcon_meta']
[0.167s] Level 1:colcon.colcon_core.package_identification:_identify(src/OrbbecSDK_ROS2) by extension 'colcon_meta'
[0.167s] Level 1:colcon.colcon_core.package_identification:_identify(src/OrbbecSDK_ROS2) by extensions ['ros']
[0.167s] Level 1:colcon.colcon_core.package_identification:_identify(src/OrbbecSDK_ROS2) by extension 'ros'
[0.167s] Level 1:colcon.colcon_core.package_identification:_identify(src/OrbbecSDK_ROS2) by extensions ['cmake', 'python']
[0.167s] Level 1:colcon.colcon_core.package_identification:_identify(src/OrbbecSDK_ROS2) by extension 'cmake'
[0.167s] Level 1:colcon.colcon_core.package_identification:_identify(src/OrbbecSDK_ROS2) by extension 'python'
[0.167s] Level 1:colcon.colcon_core.package_identification:_identify(src/OrbbecSDK_ROS2) by extensions ['python_setup_py']
[0.167s] Level 1:colcon.colcon_core.package_identification:_identify(src/OrbbecSDK_ROS2) by extension 'python_setup_py'
[0.167s] Level 1:colcon.colcon_core.package_identification:_identify(src/OrbbecSDK_ROS2/orbbec_camera) by extensions ['ignore', 'ignore_ament_install']
[0.167s] Level 1:colcon.colcon_core.package_identification:_identify(src/OrbbecSDK_ROS2/orbbec_camera) by extension 'ignore'
[0.167s] Level 1:colcon.colcon_core.package_identification:_identify(src/OrbbecSDK_ROS2/orbbec_camera) by extension 'ignore_ament_install'
[0.167s] Level 1:colcon.colcon_core.package_identification:_identify(src/OrbbecSDK_ROS2/orbbec_camera) by extensions ['colcon_pkg']
[0.167s] Level 1:colcon.colcon_core.package_identification:_identify(src/OrbbecSDK_ROS2/orbbec_camera) by extension 'colcon_pkg'
[0.167s] Level 1:colcon.colcon_core.package_identification:_identify(src/OrbbecSDK_ROS2/orbbec_camera) by extensions ['colcon_meta']
[0.167s] Level 1:colcon.colcon_core.package_identification:_identify(src/OrbbecSDK_ROS2/orbbec_camera) by extension 'colcon_meta'
[0.167s] Level 1:colcon.colcon_core.package_identification:_identify(src/OrbbecSDK_ROS2/orbbec_camera) by extensions ['ros']
[0.167s] Level 1:colcon.colcon_core.package_identification:_identify(src/OrbbecSDK_ROS2/orbbec_camera) by extension 'ros'
[0.169s] DEBUG:colcon.colcon_core.package_identification:Package 'src/OrbbecSDK_ROS2/orbbec_camera' with type 'ros.ament_cmake' and name 'orbbec_camera'
[0.170s] Level 1:colcon.colcon_core.package_identification:_identify(src/OrbbecSDK_ROS2/orbbec_camera_msgs) by extensions ['ignore', 'ignore_ament_install']
[0.170s] Level 1:colcon.colcon_core.package_identification:_identify(src/OrbbecSDK_ROS2/orbbec_camera_msgs) by extension 'ignore'
[0.170s] Level 1:colcon.colcon_core.package_identification:_identify(src/OrbbecSDK_ROS2/orbbec_camera_msgs) by extension 'ignore_ament_install'
[0.170s] Level 1:colcon.colcon_core.package_identification:_identify(src/OrbbecSDK_ROS2/orbbec_camera_msgs) by extensions ['colcon_pkg']
[0.170s] Level 1:colcon.colcon_core.package_identification:_identify(src/OrbbecSDK_ROS2/orbbec_camera_msgs) by extension 'colcon_pkg'
[0.170s] Level 1:colcon.colcon_core.package_identification:_identify(src/OrbbecSDK_ROS2/orbbec_camera_msgs) by extensions ['colcon_meta']
[0.170s] Level 1:colcon.colcon_core.package_identification:_identify(src/OrbbecSDK_ROS2/orbbec_camera_msgs) by extension 'colcon_meta'
[0.170s] Level 1:colcon.colcon_core.package_identification:_identify(src/OrbbecSDK_ROS2/orbbec_camera_msgs) by extensions ['ros']
[0.170s] Level 1:colcon.colcon_core.package_identification:_identify(src/OrbbecSDK_ROS2/orbbec_camera_msgs) by extension 'ros'
[0.170s] DEBUG:colcon.colcon_core.package_identification:Package 'src/OrbbecSDK_ROS2/orbbec_camera_msgs' with type 'ros.ament_cmake' and name 'orbbec_camera_msgs'
[0.170s] Level 1:colcon.colcon_core.package_identification:_identify(src/OrbbecSDK_ROS2/orbbec_description) by extensions ['ignore', 'ignore_ament_install']
[0.170s] Level 1:colcon.colcon_core.package_identification:_identify(src/OrbbecSDK_ROS2/orbbec_description) by extension 'ignore'
[0.170s] Level 1:colcon.colcon_core.package_identification:_identify(src/OrbbecSDK_ROS2/orbbec_description) by extension 'ignore_ament_install'
[0.170s] Level 1:colcon.colcon_core.package_identification:_identify(src/OrbbecSDK_ROS2/orbbec_description) by extensions ['colcon_pkg']
[0.170s] Level 1:colcon.colcon_core.package_identification:_identify(src/OrbbecSDK_ROS2/orbbec_description) by extension 'colcon_pkg'
[0.170s] Level 1:colcon.colcon_core.package_identification:_identify(src/OrbbecSDK_ROS2/orbbec_description) by extensions ['colcon_meta']
[0.170s] Level 1:colcon.colcon_core.package_identification:_identify(src/OrbbecSDK_ROS2/orbbec_description) by extension 'colcon_meta'
[0.170s] Level 1:colcon.colcon_core.package_identification:_identify(src/OrbbecSDK_ROS2/orbbec_description) by extensions ['ros']
[0.170s] Level 1:colcon.colcon_core.package_identification:_identify(src/OrbbecSDK_ROS2/orbbec_description) by extension 'ros'
[0.171s] DEBUG:colcon.colcon_core.package_identification:Package 'src/OrbbecSDK_ROS2/orbbec_description' with type 'ros.ament_cmake' and name 'orbbec_description'
[0.171s] Level 1:colcon.colcon_core.package_identification:_identify(src/allex_ces_idle_interaction) by extensions ['ignore', 'ignore_ament_install']
[0.171s] Level 1:colcon.colcon_core.package_identification:_identify(src/allex_ces_idle_interaction) by extension 'ignore'
[0.171s] Level 1:colcon.colcon_core.package_identification:_identify(src/allex_ces_idle_interaction) by extension 'ignore_ament_install'
[0.171s] Level 1:colcon.colcon_core.package_identification:_identify(src/allex_ces_idle_interaction) by extensions ['colcon_pkg']
[0.171s] Level 1:colcon.colcon_core.package_identification:_identify(src/allex_ces_idle_interaction) by extension 'colcon_pkg'
[0.171s] Level 1:colcon.colcon_core.package_identification:_identify(src/allex_ces_idle_interaction) by extensions ['colcon_meta']
[0.171s] Level 1:colcon.colcon_core.package_identification:_identify(src/allex_ces_idle_interaction) by extension 'colcon_meta'
[0.171s] Level 1:colcon.colcon_core.package_identification:_identify(src/allex_ces_idle_interaction) by extensions ['ros']
[0.171s] Level 1:colcon.colcon_core.package_identification:_identify(src/allex_ces_idle_interaction) by extension 'ros'
[0.171s] DEBUG:colcon.colcon_core.package_identification:Package 'src/allex_ces_idle_interaction' with type 'ros.ament_python' and name 'allex_ces_idle_interaction'
[0.171s] Level 1:colcon.colcon_core.package_discovery:discover_packages(recursive) using defaults
[0.171s] Level 1:colcon.colcon_core.package_discovery:discover_packages(ignore) discover
[0.171s] Level 1:colcon.colcon_core.package_discovery:discover_packages(ignore) using defaults
[0.171s] Level 1:colcon.colcon_core.package_discovery:discover_packages(path) discover
[0.171s] Level 1:colcon.colcon_core.package_discovery:discover_packages(path) using defaults
[0.183s] Level 1:colcon.colcon_core.package_discovery:discover_packages(prefix_path) check parameters
[0.183s] Level 1:colcon.colcon_core.package_discovery:discover_packages(prefix_path) discover
[0.184s] DEBUG:colcon.colcon_installed_package_information.package_discovery:Found 4 installed packages in /home/yeah2/allex_ces_idle_interaction_gui/install
[0.184s] DEBUG:colcon.colcon_installed_package_information.package_discovery:Found 4 installed packages in /home/yeah2/ros2_ws/install
[0.185s] DEBUG:colcon.colcon_installed_package_information.package_discovery:Found 303 installed packages in /opt/ros/humble
[0.185s] Level 1:colcon.colcon_core.package_discovery:discover_packages(prefix_path) using defaults
[0.204s] Level 5:colcon.colcon_core.verb:set package 'allex_ces_idle_interaction' build argument 'cmake_args' from command line to 'None'
[0.204s] Level 5:colcon.colcon_core.verb:set package 'allex_ces_idle_interaction' build argument 'cmake_target' from command line to 'None'
[0.204s] Level 5:colcon.colcon_core.verb:set package 'allex_ces_idle_interaction' build argument 'cmake_target_skip_unavailable' from command line to 'False'
[0.204s] Level 5:colcon.colcon_core.verb:set package 'allex_ces_idle_interaction' build argument 'cmake_clean_cache' from command line to 'False'
[0.204s] Level 5:colcon.colcon_core.verb:set package 'allex_ces_idle_interaction' build argument 'cmake_clean_first' from command line to 'False'
[0.204s] Level 5:colcon.colcon_core.verb:set package 'allex_ces_idle_interaction' build argument 'cmake_force_configure' from command line to 'False'
[0.204s] Level 5:colcon.colcon_core.verb:set package 'allex_ces_idle_interaction' build argument 'ament_cmake_args' from command line to 'None'
[0.204s] Level 5:colcon.colcon_core.verb:set package 'allex_ces_idle_interaction' build argument 'catkin_cmake_args' from command line to 'None'
[0.204s] Level 5:colcon.colcon_core.verb:set package 'allex_ces_idle_interaction' build argument 'catkin_skip_building_tests' from command line to 'False'
[0.204s] DEBUG:colcon.colcon_core.verb:Building package 'allex_ces_idle_interaction' with the following arguments: {'ament_cmake_args': None, 'build_base': '/home/yeah2/allex_ces_idle_interaction_gui/build/allex_ces_idle_interaction', 'catkin_cmake_args': None, 'catkin_skip_building_tests': False, 'cmake_args': None, 'cmake_clean_cache': False, 'cmake_clean_first': False, 'cmake_force_configure': False, 'cmake_target': None, 'cmake_target_skip_unavailable': False, 'install_base': '/home/yeah2/allex_ces_idle_interaction_gui/install/allex_ces_idle_interaction', 'merge_install': False, 'path': '/home/yeah2/allex_ces_idle_interaction_gui/src/allex_ces_idle_interaction', 'symlink_install': True, 'test_result_base': None}
[0.204s] Level 5:colcon.colcon_core.verb:set package 'orbbec_camera_msgs' build argument 'cmake_args' from command line to 'None'
[0.204s] Level 5:colcon.colcon_core.verb:set package 'orbbec_camera_msgs' build argument 'cmake_target' from command line to 'None'
[0.204s] Level 5:colcon.colcon_core.verb:set package 'orbbec_camera_msgs' build argument 'cmake_target_skip_unavailable' from command line to 'False'
[0.204s] Level 5:colcon.colcon_core.verb:set package 'orbbec_camera_msgs' build argument 'cmake_clean_cache' from command line to 'False'
[0.204s] Level 5:colcon.colcon_core.verb:set package 'orbbec_camera_msgs' build argument 'cmake_clean_first' from command line to 'False'
[0.204s] Level 5:colcon.colcon_core.verb:set package 'orbbec_camera_msgs' build argument 'cmake_force_configure' from command line to 'False'
[0.204s] Level 5:colcon.colcon_core.verb:set package 'orbbec_camera_msgs' build argument 'ament_cmake_args' from command line to 'None'
[0.204s] Level 5:colcon.colcon_core.verb:set package 'orbbec_camera_msgs' build argument 'catkin_cmake_args' from command line to 'None'
[0.204s] Level 5:colcon.colcon_core.verb:set package 'orbbec_camera_msgs' build argument 'catkin_skip_building_tests' from command line to 'False'
[0.204s] DEBUG:colcon.colcon_core.verb:Building package 'orbbec_camera_msgs' with the following arguments: {'ament_cmake_args': None, 'build_base': '/home/yeah2/allex_ces_idle_interaction_gui/build/orbbec_camera_msgs', 'catkin_cmake_args': None, 'catkin_skip_building_tests': False, 'cmake_args': None, 'cmake_clean_cache': False, 'cmake_clean_first': False, 'cmake_force_configure': False, 'cmake_target': None, 'cmake_target_skip_unavailable': False, 'install_base': '/home/yeah2/allex_ces_idle_interaction_gui/install/orbbec_camera_msgs', 'merge_install': False, 'path': '/home/yeah2/allex_ces_idle_interaction_gui/src/OrbbecSDK_ROS2/orbbec_camera_msgs', 'symlink_install': True, 'test_result_base': None}
[0.204s] Level 5:colcon.colcon_core.verb:set package 'orbbec_description' build argument 'cmake_args' from command line to 'None'
[0.204s] Level 5:colcon.colcon_core.verb:set package 'orbbec_description' build argument 'cmake_target' from command line to 'None'
[0.204s] Level 5:colcon.colcon_core.verb:set package 'orbbec_description' build argument 'cmake_target_skip_unavailable' from command line to 'False'
[0.204s] Level 5:colcon.colcon_core.verb:set package 'orbbec_description' build argument 'cmake_clean_cache' from command line to 'False'
[0.204s] Level 5:colcon.colcon_core.verb:set package 'orbbec_description' build argument 'cmake_clean_first' from command line to 'False'
[0.204s] Level 5:colcon.colcon_core.verb:set package 'orbbec_description' build argument 'cmake_force_configure' from command line to 'False'
[0.204s] Level 5:colcon.colcon_core.verb:set package 'orbbec_description' build argument 'ament_cmake_args' from command line to 'None'
[0.204s] Level 5:colcon.colcon_core.verb:set package 'orbbec_description' build argument 'catkin_cmake_args' from command line to 'None'
[0.204s] Level 5:colcon.colcon_core.verb:set package 'orbbec_description' build argument 'catkin_skip_building_tests' from command line to 'False'
[0.204s] DEBUG:colcon.colcon_core.verb:Building package 'orbbec_description' with the following arguments: {'ament_cmake_args': None, 'build_base': '/home/yeah2/allex_ces_idle_interaction_gui/build/orbbec_description', 'catkin_cmake_args': None, 'catkin_skip_building_tests': False, 'cmake_args': None, 'cmake_clean_cache': False, 'cmake_clean_first': False, 'cmake_force_configure': False, 'cmake_target': None, 'cmake_target_skip_unavailable': False, 'install_base': '/home/yeah2/allex_ces_idle_interaction_gui/install/orbbec_description', 'merge_install': False, 'path': '/home/yeah2/allex_ces_idle_interaction_gui/src/OrbbecSDK_ROS2/orbbec_description', 'symlink_install': True, 'test_result_base': None}
[0.204s] Level 5:colcon.colcon_core.verb:set package 'orbbec_camera' build argument 'cmake_args' from command line to 'None'
[0.204s] Level 5:colcon.colcon_core.verb:set package 'orbbec_camera' build argument 'cmake_target' from command line to 'None'
[0.204s] Level 5:colcon.colcon_core.verb:set package 'orbbec_camera' build argument 'cmake_target_skip_unavailable' from command line to 'False'
[0.204s] Level 5:colcon.colcon_core.verb:set package 'orbbec_camera' build argument 'cmake_clean_cache' from command line to 'False'
[0.204s] Level 5:colcon.colcon_core.verb:set package 'orbbec_camera' build argument 'cmake_clean_first' from command line to 'False'
[0.204s] Level 5:colcon.colcon_core.verb:set package 'orbbec_camera' build argument 'cmake_force_configure' from command line to 'False'
[0.204s] Level 5:colcon.colcon_core.verb:set package 'orbbec_camera' build argument 'ament_cmake_args' from command line to 'None'
[0.204s] Level 5:colcon.colcon_core.verb:set package 'orbbec_camera' build argument 'catkin_cmake_args' from command line to 'None'
[0.204s] Level 5:colcon.colcon_core.verb:set package 'orbbec_camera' build argument 'catkin_skip_building_tests' from command line to 'False'
[0.204s] DEBUG:colcon.colcon_core.verb:Building package 'orbbec_camera' with the following arguments: {'ament_cmake_args': None, 'build_base': '/home/yeah2/allex_ces_idle_interaction_gui/build/orbbec_camera', 'catkin_cmake_args': None, 'catkin_skip_building_tests': False, 'cmake_args': None, 'cmake_clean_cache': False, 'cmake_clean_first': False, 'cmake_force_configure': False, 'cmake_target': None, 'cmake_target_skip_unavailable': False, 'install_base': '/home/yeah2/allex_ces_idle_interaction_gui/install/orbbec_camera', 'merge_install': False, 'path': '/home/yeah2/allex_ces_idle_interaction_gui/src/OrbbecSDK_ROS2/orbbec_camera', 'symlink_install': True, 'test_result_base': None}
[0.205s] INFO:colcon.colcon_core.executor:Executing jobs using 'parallel' executor
[0.205s] DEBUG:colcon.colcon_parallel_executor.executor.parallel:run_until_complete
[0.206s] INFO:colcon.colcon_ros.task.ament_cmake.build:Building ROS package in '/home/yeah2/allex_ces_idle_interaction_gui/src/OrbbecSDK_ROS2/orbbec_camera_msgs' with build type 'ament_cmake'
[0.206s] INFO:colcon.colcon_cmake.task.cmake.build:Building CMake package in '/home/yeah2/allex_ces_idle_interaction_gui/src/OrbbecSDK_ROS2/orbbec_camera_msgs'
[0.207s] INFO:colcon.colcon_core.plugin_system:Skipping extension 'colcon_core.shell.bat': Not used on non-Windows systems
[0.207s] INFO:colcon.colcon_core.shell:Skip shell extension 'powershell' for command environment: Not usable outside of PowerShell
[0.207s] DEBUG:colcon.colcon_core.shell:Skip shell extension 'dsv' for command environment
[0.209s] INFO:colcon.colcon_ros.task.ament_python.build:Building ROS package in '/home/yeah2/allex_ces_idle_interaction_gui/src/allex_ces_idle_interaction' with build type 'ament_python'
[0.209s] Level 1:colcon.colcon_core.shell:create_environment_hook('allex_ces_idle_interaction', 'ament_prefix_path')
[0.209s] INFO:colcon.colcon_core.shell:Creating environment hook '/home/yeah2/allex_ces_idle_interaction_gui/install/allex_ces_idle_interaction/share/allex_ces_idle_interaction/hook/ament_prefix_path.ps1'
[0.210s] INFO:colcon.colcon_core.shell:Creating environment descriptor '/home/yeah2/allex_ces_idle_interaction_gui/install/allex_ces_idle_interaction/share/allex_ces_idle_interaction/hook/ament_prefix_path.dsv'
[0.210s] INFO:colcon.colcon_core.shell:Creating environment hook '/home/yeah2/allex_ces_idle_interaction_gui/install/allex_ces_idle_interaction/share/allex_ces_idle_interaction/hook/ament_prefix_path.sh'
[0.210s] INFO:colcon.colcon_core.shell:Skip shell extension 'powershell' for command environment: Not usable outside of PowerShell
[0.210s] DEBUG:colcon.colcon_core.shell:Skip shell extension 'dsv' for command environment
[0.212s] INFO:colcon.colcon_ros.task.ament_cmake.build:Building ROS package in '/home/yeah2/allex_ces_idle_interaction_gui/src/OrbbecSDK_ROS2/orbbec_description' with build type 'ament_cmake'
[0.212s] INFO:colcon.colcon_cmake.task.cmake.build:Building CMake package in '/home/yeah2/allex_ces_idle_interaction_gui/src/OrbbecSDK_ROS2/orbbec_description'
[0.212s] INFO:colcon.colcon_core.shell:Skip shell extension 'powershell' for command environment: Not usable outside of PowerShell
[0.212s] DEBUG:colcon.colcon_core.shell:Skip shell extension 'dsv' for command environment
[0.217s] DEBUG:colcon.colcon_core.event_handler.log_command:Invoking command in '/home/yeah2/allex_ces_idle_interaction_gui/build/orbbec_camera_msgs': CMAKE_PREFIX_PATH=${CMAKE_PREFIX_PATH}:/home/yeah2/allex_ces_idle_interaction_gui/install/allex_ces_idle_interaction:/home/yeah2/ros2_ws/install/trajectory_recorder:/home/yeah2/ros2_ws/install/joy_traj_param:/home/yeah2/ros2_ws/install/irim_control_panel_n_dashboard:/home/yeah2/ros2_ws/install/iri_zmq_ros2_bridge:/opt/ros/humble /usr/bin/cmake --build /home/yeah2/allex_ces_idle_interaction_gui/build/orbbec_camera_msgs -- -j20 -l20
[0.369s] INFO:colcon.colcon_core.task.python.build:Building Python package in '/home/yeah2/allex_ces_idle_interaction_gui/src/allex_ces_idle_interaction'
[0.369s] INFO:colcon.colcon_core.shell:Skip shell extension 'powershell' for command environment: Not usable outside of PowerShell
[0.369s] DEBUG:colcon.colcon_core.shell:Skip shell extension 'dsv' for command environment
[0.374s] DEBUG:colcon.colcon_core.event_handler.log_command:Invoking command in '/home/yeah2/allex_ces_idle_interaction_gui/build/orbbec_description': CMAKE_PREFIX_PATH=${CMAKE_PREFIX_PATH}:/home/yeah2/allex_ces_idle_interaction_gui/install/allex_ces_idle_interaction:/home/yeah2/ros2_ws/install/trajectory_recorder:/home/yeah2/ros2_ws/install/joy_traj_param:/home/yeah2/ros2_ws/install/irim_control_panel_n_dashboard:/home/yeah2/ros2_ws/install/iri_zmq_ros2_bridge:/opt/ros/humble /usr/bin/cmake --build /home/yeah2/allex_ces_idle_interaction_gui/build/orbbec_description -- -j20 -l20
[0.403s] DEBUG:colcon.colcon_core.event_handler.log_command:Invoked command in '/home/yeah2/allex_ces_idle_interaction_gui/build/orbbec_description' returned '0': CMAKE_PREFIX_PATH=${CMAKE_PREFIX_PATH}:/home/yeah2/allex_ces_idle_interaction_gui/install/allex_ces_idle_interaction:/home/yeah2/ros2_ws/install/trajectory_recorder:/home/yeah2/ros2_ws/install/joy_traj_param:/home/yeah2/ros2_ws/install/irim_control_panel_n_dashboard:/home/yeah2/ros2_ws/install/iri_zmq_ros2_bridge:/opt/ros/humble /usr/bin/cmake --build /home/yeah2/allex_ces_idle_interaction_gui/build/orbbec_description -- -j20 -l20
[0.409s] DEBUG:colcon.colcon_core.event_handler.log_command:Invoking command in '/home/yeah2/allex_ces_idle_interaction_gui/build/orbbec_description': CMAKE_PREFIX_PATH=${CMAKE_PREFIX_PATH}:/home/yeah2/allex_ces_idle_interaction_gui/install/allex_ces_idle_interaction:/home/yeah2/ros2_ws/install/trajectory_recorder:/home/yeah2/ros2_ws/install/joy_traj_param:/home/yeah2/ros2_ws/install/irim_control_panel_n_dashboard:/home/yeah2/ros2_ws/install/iri_zmq_ros2_bridge:/opt/ros/humble /usr/bin/cmake --install /home/yeah2/allex_ces_idle_interaction_gui/build/orbbec_description
[0.422s] DEBUG:colcon.colcon_core.event_handler.log_command:Invoked command in '/home/yeah2/allex_ces_idle_interaction_gui/build/orbbec_camera_msgs' returned '0': CMAKE_PREFIX_PATH=${CMAKE_PREFIX_PATH}:/home/yeah2/allex_ces_idle_interaction_gui/install/allex_ces_idle_interaction:/home/yeah2/ros2_ws/install/trajectory_recorder:/home/yeah2/ros2_ws/install/joy_traj_param:/home/yeah2/ros2_ws/install/irim_control_panel_n_dashboard:/home/yeah2/ros2_ws/install/iri_zmq_ros2_bridge:/opt/ros/humble /usr/bin/cmake --build /home/yeah2/allex_ces_idle_interaction_gui/build/orbbec_camera_msgs -- -j20 -l20
[0.423s] DEBUG:colcon.colcon_core.event_handler.log_command:Invoking command in '/home/yeah2/allex_ces_idle_interaction_gui/build/orbbec_camera_msgs': CMAKE_PREFIX_PATH=${CMAKE_PREFIX_PATH}:/home/yeah2/allex_ces_idle_interaction_gui/install/allex_ces_idle_interaction:/home/yeah2/ros2_ws/install/trajectory_recorder:/home/yeah2/ros2_ws/install/joy_traj_param:/home/yeah2/ros2_ws/install/irim_control_panel_n_dashboard:/home/yeah2/ros2_ws/install/iri_zmq_ros2_bridge:/opt/ros/humble /usr/bin/cmake --install /home/yeah2/allex_ces_idle_interaction_gui/build/orbbec_camera_msgs
[0.424s] Level 1:colcon.colcon_core.environment:create_environment_scripts_only(orbbec_description)
[0.425s] DEBUG:colcon.colcon_core.event_handler.log_command:Invoked command in '/home/yeah2/allex_ces_idle_interaction_gui/build/orbbec_description' returned '0': CMAKE_PREFIX_PATH=${CMAKE_PREFIX_PATH}:/home/yeah2/allex_ces_idle_interaction_gui/install/allex_ces_idle_interaction:/home/yeah2/ros2_ws/install/trajectory_recorder:/home/yeah2/ros2_ws/install/joy_traj_param:/home/yeah2/ros2_ws/install/irim_control_panel_n_dashboard:/home/yeah2/ros2_ws/install/iri_zmq_ros2_bridge:/opt/ros/humble /usr/bin/cmake --install /home/yeah2/allex_ces_idle_interaction_gui/build/orbbec_description
[0.426s] Level 1:colcon.colcon_core.environment:checking '/home/yeah2/allex_ces_idle_interaction_gui/install/orbbec_description' for CMake module files
[0.426s] Level 1:colcon.colcon_core.environment:checking '/home/yeah2/allex_ces_idle_interaction_gui/install/orbbec_description' for CMake config files
[0.426s] Level 1:colcon.colcon_core.shell:create_environment_hook('orbbec_description', 'cmake_prefix_path')
[0.426s] INFO:colcon.colcon_core.shell:Creating environment hook '/home/yeah2/allex_ces_idle_interaction_gui/install/orbbec_description/share/orbbec_description/hook/cmake_prefix_path.ps1'
[0.426s] INFO:colcon.colcon_core.shell:Creating environment descriptor '/home/yeah2/allex_ces_idle_interaction_gui/install/orbbec_description/share/orbbec_description/hook/cmake_prefix_path.dsv'
[0.427s] INFO:colcon.colcon_core.shell:Creating environment hook '/home/yeah2/allex_ces_idle_interaction_gui/install/orbbec_description/share/orbbec_description/hook/cmake_prefix_path.sh'
[0.427s] Level 1:colcon.colcon_core.environment:checking '/home/yeah2/allex_ces_idle_interaction_gui/install/orbbec_description/bin'
[0.427s] Level 1:colcon.colcon_core.environment:checking '/home/yeah2/allex_ces_idle_interaction_gui/install/orbbec_description/lib/pkgconfig/orbbec_description.pc'
[0.427s] Level 1:colcon.colcon_core.environment:checking '/home/yeah2/allex_ces_idle_interaction_gui/install/orbbec_description/lib/python3.10/site-packages'
[0.427s] Level 1:colcon.colcon_core.environment:checking '/home/yeah2/allex_ces_idle_interaction_gui/install/orbbec_description/bin'
[0.427s] INFO:colcon.colcon_core.shell:Creating package script '/home/yeah2/allex_ces_idle_interaction_gui/install/orbbec_description/share/orbbec_description/package.ps1'
[0.428s] INFO:colcon.colcon_core.shell:Creating package descriptor '/home/yeah2/allex_ces_idle_interaction_gui/install/orbbec_description/share/orbbec_description/package.dsv'
[0.428s] INFO:colcon.colcon_core.shell:Creating package script '/home/yeah2/allex_ces_idle_interaction_gui/install/orbbec_description/share/orbbec_description/package.sh'
[0.429s] INFO:colcon.colcon_core.shell:Creating package script '/home/yeah2/allex_ces_idle_interaction_gui/install/orbbec_description/share/orbbec_description/package.bash'
[0.429s] INFO:colcon.colcon_core.shell:Creating package script '/home/yeah2/allex_ces_idle_interaction_gui/install/orbbec_description/share/orbbec_description/package.zsh'
[0.430s] Level 1:colcon.colcon_core.environment:create_file_with_runtime_dependencies(/home/yeah2/allex_ces_idle_interaction_gui/install/orbbec_description/share/colcon-core/packages/orbbec_description)
[0.430s] Level 1:colcon.colcon_core.environment:create_environment_scripts_only(orbbec_description)
[0.431s] Level 1:colcon.colcon_core.environment:checking '/home/yeah2/allex_ces_idle_interaction_gui/install/orbbec_description' for CMake module files
[0.432s] Level 1:colcon.colcon_core.environment:checking '/home/yeah2/allex_ces_idle_interaction_gui/install/orbbec_description' for CMake config files
[0.434s] Level 1:colcon.colcon_core.shell:create_environment_hook('orbbec_description', 'cmake_prefix_path')
[0.434s] INFO:colcon.colcon_core.shell:Creating environment hook '/home/yeah2/allex_ces_idle_interaction_gui/install/orbbec_description/share/orbbec_description/hook/cmake_prefix_path.ps1'
[0.435s] INFO:colcon.colcon_core.shell:Creating environment descriptor '/home/yeah2/allex_ces_idle_interaction_gui/install/orbbec_description/share/orbbec_description/hook/cmake_prefix_path.dsv'
[0.435s] INFO:colcon.colcon_core.shell:Creating environment hook '/home/yeah2/allex_ces_idle_interaction_gui/install/orbbec_description/share/orbbec_description/hook/cmake_prefix_path.sh'
[0.436s] Level 1:colcon.colcon_core.environment:checking '/home/yeah2/allex_ces_idle_interaction_gui/install/orbbec_description/bin'
[0.436s] Level 1:colcon.colcon_core.environment:checking '/home/yeah2/allex_ces_idle_interaction_gui/install/orbbec_description/lib/pkgconfig/orbbec_description.pc'
[0.436s] Level 1:colcon.colcon_core.environment:checking '/home/yeah2/allex_ces_idle_interaction_gui/install/orbbec_description/lib/python3.10/site-packages'
[0.437s] Level 1:colcon.colcon_core.environment:checking '/home/yeah2/allex_ces_idle_interaction_gui/install/orbbec_description/bin'
[0.437s] INFO:colcon.colcon_core.shell:Creating package script '/home/yeah2/allex_ces_idle_interaction_gui/install/orbbec_description/share/orbbec_description/package.ps1'
[0.438s] INFO:colcon.colcon_core.shell:Creating package descriptor '/home/yeah2/allex_ces_idle_interaction_gui/install/orbbec_description/share/orbbec_description/package.dsv'
[0.439s] INFO:colcon.colcon_core.shell:Creating package script '/home/yeah2/allex_ces_idle_interaction_gui/install/orbbec_description/share/orbbec_description/package.sh'
[0.440s] INFO:colcon.colcon_core.shell:Creating package script '/home/yeah2/allex_ces_idle_interaction_gui/install/orbbec_description/share/orbbec_description/package.bash'
[0.440s] INFO:colcon.colcon_core.shell:Creating package script '/home/yeah2/allex_ces_idle_interaction_gui/install/orbbec_description/share/orbbec_description/package.zsh'
[0.441s] Level 1:colcon.colcon_core.environment:create_file_with_runtime_dependencies(/home/yeah2/allex_ces_idle_interaction_gui/install/orbbec_description/share/colcon-core/packages/orbbec_description)
[0.482s] Level 1:colcon.colcon_core.environment:create_environment_scripts_only(orbbec_camera_msgs)
[0.482s] Level 1:colcon.colcon_core.environment:checking '/home/yeah2/allex_ces_idle_interaction_gui/install/orbbec_camera_msgs' for CMake module files
[0.482s] DEBUG:colcon.colcon_core.event_handler.log_command:Invoked command in '/home/yeah2/allex_ces_idle_interaction_gui/build/orbbec_camera_msgs' returned '0': CMAKE_PREFIX_PATH=${CMAKE_PREFIX_PATH}:/home/yeah2/allex_ces_idle_interaction_gui/install/allex_ces_idle_interaction:/home/yeah2/ros2_ws/install/trajectory_recorder:/home/yeah2/ros2_ws/install/joy_traj_param:/home/yeah2/ros2_ws/install/irim_control_panel_n_dashboard:/home/yeah2/ros2_ws/install/iri_zmq_ros2_bridge:/opt/ros/humble /usr/bin/cmake --install /home/yeah2/allex_ces_idle_interaction_gui/build/orbbec_camera_msgs
[0.482s] Level 1:colcon.colcon_core.environment:checking '/home/yeah2/allex_ces_idle_interaction_gui/install/orbbec_camera_msgs' for CMake config files
[0.482s] Level 1:colcon.colcon_core.shell:create_environment_hook('orbbec_camera_msgs', 'cmake_prefix_path')
[0.483s] INFO:colcon.colcon_core.shell:Creating environment hook '/home/yeah2/allex_ces_idle_interaction_gui/install/orbbec_camera_msgs/share/orbbec_camera_msgs/hook/cmake_prefix_path.ps1'
[0.483s] INFO:colcon.colcon_core.shell:Creating environment descriptor '/home/yeah2/allex_ces_idle_interaction_gui/install/orbbec_camera_msgs/share/orbbec_camera_msgs/hook/cmake_prefix_path.dsv'
[0.483s] INFO:colcon.colcon_core.shell:Creating environment hook '/home/yeah2/allex_ces_idle_interaction_gui/install/orbbec_camera_msgs/share/orbbec_camera_msgs/hook/cmake_prefix_path.sh'
[0.483s] Level 1:colcon.colcon_core.environment:checking '/home/yeah2/allex_ces_idle_interaction_gui/install/orbbec_camera_msgs/lib'
[0.483s] Level 1:colcon.colcon_core.shell:create_environment_hook('orbbec_camera_msgs', 'ld_library_path_lib')
[0.484s] INFO:colcon.colcon_core.shell:Creating environment hook '/home/yeah2/allex_ces_idle_interaction_gui/install/orbbec_camera_msgs/share/orbbec_camera_msgs/hook/ld_library_path_lib.ps1'
[0.484s] INFO:colcon.colcon_core.shell:Creating environment descriptor '/home/yeah2/allex_ces_idle_interaction_gui/install/orbbec_camera_msgs/share/orbbec_camera_msgs/hook/ld_library_path_lib.dsv'
[0.484s] INFO:colcon.colcon_core.shell:Creating environment hook '/home/yeah2/allex_ces_idle_interaction_gui/install/orbbec_camera_msgs/share/orbbec_camera_msgs/hook/ld_library_path_lib.sh'
[0.484s] Level 1:colcon.colcon_core.environment:checking '/home/yeah2/allex_ces_idle_interaction_gui/install/orbbec_camera_msgs/bin'
[0.484s] Level 1:colcon.colcon_core.environment:checking '/home/yeah2/allex_ces_idle_interaction_gui/install/orbbec_camera_msgs/lib/pkgconfig/orbbec_camera_msgs.pc'
[0.484s] Level 1:colcon.colcon_core.environment:checking '/home/yeah2/allex_ces_idle_interaction_gui/install/orbbec_camera_msgs/lib/python3.10/site-packages'
[0.484s] Level 1:colcon.colcon_core.environment:checking '/home/yeah2/allex_ces_idle_interaction_gui/install/orbbec_camera_msgs/bin'
[0.485s] INFO:colcon.colcon_core.shell:Creating package script '/home/yeah2/allex_ces_idle_interaction_gui/install/orbbec_camera_msgs/share/orbbec_camera_msgs/package.ps1'
[0.485s] INFO:colcon.colcon_core.shell:Creating package descriptor '/home/yeah2/allex_ces_idle_interaction_gui/install/orbbec_camera_msgs/share/orbbec_camera_msgs/package.dsv'
[0.485s] INFO:colcon.colcon_core.shell:Creating package script '/home/yeah2/allex_ces_idle_interaction_gui/install/orbbec_camera_msgs/share/orbbec_camera_msgs/package.sh'
[0.485s] INFO:colcon.colcon_core.shell:Creating package script '/home/yeah2/allex_ces_idle_interaction_gui/install/orbbec_camera_msgs/share/orbbec_camera_msgs/package.bash'
[0.485s] INFO:colcon.colcon_core.shell:Creating package script '/home/yeah2/allex_ces_idle_interaction_gui/install/orbbec_camera_msgs/share/orbbec_camera_msgs/package.zsh'
[0.486s] Level 1:colcon.colcon_core.environment:create_file_with_runtime_dependencies(/home/yeah2/allex_ces_idle_interaction_gui/install/orbbec_camera_msgs/share/colcon-core/packages/orbbec_camera_msgs)
[0.486s] Level 1:colcon.colcon_core.environment:create_environment_scripts_only(orbbec_camera_msgs)
[0.486s] Level 1:colcon.colcon_core.environment:checking '/home/yeah2/allex_ces_idle_interaction_gui/install/orbbec_camera_msgs' for CMake module files
[0.486s] Level 1:colcon.colcon_core.environment:checking '/home/yeah2/allex_ces_idle_interaction_gui/install/orbbec_camera_msgs' for CMake config files
[0.486s] Level 1:colcon.colcon_core.shell:create_environment_hook('orbbec_camera_msgs', 'cmake_prefix_path')
[0.486s] INFO:colcon.colcon_core.shell:Creating environment hook '/home/yeah2/allex_ces_idle_interaction_gui/install/orbbec_camera_msgs/share/orbbec_camera_msgs/hook/cmake_prefix_path.ps1'
[0.487s] INFO:colcon.colcon_core.shell:Creating environment descriptor '/home/yeah2/allex_ces_idle_interaction_gui/install/orbbec_camera_msgs/share/orbbec_camera_msgs/hook/cmake_prefix_path.dsv'
[0.487s] INFO:colcon.colcon_core.shell:Creating environment hook '/home/yeah2/allex_ces_idle_interaction_gui/install/orbbec_camera_msgs/share/orbbec_camera_msgs/hook/cmake_prefix_path.sh'
[0.487s] Level 1:colcon.colcon_core.environment:checking '/home/yeah2/allex_ces_idle_interaction_gui/install/orbbec_camera_msgs/lib'
[0.487s] Level 1:colcon.colcon_core.shell:create_environment_hook('orbbec_camera_msgs', 'ld_library_path_lib')
[0.487s] INFO:colcon.colcon_core.shell:Creating environment hook '/home/yeah2/allex_ces_idle_interaction_gui/install/orbbec_camera_msgs/share/orbbec_camera_msgs/hook/ld_library_path_lib.ps1'
[0.487s] INFO:colcon.colcon_core.shell:Creating environment descriptor '/home/yeah2/allex_ces_idle_interaction_gui/install/orbbec_camera_msgs/share/orbbec_camera_msgs/hook/ld_library_path_lib.dsv'
[0.488s] INFO:colcon.colcon_core.shell:Creating environment hook '/home/yeah2/allex_ces_idle_interaction_gui/install/orbbec_camera_msgs/share/orbbec_camera_msgs/hook/ld_library_path_lib.sh'
[0.488s] Level 1:colcon.colcon_core.environment:checking '/home/yeah2/allex_ces_idle_interaction_gui/install/orbbec_camera_msgs/bin'
[0.488s] Level 1:colcon.colcon_core.environment:checking '/home/yeah2/allex_ces_idle_interaction_gui/install/orbbec_camera_msgs/lib/pkgconfig/orbbec_camera_msgs.pc'
[0.488s] Level 1:colcon.colcon_core.environment:checking '/home/yeah2/allex_ces_idle_interaction_gui/install/orbbec_camera_msgs/lib/python3.10/site-packages'
[0.488s] Level 1:colcon.colcon_core.environment:checking '/home/yeah2/allex_ces_idle_interaction_gui/install/orbbec_camera_msgs/bin'
[0.488s] INFO:colcon.colcon_core.shell:Creating package script '/home/yeah2/allex_ces_idle_interaction_gui/install/orbbec_camera_msgs/share/orbbec_camera_msgs/package.ps1'
[0.488s] INFO:colcon.colcon_core.shell:Creating package descriptor '/home/yeah2/allex_ces_idle_interaction_gui/install/orbbec_camera_msgs/share/orbbec_camera_msgs/package.dsv'
[0.489s] INFO:colcon.colcon_core.shell:Creating package script '/home/yeah2/allex_ces_idle_interaction_gui/install/orbbec_camera_msgs/share/orbbec_camera_msgs/package.sh'
[0.489s] INFO:colcon.colcon_core.shell:Creating package script '/home/yeah2/allex_ces_idle_interaction_gui/install/orbbec_camera_msgs/share/orbbec_camera_msgs/package.bash'
[0.489s] INFO:colcon.colcon_core.shell:Creating package script '/home/yeah2/allex_ces_idle_interaction_gui/install/orbbec_camera_msgs/share/orbbec_camera_msgs/package.zsh'
[0.489s] Level 1:colcon.colcon_core.environment:create_file_with_runtime_dependencies(/home/yeah2/allex_ces_idle_interaction_gui/install/orbbec_camera_msgs/share/colcon-core/packages/orbbec_camera_msgs)
[0.489s] INFO:colcon.colcon_ros.task.ament_cmake.build:Building ROS package in '/home/yeah2/allex_ces_idle_interaction_gui/src/OrbbecSDK_ROS2/orbbec_camera' with build type 'ament_cmake'
[0.489s] INFO:colcon.colcon_cmake.task.cmake.build:Building CMake package in '/home/yeah2/allex_ces_idle_interaction_gui/src/OrbbecSDK_ROS2/orbbec_camera'
[0.490s] INFO:colcon.colcon_core.shell:Skip shell extension 'powershell' for command environment: Not usable outside of PowerShell
[0.490s] DEBUG:colcon.colcon_core.shell:Skip shell extension 'dsv' for command environment
[0.496s] DEBUG:colcon.colcon_core.event_handler.log_command:Invoking command in '/home/yeah2/allex_ces_idle_interaction_gui/build/orbbec_camera': CMAKE_PREFIX_PATH=/home/yeah2/allex_ces_idle_interaction_gui/install/orbbec_camera_msgs:/home/yeah2/allex_ces_idle_interaction_gui/install/orbbec_camera:/home/yeah2/allex_ces_idle_interaction_gui/install/orbbec_description:/home/yeah2/allex_ces_idle_interaction_gui/install/allex_ces_idle_interaction:/home/yeah2/ros2_ws/install/trajectory_recorder:/home/yeah2/ros2_ws/install/joy_traj_param:/home/yeah2/ros2_ws/install/irim_control_panel_n_dashboard:/home/yeah2/ros2_ws/install/iri_zmq_ros2_bridge:/opt/ros/humble LD_LIBRARY_PATH=/home/yeah2/allex_ces_idle_interaction_gui/install/orbbec_camera_msgs/lib:/home/yeah2/allex_ces_idle_interaction_gui/install/orbbec_camera/lib:/opt/ros/humble/opt/rviz_ogre_vendor/lib:/opt/ros/humble/lib/x86_64-linux-gnu:/opt/ros/humble/lib /usr/bin/cmake --build /home/yeah2/allex_ces_idle_interaction_gui/build/orbbec_camera -- -j20 -l20
[0.564s] DEBUG:colcon.colcon_core.event_handler.log_command:Invoking command in '/home/yeah2/allex_ces_idle_interaction_gui/build/allex_ces_idle_interaction': PYTHONPATH=/home/yeah2/allex_ces_idle_interaction_gui/build/allex_ces_idle_interaction/prefix_override:/usr/lib/python3/dist-packages/colcon_core/task/python/colcon_distutils_commands:/home/yeah2/allex_ces_idle_interaction_gui/install/allex_ces_idle_interaction/lib/python3.10/site-packages:${PYTHONPATH} /usr/bin/python3 -W ignore:setup.py install is deprecated -W ignore:easy_install command is deprecated setup.py develop --editable --build-directory /home/yeah2/allex_ces_idle_interaction_gui/build/allex_ces_idle_interaction/build --no-deps symlink_data
[0.597s] DEBUG:colcon.colcon_core.event_handler.log_command:Invoked command in '/home/yeah2/allex_ces_idle_interaction_gui/build/orbbec_camera' returned '0': CMAKE_PREFIX_PATH=/home/yeah2/allex_ces_idle_interaction_gui/install/orbbec_camera_msgs:/home/yeah2/allex_ces_idle_interaction_gui/install/orbbec_camera:/home/yeah2/allex_ces_idle_interaction_gui/install/orbbec_description:/home/yeah2/allex_ces_idle_interaction_gui/install/allex_ces_idle_interaction:/home/yeah2/ros2_ws/install/trajectory_recorder:/home/yeah2/ros2_ws/install/joy_traj_param:/home/yeah2/ros2_ws/install/irim_control_panel_n_dashboard:/home/yeah2/ros2_ws/install/iri_zmq_ros2_bridge:/opt/ros/humble LD_LIBRARY_PATH=/home/yeah2/allex_ces_idle_interaction_gui/install/orbbec_camera_msgs/lib:/home/yeah2/allex_ces_idle_interaction_gui/install/orbbec_camera/lib:/opt/ros/humble/opt/rviz_ogre_vendor/lib:/opt/ros/humble/lib/x86_64-linux-gnu:/opt/ros/humble/lib /usr/bin/cmake --build /home/yeah2/allex_ces_idle_interaction_gui/build/orbbec_camera -- -j20 -l20
[0.598s] DEBUG:colcon.colcon_core.event_handler.log_command:Invoking command in '/home/yeah2/allex_ces_idle_interaction_gui/build/orbbec_camera': CMAKE_PREFIX_PATH=/home/yeah2/allex_ces_idle_interaction_gui/install/orbbec_camera_msgs:/home/yeah2/allex_ces_idle_interaction_gui/install/orbbec_camera:/home/yeah2/allex_ces_idle_interaction_gui/install/orbbec_description:/home/yeah2/allex_ces_idle_interaction_gui/install/allex_ces_idle_interaction:/home/yeah2/ros2_ws/install/trajectory_recorder:/home/yeah2/ros2_ws/install/joy_traj_param:/home/yeah2/ros2_ws/install/irim_control_panel_n_dashboard:/home/yeah2/ros2_ws/install/iri_zmq_ros2_bridge:/opt/ros/humble LD_LIBRARY_PATH=/home/yeah2/allex_ces_idle_interaction_gui/install/orbbec_camera_msgs/lib:/home/yeah2/allex_ces_idle_interaction_gui/install/orbbec_camera/lib:/opt/ros/humble/opt/rviz_ogre_vendor/lib:/opt/ros/humble/lib/x86_64-linux-gnu:/opt/ros/humble/lib /usr/bin/cmake --install /home/yeah2/allex_ces_idle_interaction_gui/build/orbbec_camera
[0.625s] Level 1:colcon.colcon_core.environment:create_environment_scripts_only(orbbec_camera)
[0.625s] Level 1:colcon.colcon_core.environment:checking '/home/yeah2/allex_ces_idle_interaction_gui/install/orbbec_camera' for CMake module files
[0.626s] DEBUG:colcon.colcon_core.event_handler.log_command:Invoked command in '/home/yeah2/allex_ces_idle_interaction_gui/build/orbbec_camera' returned '0': CMAKE_PREFIX_PATH=/home/yeah2/allex_ces_idle_interaction_gui/install/orbbec_camera_msgs:/home/yeah2/allex_ces_idle_interaction_gui/install/orbbec_camera:/home/yeah2/allex_ces_idle_interaction_gui/install/orbbec_description:/home/yeah2/allex_ces_idle_interaction_gui/install/allex_ces_idle_interaction:/home/yeah2/ros2_ws/install/trajectory_recorder:/home/yeah2/ros2_ws/install/joy_traj_param:/home/yeah2/ros2_ws/install/irim_control_panel_n_dashboard:/home/yeah2/ros2_ws/install/iri_zmq_ros2_bridge:/opt/ros/humble LD_LIBRARY_PATH=/home/yeah2/allex_ces_idle_interaction_gui/install/orbbec_camera_msgs/lib:/home/yeah2/allex_ces_idle_interaction_gui/install/orbbec_camera/lib:/opt/ros/humble/opt/rviz_ogre_vendor/lib:/opt/ros/humble/lib/x86_64-linux-gnu:/opt/ros/humble/lib /usr/bin/cmake --install /home/yeah2/allex_ces_idle_interaction_gui/build/orbbec_camera
[0.626s] Level 1:colcon.colcon_core.environment:checking '/home/yeah2/allex_ces_idle_interaction_gui/install/orbbec_camera' for CMake config files
[0.626s] Level 1:colcon.colcon_core.shell:create_environment_hook('orbbec_camera', 'cmake_prefix_path')
[0.626s] INFO:colcon.colcon_core.shell:Creating environment hook '/home/yeah2/allex_ces_idle_interaction_gui/install/orbbec_camera/share/orbbec_camera/hook/cmake_prefix_path.ps1'
[0.627s] INFO:colcon.colcon_core.shell:Creating environment descriptor '/home/yeah2/allex_ces_idle_interaction_gui/install/orbbec_camera/share/orbbec_camera/hook/cmake_prefix_path.dsv'
[0.627s] INFO:colcon.colcon_core.shell:Creating environment hook '/home/yeah2/allex_ces_idle_interaction_gui/install/orbbec_camera/share/orbbec_camera/hook/cmake_prefix_path.sh'
[0.627s] Level 1:colcon.colcon_core.environment:checking '/home/yeah2/allex_ces_idle_interaction_gui/install/orbbec_camera/lib'
[0.627s] Level 1:colcon.colcon_core.shell:create_environment_hook('orbbec_camera', 'ld_library_path_lib')
[0.628s] INFO:colcon.colcon_core.shell:Creating environment hook '/home/yeah2/allex_ces_idle_interaction_gui/install/orbbec_camera/share/orbbec_camera/hook/ld_library_path_lib.ps1'
[0.628s] INFO:colcon.colcon_core.shell:Creating environment descriptor '/home/yeah2/allex_ces_idle_interaction_gui/install/orbbec_camera/share/orbbec_camera/hook/ld_library_path_lib.dsv'
[0.628s] INFO:colcon.colcon_core.shell:Creating environment hook '/home/yeah2/allex_ces_idle_interaction_gui/install/orbbec_camera/share/orbbec_camera/hook/ld_library_path_lib.sh'
[0.628s] Level 1:colcon.colcon_core.environment:checking '/home/yeah2/allex_ces_idle_interaction_gui/install/orbbec_camera/bin'
[0.628s] Level 1:colcon.colcon_core.environment:checking '/home/yeah2/allex_ces_idle_interaction_gui/install/orbbec_camera/lib/pkgconfig/orbbec_camera.pc'
[0.628s] Level 1:colcon.colcon_core.environment:checking '/home/yeah2/allex_ces_idle_interaction_gui/install/orbbec_camera/lib/python3.10/site-packages'
[0.628s] Level 1:colcon.colcon_core.environment:checking '/home/yeah2/allex_ces_idle_interaction_gui/install/orbbec_camera/bin'
[0.628s] INFO:colcon.colcon_core.shell:Creating package script '/home/yeah2/allex_ces_idle_interaction_gui/install/orbbec_camera/share/orbbec_camera/package.ps1'
[0.629s] INFO:colcon.colcon_core.shell:Creating package descriptor '/home/yeah2/allex_ces_idle_interaction_gui/install/orbbec_camera/share/orbbec_camera/package.dsv'
[0.629s] INFO:colcon.colcon_core.shell:Creating package script '/home/yeah2/allex_ces_idle_interaction_gui/install/orbbec_camera/share/orbbec_camera/package.sh'
[0.629s] INFO:colcon.colcon_core.shell:Creating package script '/home/yeah2/allex_ces_idle_interaction_gui/install/orbbec_camera/share/orbbec_camera/package.bash'
[0.630s] INFO:colcon.colcon_core.shell:Creating package script '/home/yeah2/allex_ces_idle_interaction_gui/install/orbbec_camera/share/orbbec_camera/package.zsh'
[0.630s] Level 1:colcon.colcon_core.environment:create_file_with_runtime_dependencies(/home/yeah2/allex_ces_idle_interaction_gui/install/orbbec_camera/share/colcon-core/packages/orbbec_camera)
[0.630s] Level 1:colcon.colcon_core.environment:create_environment_scripts_only(orbbec_camera)
[0.630s] Level 1:colcon.colcon_core.environment:checking '/home/yeah2/allex_ces_idle_interaction_gui/install/orbbec_camera' for CMake module files
[0.630s] Level 1:colcon.colcon_core.environment:checking '/home/yeah2/allex_ces_idle_interaction_gui/install/orbbec_camera' for CMake config files
[0.631s] Level 1:colcon.colcon_core.shell:create_environment_hook('orbbec_camera', 'cmake_prefix_path')
[0.631s] INFO:colcon.colcon_core.shell:Creating environment hook '/home/yeah2/allex_ces_idle_interaction_gui/install/orbbec_camera/share/orbbec_camera/hook/cmake_prefix_path.ps1'
[0.631s] INFO:colcon.colcon_core.shell:Creating environment descriptor '/home/yeah2/allex_ces_idle_interaction_gui/install/orbbec_camera/share/orbbec_camera/hook/cmake_prefix_path.dsv'
[0.631s] INFO:colcon.colcon_core.shell:Creating environment hook '/home/yeah2/allex_ces_idle_interaction_gui/install/orbbec_camera/share/orbbec_camera/hook/cmake_prefix_path.sh'
[0.631s] Level 1:colcon.colcon_core.environment:checking '/home/yeah2/allex_ces_idle_interaction_gui/install/orbbec_camera/lib'
[0.631s] Level 1:colcon.colcon_core.shell:create_environment_hook('orbbec_camera', 'ld_library_path_lib')
[0.631s] INFO:colcon.colcon_core.shell:Creating environment hook '/home/yeah2/allex_ces_idle_interaction_gui/install/orbbec_camera/share/orbbec_camera/hook/ld_library_path_lib.ps1'
[0.632s] INFO:colcon.colcon_core.shell:Creating environment descriptor '/home/yeah2/allex_ces_idle_interaction_gui/install/orbbec_camera/share/orbbec_camera/hook/ld_library_path_lib.dsv'
[0.632s] INFO:colcon.colcon_core.shell:Creating environment hook '/home/yeah2/allex_ces_idle_interaction_gui/install/orbbec_camera/share/orbbec_camera/hook/ld_library_path_lib.sh'
[0.632s] Level 1:colcon.colcon_core.environment:checking '/home/yeah2/allex_ces_idle_interaction_gui/install/orbbec_camera/bin'
[0.632s] Level 1:colcon.colcon_core.environment:checking '/home/yeah2/allex_ces_idle_interaction_gui/install/orbbec_camera/lib/pkgconfig/orbbec_camera.pc'
[0.632s] Level 1:colcon.colcon_core.environment:checking '/home/yeah2/allex_ces_idle_interaction_gui/install/orbbec_camera/lib/python3.10/site-packages'
[0.632s] Level 1:colcon.colcon_core.environment:checking '/home/yeah2/allex_ces_idle_interaction_gui/install/orbbec_camera/bin'
[0.632s] INFO:colcon.colcon_core.shell:Creating package script '/home/yeah2/allex_ces_idle_interaction_gui/install/orbbec_camera/share/orbbec_camera/package.ps1'
[0.633s] INFO:colcon.colcon_core.shell:Creating package descriptor '/home/yeah2/allex_ces_idle_interaction_gui/install/orbbec_camera/share/orbbec_camera/package.dsv'
[0.633s] INFO:colcon.colcon_core.shell:Creating package script '/home/yeah2/allex_ces_idle_interaction_gui/install/orbbec_camera/share/orbbec_camera/package.sh'
[0.633s] INFO:colcon.colcon_core.shell:Creating package script '/home/yeah2/allex_ces_idle_interaction_gui/install/orbbec_camera/share/orbbec_camera/package.bash'
[0.633s] INFO:colcon.colcon_core.shell:Creating package script '/home/yeah2/allex_ces_idle_interaction_gui/install/orbbec_camera/share/orbbec_camera/package.zsh'
[0.633s] Level 1:colcon.colcon_core.environment:create_file_with_runtime_dependencies(/home/yeah2/allex_ces_idle_interaction_gui/install/orbbec_camera/share/colcon-core/packages/orbbec_camera)
[0.830s] Level 1:colcon.colcon_core.shell:create_environment_hook('allex_ces_idle_interaction', 'pythonpath_develop')
[0.830s] INFO:colcon.colcon_core.shell:Creating environment hook '/home/yeah2/allex_ces_idle_interaction_gui/build/allex_ces_idle_interaction/share/allex_ces_idle_interaction/hook/pythonpath_develop.ps1'
[0.830s] DEBUG:colcon.colcon_core.event_handler.log_command:Invoked command in '/home/yeah2/allex_ces_idle_interaction_gui/build/allex_ces_idle_interaction' returned '0': PYTHONPATH=/home/yeah2/allex_ces_idle_interaction_gui/build/allex_ces_idle_interaction/prefix_override:/usr/lib/python3/dist-packages/colcon_core/task/python/colcon_distutils_commands:/home/yeah2/allex_ces_idle_interaction_gui/install/allex_ces_idle_interaction/lib/python3.10/site-packages:${PYTHONPATH} /usr/bin/python3 -W ignore:setup.py install is deprecated -W ignore:easy_install command is deprecated setup.py develop --editable --build-directory /home/yeah2/allex_ces_idle_interaction_gui/build/allex_ces_idle_interaction/build --no-deps symlink_data
[0.831s] INFO:colcon.colcon_core.shell:Creating environment descriptor '/home/yeah2/allex_ces_idle_interaction_gui/build/allex_ces_idle_interaction/share/allex_ces_idle_interaction/hook/pythonpath_develop.dsv'
[0.831s] INFO:colcon.colcon_core.shell:Creating environment hook '/home/yeah2/allex_ces_idle_interaction_gui/build/allex_ces_idle_interaction/share/allex_ces_idle_interaction/hook/pythonpath_develop.sh'
[0.832s] Level 1:colcon.colcon_core.environment:checking '/home/yeah2/allex_ces_idle_interaction_gui/install/allex_ces_idle_interaction' for CMake module files
[0.832s] Level 1:colcon.colcon_core.environment:checking '/home/yeah2/allex_ces_idle_interaction_gui/install/allex_ces_idle_interaction' for CMake config files
[0.833s] Level 1:colcon.colcon_core.environment:checking '/home/yeah2/allex_ces_idle_interaction_gui/install/allex_ces_idle_interaction/lib'
[0.833s] Level 1:colcon.colcon_core.environment:checking '/home/yeah2/allex_ces_idle_interaction_gui/install/allex_ces_idle_interaction/bin'
[0.833s] Level 1:colcon.colcon_core.environment:checking '/home/yeah2/allex_ces_idle_interaction_gui/install/allex_ces_idle_interaction/lib/pkgconfig/allex_ces_idle_interaction.pc'
[0.833s] Level 1:colcon.colcon_core.environment:checking '/home/yeah2/allex_ces_idle_interaction_gui/install/allex_ces_idle_interaction/lib/python3.10/site-packages'
[0.833s] Level 1:colcon.colcon_core.shell:create_environment_hook('allex_ces_idle_interaction', 'pythonpath')
[0.834s] INFO:colcon.colcon_core.shell:Creating environment hook '/home/yeah2/allex_ces_idle_interaction_gui/install/allex_ces_idle_interaction/share/allex_ces_idle_interaction/hook/pythonpath.ps1'
[0.834s] INFO:colcon.colcon_core.shell:Creating environment descriptor '/home/yeah2/allex_ces_idle_interaction_gui/install/allex_ces_idle_interaction/share/allex_ces_idle_interaction/hook/pythonpath.dsv'
[0.834s] INFO:colcon.colcon_core.shell:Creating environment hook '/home/yeah2/allex_ces_idle_interaction_gui/install/allex_ces_idle_interaction/share/allex_ces_idle_interaction/hook/pythonpath.sh'
[0.835s] Level 1:colcon.colcon_core.environment:checking '/home/yeah2/allex_ces_idle_interaction_gui/install/allex_ces_idle_interaction/bin'
[0.835s] Level 1:colcon.colcon_core.environment:create_environment_scripts_only(allex_ces_idle_interaction)
[0.835s] INFO:colcon.colcon_core.shell:Creating package script '/home/yeah2/allex_ces_idle_interaction_gui/install/allex_ces_idle_interaction/share/allex_ces_idle_interaction/package.ps1'
[0.836s] INFO:colcon.colcon_core.shell:Creating package descriptor '/home/yeah2/allex_ces_idle_interaction_gui/install/allex_ces_idle_interaction/share/allex_ces_idle_interaction/package.dsv'
[0.837s] INFO:colcon.colcon_core.shell:Creating package script '/home/yeah2/allex_ces_idle_interaction_gui/install/allex_ces_idle_interaction/share/allex_ces_idle_interaction/package.sh'
[0.837s] INFO:colcon.colcon_core.shell:Creating package script '/home/yeah2/allex_ces_idle_interaction_gui/install/allex_ces_idle_interaction/share/allex_ces_idle_interaction/package.bash'
[0.838s] INFO:colcon.colcon_core.shell:Creating package script '/home/yeah2/allex_ces_idle_interaction_gui/install/allex_ces_idle_interaction/share/allex_ces_idle_interaction/package.zsh'
[0.838s] Level 1:colcon.colcon_core.environment:create_file_with_runtime_dependencies(/home/yeah2/allex_ces_idle_interaction_gui/install/allex_ces_idle_interaction/share/colcon-core/packages/allex_ces_idle_interaction)
[0.838s] DEBUG:colcon.colcon_parallel_executor.executor.parallel:closing loop
[0.839s] DEBUG:colcon.colcon_parallel_executor.executor.parallel:loop closed
[0.839s] DEBUG:colcon.colcon_parallel_executor.executor.parallel:run_until_complete finished with '0'
[0.839s] DEBUG:colcon.colcon_core.event_reactor:joining thread
[0.842s] INFO:colcon.colcon_core.plugin_system:Skipping extension 'colcon_notification.desktop_notification.terminal_notifier': Not used on non-Darwin systems
[0.842s] INFO:colcon.colcon_core.plugin_system:Skipping extension 'colcon_notification.desktop_notification.win32': Not used on non-Windows systems
[0.842s] INFO:colcon.colcon_notification.desktop_notification:Sending desktop notification using 'notify2'
[0.848s] DEBUG:colcon.colcon_core.event_reactor:joined thread
[0.848s] INFO:colcon.colcon_core.shell:Creating prefix script '/home/yeah2/allex_ces_idle_interaction_gui/install/local_setup.ps1'
[0.849s] INFO:colcon.colcon_core.shell:Creating prefix util module '/home/yeah2/allex_ces_idle_interaction_gui/install/_local_setup_util_ps1.py'
[0.849s] INFO:colcon.colcon_core.shell:Creating prefix chain script '/home/yeah2/allex_ces_idle_interaction_gui/install/setup.ps1'
[0.850s] INFO:colcon.colcon_core.shell:Creating prefix script '/home/yeah2/allex_ces_idle_interaction_gui/install/local_setup.sh'
[0.851s] INFO:colcon.colcon_core.shell:Creating prefix util module '/home/yeah2/allex_ces_idle_interaction_gui/install/_local_setup_util_sh.py'
[0.851s] INFO:colcon.colcon_core.shell:Creating prefix chain script '/home/yeah2/allex_ces_idle_interaction_gui/install/setup.sh'
[0.852s] INFO:colcon.colcon_core.shell:Creating prefix script '/home/yeah2/allex_ces_idle_interaction_gui/install/local_setup.bash'
[0.852s] INFO:colcon.colcon_core.shell:Creating prefix chain script '/home/yeah2/allex_ces_idle_interaction_gui/install/setup.bash'
[0.853s] INFO:colcon.colcon_core.shell:Creating prefix script '/home/yeah2/allex_ces_idle_interaction_gui/install/local_setup.zsh'
[0.853s] INFO:colcon.colcon_core.shell:Creating prefix chain script '/home/yeah2/allex_ces_idle_interaction_gui/install/setup.zsh'
