[0.057s] DEBUG:colcon:Command line arguments: ['/usr/bin/colcon', 'build', '--symlink-install']
[0.057s] DEBUG:colcon:Parsed command line arguments: Namespace(log_base=None, log_level=None, verb_name='build', build_base='build', install_base='install', merge_install=False, symlink_install=True, test_result_base=None, continue_on_error=False, executor='parallel', parallel_workers=20, event_handlers=None, ignore_user_meta=False, metas=['./colcon.meta'], base_paths=['.'], packages_ignore=None, packages_ignore_regex=None, paths=None, packages_up_to=None, packages_up_to_regex=None, packages_above=None, packages_above_and_dependencies=None, packages_above_depth=None, packages_select_by_dep=None, packages_skip_by_dep=None, packages_skip_up_to=None, packages_select_build_failed=False, packages_skip_build_finished=False, packages_select_test_failures=False, packages_skip_test_passed=False, packages_select=None, packages_skip=None, packages_select_regex=None, packages_skip_regex=None, packages_start=None, packages_end=None, allow_overriding=[], cmake_args=None, cmake_target=None, cmake_target_skip_unavailable=False, cmake_clean_cache=False, cmake_clean_first=False, cmake_force_configure=False, ament_cmake_args=None, catkin_cmake_args=None, catkin_skip_building_tests=False, mixin_files=None, mixin=None, verb_parser=<colcon_mixin.mixin.mixin_argument.MixinArgumentDecorator object at 0x738b01494e20>, verb_extension=<colcon_core.verb.build.BuildVerb object at 0x738b014948b0>, main=<bound method BuildVerb.main of <colcon_core.verb.build.BuildVerb object at 0x738b014948b0>>, mixin_verb=('build',))
[0.145s] Level 1:colcon.colcon_core.package_discovery:discover_packages(colcon_meta) check parameters
[0.145s] Level 1:colcon.colcon_core.package_discovery:discover_packages(recursive) check parameters
[0.145s] Level 1:colcon.colcon_core.package_discovery:discover_packages(ignore) check parameters
[0.145s] Level 1:colcon.colcon_core.package_discovery:discover_packages(path) check parameters
[0.145s] Level 1:colcon.colcon_core.package_discovery:discover_packages(colcon_meta) discover
[0.145s] Level 1:colcon.colcon_core.package_discovery:discover_packages(recursive) discover
[0.145s] INFO:colcon.colcon_core.package_discovery:Crawling recursively for packages in '/home/yeah2/allex_ces_idle_interaction_gui'
[0.145s] Level 1:colcon.colcon_core.package_identification:_identify(.) by extensions ['ignore', 'ignore_ament_install']
[0.145s] Level 1:colcon.colcon_core.package_identification:_identify(.) by extension 'ignore'
[0.145s] Level 1:colcon.colcon_core.package_identification:_identify(.) by extension 'ignore_ament_install'
[0.145s] Level 1:colcon.colcon_core.package_identification:_identify(.) by extensions ['colcon_pkg']
[0.145s] Level 1:colcon.colcon_core.package_identification:_identify(.) by extension 'colcon_pkg'
[0.145s] Level 1:colcon.colcon_core.package_identification:_identify(.) by extensions ['colcon_meta']
[0.145s] Level 1:colcon.colcon_core.package_identification:_identify(.) by extension 'colcon_meta'
[0.145s] Level 1:colcon.colcon_core.package_identification:_identify(.) by extensions ['ros']
[0.145s] Level 1:colcon.colcon_core.package_identification:_identify(.) by extension 'ros'
[0.164s] Level 1:colcon.colcon_core.package_identification:_identify(.) by extensions ['cmake', 'python']
[0.164s] Level 1:colcon.colcon_core.package_identification:_identify(.) by extension 'cmake'
[0.164s] Level 1:colcon.colcon_core.package_identification:_identify(.) by extension 'python'
[0.164s] Level 1:colcon.colcon_core.package_identification:_identify(.) by extensions ['python_setup_py']
[0.164s] Level 1:colcon.colcon_core.package_identification:_identify(.) by extension 'python_setup_py'
[0.164s] Level 1:colcon.colcon_core.package_identification:_identify(build) by extensions ['ignore', 'ignore_ament_install']
[0.164s] Level 1:colcon.colcon_core.package_identification:_identify(build) by extension 'ignore'
[0.164s] Level 1:colcon.colcon_core.package_identification:_identify(build) ignored
[0.164s] Level 1:colcon.colcon_core.package_identification:_identify(config) by extensions ['ignore', 'ignore_ament_install']
[0.164s] Level 1:colcon.colcon_core.package_identification:_identify(config) by extension 'ignore'
[0.164s] Level 1:colcon.colcon_core.package_identification:_identify(config) by extension 'ignore_ament_install'
[0.164s] Level 1:colcon.colcon_core.package_identification:_identify(config) by extensions ['colcon_pkg']
[0.164s] Level 1:colcon.colcon_core.package_identification:_identify(config) by extension 'colcon_pkg'
[0.164s] Level 1:colcon.colcon_core.package_identification:_identify(config) by extensions ['colcon_meta']
[0.164s] Level 1:colcon.colcon_core.package_identification:_identify(config) by extension 'colcon_meta'
[0.164s] Level 1:colcon.colcon_core.package_identification:_identify(config) by extensions ['ros']
[0.164s] Level 1:colcon.colcon_core.package_identification:_identify(config) by extension 'ros'
[0.164s] Level 1:colcon.colcon_core.package_identification:_identify(config) by extensions ['cmake', 'python']
[0.164s] Level 1:colcon.colcon_core.package_identification:_identify(config) by extension 'cmake'
[0.164s] Level 1:colcon.colcon_core.package_identification:_identify(config) by extension 'python'
[0.164s] Level 1:colcon.colcon_core.package_identification:_identify(config) by extensions ['python_setup_py']
[0.164s] Level 1:colcon.colcon_core.package_identification:_identify(config) by extension 'python_setup_py'
[0.164s] Level 1:colcon.colcon_core.package_identification:_identify(install) by extensions ['ignore', 'ignore_ament_install']
[0.164s] Level 1:colcon.colcon_core.package_identification:_identify(install) by extension 'ignore'
[0.164s] Level 1:colcon.colcon_core.package_identification:_identify(install) ignored
[0.164s] Level 1:colcon.colcon_core.package_identification:_identify(log) by extensions ['ignore', 'ignore_ament_install']
[0.164s] Level 1:colcon.colcon_core.package_identification:_identify(log) by extension 'ignore'
[0.164s] Level 1:colcon.colcon_core.package_identification:_identify(log) ignored
[0.164s] Level 1:colcon.colcon_core.package_identification:_identify(src) by extensions ['ignore', 'ignore_ament_install']
[0.165s] Level 1:colcon.colcon_core.package_identification:_identify(src) by extension 'ignore'
[0.165s] Level 1:colcon.colcon_core.package_identification:_identify(src) by extension 'ignore_ament_install'
[0.165s] Level 1:colcon.colcon_core.package_identification:_identify(src) by extensions ['colcon_pkg']
[0.165s] Level 1:colcon.colcon_core.package_identification:_identify(src) by extension 'colcon_pkg'
[0.165s] Level 1:colcon.colcon_core.package_identification:_identify(src) by extensions ['colcon_meta']
[0.165s] Level 1:colcon.colcon_core.package_identification:_identify(src) by extension 'colcon_meta'
[0.165s] Level 1:colcon.colcon_core.package_identification:_identify(src) by extensions ['ros']
[0.165s] Level 1:colcon.colcon_core.package_identification:_identify(src) by extension 'ros'
[0.165s] Level 1:colcon.colcon_core.package_identification:_identify(src) by extensions ['cmake', 'python']
[0.165s] Level 1:colcon.colcon_core.package_identification:_identify(src) by extension 'cmake'
[0.165s] Level 1:colcon.colcon_core.package_identification:_identify(src) by extension 'python'
[0.165s] Level 1:colcon.colcon_core.package_identification:_identify(src) by extensions ['python_setup_py']
[0.165s] Level 1:colcon.colcon_core.package_identification:_identify(src) by extension 'python_setup_py'
[0.165s] Level 1:colcon.colcon_core.package_identification:_identify(src/OrbbecSDK_ROS2) by extensions ['ignore', 'ignore_ament_install']
[0.165s] Level 1:colcon.colcon_core.package_identification:_identify(src/OrbbecSDK_ROS2) by extension 'ignore'
[0.165s] Level 1:colcon.colcon_core.package_identification:_identify(src/OrbbecSDK_ROS2) by extension 'ignore_ament_install'
[0.165s] Level 1:colcon.colcon_core.package_identification:_identify(src/OrbbecSDK_ROS2) by extensions ['colcon_pkg']
[0.165s] Level 1:colcon.colcon_core.package_identification:_identify(src/OrbbecSDK_ROS2) by extension 'colcon_pkg'
[0.165s] Level 1:colcon.colcon_core.package_identification:_identify(src/OrbbecSDK_ROS2) by extensions ['colcon_meta']
[0.165s] Level 1:colcon.colcon_core.package_identification:_identify(src/OrbbecSDK_ROS2) by extension 'colcon_meta'
[0.165s] Level 1:colcon.colcon_core.package_identification:_identify(src/OrbbecSDK_ROS2) by extensions ['ros']
[0.165s] Level 1:colcon.colcon_core.package_identification:_identify(src/OrbbecSDK_ROS2) by extension 'ros'
[0.165s] Level 1:colcon.colcon_core.package_identification:_identify(src/OrbbecSDK_ROS2) by extensions ['cmake', 'python']
[0.165s] Level 1:colcon.colcon_core.package_identification:_identify(src/OrbbecSDK_ROS2) by extension 'cmake'
[0.165s] Level 1:colcon.colcon_core.package_identification:_identify(src/OrbbecSDK_ROS2) by extension 'python'
[0.165s] Level 1:colcon.colcon_core.package_identification:_identify(src/OrbbecSDK_ROS2) by extensions ['python_setup_py']
[0.165s] Level 1:colcon.colcon_core.package_identification:_identify(src/OrbbecSDK_ROS2) by extension 'python_setup_py'
[0.165s] Level 1:colcon.colcon_core.package_identification:_identify(src/OrbbecSDK_ROS2/orbbec_camera) by extensions ['ignore', 'ignore_ament_install']
[0.165s] Level 1:colcon.colcon_core.package_identification:_identify(src/OrbbecSDK_ROS2/orbbec_camera) by extension 'ignore'
[0.165s] Level 1:colcon.colcon_core.package_identification:_identify(src/OrbbecSDK_ROS2/orbbec_camera) by extension 'ignore_ament_install'
[0.165s] Level 1:colcon.colcon_core.package_identification:_identify(src/OrbbecSDK_ROS2/orbbec_camera) by extensions ['colcon_pkg']
[0.165s] Level 1:colcon.colcon_core.package_identification:_identify(src/OrbbecSDK_ROS2/orbbec_camera) by extension 'colcon_pkg'
[0.165s] Level 1:colcon.colcon_core.package_identification:_identify(src/OrbbecSDK_ROS2/orbbec_camera) by extensions ['colcon_meta']
[0.165s] Level 1:colcon.colcon_core.package_identification:_identify(src/OrbbecSDK_ROS2/orbbec_camera) by extension 'colcon_meta'
[0.165s] Level 1:colcon.colcon_core.package_identification:_identify(src/OrbbecSDK_ROS2/orbbec_camera) by extensions ['ros']
[0.165s] Level 1:colcon.colcon_core.package_identification:_identify(src/OrbbecSDK_ROS2/orbbec_camera) by extension 'ros'
[0.168s] DEBUG:colcon.colcon_core.package_identification:Package 'src/OrbbecSDK_ROS2/orbbec_camera' with type 'ros.ament_cmake' and name 'orbbec_camera'
[0.168s] Level 1:colcon.colcon_core.package_identification:_identify(src/OrbbecSDK_ROS2/orbbec_camera_msgs) by extensions ['ignore', 'ignore_ament_install']
[0.168s] Level 1:colcon.colcon_core.package_identification:_identify(src/OrbbecSDK_ROS2/orbbec_camera_msgs) by extension 'ignore'
[0.168s] Level 1:colcon.colcon_core.package_identification:_identify(src/OrbbecSDK_ROS2/orbbec_camera_msgs) by extension 'ignore_ament_install'
[0.168s] Level 1:colcon.colcon_core.package_identification:_identify(src/OrbbecSDK_ROS2/orbbec_camera_msgs) by extensions ['colcon_pkg']
[0.168s] Level 1:colcon.colcon_core.package_identification:_identify(src/OrbbecSDK_ROS2/orbbec_camera_msgs) by extension 'colcon_pkg'
[0.168s] Level 1:colcon.colcon_core.package_identification:_identify(src/OrbbecSDK_ROS2/orbbec_camera_msgs) by extensions ['colcon_meta']
[0.168s] Level 1:colcon.colcon_core.package_identification:_identify(src/OrbbecSDK_ROS2/orbbec_camera_msgs) by extension 'colcon_meta'
[0.168s] Level 1:colcon.colcon_core.package_identification:_identify(src/OrbbecSDK_ROS2/orbbec_camera_msgs) by extensions ['ros']
[0.168s] Level 1:colcon.colcon_core.package_identification:_identify(src/OrbbecSDK_ROS2/orbbec_camera_msgs) by extension 'ros'
[0.168s] DEBUG:colcon.colcon_core.package_identification:Package 'src/OrbbecSDK_ROS2/orbbec_camera_msgs' with type 'ros.ament_cmake' and name 'orbbec_camera_msgs'
[0.168s] Level 1:colcon.colcon_core.package_identification:_identify(src/OrbbecSDK_ROS2/orbbec_description) by extensions ['ignore', 'ignore_ament_install']
[0.168s] Level 1:colcon.colcon_core.package_identification:_identify(src/OrbbecSDK_ROS2/orbbec_description) by extension 'ignore'
[0.168s] Level 1:colcon.colcon_core.package_identification:_identify(src/OrbbecSDK_ROS2/orbbec_description) by extension 'ignore_ament_install'
[0.168s] Level 1:colcon.colcon_core.package_identification:_identify(src/OrbbecSDK_ROS2/orbbec_description) by extensions ['colcon_pkg']
[0.168s] Level 1:colcon.colcon_core.package_identification:_identify(src/OrbbecSDK_ROS2/orbbec_description) by extension 'colcon_pkg'
[0.168s] Level 1:colcon.colcon_core.package_identification:_identify(src/OrbbecSDK_ROS2/orbbec_description) by extensions ['colcon_meta']
[0.169s] Level 1:colcon.colcon_core.package_identification:_identify(src/OrbbecSDK_ROS2/orbbec_description) by extension 'colcon_meta'
[0.169s] Level 1:colcon.colcon_core.package_identification:_identify(src/OrbbecSDK_ROS2/orbbec_description) by extensions ['ros']
[0.169s] Level 1:colcon.colcon_core.package_identification:_identify(src/OrbbecSDK_ROS2/orbbec_description) by extension 'ros'
[0.169s] DEBUG:colcon.colcon_core.package_identification:Package 'src/OrbbecSDK_ROS2/orbbec_description' with type 'ros.ament_cmake' and name 'orbbec_description'
[0.169s] Level 1:colcon.colcon_core.package_identification:_identify(src/allex_ces_idle_interaction) by extensions ['ignore', 'ignore_ament_install']
[0.169s] Level 1:colcon.colcon_core.package_identification:_identify(src/allex_ces_idle_interaction) by extension 'ignore'
[0.169s] Level 1:colcon.colcon_core.package_identification:_identify(src/allex_ces_idle_interaction) by extension 'ignore_ament_install'
[0.169s] Level 1:colcon.colcon_core.package_identification:_identify(src/allex_ces_idle_interaction) by extensions ['colcon_pkg']
[0.169s] Level 1:colcon.colcon_core.package_identification:_identify(src/allex_ces_idle_interaction) by extension 'colcon_pkg'
[0.169s] Level 1:colcon.colcon_core.package_identification:_identify(src/allex_ces_idle_interaction) by extensions ['colcon_meta']
[0.169s] Level 1:colcon.colcon_core.package_identification:_identify(src/allex_ces_idle_interaction) by extension 'colcon_meta'
[0.169s] Level 1:colcon.colcon_core.package_identification:_identify(src/allex_ces_idle_interaction) by extensions ['ros']
[0.169s] Level 1:colcon.colcon_core.package_identification:_identify(src/allex_ces_idle_interaction) by extension 'ros'
[0.169s] DEBUG:colcon.colcon_core.package_identification:Package 'src/allex_ces_idle_interaction' with type 'ros.ament_python' and name 'allex_ces_idle_interaction'
[0.169s] Level 1:colcon.colcon_core.package_discovery:discover_packages(recursive) using defaults
[0.170s] Level 1:colcon.colcon_core.package_discovery:discover_packages(ignore) discover
[0.170s] Level 1:colcon.colcon_core.package_discovery:discover_packages(ignore) using defaults
[0.170s] Level 1:colcon.colcon_core.package_discovery:discover_packages(path) discover
[0.170s] Level 1:colcon.colcon_core.package_discovery:discover_packages(path) using defaults
[0.181s] Level 1:colcon.colcon_core.package_discovery:discover_packages(prefix_path) check parameters
[0.181s] Level 1:colcon.colcon_core.package_discovery:discover_packages(prefix_path) discover
[0.182s] WARNING:colcon.colcon_ros.prefix_path.ament:The path '/home/yeah2/allex_ces_idle_interaction_gui/install/orbbec_description' in the environment variable AMENT_PREFIX_PATH doesn't exist
[0.182s] WARNING:colcon.colcon_ros.prefix_path.ament:The path '/home/yeah2/allex_ces_idle_interaction_gui/install/orbbec_camera_msgs' in the environment variable AMENT_PREFIX_PATH doesn't exist
[0.182s] WARNING:colcon.colcon_ros.prefix_path.ament:The path '/home/yeah2/allex_ces_idle_interaction_gui/install/allex_ces_idle_interaction' in the environment variable AMENT_PREFIX_PATH doesn't exist
[0.182s] WARNING:colcon.colcon_ros.prefix_path.catkin:The path '/home/yeah2/allex_ces_idle_interaction_gui/install/orbbec_description' in the environment variable CMAKE_PREFIX_PATH doesn't exist
[0.182s] WARNING:colcon.colcon_ros.prefix_path.catkin:The path '/home/yeah2/allex_ces_idle_interaction_gui/install/orbbec_camera_msgs' in the environment variable CMAKE_PREFIX_PATH doesn't exist
[0.182s] DEBUG:colcon.colcon_installed_package_information.package_discovery:Found 0 installed packages in /home/yeah2/allex_ces_idle_interaction_gui/install
[0.183s] DEBUG:colcon.colcon_installed_package_information.package_discovery:Found 4 installed packages in /home/yeah2/ros2_ws/install
[0.183s] DEBUG:colcon.colcon_installed_package_information.package_discovery:Found 303 installed packages in /opt/ros/humble
[0.184s] Level 1:colcon.colcon_core.package_discovery:discover_packages(prefix_path) using defaults
[0.203s] Level 5:colcon.colcon_core.verb:set package 'allex_ces_idle_interaction' build argument 'cmake_args' from command line to 'None'
[0.203s] Level 5:colcon.colcon_core.verb:set package 'allex_ces_idle_interaction' build argument 'cmake_target' from command line to 'None'
[0.203s] Level 5:colcon.colcon_core.verb:set package 'allex_ces_idle_interaction' build argument 'cmake_target_skip_unavailable' from command line to 'False'
[0.203s] Level 5:colcon.colcon_core.verb:set package 'allex_ces_idle_interaction' build argument 'cmake_clean_cache' from command line to 'False'
[0.203s] Level 5:colcon.colcon_core.verb:set package 'allex_ces_idle_interaction' build argument 'cmake_clean_first' from command line to 'False'
[0.203s] Level 5:colcon.colcon_core.verb:set package 'allex_ces_idle_interaction' build argument 'cmake_force_configure' from command line to 'False'
[0.203s] Level 5:colcon.colcon_core.verb:set package 'allex_ces_idle_interaction' build argument 'ament_cmake_args' from command line to 'None'
[0.203s] Level 5:colcon.colcon_core.verb:set package 'allex_ces_idle_interaction' build argument 'catkin_cmake_args' from command line to 'None'
[0.203s] Level 5:colcon.colcon_core.verb:set package 'allex_ces_idle_interaction' build argument 'catkin_skip_building_tests' from command line to 'False'
[0.203s] DEBUG:colcon.colcon_core.verb:Building package 'allex_ces_idle_interaction' with the following arguments: {'ament_cmake_args': None, 'build_base': '/home/yeah2/allex_ces_idle_interaction_gui/build/allex_ces_idle_interaction', 'catkin_cmake_args': None, 'catkin_skip_building_tests': False, 'cmake_args': None, 'cmake_clean_cache': False, 'cmake_clean_first': False, 'cmake_force_configure': False, 'cmake_target': None, 'cmake_target_skip_unavailable': False, 'install_base': '/home/yeah2/allex_ces_idle_interaction_gui/install/allex_ces_idle_interaction', 'merge_install': False, 'path': '/home/yeah2/allex_ces_idle_interaction_gui/src/allex_ces_idle_interaction', 'symlink_install': True, 'test_result_base': None}
[0.203s] Level 5:colcon.colcon_core.verb:set package 'orbbec_camera_msgs' build argument 'cmake_args' from command line to 'None'
[0.203s] Level 5:colcon.colcon_core.verb:set package 'orbbec_camera_msgs' build argument 'cmake_target' from command line to 'None'
[0.203s] Level 5:colcon.colcon_core.verb:set package 'orbbec_camera_msgs' build argument 'cmake_target_skip_unavailable' from command line to 'False'
[0.203s] Level 5:colcon.colcon_core.verb:set package 'orbbec_camera_msgs' build argument 'cmake_clean_cache' from command line to 'False'
[0.203s] Level 5:colcon.colcon_core.verb:set package 'orbbec_camera_msgs' build argument 'cmake_clean_first' from command line to 'False'
[0.203s] Level 5:colcon.colcon_core.verb:set package 'orbbec_camera_msgs' build argument 'cmake_force_configure' from command line to 'False'
[0.203s] Level 5:colcon.colcon_core.verb:set package 'orbbec_camera_msgs' build argument 'ament_cmake_args' from command line to 'None'
[0.203s] Level 5:colcon.colcon_core.verb:set package 'orbbec_camera_msgs' build argument 'catkin_cmake_args' from command line to 'None'
[0.203s] Level 5:colcon.colcon_core.verb:set package 'orbbec_camera_msgs' build argument 'catkin_skip_building_tests' from command line to 'False'
[0.203s] DEBUG:colcon.colcon_core.verb:Building package 'orbbec_camera_msgs' with the following arguments: {'ament_cmake_args': None, 'build_base': '/home/yeah2/allex_ces_idle_interaction_gui/build/orbbec_camera_msgs', 'catkin_cmake_args': None, 'catkin_skip_building_tests': False, 'cmake_args': None, 'cmake_clean_cache': False, 'cmake_clean_first': False, 'cmake_force_configure': False, 'cmake_target': None, 'cmake_target_skip_unavailable': False, 'install_base': '/home/yeah2/allex_ces_idle_interaction_gui/install/orbbec_camera_msgs', 'merge_install': False, 'path': '/home/yeah2/allex_ces_idle_interaction_gui/src/OrbbecSDK_ROS2/orbbec_camera_msgs', 'symlink_install': True, 'test_result_base': None}
[0.204s] Level 5:colcon.colcon_core.verb:set package 'orbbec_description' build argument 'cmake_args' from command line to 'None'
[0.204s] Level 5:colcon.colcon_core.verb:set package 'orbbec_description' build argument 'cmake_target' from command line to 'None'
[0.204s] Level 5:colcon.colcon_core.verb:set package 'orbbec_description' build argument 'cmake_target_skip_unavailable' from command line to 'False'
[0.204s] Level 5:colcon.colcon_core.verb:set package 'orbbec_description' build argument 'cmake_clean_cache' from command line to 'False'
[0.204s] Level 5:colcon.colcon_core.verb:set package 'orbbec_description' build argument 'cmake_clean_first' from command line to 'False'
[0.204s] Level 5:colcon.colcon_core.verb:set package 'orbbec_description' build argument 'cmake_force_configure' from command line to 'False'
[0.204s] Level 5:colcon.colcon_core.verb:set package 'orbbec_description' build argument 'ament_cmake_args' from command line to 'None'
[0.204s] Level 5:colcon.colcon_core.verb:set package 'orbbec_description' build argument 'catkin_cmake_args' from command line to 'None'
[0.204s] Level 5:colcon.colcon_core.verb:set package 'orbbec_description' build argument 'catkin_skip_building_tests' from command line to 'False'
[0.204s] DEBUG:colcon.colcon_core.verb:Building package 'orbbec_description' with the following arguments: {'ament_cmake_args': None, 'build_base': '/home/yeah2/allex_ces_idle_interaction_gui/build/orbbec_description', 'catkin_cmake_args': None, 'catkin_skip_building_tests': False, 'cmake_args': None, 'cmake_clean_cache': False, 'cmake_clean_first': False, 'cmake_force_configure': False, 'cmake_target': None, 'cmake_target_skip_unavailable': False, 'install_base': '/home/yeah2/allex_ces_idle_interaction_gui/install/orbbec_description', 'merge_install': False, 'path': '/home/yeah2/allex_ces_idle_interaction_gui/src/OrbbecSDK_ROS2/orbbec_description', 'symlink_install': True, 'test_result_base': None}
[0.204s] Level 5:colcon.colcon_core.verb:set package 'orbbec_camera' build argument 'cmake_args' from command line to 'None'
[0.204s] Level 5:colcon.colcon_core.verb:set package 'orbbec_camera' build argument 'cmake_target' from command line to 'None'
[0.204s] Level 5:colcon.colcon_core.verb:set package 'orbbec_camera' build argument 'cmake_target_skip_unavailable' from command line to 'False'
[0.204s] Level 5:colcon.colcon_core.verb:set package 'orbbec_camera' build argument 'cmake_clean_cache' from command line to 'False'
[0.204s] Level 5:colcon.colcon_core.verb:set package 'orbbec_camera' build argument 'cmake_clean_first' from command line to 'False'
[0.204s] Level 5:colcon.colcon_core.verb:set package 'orbbec_camera' build argument 'cmake_force_configure' from command line to 'False'
[0.204s] Level 5:colcon.colcon_core.verb:set package 'orbbec_camera' build argument 'ament_cmake_args' from command line to 'None'
[0.204s] Level 5:colcon.colcon_core.verb:set package 'orbbec_camera' build argument 'catkin_cmake_args' from command line to 'None'
[0.204s] Level 5:colcon.colcon_core.verb:set package 'orbbec_camera' build argument 'catkin_skip_building_tests' from command line to 'False'
[0.204s] DEBUG:colcon.colcon_core.verb:Building package 'orbbec_camera' with the following arguments: {'ament_cmake_args': None, 'build_base': '/home/yeah2/allex_ces_idle_interaction_gui/build/orbbec_camera', 'catkin_cmake_args': None, 'catkin_skip_building_tests': False, 'cmake_args': None, 'cmake_clean_cache': False, 'cmake_clean_first': False, 'cmake_force_configure': False, 'cmake_target': None, 'cmake_target_skip_unavailable': False, 'install_base': '/home/yeah2/allex_ces_idle_interaction_gui/install/orbbec_camera', 'merge_install': False, 'path': '/home/yeah2/allex_ces_idle_interaction_gui/src/OrbbecSDK_ROS2/orbbec_camera', 'symlink_install': True, 'test_result_base': None}
[0.204s] INFO:colcon.colcon_core.executor:Executing jobs using 'parallel' executor
[0.205s] DEBUG:colcon.colcon_parallel_executor.executor.parallel:run_until_complete
[0.205s] INFO:colcon.colcon_ros.task.ament_cmake.build:Building ROS package in '/home/yeah2/allex_ces_idle_interaction_gui/src/OrbbecSDK_ROS2/orbbec_camera_msgs' with build type 'ament_cmake'
[0.205s] INFO:colcon.colcon_cmake.task.cmake.build:Building CMake package in '/home/yeah2/allex_ces_idle_interaction_gui/src/OrbbecSDK_ROS2/orbbec_camera_msgs'
[0.206s] INFO:colcon.colcon_core.plugin_system:Skipping extension 'colcon_core.shell.bat': Not used on non-Windows systems
[0.206s] INFO:colcon.colcon_core.shell:Skip shell extension 'powershell' for command environment: Not usable outside of PowerShell
[0.206s] DEBUG:colcon.colcon_core.shell:Skip shell extension 'dsv' for command environment
[0.208s] INFO:colcon.colcon_ros.task.ament_python.build:Building ROS package in '/home/yeah2/allex_ces_idle_interaction_gui/src/allex_ces_idle_interaction' with build type 'ament_python'
[0.208s] Level 1:colcon.colcon_core.shell:create_environment_hook('allex_ces_idle_interaction', 'ament_prefix_path')
[0.208s] INFO:colcon.colcon_core.shell:Creating environment hook '/home/yeah2/allex_ces_idle_interaction_gui/install/allex_ces_idle_interaction/share/allex_ces_idle_interaction/hook/ament_prefix_path.ps1'
[0.209s] INFO:colcon.colcon_core.shell:Creating environment descriptor '/home/yeah2/allex_ces_idle_interaction_gui/install/allex_ces_idle_interaction/share/allex_ces_idle_interaction/hook/ament_prefix_path.dsv'
[0.209s] INFO:colcon.colcon_core.shell:Creating environment hook '/home/yeah2/allex_ces_idle_interaction_gui/install/allex_ces_idle_interaction/share/allex_ces_idle_interaction/hook/ament_prefix_path.sh'
[0.209s] INFO:colcon.colcon_core.shell:Skip shell extension 'powershell' for command environment: Not usable outside of PowerShell
[0.209s] DEBUG:colcon.colcon_core.shell:Skip shell extension 'dsv' for command environment
[0.211s] INFO:colcon.colcon_ros.task.ament_cmake.build:Building ROS package in '/home/yeah2/allex_ces_idle_interaction_gui/src/OrbbecSDK_ROS2/orbbec_description' with build type 'ament_cmake'
[0.211s] INFO:colcon.colcon_cmake.task.cmake.build:Building CMake package in '/home/yeah2/allex_ces_idle_interaction_gui/src/OrbbecSDK_ROS2/orbbec_description'
[0.211s] INFO:colcon.colcon_core.shell:Skip shell extension 'powershell' for command environment: Not usable outside of PowerShell
[0.211s] DEBUG:colcon.colcon_core.shell:Skip shell extension 'dsv' for command environment
[0.215s] DEBUG:colcon.colcon_core.event_handler.log_command:Invoking command in '/home/yeah2/allex_ces_idle_interaction_gui/build/orbbec_camera_msgs': CMAKE_PREFIX_PATH=${CMAKE_PREFIX_PATH}:/home/yeah2/allex_ces_idle_interaction_gui/install/allex_ces_idle_interaction:/home/yeah2/ros2_ws/install/trajectory_recorder:/home/yeah2/ros2_ws/install/joy_traj_param:/home/yeah2/ros2_ws/install/irim_control_panel_n_dashboard:/home/yeah2/ros2_ws/install/iri_zmq_ros2_bridge:/opt/ros/humble /usr/bin/cmake /home/yeah2/allex_ces_idle_interaction_gui/src/OrbbecSDK_ROS2/orbbec_camera_msgs -DAMENT_CMAKE_SYMLINK_INSTALL=1 -DCMAKE_INSTALL_PREFIX=/home/yeah2/allex_ces_idle_interaction_gui/install/orbbec_camera_msgs
[0.359s] INFO:colcon.colcon_core.task.python.build:Building Python package in '/home/yeah2/allex_ces_idle_interaction_gui/src/allex_ces_idle_interaction'
[0.359s] INFO:colcon.colcon_core.shell:Skip shell extension 'powershell' for command environment: Not usable outside of PowerShell
[0.359s] DEBUG:colcon.colcon_core.shell:Skip shell extension 'dsv' for command environment
[0.364s] DEBUG:colcon.colcon_core.event_handler.log_command:Invoking command in '/home/yeah2/allex_ces_idle_interaction_gui/build/orbbec_description': CMAKE_PREFIX_PATH=${CMAKE_PREFIX_PATH}:/home/yeah2/allex_ces_idle_interaction_gui/install/allex_ces_idle_interaction:/home/yeah2/ros2_ws/install/trajectory_recorder:/home/yeah2/ros2_ws/install/joy_traj_param:/home/yeah2/ros2_ws/install/irim_control_panel_n_dashboard:/home/yeah2/ros2_ws/install/iri_zmq_ros2_bridge:/opt/ros/humble /usr/bin/cmake /home/yeah2/allex_ces_idle_interaction_gui/src/OrbbecSDK_ROS2/orbbec_description -DAMENT_CMAKE_SYMLINK_INSTALL=1 -DCMAKE_INSTALL_PREFIX=/home/yeah2/allex_ces_idle_interaction_gui/install/orbbec_description
[0.550s] DEBUG:colcon.colcon_core.event_handler.log_command:Invoking command in '/home/yeah2/allex_ces_idle_interaction_gui/build/allex_ces_idle_interaction': PYTHONPATH=/home/yeah2/allex_ces_idle_interaction_gui/build/allex_ces_idle_interaction/prefix_override:/usr/lib/python3/dist-packages/colcon_core/task/python/colcon_distutils_commands:/home/yeah2/allex_ces_idle_interaction_gui/install/allex_ces_idle_interaction/lib/python3.10/site-packages:${PYTHONPATH} /usr/bin/python3 -W ignore:setup.py install is deprecated -W ignore:easy_install command is deprecated setup.py develop --editable --build-directory /home/yeah2/allex_ces_idle_interaction_gui/build/allex_ces_idle_interaction/build --no-deps symlink_data
[0.807s] Level 1:colcon.colcon_core.shell:create_environment_hook('allex_ces_idle_interaction', 'pythonpath_develop')
[0.807s] INFO:colcon.colcon_core.shell:Creating environment hook '/home/yeah2/allex_ces_idle_interaction_gui/build/allex_ces_idle_interaction/share/allex_ces_idle_interaction/hook/pythonpath_develop.ps1'
[0.808s] DEBUG:colcon.colcon_core.event_handler.log_command:Invoked command in '/home/yeah2/allex_ces_idle_interaction_gui/build/allex_ces_idle_interaction' returned '0': PYTHONPATH=/home/yeah2/allex_ces_idle_interaction_gui/build/allex_ces_idle_interaction/prefix_override:/usr/lib/python3/dist-packages/colcon_core/task/python/colcon_distutils_commands:/home/yeah2/allex_ces_idle_interaction_gui/install/allex_ces_idle_interaction/lib/python3.10/site-packages:${PYTHONPATH} /usr/bin/python3 -W ignore:setup.py install is deprecated -W ignore:easy_install command is deprecated setup.py develop --editable --build-directory /home/yeah2/allex_ces_idle_interaction_gui/build/allex_ces_idle_interaction/build --no-deps symlink_data
[0.808s] INFO:colcon.colcon_core.shell:Creating environment descriptor '/home/yeah2/allex_ces_idle_interaction_gui/build/allex_ces_idle_interaction/share/allex_ces_idle_interaction/hook/pythonpath_develop.dsv'
[0.808s] INFO:colcon.colcon_core.shell:Creating environment hook '/home/yeah2/allex_ces_idle_interaction_gui/build/allex_ces_idle_interaction/share/allex_ces_idle_interaction/hook/pythonpath_develop.sh'
[0.811s] Level 1:colcon.colcon_core.environment:checking '/home/yeah2/allex_ces_idle_interaction_gui/install/allex_ces_idle_interaction' for CMake module files
[0.811s] Level 1:colcon.colcon_core.environment:checking '/home/yeah2/allex_ces_idle_interaction_gui/install/allex_ces_idle_interaction' for CMake config files
[0.812s] Level 1:colcon.colcon_core.environment:checking '/home/yeah2/allex_ces_idle_interaction_gui/install/allex_ces_idle_interaction/lib'
[0.812s] Level 1:colcon.colcon_core.environment:checking '/home/yeah2/allex_ces_idle_interaction_gui/install/allex_ces_idle_interaction/bin'
[0.812s] Level 1:colcon.colcon_core.environment:checking '/home/yeah2/allex_ces_idle_interaction_gui/install/allex_ces_idle_interaction/lib/pkgconfig/allex_ces_idle_interaction.pc'
[0.812s] Level 1:colcon.colcon_core.environment:checking '/home/yeah2/allex_ces_idle_interaction_gui/install/allex_ces_idle_interaction/lib/python3.10/site-packages'
[0.812s] Level 1:colcon.colcon_core.shell:create_environment_hook('allex_ces_idle_interaction', 'pythonpath')
[0.812s] INFO:colcon.colcon_core.shell:Creating environment hook '/home/yeah2/allex_ces_idle_interaction_gui/install/allex_ces_idle_interaction/share/allex_ces_idle_interaction/hook/pythonpath.ps1'
[0.813s] INFO:colcon.colcon_core.shell:Creating environment descriptor '/home/yeah2/allex_ces_idle_interaction_gui/install/allex_ces_idle_interaction/share/allex_ces_idle_interaction/hook/pythonpath.dsv'
[0.813s] INFO:colcon.colcon_core.shell:Creating environment hook '/home/yeah2/allex_ces_idle_interaction_gui/install/allex_ces_idle_interaction/share/allex_ces_idle_interaction/hook/pythonpath.sh'
[0.813s] Level 1:colcon.colcon_core.environment:checking '/home/yeah2/allex_ces_idle_interaction_gui/install/allex_ces_idle_interaction/bin'
[0.813s] Level 1:colcon.colcon_core.environment:create_environment_scripts_only(allex_ces_idle_interaction)
[0.813s] INFO:colcon.colcon_core.shell:Creating package script '/home/yeah2/allex_ces_idle_interaction_gui/install/allex_ces_idle_interaction/share/allex_ces_idle_interaction/package.ps1'
[0.814s] INFO:colcon.colcon_core.shell:Creating package descriptor '/home/yeah2/allex_ces_idle_interaction_gui/install/allex_ces_idle_interaction/share/allex_ces_idle_interaction/package.dsv'
[0.814s] INFO:colcon.colcon_core.shell:Creating package script '/home/yeah2/allex_ces_idle_interaction_gui/install/allex_ces_idle_interaction/share/allex_ces_idle_interaction/package.sh'
[0.814s] INFO:colcon.colcon_core.shell:Creating package script '/home/yeah2/allex_ces_idle_interaction_gui/install/allex_ces_idle_interaction/share/allex_ces_idle_interaction/package.bash'
[0.815s] INFO:colcon.colcon_core.shell:Creating package script '/home/yeah2/allex_ces_idle_interaction_gui/install/allex_ces_idle_interaction/share/allex_ces_idle_interaction/package.zsh'
[0.815s] Level 1:colcon.colcon_core.environment:create_file_with_runtime_dependencies(/home/yeah2/allex_ces_idle_interaction_gui/install/allex_ces_idle_interaction/share/colcon-core/packages/allex_ces_idle_interaction)
[0.822s] DEBUG:colcon.colcon_core.event_handler.log_command:Invoked command in '/home/yeah2/allex_ces_idle_interaction_gui/build/orbbec_description' returned '0': CMAKE_PREFIX_PATH=${CMAKE_PREFIX_PATH}:/home/yeah2/allex_ces_idle_interaction_gui/install/allex_ces_idle_interaction:/home/yeah2/ros2_ws/install/trajectory_recorder:/home/yeah2/ros2_ws/install/joy_traj_param:/home/yeah2/ros2_ws/install/irim_control_panel_n_dashboard:/home/yeah2/ros2_ws/install/iri_zmq_ros2_bridge:/opt/ros/humble /usr/bin/cmake /home/yeah2/allex_ces_idle_interaction_gui/src/OrbbecSDK_ROS2/orbbec_description -DAMENT_CMAKE_SYMLINK_INSTALL=1 -DCMAKE_INSTALL_PREFIX=/home/yeah2/allex_ces_idle_interaction_gui/install/orbbec_description
[0.823s] DEBUG:colcon.colcon_core.event_handler.log_command:Invoking command in '/home/yeah2/allex_ces_idle_interaction_gui/build/orbbec_description': CMAKE_PREFIX_PATH=${CMAKE_PREFIX_PATH}:/home/yeah2/allex_ces_idle_interaction_gui/install/allex_ces_idle_interaction:/home/yeah2/ros2_ws/install/trajectory_recorder:/home/yeah2/ros2_ws/install/joy_traj_param:/home/yeah2/ros2_ws/install/irim_control_panel_n_dashboard:/home/yeah2/ros2_ws/install/iri_zmq_ros2_bridge:/opt/ros/humble /usr/bin/cmake --build /home/yeah2/allex_ces_idle_interaction_gui/build/orbbec_description -- -j20 -l20
[0.848s] DEBUG:colcon.colcon_core.event_handler.log_command:Invoked command in '/home/yeah2/allex_ces_idle_interaction_gui/build/orbbec_description' returned '0': CMAKE_PREFIX_PATH=${CMAKE_PREFIX_PATH}:/home/yeah2/allex_ces_idle_interaction_gui/install/allex_ces_idle_interaction:/home/yeah2/ros2_ws/install/trajectory_recorder:/home/yeah2/ros2_ws/install/joy_traj_param:/home/yeah2/ros2_ws/install/irim_control_panel_n_dashboard:/home/yeah2/ros2_ws/install/iri_zmq_ros2_bridge:/opt/ros/humble /usr/bin/cmake --build /home/yeah2/allex_ces_idle_interaction_gui/build/orbbec_description -- -j20 -l20
[0.855s] DEBUG:colcon.colcon_core.event_handler.log_command:Invoking command in '/home/yeah2/allex_ces_idle_interaction_gui/build/orbbec_description': CMAKE_PREFIX_PATH=${CMAKE_PREFIX_PATH}:/home/yeah2/allex_ces_idle_interaction_gui/install/allex_ces_idle_interaction:/home/yeah2/ros2_ws/install/trajectory_recorder:/home/yeah2/ros2_ws/install/joy_traj_param:/home/yeah2/ros2_ws/install/irim_control_panel_n_dashboard:/home/yeah2/ros2_ws/install/iri_zmq_ros2_bridge:/opt/ros/humble /usr/bin/cmake --install /home/yeah2/allex_ces_idle_interaction_gui/build/orbbec_description
[1.399s] Level 1:colcon.colcon_core.environment:create_environment_scripts_only(orbbec_description)
[1.400s] Level 1:colcon.colcon_core.environment:checking '/home/yeah2/allex_ces_idle_interaction_gui/install/orbbec_description' for CMake module files
[1.400s] DEBUG:colcon.colcon_core.event_handler.log_command:Invoked command in '/home/yeah2/allex_ces_idle_interaction_gui/build/orbbec_description' returned '0': CMAKE_PREFIX_PATH=${CMAKE_PREFIX_PATH}:/home/yeah2/allex_ces_idle_interaction_gui/install/allex_ces_idle_interaction:/home/yeah2/ros2_ws/install/trajectory_recorder:/home/yeah2/ros2_ws/install/joy_traj_param:/home/yeah2/ros2_ws/install/irim_control_panel_n_dashboard:/home/yeah2/ros2_ws/install/iri_zmq_ros2_bridge:/opt/ros/humble /usr/bin/cmake --install /home/yeah2/allex_ces_idle_interaction_gui/build/orbbec_description
[1.400s] Level 1:colcon.colcon_core.environment:checking '/home/yeah2/allex_ces_idle_interaction_gui/install/orbbec_description' for CMake config files
[1.400s] Level 1:colcon.colcon_core.shell:create_environment_hook('orbbec_description', 'cmake_prefix_path')
[1.400s] INFO:colcon.colcon_core.shell:Creating environment hook '/home/yeah2/allex_ces_idle_interaction_gui/install/orbbec_description/share/orbbec_description/hook/cmake_prefix_path.ps1'
[1.401s] INFO:colcon.colcon_core.shell:Creating environment descriptor '/home/yeah2/allex_ces_idle_interaction_gui/install/orbbec_description/share/orbbec_description/hook/cmake_prefix_path.dsv'
[1.401s] INFO:colcon.colcon_core.shell:Creating environment hook '/home/yeah2/allex_ces_idle_interaction_gui/install/orbbec_description/share/orbbec_description/hook/cmake_prefix_path.sh'
[1.401s] Level 1:colcon.colcon_core.environment:checking '/home/yeah2/allex_ces_idle_interaction_gui/install/orbbec_description/bin'
[1.401s] Level 1:colcon.colcon_core.environment:checking '/home/yeah2/allex_ces_idle_interaction_gui/install/orbbec_description/lib/pkgconfig/orbbec_description.pc'
[1.401s] Level 1:colcon.colcon_core.environment:checking '/home/yeah2/allex_ces_idle_interaction_gui/install/orbbec_description/lib/python3.10/site-packages'
[1.402s] Level 1:colcon.colcon_core.environment:checking '/home/yeah2/allex_ces_idle_interaction_gui/install/orbbec_description/bin'
[1.402s] INFO:colcon.colcon_core.shell:Creating package script '/home/yeah2/allex_ces_idle_interaction_gui/install/orbbec_description/share/orbbec_description/package.ps1'
[1.402s] INFO:colcon.colcon_core.shell:Creating package descriptor '/home/yeah2/allex_ces_idle_interaction_gui/install/orbbec_description/share/orbbec_description/package.dsv'
[1.402s] INFO:colcon.colcon_core.shell:Creating package script '/home/yeah2/allex_ces_idle_interaction_gui/install/orbbec_description/share/orbbec_description/package.sh'
[1.402s] INFO:colcon.colcon_core.shell:Creating package script '/home/yeah2/allex_ces_idle_interaction_gui/install/orbbec_description/share/orbbec_description/package.bash'
[1.403s] INFO:colcon.colcon_core.shell:Creating package script '/home/yeah2/allex_ces_idle_interaction_gui/install/orbbec_description/share/orbbec_description/package.zsh'
[1.403s] Level 1:colcon.colcon_core.environment:create_file_with_runtime_dependencies(/home/yeah2/allex_ces_idle_interaction_gui/install/orbbec_description/share/colcon-core/packages/orbbec_description)
[1.403s] Level 1:colcon.colcon_core.environment:create_environment_scripts_only(orbbec_description)
[1.403s] Level 1:colcon.colcon_core.environment:checking '/home/yeah2/allex_ces_idle_interaction_gui/install/orbbec_description' for CMake module files
[1.403s] Level 1:colcon.colcon_core.environment:checking '/home/yeah2/allex_ces_idle_interaction_gui/install/orbbec_description' for CMake config files
[1.403s] Level 1:colcon.colcon_core.shell:create_environment_hook('orbbec_description', 'cmake_prefix_path')
[1.404s] INFO:colcon.colcon_core.shell:Creating environment hook '/home/yeah2/allex_ces_idle_interaction_gui/install/orbbec_description/share/orbbec_description/hook/cmake_prefix_path.ps1'
[1.404s] INFO:colcon.colcon_core.shell:Creating environment descriptor '/home/yeah2/allex_ces_idle_interaction_gui/install/orbbec_description/share/orbbec_description/hook/cmake_prefix_path.dsv'
[1.404s] INFO:colcon.colcon_core.shell:Creating environment hook '/home/yeah2/allex_ces_idle_interaction_gui/install/orbbec_description/share/orbbec_description/hook/cmake_prefix_path.sh'
[1.404s] Level 1:colcon.colcon_core.environment:checking '/home/yeah2/allex_ces_idle_interaction_gui/install/orbbec_description/bin'
[1.404s] Level 1:colcon.colcon_core.environment:checking '/home/yeah2/allex_ces_idle_interaction_gui/install/orbbec_description/lib/pkgconfig/orbbec_description.pc'
[1.404s] Level 1:colcon.colcon_core.environment:checking '/home/yeah2/allex_ces_idle_interaction_gui/install/orbbec_description/lib/python3.10/site-packages'
[1.404s] Level 1:colcon.colcon_core.environment:checking '/home/yeah2/allex_ces_idle_interaction_gui/install/orbbec_description/bin'
[1.405s] INFO:colcon.colcon_core.shell:Creating package script '/home/yeah2/allex_ces_idle_interaction_gui/install/orbbec_description/share/orbbec_description/package.ps1'
[1.405s] INFO:colcon.colcon_core.shell:Creating package descriptor '/home/yeah2/allex_ces_idle_interaction_gui/install/orbbec_description/share/orbbec_description/package.dsv'
[1.405s] INFO:colcon.colcon_core.shell:Creating package script '/home/yeah2/allex_ces_idle_interaction_gui/install/orbbec_description/share/orbbec_description/package.sh'
[1.405s] INFO:colcon.colcon_core.shell:Creating package script '/home/yeah2/allex_ces_idle_interaction_gui/install/orbbec_description/share/orbbec_description/package.bash'
[1.405s] INFO:colcon.colcon_core.shell:Creating package script '/home/yeah2/allex_ces_idle_interaction_gui/install/orbbec_description/share/orbbec_description/package.zsh'
[1.406s] Level 1:colcon.colcon_core.environment:create_file_with_runtime_dependencies(/home/yeah2/allex_ces_idle_interaction_gui/install/orbbec_description/share/colcon-core/packages/orbbec_description)
[2.145s] DEBUG:colcon.colcon_core.event_handler.log_command:Invoked command in '/home/yeah2/allex_ces_idle_interaction_gui/build/orbbec_camera_msgs' returned '0': CMAKE_PREFIX_PATH=${CMAKE_PREFIX_PATH}:/home/yeah2/allex_ces_idle_interaction_gui/install/allex_ces_idle_interaction:/home/yeah2/ros2_ws/install/trajectory_recorder:/home/yeah2/ros2_ws/install/joy_traj_param:/home/yeah2/ros2_ws/install/irim_control_panel_n_dashboard:/home/yeah2/ros2_ws/install/iri_zmq_ros2_bridge:/opt/ros/humble /usr/bin/cmake /home/yeah2/allex_ces_idle_interaction_gui/src/OrbbecSDK_ROS2/orbbec_camera_msgs -DAMENT_CMAKE_SYMLINK_INSTALL=1 -DCMAKE_INSTALL_PREFIX=/home/yeah2/allex_ces_idle_interaction_gui/install/orbbec_camera_msgs
[2.146s] DEBUG:colcon.colcon_core.event_handler.log_command:Invoking command in '/home/yeah2/allex_ces_idle_interaction_gui/build/orbbec_camera_msgs': CMAKE_PREFIX_PATH=${CMAKE_PREFIX_PATH}:/home/yeah2/allex_ces_idle_interaction_gui/install/allex_ces_idle_interaction:/home/yeah2/ros2_ws/install/trajectory_recorder:/home/yeah2/ros2_ws/install/joy_traj_param:/home/yeah2/ros2_ws/install/irim_control_panel_n_dashboard:/home/yeah2/ros2_ws/install/iri_zmq_ros2_bridge:/opt/ros/humble /usr/bin/cmake --build /home/yeah2/allex_ces_idle_interaction_gui/build/orbbec_camera_msgs -- -j20 -l20
[6.573s] DEBUG:colcon.colcon_core.event_handler.log_command:Invoked command in '/home/yeah2/allex_ces_idle_interaction_gui/build/orbbec_camera_msgs' returned '0': CMAKE_PREFIX_PATH=${CMAKE_PREFIX_PATH}:/home/yeah2/allex_ces_idle_interaction_gui/install/allex_ces_idle_interaction:/home/yeah2/ros2_ws/install/trajectory_recorder:/home/yeah2/ros2_ws/install/joy_traj_param:/home/yeah2/ros2_ws/install/irim_control_panel_n_dashboard:/home/yeah2/ros2_ws/install/iri_zmq_ros2_bridge:/opt/ros/humble /usr/bin/cmake --build /home/yeah2/allex_ces_idle_interaction_gui/build/orbbec_camera_msgs -- -j20 -l20
[6.574s] DEBUG:colcon.colcon_core.event_handler.log_command:Invoking command in '/home/yeah2/allex_ces_idle_interaction_gui/build/orbbec_camera_msgs': CMAKE_PREFIX_PATH=${CMAKE_PREFIX_PATH}:/home/yeah2/allex_ces_idle_interaction_gui/install/allex_ces_idle_interaction:/home/yeah2/ros2_ws/install/trajectory_recorder:/home/yeah2/ros2_ws/install/joy_traj_param:/home/yeah2/ros2_ws/install/irim_control_panel_n_dashboard:/home/yeah2/ros2_ws/install/iri_zmq_ros2_bridge:/opt/ros/humble /usr/bin/cmake --install /home/yeah2/allex_ces_idle_interaction_gui/build/orbbec_camera_msgs
[8.405s] Level 1:colcon.colcon_core.environment:create_environment_scripts_only(orbbec_camera_msgs)
[8.406s] Level 1:colcon.colcon_core.environment:checking '/home/yeah2/allex_ces_idle_interaction_gui/install/orbbec_camera_msgs' for CMake module files
[8.406s] DEBUG:colcon.colcon_core.event_handler.log_command:Invoked command in '/home/yeah2/allex_ces_idle_interaction_gui/build/orbbec_camera_msgs' returned '0': CMAKE_PREFIX_PATH=${CMAKE_PREFIX_PATH}:/home/yeah2/allex_ces_idle_interaction_gui/install/allex_ces_idle_interaction:/home/yeah2/ros2_ws/install/trajectory_recorder:/home/yeah2/ros2_ws/install/joy_traj_param:/home/yeah2/ros2_ws/install/irim_control_panel_n_dashboard:/home/yeah2/ros2_ws/install/iri_zmq_ros2_bridge:/opt/ros/humble /usr/bin/cmake --install /home/yeah2/allex_ces_idle_interaction_gui/build/orbbec_camera_msgs
[8.406s] Level 1:colcon.colcon_core.environment:checking '/home/yeah2/allex_ces_idle_interaction_gui/install/orbbec_camera_msgs' for CMake config files
[8.406s] Level 1:colcon.colcon_core.shell:create_environment_hook('orbbec_camera_msgs', 'cmake_prefix_path')
[8.406s] INFO:colcon.colcon_core.shell:Creating environment hook '/home/yeah2/allex_ces_idle_interaction_gui/install/orbbec_camera_msgs/share/orbbec_camera_msgs/hook/cmake_prefix_path.ps1'
[8.407s] INFO:colcon.colcon_core.shell:Creating environment descriptor '/home/yeah2/allex_ces_idle_interaction_gui/install/orbbec_camera_msgs/share/orbbec_camera_msgs/hook/cmake_prefix_path.dsv'
[8.407s] INFO:colcon.colcon_core.shell:Creating environment hook '/home/yeah2/allex_ces_idle_interaction_gui/install/orbbec_camera_msgs/share/orbbec_camera_msgs/hook/cmake_prefix_path.sh'
[8.407s] Level 1:colcon.colcon_core.environment:checking '/home/yeah2/allex_ces_idle_interaction_gui/install/orbbec_camera_msgs/lib'
[8.407s] Level 1:colcon.colcon_core.shell:create_environment_hook('orbbec_camera_msgs', 'ld_library_path_lib')
[8.407s] INFO:colcon.colcon_core.shell:Creating environment hook '/home/yeah2/allex_ces_idle_interaction_gui/install/orbbec_camera_msgs/share/orbbec_camera_msgs/hook/ld_library_path_lib.ps1'
[8.407s] INFO:colcon.colcon_core.shell:Creating environment descriptor '/home/yeah2/allex_ces_idle_interaction_gui/install/orbbec_camera_msgs/share/orbbec_camera_msgs/hook/ld_library_path_lib.dsv'
[8.407s] INFO:colcon.colcon_core.shell:Creating environment hook '/home/yeah2/allex_ces_idle_interaction_gui/install/orbbec_camera_msgs/share/orbbec_camera_msgs/hook/ld_library_path_lib.sh'
[8.408s] Level 1:colcon.colcon_core.environment:checking '/home/yeah2/allex_ces_idle_interaction_gui/install/orbbec_camera_msgs/bin'
[8.408s] Level 1:colcon.colcon_core.environment:checking '/home/yeah2/allex_ces_idle_interaction_gui/install/orbbec_camera_msgs/lib/pkgconfig/orbbec_camera_msgs.pc'
[8.408s] Level 1:colcon.colcon_core.environment:checking '/home/yeah2/allex_ces_idle_interaction_gui/install/orbbec_camera_msgs/lib/python3.10/site-packages'
[8.408s] Level 1:colcon.colcon_core.environment:checking '/home/yeah2/allex_ces_idle_interaction_gui/install/orbbec_camera_msgs/bin'
[8.408s] INFO:colcon.colcon_core.shell:Creating package script '/home/yeah2/allex_ces_idle_interaction_gui/install/orbbec_camera_msgs/share/orbbec_camera_msgs/package.ps1'
[8.408s] INFO:colcon.colcon_core.shell:Creating package descriptor '/home/yeah2/allex_ces_idle_interaction_gui/install/orbbec_camera_msgs/share/orbbec_camera_msgs/package.dsv'
[8.408s] INFO:colcon.colcon_core.shell:Creating package script '/home/yeah2/allex_ces_idle_interaction_gui/install/orbbec_camera_msgs/share/orbbec_camera_msgs/package.sh'
[8.409s] INFO:colcon.colcon_core.shell:Creating package script '/home/yeah2/allex_ces_idle_interaction_gui/install/orbbec_camera_msgs/share/orbbec_camera_msgs/package.bash'
[8.409s] INFO:colcon.colcon_core.shell:Creating package script '/home/yeah2/allex_ces_idle_interaction_gui/install/orbbec_camera_msgs/share/orbbec_camera_msgs/package.zsh'
[8.409s] Level 1:colcon.colcon_core.environment:create_file_with_runtime_dependencies(/home/yeah2/allex_ces_idle_interaction_gui/install/orbbec_camera_msgs/share/colcon-core/packages/orbbec_camera_msgs)
[8.409s] Level 1:colcon.colcon_core.environment:create_environment_scripts_only(orbbec_camera_msgs)
[8.409s] Level 1:colcon.colcon_core.environment:checking '/home/yeah2/allex_ces_idle_interaction_gui/install/orbbec_camera_msgs' for CMake module files
[8.410s] Level 1:colcon.colcon_core.environment:checking '/home/yeah2/allex_ces_idle_interaction_gui/install/orbbec_camera_msgs' for CMake config files
[8.410s] Level 1:colcon.colcon_core.shell:create_environment_hook('orbbec_camera_msgs', 'cmake_prefix_path')
[8.410s] INFO:colcon.colcon_core.shell:Creating environment hook '/home/yeah2/allex_ces_idle_interaction_gui/install/orbbec_camera_msgs/share/orbbec_camera_msgs/hook/cmake_prefix_path.ps1'
[8.410s] INFO:colcon.colcon_core.shell:Creating environment descriptor '/home/yeah2/allex_ces_idle_interaction_gui/install/orbbec_camera_msgs/share/orbbec_camera_msgs/hook/cmake_prefix_path.dsv'
[8.410s] INFO:colcon.colcon_core.shell:Creating environment hook '/home/yeah2/allex_ces_idle_interaction_gui/install/orbbec_camera_msgs/share/orbbec_camera_msgs/hook/cmake_prefix_path.sh'
[8.410s] Level 1:colcon.colcon_core.environment:checking '/home/yeah2/allex_ces_idle_interaction_gui/install/orbbec_camera_msgs/lib'
[8.411s] Level 1:colcon.colcon_core.shell:create_environment_hook('orbbec_camera_msgs', 'ld_library_path_lib')
[8.411s] INFO:colcon.colcon_core.shell:Creating environment hook '/home/yeah2/allex_ces_idle_interaction_gui/install/orbbec_camera_msgs/share/orbbec_camera_msgs/hook/ld_library_path_lib.ps1'
[8.411s] INFO:colcon.colcon_core.shell:Creating environment descriptor '/home/yeah2/allex_ces_idle_interaction_gui/install/orbbec_camera_msgs/share/orbbec_camera_msgs/hook/ld_library_path_lib.dsv'
[8.411s] INFO:colcon.colcon_core.shell:Creating environment hook '/home/yeah2/allex_ces_idle_interaction_gui/install/orbbec_camera_msgs/share/orbbec_camera_msgs/hook/ld_library_path_lib.sh'
[8.411s] Level 1:colcon.colcon_core.environment:checking '/home/yeah2/allex_ces_idle_interaction_gui/install/orbbec_camera_msgs/bin'
[8.411s] Level 1:colcon.colcon_core.environment:checking '/home/yeah2/allex_ces_idle_interaction_gui/install/orbbec_camera_msgs/lib/pkgconfig/orbbec_camera_msgs.pc'
[8.411s] Level 1:colcon.colcon_core.environment:checking '/home/yeah2/allex_ces_idle_interaction_gui/install/orbbec_camera_msgs/lib/python3.10/site-packages'
[8.411s] Level 1:colcon.colcon_core.environment:checking '/home/yeah2/allex_ces_idle_interaction_gui/install/orbbec_camera_msgs/bin'
[8.412s] INFO:colcon.colcon_core.shell:Creating package script '/home/yeah2/allex_ces_idle_interaction_gui/install/orbbec_camera_msgs/share/orbbec_camera_msgs/package.ps1'
[8.412s] INFO:colcon.colcon_core.shell:Creating package descriptor '/home/yeah2/allex_ces_idle_interaction_gui/install/orbbec_camera_msgs/share/orbbec_camera_msgs/package.dsv'
[8.412s] INFO:colcon.colcon_core.shell:Creating package script '/home/yeah2/allex_ces_idle_interaction_gui/install/orbbec_camera_msgs/share/orbbec_camera_msgs/package.sh'
[8.412s] INFO:colcon.colcon_core.shell:Creating package script '/home/yeah2/allex_ces_idle_interaction_gui/install/orbbec_camera_msgs/share/orbbec_camera_msgs/package.bash'
[8.412s] INFO:colcon.colcon_core.shell:Creating package script '/home/yeah2/allex_ces_idle_interaction_gui/install/orbbec_camera_msgs/share/orbbec_camera_msgs/package.zsh'
[8.413s] Level 1:colcon.colcon_core.environment:create_file_with_runtime_dependencies(/home/yeah2/allex_ces_idle_interaction_gui/install/orbbec_camera_msgs/share/colcon-core/packages/orbbec_camera_msgs)
[8.413s] INFO:colcon.colcon_ros.task.ament_cmake.build:Building ROS package in '/home/yeah2/allex_ces_idle_interaction_gui/src/OrbbecSDK_ROS2/orbbec_camera' with build type 'ament_cmake'
[8.413s] INFO:colcon.colcon_cmake.task.cmake.build:Building CMake package in '/home/yeah2/allex_ces_idle_interaction_gui/src/OrbbecSDK_ROS2/orbbec_camera'
[8.413s] INFO:colcon.colcon_core.shell:Skip shell extension 'powershell' for command environment: Not usable outside of PowerShell
[8.413s] DEBUG:colcon.colcon_core.shell:Skip shell extension 'dsv' for command environment
[8.420s] DEBUG:colcon.colcon_core.event_handler.log_command:Invoking command in '/home/yeah2/allex_ces_idle_interaction_gui/build/orbbec_camera': CMAKE_PREFIX_PATH=/home/yeah2/allex_ces_idle_interaction_gui/install/orbbec_camera_msgs:/home/yeah2/allex_ces_idle_interaction_gui/install/orbbec_description:/home/yeah2/allex_ces_idle_interaction_gui/install/allex_ces_idle_interaction:/home/yeah2/ros2_ws/install/trajectory_recorder:/home/yeah2/ros2_ws/install/joy_traj_param:/home/yeah2/ros2_ws/install/irim_control_panel_n_dashboard:/home/yeah2/ros2_ws/install/iri_zmq_ros2_bridge:/opt/ros/humble PYTHONPATH=/home/yeah2/allex_ces_idle_interaction_gui/install/orbbec_camera_msgs/local/lib/python3.10/dist-packages:${PYTHONPATH} /usr/bin/cmake /home/yeah2/allex_ces_idle_interaction_gui/src/OrbbecSDK_ROS2/orbbec_camera -DAMENT_CMAKE_SYMLINK_INSTALL=1 -DCMAKE_INSTALL_PREFIX=/home/yeah2/allex_ces_idle_interaction_gui/install/orbbec_camera
[9.542s] DEBUG:colcon.colcon_core.event_handler.log_command:Invoked command in '/home/yeah2/allex_ces_idle_interaction_gui/build/orbbec_camera' returned '0': CMAKE_PREFIX_PATH=/home/yeah2/allex_ces_idle_interaction_gui/install/orbbec_camera_msgs:/home/yeah2/allex_ces_idle_interaction_gui/install/orbbec_description:/home/yeah2/allex_ces_idle_interaction_gui/install/allex_ces_idle_interaction:/home/yeah2/ros2_ws/install/trajectory_recorder:/home/yeah2/ros2_ws/install/joy_traj_param:/home/yeah2/ros2_ws/install/irim_control_panel_n_dashboard:/home/yeah2/ros2_ws/install/iri_zmq_ros2_bridge:/opt/ros/humble PYTHONPATH=/home/yeah2/allex_ces_idle_interaction_gui/install/orbbec_camera_msgs/local/lib/python3.10/dist-packages:${PYTHONPATH} /usr/bin/cmake /home/yeah2/allex_ces_idle_interaction_gui/src/OrbbecSDK_ROS2/orbbec_camera -DAMENT_CMAKE_SYMLINK_INSTALL=1 -DCMAKE_INSTALL_PREFIX=/home/yeah2/allex_ces_idle_interaction_gui/install/orbbec_camera
[9.543s] DEBUG:colcon.colcon_core.event_handler.log_command:Invoking command in '/home/yeah2/allex_ces_idle_interaction_gui/build/orbbec_camera': CMAKE_PREFIX_PATH=/home/yeah2/allex_ces_idle_interaction_gui/install/orbbec_camera_msgs:/home/yeah2/allex_ces_idle_interaction_gui/install/orbbec_description:/home/yeah2/allex_ces_idle_interaction_gui/install/allex_ces_idle_interaction:/home/yeah2/ros2_ws/install/trajectory_recorder:/home/yeah2/ros2_ws/install/joy_traj_param:/home/yeah2/ros2_ws/install/irim_control_panel_n_dashboard:/home/yeah2/ros2_ws/install/iri_zmq_ros2_bridge:/opt/ros/humble PYTHONPATH=/home/yeah2/allex_ces_idle_interaction_gui/install/orbbec_camera_msgs/local/lib/python3.10/dist-packages:${PYTHONPATH} /usr/bin/cmake --build /home/yeah2/allex_ces_idle_interaction_gui/build/orbbec_camera -- -j20 -l20
[46.347s] DEBUG:colcon.colcon_core.event_handler.log_command:Invoked command in '/home/yeah2/allex_ces_idle_interaction_gui/build/orbbec_camera' returned '0': CMAKE_PREFIX_PATH=/home/yeah2/allex_ces_idle_interaction_gui/install/orbbec_camera_msgs:/home/yeah2/allex_ces_idle_interaction_gui/install/orbbec_description:/home/yeah2/allex_ces_idle_interaction_gui/install/allex_ces_idle_interaction:/home/yeah2/ros2_ws/install/trajectory_recorder:/home/yeah2/ros2_ws/install/joy_traj_param:/home/yeah2/ros2_ws/install/irim_control_panel_n_dashboard:/home/yeah2/ros2_ws/install/iri_zmq_ros2_bridge:/opt/ros/humble PYTHONPATH=/home/yeah2/allex_ces_idle_interaction_gui/install/orbbec_camera_msgs/local/lib/python3.10/dist-packages:${PYTHONPATH} /usr/bin/cmake --build /home/yeah2/allex_ces_idle_interaction_gui/build/orbbec_camera -- -j20 -l20
[46.348s] DEBUG:colcon.colcon_core.event_handler.log_command:Invoking command in '/home/yeah2/allex_ces_idle_interaction_gui/build/orbbec_camera': CMAKE_PREFIX_PATH=/home/yeah2/allex_ces_idle_interaction_gui/install/orbbec_camera_msgs:/home/yeah2/allex_ces_idle_interaction_gui/install/orbbec_description:/home/yeah2/allex_ces_idle_interaction_gui/install/allex_ces_idle_interaction:/home/yeah2/ros2_ws/install/trajectory_recorder:/home/yeah2/ros2_ws/install/joy_traj_param:/home/yeah2/ros2_ws/install/irim_control_panel_n_dashboard:/home/yeah2/ros2_ws/install/iri_zmq_ros2_bridge:/opt/ros/humble PYTHONPATH=/home/yeah2/allex_ces_idle_interaction_gui/install/orbbec_camera_msgs/local/lib/python3.10/dist-packages:${PYTHONPATH} /usr/bin/cmake --install /home/yeah2/allex_ces_idle_interaction_gui/build/orbbec_camera
[47.577s] Level 1:colcon.colcon_core.environment:create_environment_scripts_only(orbbec_camera)
[47.578s] Level 1:colcon.colcon_core.environment:checking '/home/yeah2/allex_ces_idle_interaction_gui/install/orbbec_camera' for CMake module files
[47.578s] DEBUG:colcon.colcon_core.event_handler.log_command:Invoked command in '/home/yeah2/allex_ces_idle_interaction_gui/build/orbbec_camera' returned '0': CMAKE_PREFIX_PATH=/home/yeah2/allex_ces_idle_interaction_gui/install/orbbec_camera_msgs:/home/yeah2/allex_ces_idle_interaction_gui/install/orbbec_description:/home/yeah2/allex_ces_idle_interaction_gui/install/allex_ces_idle_interaction:/home/yeah2/ros2_ws/install/trajectory_recorder:/home/yeah2/ros2_ws/install/joy_traj_param:/home/yeah2/ros2_ws/install/irim_control_panel_n_dashboard:/home/yeah2/ros2_ws/install/iri_zmq_ros2_bridge:/opt/ros/humble PYTHONPATH=/home/yeah2/allex_ces_idle_interaction_gui/install/orbbec_camera_msgs/local/lib/python3.10/dist-packages:${PYTHONPATH} /usr/bin/cmake --install /home/yeah2/allex_ces_idle_interaction_gui/build/orbbec_camera
[47.579s] Level 1:colcon.colcon_core.environment:checking '/home/yeah2/allex_ces_idle_interaction_gui/install/orbbec_camera' for CMake config files
[47.579s] Level 1:colcon.colcon_core.shell:create_environment_hook('orbbec_camera', 'cmake_prefix_path')
[47.579s] INFO:colcon.colcon_core.shell:Creating environment hook '/home/yeah2/allex_ces_idle_interaction_gui/install/orbbec_camera/share/orbbec_camera/hook/cmake_prefix_path.ps1'
[47.580s] INFO:colcon.colcon_core.shell:Creating environment descriptor '/home/yeah2/allex_ces_idle_interaction_gui/install/orbbec_camera/share/orbbec_camera/hook/cmake_prefix_path.dsv'
[47.580s] INFO:colcon.colcon_core.shell:Creating environment hook '/home/yeah2/allex_ces_idle_interaction_gui/install/orbbec_camera/share/orbbec_camera/hook/cmake_prefix_path.sh'
[47.581s] Level 1:colcon.colcon_core.environment:checking '/home/yeah2/allex_ces_idle_interaction_gui/install/orbbec_camera/lib'
[47.581s] Level 1:colcon.colcon_core.shell:create_environment_hook('orbbec_camera', 'ld_library_path_lib')
[47.581s] INFO:colcon.colcon_core.shell:Creating environment hook '/home/yeah2/allex_ces_idle_interaction_gui/install/orbbec_camera/share/orbbec_camera/hook/ld_library_path_lib.ps1'
[47.581s] INFO:colcon.colcon_core.shell:Creating environment descriptor '/home/yeah2/allex_ces_idle_interaction_gui/install/orbbec_camera/share/orbbec_camera/hook/ld_library_path_lib.dsv'
[47.582s] INFO:colcon.colcon_core.shell:Creating environment hook '/home/yeah2/allex_ces_idle_interaction_gui/install/orbbec_camera/share/orbbec_camera/hook/ld_library_path_lib.sh'
[47.582s] Level 1:colcon.colcon_core.environment:checking '/home/yeah2/allex_ces_idle_interaction_gui/install/orbbec_camera/bin'
[47.582s] Level 1:colcon.colcon_core.environment:checking '/home/yeah2/allex_ces_idle_interaction_gui/install/orbbec_camera/lib/pkgconfig/orbbec_camera.pc'
[47.582s] Level 1:colcon.colcon_core.environment:checking '/home/yeah2/allex_ces_idle_interaction_gui/install/orbbec_camera/lib/python3.10/site-packages'
[47.582s] Level 1:colcon.colcon_core.environment:checking '/home/yeah2/allex_ces_idle_interaction_gui/install/orbbec_camera/bin'
[47.583s] INFO:colcon.colcon_core.shell:Creating package script '/home/yeah2/allex_ces_idle_interaction_gui/install/orbbec_camera/share/orbbec_camera/package.ps1'
[47.583s] INFO:colcon.colcon_core.shell:Creating package descriptor '/home/yeah2/allex_ces_idle_interaction_gui/install/orbbec_camera/share/orbbec_camera/package.dsv'
[47.583s] INFO:colcon.colcon_core.shell:Creating package script '/home/yeah2/allex_ces_idle_interaction_gui/install/orbbec_camera/share/orbbec_camera/package.sh'
[47.584s] INFO:colcon.colcon_core.shell:Creating package script '/home/yeah2/allex_ces_idle_interaction_gui/install/orbbec_camera/share/orbbec_camera/package.bash'
[47.584s] INFO:colcon.colcon_core.shell:Creating package script '/home/yeah2/allex_ces_idle_interaction_gui/install/orbbec_camera/share/orbbec_camera/package.zsh'
[47.584s] Level 1:colcon.colcon_core.environment:create_file_with_runtime_dependencies(/home/yeah2/allex_ces_idle_interaction_gui/install/orbbec_camera/share/colcon-core/packages/orbbec_camera)
[47.584s] Level 1:colcon.colcon_core.environment:create_environment_scripts_only(orbbec_camera)
[47.584s] Level 1:colcon.colcon_core.environment:checking '/home/yeah2/allex_ces_idle_interaction_gui/install/orbbec_camera' for CMake module files
[47.585s] Level 1:colcon.colcon_core.environment:checking '/home/yeah2/allex_ces_idle_interaction_gui/install/orbbec_camera' for CMake config files
[47.585s] Level 1:colcon.colcon_core.shell:create_environment_hook('orbbec_camera', 'cmake_prefix_path')
[47.585s] INFO:colcon.colcon_core.shell:Creating environment hook '/home/yeah2/allex_ces_idle_interaction_gui/install/orbbec_camera/share/orbbec_camera/hook/cmake_prefix_path.ps1'
[47.585s] INFO:colcon.colcon_core.shell:Creating environment descriptor '/home/yeah2/allex_ces_idle_interaction_gui/install/orbbec_camera/share/orbbec_camera/hook/cmake_prefix_path.dsv'
[47.585s] INFO:colcon.colcon_core.shell:Creating environment hook '/home/yeah2/allex_ces_idle_interaction_gui/install/orbbec_camera/share/orbbec_camera/hook/cmake_prefix_path.sh'
[47.586s] Level 1:colcon.colcon_core.environment:checking '/home/yeah2/allex_ces_idle_interaction_gui/install/orbbec_camera/lib'
[47.586s] Level 1:colcon.colcon_core.shell:create_environment_hook('orbbec_camera', 'ld_library_path_lib')
[47.586s] INFO:colcon.colcon_core.shell:Creating environment hook '/home/yeah2/allex_ces_idle_interaction_gui/install/orbbec_camera/share/orbbec_camera/hook/ld_library_path_lib.ps1'
[47.586s] INFO:colcon.colcon_core.shell:Creating environment descriptor '/home/yeah2/allex_ces_idle_interaction_gui/install/orbbec_camera/share/orbbec_camera/hook/ld_library_path_lib.dsv'
[47.586s] INFO:colcon.colcon_core.shell:Creating environment hook '/home/yeah2/allex_ces_idle_interaction_gui/install/orbbec_camera/share/orbbec_camera/hook/ld_library_path_lib.sh'
[47.586s] Level 1:colcon.colcon_core.environment:checking '/home/yeah2/allex_ces_idle_interaction_gui/install/orbbec_camera/bin'
[47.586s] Level 1:colcon.colcon_core.environment:checking '/home/yeah2/allex_ces_idle_interaction_gui/install/orbbec_camera/lib/pkgconfig/orbbec_camera.pc'
[47.586s] Level 1:colcon.colcon_core.environment:checking '/home/yeah2/allex_ces_idle_interaction_gui/install/orbbec_camera/lib/python3.10/site-packages'
[47.587s] Level 1:colcon.colcon_core.environment:checking '/home/yeah2/allex_ces_idle_interaction_gui/install/orbbec_camera/bin'
[47.587s] INFO:colcon.colcon_core.shell:Creating package script '/home/yeah2/allex_ces_idle_interaction_gui/install/orbbec_camera/share/orbbec_camera/package.ps1'
[47.587s] INFO:colcon.colcon_core.shell:Creating package descriptor '/home/yeah2/allex_ces_idle_interaction_gui/install/orbbec_camera/share/orbbec_camera/package.dsv'
[47.587s] INFO:colcon.colcon_core.shell:Creating package script '/home/yeah2/allex_ces_idle_interaction_gui/install/orbbec_camera/share/orbbec_camera/package.sh'
[47.587s] INFO:colcon.colcon_core.shell:Creating package script '/home/yeah2/allex_ces_idle_interaction_gui/install/orbbec_camera/share/orbbec_camera/package.bash'
[47.588s] INFO:colcon.colcon_core.shell:Creating package script '/home/yeah2/allex_ces_idle_interaction_gui/install/orbbec_camera/share/orbbec_camera/package.zsh'
[47.588s] Level 1:colcon.colcon_core.environment:create_file_with_runtime_dependencies(/home/yeah2/allex_ces_idle_interaction_gui/install/orbbec_camera/share/colcon-core/packages/orbbec_camera)
[47.588s] DEBUG:colcon.colcon_parallel_executor.executor.parallel:closing loop
[47.588s] DEBUG:colcon.colcon_parallel_executor.executor.parallel:loop closed
[47.588s] DEBUG:colcon.colcon_parallel_executor.executor.parallel:run_until_complete finished with '0'
[47.588s] DEBUG:colcon.colcon_core.event_reactor:joining thread
[47.591s] INFO:colcon.colcon_core.plugin_system:Skipping extension 'colcon_notification.desktop_notification.terminal_notifier': Not used on non-Darwin systems
[47.591s] INFO:colcon.colcon_core.plugin_system:Skipping extension 'colcon_notification.desktop_notification.win32': Not used on non-Windows systems
[47.591s] INFO:colcon.colcon_notification.desktop_notification:Sending desktop notification using 'notify2'
[47.599s] DEBUG:colcon.colcon_core.event_reactor:joined thread
[47.599s] INFO:colcon.colcon_core.shell:Creating prefix script '/home/yeah2/allex_ces_idle_interaction_gui/install/local_setup.ps1'
[47.599s] INFO:colcon.colcon_core.shell:Creating prefix util module '/home/yeah2/allex_ces_idle_interaction_gui/install/_local_setup_util_ps1.py'
[47.600s] INFO:colcon.colcon_core.shell:Creating prefix chain script '/home/yeah2/allex_ces_idle_interaction_gui/install/setup.ps1'
[47.600s] INFO:colcon.colcon_core.shell:Creating prefix script '/home/yeah2/allex_ces_idle_interaction_gui/install/local_setup.sh'
[47.601s] INFO:colcon.colcon_core.shell:Creating prefix util module '/home/yeah2/allex_ces_idle_interaction_gui/install/_local_setup_util_sh.py'
[47.601s] INFO:colcon.colcon_core.shell:Creating prefix chain script '/home/yeah2/allex_ces_idle_interaction_gui/install/setup.sh'
[47.602s] INFO:colcon.colcon_core.shell:Creating prefix script '/home/yeah2/allex_ces_idle_interaction_gui/install/local_setup.bash'
[47.602s] INFO:colcon.colcon_core.shell:Creating prefix chain script '/home/yeah2/allex_ces_idle_interaction_gui/install/setup.bash'
[47.602s] INFO:colcon.colcon_core.shell:Creating prefix script '/home/yeah2/allex_ces_idle_interaction_gui/install/local_setup.zsh'
[47.603s] INFO:colcon.colcon_core.shell:Creating prefix chain script '/home/yeah2/allex_ces_idle_interaction_gui/install/setup.zsh'
