[0.780s] Invoking command in '/home/dgx_allex_one/allex2head/build/camera_node': CONDA_PROMPT_MODIFIER=(base) DEBUGINFOD_URLS=https://debuginfod.ubuntu.com PYTHONPATH=/home/dgx_allex_one/allex2head/build/camera_node/prefix_override:/usr/lib/python3/dist-packages/colcon_core/task/python/colcon_distutils_commands:/home/dgx_allex_one/allex2head/install/camera_node/lib/python3.12/site-packages:${PYTHONPATH} /usr/bin/python3 -W ignore:setup.py install is deprecated -W ignore:easy_install command is deprecated setup.py develop --editable --build-directory /home/dgx_allex_one/allex2head/build/camera_node/build --no-deps symlink_data
[0.974s] running develop
[1.047s] running egg_info
[1.054s] writing camera_node.egg-info/PKG-INFO
[1.054s] writing dependency_links to camera_node.egg-info/dependency_links.txt
[1.054s] writing entry points to camera_node.egg-info/entry_points.txt
[1.054s] writing requirements to camera_node.egg-info/requires.txt
[1.054s] writing top-level names to camera_node.egg-info/top_level.txt
[1.070s] reading manifest file 'camera_node.egg-info/SOURCES.txt'
[1.070s] writing manifest file 'camera_node.egg-info/SOURCES.txt'
[1.084s] running build_ext
[1.084s] Creating /home/dgx_allex_one/allex2head/install/camera_node/lib/python3.12/site-packages/camera-node.egg-link (link to .)
[1.084s] Installing camera_publisher script to /home/dgx_allex_one/allex2head/install/camera_node/lib/camera_node
[1.084s] Installing gui_node script to /home/dgx_allex_one/allex2head/install/camera_node/lib/camera_node
[1.084s] Installing image_publisher script to /home/dgx_allex_one/allex2head/install/camera_node/lib/camera_node
[1.084s] Installing video_publisher script to /home/dgx_allex_one/allex2head/install/camera_node/lib/camera_node
[1.084s] Installing zed_publisher script to /home/dgx_allex_one/allex2head/install/camera_node/lib/camera_node
[1.084s] 
[1.084s] Installed /home/dgx_allex_one/allex2head/build/camera_node
[1.084s] running symlink_data
[1.100s] Invoked command in '/home/dgx_allex_one/allex2head/build/camera_node' returned '0': CONDA_PROMPT_MODIFIER=(base) DEBUGINFOD_URLS=https://debuginfod.ubuntu.com PYTHONPATH=/home/dgx_allex_one/allex2head/build/camera_node/prefix_override:/usr/lib/python3/dist-packages/colcon_core/task/python/colcon_distutils_commands:/home/dgx_allex_one/allex2head/install/camera_node/lib/python3.12/site-packages:${PYTHONPATH} /usr/bin/python3 -W ignore:setup.py install is deprecated -W ignore:easy_install command is deprecated setup.py develop --editable --build-directory /home/dgx_allex_one/allex2head/build/camera_node/build --no-deps symlink_data
