[0.764s] Invoking command in '/home/dgx_allex_one/allex_ces_idle_interaction_gui/build/insta360_simple_camera': DEBUGINFOD_URLS=https://debuginfod.ubuntu.com PYTHONPATH=/home/dgx_allex_one/allex_ces_idle_interaction_gui/build/insta360_simple_camera/prefix_override:/usr/lib/python3/dist-packages/colcon_core/task/python/colcon_distutils_commands:/home/dgx_allex_one/allex_ces_idle_interaction_gui/install/insta360_simple_camera/lib/python3.12/site-packages:${PYTHONPATH} /usr/bin/python3 -W ignore:setup.py install is deprecated -W ignore:easy_install command is deprecated setup.py develop --editable --build-directory /home/dgx_allex_one/allex_ces_idle_interaction_gui/build/insta360_simple_camera/build --no-deps symlink_data
[0.935s] running develop
[1.013s] running egg_info
[1.013s] creating insta360_simple_camera.egg-info
[1.020s] writing insta360_simple_camera.egg-info/PKG-INFO
[1.020s] writing dependency_links to insta360_simple_camera.egg-info/dependency_links.txt
[1.020s] writing entry points to insta360_simple_camera.egg-info/entry_points.txt
[1.020s] writing requirements to insta360_simple_camera.egg-info/requires.txt
[1.020s] writing top-level names to insta360_simple_camera.egg-info/top_level.txt
[1.020s] writing manifest file 'insta360_simple_camera.egg-info/SOURCES.txt'
[1.037s] reading manifest file 'insta360_simple_camera.egg-info/SOURCES.txt'
[1.037s] writing manifest file 'insta360_simple_camera.egg-info/SOURCES.txt'
[1.051s] running build_ext
[1.051s] Creating /home/dgx_allex_one/allex_ces_idle_interaction_gui/install/insta360_simple_camera/lib/python3.12/site-packages/insta360-simple-camera.egg-link (link to .)
[1.051s] Installing steram_node script to /home/dgx_allex_one/allex_ces_idle_interaction_gui/install/insta360_simple_camera/lib/insta360_simple_camera
[1.051s] 
[1.051s] Installed /home/dgx_allex_one/allex_ces_idle_interaction_gui/build/insta360_simple_camera
[1.051s] running symlink_data
[1.051s] creating /home/dgx_allex_one/allex_ces_idle_interaction_gui/install/insta360_simple_camera/share/ament_index
[1.051s] creating /home/dgx_allex_one/allex_ces_idle_interaction_gui/install/insta360_simple_camera/share/ament_index/resource_index
[1.051s] creating /home/dgx_allex_one/allex_ces_idle_interaction_gui/install/insta360_simple_camera/share/ament_index/resource_index/packages
[1.051s] symbolically linking /home/dgx_allex_one/allex_ces_idle_interaction_gui/build/insta360_simple_camera/resource/insta360_simple_camera -> /home/dgx_allex_one/allex_ces_idle_interaction_gui/install/insta360_simple_camera/share/ament_index/resource_index/packages
[1.051s] symbolically linking /home/dgx_allex_one/allex_ces_idle_interaction_gui/build/insta360_simple_camera/package.xml -> /home/dgx_allex_one/allex_ces_idle_interaction_gui/install/insta360_simple_camera/share/insta360_simple_camera
[1.086s] Invoked command in '/home/dgx_allex_one/allex_ces_idle_interaction_gui/build/insta360_simple_camera' returned '0': DEBUGINFOD_URLS=https://debuginfod.ubuntu.com PYTHONPATH=/home/dgx_allex_one/allex_ces_idle_interaction_gui/build/insta360_simple_camera/prefix_override:/usr/lib/python3/dist-packages/colcon_core/task/python/colcon_distutils_commands:/home/dgx_allex_one/allex_ces_idle_interaction_gui/install/insta360_simple_camera/lib/python3.12/site-packages:${PYTHONPATH} /usr/bin/python3 -W ignore:setup.py install is deprecated -W ignore:easy_install command is deprecated setup.py develop --editable --build-directory /home/dgx_allex_one/allex_ces_idle_interaction_gui/build/insta360_simple_camera/build --no-deps symlink_data
