[0.008s] Invoking command in '/home/dgx_allex_one/allex2head/build/orbbec_camera_msgs': CMAKE_PREFIX_PATH=${CMAKE_PREFIX_PATH}:/home/dgx_allex_one/allex2head/install/camera_node:/opt/ros/jazzy DEBUGINFOD_URLS=https://debuginfod.ubuntu.com /usr/bin/cmake /home/dgx_allex_one/allex2head/src/OrbbecSDK_ROS2/orbbec_camera_msgs -DAMENT_CMAKE_SYMLINK_INSTALL=1 -DCMAKE_INSTALL_PREFIX=/home/dgx_allex_one/allex2head/install/orbbec_camera_msgs
[0.136s] -- The C compiler identification is GNU 13.3.0
[0.137s] -- The CXX compiler identification is GNU 13.3.0
[0.137s] -- Detecting C compiler ABI info
[0.166s] -- Detecting C compiler ABI info - done
[0.171s] -- Check for working C compiler: /usr/bin/cc - skipped
[0.171s] -- Detecting C compile features
[0.171s] -- Detecting C compile features - done
[0.177s] -- Detecting CXX compiler ABI info
[0.248s] -- Detecting CXX compiler ABI info - done
[0.257s] -- Check for working CXX compiler: /usr/bin/c++ - skipped
[0.257s] -- Detecting CXX compile features
[0.258s] -- Detecting CXX compile features - done
[0.260s] -- Found ament_cmake: 2.5.4 (/opt/ros/jazzy/share/ament_cmake/cmake)
[0.376s] -- Found Python3: /usr/bin/python3 (found version "3.12.3") found components: Interpreter 
[0.413s] -- Override CMake install command with custom implementation using symlinks instead of copying resources
[0.434s] -- Found rosidl_default_generators: 1.6.0 (/opt/ros/jazzy/share/rosidl_default_generators/cmake)
[0.436s] -- Using all available rosidl_typesupport_c: rosidl_typesupport_fastrtps_c;rosidl_typesupport_introspection_c
[0.457s] -- Using all available rosidl_typesupport_cpp: rosidl_typesupport_fastrtps_cpp;rosidl_typesupport_introspection_cpp
[0.473s] -- Found rosidl_adapter: 4.6.6 (/opt/ros/jazzy/share/rosidl_adapter/cmake)
[0.474s] -- Found sensor_msgs: 5.3.6 (/opt/ros/jazzy/share/sensor_msgs/cmake)
[0.943s] -- Found ament_cmake_ros: 0.12.0 (/opt/ros/jazzy/share/ament_cmake_ros/cmake)
[1.331s] -- Using all available rosidl_typesupport_c: rosidl_typesupport_fastrtps_c;rosidl_typesupport_introspection_c
[1.844s] -- Using all available rosidl_typesupport_cpp: rosidl_typesupport_fastrtps_cpp;rosidl_typesupport_introspection_cpp
[1.845s] -- Found python_cmake_module: 0.11.1 (/opt/ros/jazzy/share/python_cmake_module/cmake)
[1.952s] -- Found PythonExtra: /usr/bin/python3  
[2.266s] -- Found Python3: /usr/bin/python3 (found version "3.12.3") found components: Interpreter Development NumPy Development.Module Development.Embed 
[2.327s] -- Found ament_lint_auto: 0.17.3 (/opt/ros/jazzy/share/ament_lint_auto/cmake)
[2.336s] -- Added test 'copyright' to check source files copyright and LICENSE
[2.337s] -- Added test 'lint_cmake' to check CMake code style
[2.338s] -- Added test 'xmllint' to check XML markup files
[2.339s] -- Configuring done (2.3s)
[2.370s] -- Generating done (0.0s)
[2.376s] -- Build files have been written to: /home/dgx_allex_one/allex2head/build/orbbec_camera_msgs
[2.386s] Invoked command in '/home/dgx_allex_one/allex2head/build/orbbec_camera_msgs' returned '0': CMAKE_PREFIX_PATH=${CMAKE_PREFIX_PATH}:/home/dgx_allex_one/allex2head/install/camera_node:/opt/ros/jazzy DEBUGINFOD_URLS=https://debuginfod.ubuntu.com /usr/bin/cmake /home/dgx_allex_one/allex2head/src/OrbbecSDK_ROS2/orbbec_camera_msgs -DAMENT_CMAKE_SYMLINK_INSTALL=1 -DCMAKE_INSTALL_PREFIX=/home/dgx_allex_one/allex2head/install/orbbec_camera_msgs
[2.386s] Invoking command in '/home/dgx_allex_one/allex2head/build/orbbec_camera_msgs': CMAKE_PREFIX_PATH=${CMAKE_PREFIX_PATH}:/home/dgx_allex_one/allex2head/install/camera_node:/opt/ros/jazzy DEBUGINFOD_URLS=https://debuginfod.ubuntu.com /usr/bin/cmake --build /home/dgx_allex_one/allex2head/build/orbbec_camera_msgs -- -j20 -l20
[2.424s] [  0%] [34m[1mGenerating type hashes for ROS interfaces[0m
[2.431s] [  0%] Built target ament_cmake_python_symlink_orbbec_camera_msgs
[2.531s] running egg_info
[2.531s] creating orbbec_camera_msgs.egg-info
[2.538s] writing orbbec_camera_msgs.egg-info/PKG-INFO
[2.538s] writing dependency_links to orbbec_camera_msgs.egg-info/dependency_links.txt
[2.538s] writing top-level names to orbbec_camera_msgs.egg-info/top_level.txt
[2.538s] writing manifest file 'orbbec_camera_msgs.egg-info/SOURCES.txt'
[2.563s] reading manifest file 'orbbec_camera_msgs.egg-info/SOURCES.txt'
[2.563s] writing manifest file 'orbbec_camera_msgs.egg-info/SOURCES.txt'
[2.582s] [  0%] Built target ament_cmake_python_build_orbbec_camera_msgs_egg
[2.595s] [  0%] Built target orbbec_camera_msgs__rosidl_generator_type_description
[2.603s] [  0%] [34m[1mGenerating C code for ROS interfaces[0m
[2.612s] [  0%] [34m[1mGenerating C++ code for ROS interfaces[0m
[3.119s] [  0%] Built target orbbec_camera_msgs__cpp
[3.203s] [  2%] [32mBuilding C object CMakeFiles/orbbec_camera_msgs__rosidl_generator_c.dir/rosidl_generator_c/orbbec_camera_msgs/msg/detail/device_info__description.c.o[0m
[3.203s] [  2%] [32mBuilding C object CMakeFiles/orbbec_camera_msgs__rosidl_generator_c.dir/rosidl_generator_c/orbbec_camera_msgs/msg/detail/device_info__functions.c.o[0m
[3.203s] [  2%] [32mBuilding C object CMakeFiles/orbbec_camera_msgs__rosidl_generator_c.dir/rosidl_generator_c/orbbec_camera_msgs/msg/detail/device_info__type_support.c.o[0m
[3.203s] [  3%] [32mBuilding C object CMakeFiles/orbbec_camera_msgs__rosidl_generator_c.dir/rosidl_generator_c/orbbec_camera_msgs/msg/detail/extrinsics__description.c.o[0m
[3.203s] [  5%] [32mBuilding C object CMakeFiles/orbbec_camera_msgs__rosidl_generator_c.dir/rosidl_generator_c/orbbec_camera_msgs/msg/detail/metadata__description.c.o[0m
[3.203s] [  5%] [32mBuilding C object CMakeFiles/orbbec_camera_msgs__rosidl_generator_c.dir/rosidl_generator_c/orbbec_camera_msgs/msg/detail/extrinsics__type_support.c.o[0m
[3.203s] [  5%] [32mBuilding C object CMakeFiles/orbbec_camera_msgs__rosidl_generator_c.dir/rosidl_generator_c/orbbec_camera_msgs/msg/detail/rgbd__description.c.o[0m
[3.203s] [  6%] [32mBuilding C object CMakeFiles/orbbec_camera_msgs__rosidl_generator_c.dir/rosidl_generator_c/orbbec_camera_msgs/srv/detail/get_bool__functions.c.o[0m
[3.204s] [  7%] [32mBuilding C object CMakeFiles/orbbec_camera_msgs__rosidl_generator_c.dir/rosidl_generator_c/orbbec_camera_msgs/srv/detail/get_bool__description.c.o[0m
[3.204s] [  7%] [32mBuilding C object CMakeFiles/orbbec_camera_msgs__rosidl_generator_c.dir/rosidl_generator_c/orbbec_camera_msgs/msg/detail/extrinsics__functions.c.o[0m
[3.205s] [  7%] [32mBuilding C object CMakeFiles/orbbec_camera_msgs__rosidl_generator_c.dir/rosidl_generator_c/orbbec_camera_msgs/msg/detail/metadata__functions.c.o[0m
[3.205s] [  9%] [32mBuilding C object CMakeFiles/orbbec_camera_msgs__rosidl_generator_c.dir/rosidl_generator_c/orbbec_camera_msgs/msg/detail/imu_info__type_support.c.o[0m
[3.205s] [ 10%] [32mBuilding C object CMakeFiles/orbbec_camera_msgs__rosidl_generator_c.dir/rosidl_generator_c/orbbec_camera_msgs/msg/detail/metadata__type_support.c.o[0m
[3.205s] [ 10%] [32mBuilding C object CMakeFiles/orbbec_camera_msgs__rosidl_generator_c.dir/rosidl_generator_c/orbbec_camera_msgs/msg/detail/imu_info__description.c.o[0m
[3.205s] [ 10%] [32mBuilding C object CMakeFiles/orbbec_camera_msgs__rosidl_generator_c.dir/rosidl_generator_c/orbbec_camera_msgs/msg/detail/imu_info__functions.c.o[0m
[3.206s] [ 11%] [32mBuilding C object CMakeFiles/orbbec_camera_msgs__rosidl_generator_c.dir/rosidl_generator_c/orbbec_camera_msgs/msg/detail/rgbd__functions.c.o[0m
[3.206s] [ 11%] [32mBuilding C object CMakeFiles/orbbec_camera_msgs__rosidl_generator_c.dir/rosidl_generator_c/orbbec_camera_msgs/srv/detail/get_bool__type_support.c.o[0m
[3.206s] [ 12%] [32mBuilding C object CMakeFiles/orbbec_camera_msgs__rosidl_generator_c.dir/rosidl_generator_c/orbbec_camera_msgs/srv/detail/get_device_info__description.c.o[0m
[3.206s] [ 12%] [32mBuilding C object CMakeFiles/orbbec_camera_msgs__rosidl_generator_c.dir/rosidl_generator_c/orbbec_camera_msgs/msg/detail/rgbd__type_support.c.o[0m
[3.207s] [ 13%] [32mBuilding C object CMakeFiles/orbbec_camera_msgs__rosidl_generator_c.dir/rosidl_generator_c/orbbec_camera_msgs/srv/detail/get_device_info__functions.c.o[0m
[3.234s] [ 13%] [32mBuilding C object CMakeFiles/orbbec_camera_msgs__rosidl_generator_c.dir/rosidl_generator_c/orbbec_camera_msgs/srv/detail/get_device_info__type_support.c.o[0m
[3.235s] [ 14%] [32mBuilding C object CMakeFiles/orbbec_camera_msgs__rosidl_generator_c.dir/rosidl_generator_c/orbbec_camera_msgs/srv/detail/get_camera_info__description.c.o[0m
[3.241s] [ 15%] [32mBuilding C object CMakeFiles/orbbec_camera_msgs__rosidl_generator_c.dir/rosidl_generator_c/orbbec_camera_msgs/srv/detail/get_int32__description.c.o[0m
[3.241s] [ 16%] [32mBuilding C object CMakeFiles/orbbec_camera_msgs__rosidl_generator_c.dir/rosidl_generator_c/orbbec_camera_msgs/srv/detail/get_camera_info__type_support.c.o[0m
[3.241s] [ 16%] [32mBuilding C object CMakeFiles/orbbec_camera_msgs__rosidl_generator_c.dir/rosidl_generator_c/orbbec_camera_msgs/srv/detail/get_int32__functions.c.o[0m
[3.241s] [ 16%] [32mBuilding C object CMakeFiles/orbbec_camera_msgs__rosidl_generator_c.dir/rosidl_generator_c/orbbec_camera_msgs/srv/detail/get_camera_info__functions.c.o[0m
[3.241s] [ 17%] [32mBuilding C object CMakeFiles/orbbec_camera_msgs__rosidl_generator_c.dir/rosidl_generator_c/orbbec_camera_msgs/srv/detail/get_int32__type_support.c.o[0m
[3.245s] [ 18%] [32mBuilding C object CMakeFiles/orbbec_camera_msgs__rosidl_generator_c.dir/rosidl_generator_c/orbbec_camera_msgs/srv/detail/get_string__functions.c.o[0m
[3.247s] [ 18%] [32mBuilding C object CMakeFiles/orbbec_camera_msgs__rosidl_generator_c.dir/rosidl_generator_c/orbbec_camera_msgs/srv/detail/get_string__description.c.o[0m
[3.249s] [ 18%] [32mBuilding C object CMakeFiles/orbbec_camera_msgs__rosidl_generator_c.dir/rosidl_generator_c/orbbec_camera_msgs/srv/detail/set_filter__description.c.o[0m
[3.251s] [ 21%] [32mBuilding C object CMakeFiles/orbbec_camera_msgs__rosidl_generator_c.dir/rosidl_generator_c/orbbec_camera_msgs/srv/detail/set_int32__description.c.o[0m
[3.251s] [ 21%] [32mBuilding C object CMakeFiles/orbbec_camera_msgs__rosidl_generator_c.dir/rosidl_generator_c/orbbec_camera_msgs/srv/detail/set_filter__functions.c.o[0m
[3.251s] [ 21%] [32mBuilding C object CMakeFiles/orbbec_camera_msgs__rosidl_generator_c.dir/rosidl_generator_c/orbbec_camera_msgs/srv/detail/get_string__type_support.c.o[0m
[3.253s] [ 22%] [32mBuilding C object CMakeFiles/orbbec_camera_msgs__rosidl_generator_c.dir/rosidl_generator_c/orbbec_camera_msgs/srv/detail/set_int32__functions.c.o[0m
[3.253s] [ 22%] [32mBuilding C object CMakeFiles/orbbec_camera_msgs__rosidl_generator_c.dir/rosidl_generator_c/orbbec_camera_msgs/srv/detail/set_filter__type_support.c.o[0m
[3.256s] [ 23%] [32mBuilding C object CMakeFiles/orbbec_camera_msgs__rosidl_generator_c.dir/rosidl_generator_c/orbbec_camera_msgs/srv/detail/set_string__description.c.o[0m
[3.258s] [ 23%] [32mBuilding C object CMakeFiles/orbbec_camera_msgs__rosidl_generator_c.dir/rosidl_generator_c/orbbec_camera_msgs/srv/detail/set_int32__type_support.c.o[0m
[3.261s] [ 24%] [32mBuilding C object CMakeFiles/orbbec_camera_msgs__rosidl_generator_c.dir/rosidl_generator_c/orbbec_camera_msgs/srv/detail/set_string__functions.c.o[0m
[3.263s] [ 24%] [32mBuilding C object CMakeFiles/orbbec_camera_msgs__rosidl_generator_c.dir/rosidl_generator_c/orbbec_camera_msgs/srv/detail/set_string__type_support.c.o[0m
[3.263s] [ 25%] [32mBuilding C object CMakeFiles/orbbec_camera_msgs__rosidl_generator_c.dir/rosidl_generator_c/orbbec_camera_msgs/srv/detail/set_arrays__description.c.o[0m
[3.265s] [ 25%] [32mBuilding C object CMakeFiles/orbbec_camera_msgs__rosidl_generator_c.dir/rosidl_generator_c/orbbec_camera_msgs/srv/detail/set_arrays__functions.c.o[0m
[3.266s] [ 26%] [32mBuilding C object CMakeFiles/orbbec_camera_msgs__rosidl_generator_c.dir/rosidl_generator_c/orbbec_camera_msgs/srv/detail/set_arrays__type_support.c.o[0m
[3.328s] [ 27%] [32m[1mLinking C shared library liborbbec_camera_msgs__rosidl_generator_c.so[0m
[3.357s] [ 27%] Built target orbbec_camera_msgs__rosidl_generator_c
[3.365s] [ 28%] [34m[1mGenerating C type support dispatch for ROS interfaces[0m
[3.365s] [ 29%] [34m[1mGenerating C++ introspection for ROS interfaces[0m
[3.365s] [ 30%] [34m[1mGenerating C++ type support for eProsima Fast-RTPS[0m
[3.365s] [ 30%] [34m[1mGenerating C introspection for ROS interfaces[0m
[3.366s] [ 30%] [34m[1mGenerating C type support for eProsima Fast-RTPS[0m
[3.367s] [ 31%] [34m[1mGenerating C++ type support dispatch for ROS interfaces[0m
[3.658s] [ 31%] [32mBuilding CXX object CMakeFiles/orbbec_camera_msgs__rosidl_typesupport_cpp.dir/rosidl_typesupport_cpp/orbbec_camera_msgs/msg/device_info__type_support.cpp.o[0m
[3.660s] [ 32%] [32mBuilding CXX object CMakeFiles/orbbec_camera_msgs__rosidl_typesupport_cpp.dir/rosidl_typesupport_cpp/orbbec_camera_msgs/srv/get_camera_info__type_support.cpp.o[0m
[3.661s] [ 33%] [32mBuilding CXX object CMakeFiles/orbbec_camera_msgs__rosidl_typesupport_cpp.dir/rosidl_typesupport_cpp/orbbec_camera_msgs/srv/get_string__type_support.cpp.o[0m
[3.661s] [ 33%] [32mBuilding CXX object CMakeFiles/orbbec_camera_msgs__rosidl_typesupport_cpp.dir/rosidl_typesupport_cpp/orbbec_camera_msgs/srv/get_int32__type_support.cpp.o[0m
[3.661s] [ 33%] [32mBuilding CXX object CMakeFiles/orbbec_camera_msgs__rosidl_typesupport_cpp.dir/rosidl_typesupport_cpp/orbbec_camera_msgs/srv/set_filter__type_support.cpp.o[0m
[3.661s] [ 35%] [32mBuilding CXX object CMakeFiles/orbbec_camera_msgs__rosidl_typesupport_cpp.dir/rosidl_typesupport_cpp/orbbec_camera_msgs/msg/extrinsics__type_support.cpp.o[0m
[3.661s] [ 35%] [32mBuilding CXX object CMakeFiles/orbbec_camera_msgs__rosidl_typesupport_cpp.dir/rosidl_typesupport_cpp/orbbec_camera_msgs/msg/metadata__type_support.cpp.o[0m
[3.662s] [ 35%] [32mBuilding CXX object CMakeFiles/orbbec_camera_msgs__rosidl_typesupport_cpp.dir/rosidl_typesupport_cpp/orbbec_camera_msgs/msg/imu_info__type_support.cpp.o[0m
[3.662s] [ 36%] [32mBuilding CXX object CMakeFiles/orbbec_camera_msgs__rosidl_typesupport_cpp.dir/rosidl_typesupport_cpp/orbbec_camera_msgs/srv/set_int32__type_support.cpp.o[0m
[3.662s] [ 37%] [32mBuilding CXX object CMakeFiles/orbbec_camera_msgs__rosidl_typesupport_cpp.dir/rosidl_typesupport_cpp/orbbec_camera_msgs/msg/rgbd__type_support.cpp.o[0m
[3.662s] [ 37%] [32mBuilding CXX object CMakeFiles/orbbec_camera_msgs__rosidl_typesupport_cpp.dir/rosidl_typesupport_cpp/orbbec_camera_msgs/srv/get_bool__type_support.cpp.o[0m
[3.662s] [ 38%] [32mBuilding CXX object CMakeFiles/orbbec_camera_msgs__rosidl_typesupport_cpp.dir/rosidl_typesupport_cpp/orbbec_camera_msgs/srv/get_device_info__type_support.cpp.o[0m
[3.662s] [ 38%] [32mBuilding CXX object CMakeFiles/orbbec_camera_msgs__rosidl_typesupport_cpp.dir/rosidl_typesupport_cpp/orbbec_camera_msgs/srv/set_arrays__type_support.cpp.o[0m
[3.663s] [ 39%] [32mBuilding CXX object CMakeFiles/orbbec_camera_msgs__rosidl_typesupport_cpp.dir/rosidl_typesupport_cpp/orbbec_camera_msgs/srv/set_string__type_support.cpp.o[0m
[3.665s] [ 40%] [32mBuilding CXX object CMakeFiles/orbbec_camera_msgs__rosidl_typesupport_c.dir/rosidl_typesupport_c/orbbec_camera_msgs/msg/device_info__type_support.cpp.o[0m
[3.665s] [ 40%] [32mBuilding CXX object CMakeFiles/orbbec_camera_msgs__rosidl_typesupport_c.dir/rosidl_typesupport_c/orbbec_camera_msgs/msg/extrinsics__type_support.cpp.o[0m
[3.706s] [ 40%] [32mBuilding CXX object CMakeFiles/orbbec_camera_msgs__rosidl_typesupport_c.dir/rosidl_typesupport_c/orbbec_camera_msgs/msg/imu_info__type_support.cpp.o[0m
[3.713s] [ 41%] [32mBuilding CXX object CMakeFiles/orbbec_camera_msgs__rosidl_typesupport_c.dir/rosidl_typesupport_c/orbbec_camera_msgs/msg/metadata__type_support.cpp.o[0m
[3.740s] [ 42%] [32mBuilding CXX object CMakeFiles/orbbec_camera_msgs__rosidl_typesupport_c.dir/rosidl_typesupport_c/orbbec_camera_msgs/msg/rgbd__type_support.cpp.o[0m
[3.756s] [ 43%] [32mBuilding CXX object CMakeFiles/orbbec_camera_msgs__rosidl_typesupport_c.dir/rosidl_typesupport_c/orbbec_camera_msgs/srv/get_bool__type_support.cpp.o[0m
[3.808s] [ 43%] [32mBuilding CXX object CMakeFiles/orbbec_camera_msgs__rosidl_typesupport_c.dir/rosidl_typesupport_c/orbbec_camera_msgs/srv/get_device_info__type_support.cpp.o[0m
[3.823s] [ 44%] [32mBuilding CXX object CMakeFiles/orbbec_camera_msgs__rosidl_typesupport_c.dir/rosidl_typesupport_c/orbbec_camera_msgs/srv/get_camera_info__type_support.cpp.o[0m
[3.839s] [ 45%] [32mBuilding CXX object CMakeFiles/orbbec_camera_msgs__rosidl_typesupport_c.dir/rosidl_typesupport_c/orbbec_camera_msgs/srv/get_int32__type_support.cpp.o[0m
[3.839s] [ 45%] [32mBuilding CXX object CMakeFiles/orbbec_camera_msgs__rosidl_typesupport_c.dir/rosidl_typesupport_c/orbbec_camera_msgs/srv/get_string__type_support.cpp.o[0m
[3.865s] [ 46%] [32mBuilding CXX object CMakeFiles/orbbec_camera_msgs__rosidl_typesupport_c.dir/rosidl_typesupport_c/orbbec_camera_msgs/srv/set_filter__type_support.cpp.o[0m
[3.870s] [ 46%] [32mBuilding CXX object CMakeFiles/orbbec_camera_msgs__rosidl_typesupport_c.dir/rosidl_typesupport_c/orbbec_camera_msgs/srv/set_int32__type_support.cpp.o[0m
[3.877s] [ 47%] [32mBuilding CXX object CMakeFiles/orbbec_camera_msgs__rosidl_typesupport_c.dir/rosidl_typesupport_c/orbbec_camera_msgs/srv/set_string__type_support.cpp.o[0m
[3.882s] [ 47%] [32mBuilding CXX object CMakeFiles/orbbec_camera_msgs__rosidl_typesupport_c.dir/rosidl_typesupport_c/orbbec_camera_msgs/srv/set_arrays__type_support.cpp.o[0m
[3.884s] [ 47%] [32mBuilding CXX object CMakeFiles/orbbec_camera_msgs__rosidl_typesupport_introspection_cpp.dir/rosidl_typesupport_introspection_cpp/orbbec_camera_msgs/msg/detail/device_info__type_support.cpp.o[0m
[3.886s] [ 47%] [32mBuilding CXX object CMakeFiles/orbbec_camera_msgs__rosidl_typesupport_introspection_cpp.dir/rosidl_typesupport_introspection_cpp/orbbec_camera_msgs/msg/detail/imu_info__type_support.cpp.o[0m
[3.886s] [ 48%] [32mBuilding CXX object CMakeFiles/orbbec_camera_msgs__rosidl_typesupport_introspection_cpp.dir/rosidl_typesupport_introspection_cpp/orbbec_camera_msgs/msg/detail/extrinsics__type_support.cpp.o[0m
[3.890s] [ 49%] [32mBuilding CXX object CMakeFiles/orbbec_camera_msgs__rosidl_typesupport_introspection_cpp.dir/rosidl_typesupport_introspection_cpp/orbbec_camera_msgs/msg/detail/metadata__type_support.cpp.o[0m
[3.890s] [ 50%] [32mBuilding CXX object CMakeFiles/orbbec_camera_msgs__rosidl_typesupport_introspection_cpp.dir/rosidl_typesupport_introspection_cpp/orbbec_camera_msgs/msg/detail/rgbd__type_support.cpp.o[0m
[3.890s] [ 50%] [32mBuilding CXX object CMakeFiles/orbbec_camera_msgs__rosidl_typesupport_introspection_cpp.dir/rosidl_typesupport_introspection_cpp/orbbec_camera_msgs/srv/detail/get_bool__type_support.cpp.o[0m
[3.893s] [ 51%] [32mBuilding CXX object CMakeFiles/orbbec_camera_msgs__rosidl_typesupport_introspection_cpp.dir/rosidl_typesupport_introspection_cpp/orbbec_camera_msgs/srv/detail/get_device_info__type_support.cpp.o[0m
[3.899s] [ 52%] [32mBuilding CXX object CMakeFiles/orbbec_camera_msgs__rosidl_typesupport_introspection_cpp.dir/rosidl_typesupport_introspection_cpp/orbbec_camera_msgs/srv/detail/get_camera_info__type_support.cpp.o[0m
[3.904s] [ 53%] [32mBuilding C object CMakeFiles/orbbec_camera_msgs__rosidl_typesupport_introspection_c.dir/rosidl_typesupport_introspection_c/orbbec_camera_msgs/msg/detail/device_info__type_support.c.o[0m
[3.905s] [ 54%] [32mBuilding CXX object CMakeFiles/orbbec_camera_msgs__rosidl_typesupport_introspection_cpp.dir/rosidl_typesupport_introspection_cpp/orbbec_camera_msgs/srv/detail/get_string__type_support.cpp.o[0m
[3.905s] [ 54%] [32mBuilding CXX object CMakeFiles/orbbec_camera_msgs__rosidl_typesupport_introspection_cpp.dir/rosidl_typesupport_introspection_cpp/orbbec_camera_msgs/srv/detail/get_int32__type_support.cpp.o[0m
[3.909s] [ 54%] [32mBuilding CXX object CMakeFiles/orbbec_camera_msgs__rosidl_typesupport_introspection_cpp.dir/rosidl_typesupport_introspection_cpp/orbbec_camera_msgs/srv/detail/set_filter__type_support.cpp.o[0m
[3.911s] [ 56%] [32mBuilding CXX object CMakeFiles/orbbec_camera_msgs__rosidl_typesupport_introspection_cpp.dir/rosidl_typesupport_introspection_cpp/orbbec_camera_msgs/srv/detail/set_string__type_support.cpp.o[0m
[3.911s] [ 56%] [32mBuilding CXX object CMakeFiles/orbbec_camera_msgs__rosidl_typesupport_introspection_cpp.dir/rosidl_typesupport_introspection_cpp/orbbec_camera_msgs/srv/detail/set_int32__type_support.cpp.o[0m
[3.914s] [ 56%] [32mBuilding CXX object CMakeFiles/orbbec_camera_msgs__rosidl_typesupport_introspection_cpp.dir/rosidl_typesupport_introspection_cpp/orbbec_camera_msgs/srv/detail/set_arrays__type_support.cpp.o[0m
[3.918s] [ 57%] [32m[1mLinking CXX shared library liborbbec_camera_msgs__rosidl_typesupport_c.so[0m
[3.934s] [ 57%] [32mBuilding C object CMakeFiles/orbbec_camera_msgs__rosidl_typesupport_introspection_c.dir/rosidl_typesupport_introspection_c/orbbec_camera_msgs/msg/detail/extrinsics__type_support.c.o[0m
[3.935s] [ 58%] [32m[1mLinking CXX shared library liborbbec_camera_msgs__rosidl_typesupport_cpp.so[0m
[3.954s] [ 58%] Built target orbbec_camera_msgs__rosidl_typesupport_c
[3.961s] [ 59%] [32mBuilding C object CMakeFiles/orbbec_camera_msgs__rosidl_typesupport_introspection_c.dir/rosidl_typesupport_introspection_c/orbbec_camera_msgs/msg/detail/metadata__type_support.c.o[0m
[3.982s] [ 59%] [32mBuilding C object CMakeFiles/orbbec_camera_msgs__rosidl_typesupport_introspection_c.dir/rosidl_typesupport_introspection_c/orbbec_camera_msgs/msg/detail/imu_info__type_support.c.o[0m
[3.987s] [ 60%] [32mBuilding C object CMakeFiles/orbbec_camera_msgs__rosidl_typesupport_introspection_c.dir/rosidl_typesupport_introspection_c/orbbec_camera_msgs/msg/detail/rgbd__type_support.c.o[0m
[4.008s] [ 61%] [32mBuilding C object CMakeFiles/orbbec_camera_msgs__rosidl_typesupport_introspection_c.dir/rosidl_typesupport_introspection_c/orbbec_camera_msgs/srv/detail/get_bool__type_support.c.o[0m
[4.030s] [ 61%] Built target orbbec_camera_msgs__rosidl_typesupport_cpp
[4.035s] [ 61%] [32mBuilding C object CMakeFiles/orbbec_camera_msgs__rosidl_typesupport_introspection_c.dir/rosidl_typesupport_introspection_c/orbbec_camera_msgs/srv/detail/get_device_info__type_support.c.o[0m
[4.056s] [ 62%] [32mBuilding C object CMakeFiles/orbbec_camera_msgs__rosidl_typesupport_introspection_c.dir/rosidl_typesupport_introspection_c/orbbec_camera_msgs/srv/detail/get_camera_info__type_support.c.o[0m
[4.061s] [ 63%] [32mBuilding C object CMakeFiles/orbbec_camera_msgs__rosidl_typesupport_introspection_c.dir/rosidl_typesupport_introspection_c/orbbec_camera_msgs/srv/detail/get_string__type_support.c.o[0m
[4.063s] [ 63%] [32mBuilding C object CMakeFiles/orbbec_camera_msgs__rosidl_typesupport_introspection_c.dir/rosidl_typesupport_introspection_c/orbbec_camera_msgs/srv/detail/get_int32__type_support.c.o[0m
[4.073s] [ 64%] [32mBuilding C object CMakeFiles/orbbec_camera_msgs__rosidl_typesupport_introspection_c.dir/rosidl_typesupport_introspection_c/orbbec_camera_msgs/srv/detail/set_filter__type_support.c.o[0m
[4.083s] [ 65%] [32mBuilding CXX object CMakeFiles/orbbec_camera_msgs__rosidl_typesupport_fastrtps_cpp.dir/rosidl_typesupport_fastrtps_cpp/orbbec_camera_msgs/msg/detail/dds_fastrtps/device_info__type_support.cpp.o[0m
[4.084s] [ 65%] [32mBuilding CXX object CMakeFiles/orbbec_camera_msgs__rosidl_typesupport_fastrtps_cpp.dir/rosidl_typesupport_fastrtps_cpp/orbbec_camera_msgs/msg/detail/dds_fastrtps/extrinsics__type_support.cpp.o[0m
[4.087s] [ 65%] [32mBuilding C object CMakeFiles/orbbec_camera_msgs__rosidl_typesupport_introspection_c.dir/rosidl_typesupport_introspection_c/orbbec_camera_msgs/srv/detail/set_int32__type_support.c.o[0m
[4.097s] [ 66%] [32mBuilding CXX object CMakeFiles/orbbec_camera_msgs__rosidl_typesupport_fastrtps_cpp.dir/rosidl_typesupport_fastrtps_cpp/orbbec_camera_msgs/msg/detail/dds_fastrtps/imu_info__type_support.cpp.o[0m
[4.098s] [ 68%] [32mBuilding CXX object CMakeFiles/orbbec_camera_msgs__rosidl_typesupport_fastrtps_c.dir/rosidl_typesupport_fastrtps_c/orbbec_camera_msgs/msg/detail/device_info__type_support_c.cpp.o[0m
[4.098s] [ 68%] [32mBuilding CXX object CMakeFiles/orbbec_camera_msgs__rosidl_typesupport_fastrtps_cpp.dir/rosidl_typesupport_fastrtps_cpp/orbbec_camera_msgs/msg/detail/dds_fastrtps/metadata__type_support.cpp.o[0m
[4.101s] [ 69%] [32mBuilding CXX object CMakeFiles/orbbec_camera_msgs__rosidl_typesupport_fastrtps_c.dir/rosidl_typesupport_fastrtps_c/orbbec_camera_msgs/msg/detail/metadata__type_support_c.cpp.o[0m
[4.101s] [ 69%] [32mBuilding CXX object CMakeFiles/orbbec_camera_msgs__rosidl_typesupport_fastrtps_c.dir/rosidl_typesupport_fastrtps_c/orbbec_camera_msgs/msg/detail/extrinsics__type_support_c.cpp.o[0m
[4.101s] [ 69%] [32mBuilding CXX object CMakeFiles/orbbec_camera_msgs__rosidl_typesupport_fastrtps_cpp.dir/rosidl_typesupport_fastrtps_cpp/orbbec_camera_msgs/msg/detail/dds_fastrtps/rgbd__type_support.cpp.o[0m
[4.103s] [ 70%] [32mBuilding C object CMakeFiles/orbbec_camera_msgs__rosidl_typesupport_introspection_c.dir/rosidl_typesupport_introspection_c/orbbec_camera_msgs/srv/detail/set_string__type_support.c.o[0m
[4.109s] [ 70%] [32mBuilding C object CMakeFiles/orbbec_camera_msgs__rosidl_typesupport_introspection_c.dir/rosidl_typesupport_introspection_c/orbbec_camera_msgs/srv/detail/set_arrays__type_support.c.o[0m
[4.109s] [ 71%] [32mBuilding CXX object CMakeFiles/orbbec_camera_msgs__rosidl_typesupport_fastrtps_cpp.dir/rosidl_typesupport_fastrtps_cpp/orbbec_camera_msgs/srv/detail/dds_fastrtps/get_bool__type_support.cpp.o[0m
[4.115s] [ 71%] [32mBuilding CXX object CMakeFiles/orbbec_camera_msgs__rosidl_typesupport_fastrtps_cpp.dir/rosidl_typesupport_fastrtps_cpp/orbbec_camera_msgs/srv/detail/dds_fastrtps/get_device_info__type_support.cpp.o[0m
[4.126s] [ 71%] [32mBuilding CXX object CMakeFiles/orbbec_camera_msgs__rosidl_typesupport_fastrtps_c.dir/rosidl_typesupport_fastrtps_c/orbbec_camera_msgs/msg/detail/rgbd__type_support_c.cpp.o[0m
[4.126s] [ 72%] [32mBuilding CXX object CMakeFiles/orbbec_camera_msgs__rosidl_typesupport_fastrtps_c.dir/rosidl_typesupport_fastrtps_c/orbbec_camera_msgs/msg/detail/imu_info__type_support_c.cpp.o[0m
[4.131s] [ 73%] [32mBuilding CXX object CMakeFiles/orbbec_camera_msgs__rosidl_typesupport_fastrtps_c.dir/rosidl_typesupport_fastrtps_c/orbbec_camera_msgs/srv/detail/get_bool__type_support_c.cpp.o[0m
[4.139s] [ 74%] [32mBuilding CXX object CMakeFiles/orbbec_camera_msgs__rosidl_typesupport_fastrtps_c.dir/rosidl_typesupport_fastrtps_c/orbbec_camera_msgs/srv/detail/get_device_info__type_support_c.cpp.o[0m
[4.140s] [ 75%] [32mBuilding CXX object CMakeFiles/orbbec_camera_msgs__rosidl_typesupport_fastrtps_cpp.dir/rosidl_typesupport_fastrtps_cpp/orbbec_camera_msgs/srv/detail/dds_fastrtps/get_camera_info__type_support.cpp.o[0m
[4.140s] [ 76%] [32m[1mLinking C shared library liborbbec_camera_msgs__rosidl_typesupport_introspection_c.so[0m
[4.146s] [ 76%] [32mBuilding CXX object CMakeFiles/orbbec_camera_msgs__rosidl_typesupport_fastrtps_c.dir/rosidl_typesupport_fastrtps_c/orbbec_camera_msgs/srv/detail/get_camera_info__type_support_c.cpp.o[0m
[4.168s] [ 77%] [32mBuilding CXX object CMakeFiles/orbbec_camera_msgs__rosidl_typesupport_fastrtps_c.dir/rosidl_typesupport_fastrtps_c/orbbec_camera_msgs/srv/detail/get_int32__type_support_c.cpp.o[0m
[4.170s] [ 77%] Built target orbbec_camera_msgs__rosidl_typesupport_introspection_c
[4.179s] [ 78%] [32mBuilding CXX object CMakeFiles/orbbec_camera_msgs__rosidl_typesupport_fastrtps_c.dir/rosidl_typesupport_fastrtps_c/orbbec_camera_msgs/srv/detail/get_string__type_support_c.cpp.o[0m
[4.202s] [ 79%] [32mBuilding CXX object CMakeFiles/orbbec_camera_msgs__rosidl_typesupport_fastrtps_cpp.dir/rosidl_typesupport_fastrtps_cpp/orbbec_camera_msgs/srv/detail/dds_fastrtps/get_int32__type_support.cpp.o[0m
[4.209s] [ 80%] [32m[1mLinking CXX shared library liborbbec_camera_msgs__rosidl_typesupport_introspection_cpp.so[0m
[4.296s] [ 80%] Built target orbbec_camera_msgs__rosidl_typesupport_introspection_cpp
[4.305s] [ 80%] [32mBuilding CXX object CMakeFiles/orbbec_camera_msgs__rosidl_typesupport_fastrtps_cpp.dir/rosidl_typesupport_fastrtps_cpp/orbbec_camera_msgs/srv/detail/dds_fastrtps/get_string__type_support.cpp.o[0m
[4.329s] [ 80%] [32mBuilding CXX object CMakeFiles/orbbec_camera_msgs__rosidl_typesupport_fastrtps_c.dir/rosidl_typesupport_fastrtps_c/orbbec_camera_msgs/srv/detail/set_filter__type_support_c.cpp.o[0m
[4.333s] [ 81%] [32mBuilding CXX object CMakeFiles/orbbec_camera_msgs__rosidl_typesupport_fastrtps_cpp.dir/rosidl_typesupport_fastrtps_cpp/orbbec_camera_msgs/srv/detail/dds_fastrtps/set_filter__type_support.cpp.o[0m
[4.333s] [ 82%] [32mBuilding CXX object CMakeFiles/orbbec_camera_msgs__rosidl_typesupport_fastrtps_cpp.dir/rosidl_typesupport_fastrtps_cpp/orbbec_camera_msgs/srv/detail/dds_fastrtps/set_int32__type_support.cpp.o[0m
[4.341s] [ 82%] [32mBuilding CXX object CMakeFiles/orbbec_camera_msgs__rosidl_typesupport_fastrtps_cpp.dir/rosidl_typesupport_fastrtps_cpp/orbbec_camera_msgs/srv/detail/dds_fastrtps/set_string__type_support.cpp.o[0m
[4.345s] [ 83%] [32mBuilding CXX object CMakeFiles/orbbec_camera_msgs__rosidl_typesupport_fastrtps_cpp.dir/rosidl_typesupport_fastrtps_cpp/orbbec_camera_msgs/srv/detail/dds_fastrtps/set_arrays__type_support.cpp.o[0m
[4.345s] [ 84%] [32mBuilding CXX object CMakeFiles/orbbec_camera_msgs__rosidl_typesupport_fastrtps_c.dir/rosidl_typesupport_fastrtps_c/orbbec_camera_msgs/srv/detail/set_int32__type_support_c.cpp.o[0m
[4.373s] [ 84%] [32mBuilding CXX object CMakeFiles/orbbec_camera_msgs__rosidl_typesupport_fastrtps_c.dir/rosidl_typesupport_fastrtps_c/orbbec_camera_msgs/srv/detail/set_string__type_support_c.cpp.o[0m
[4.393s] [ 85%] [32mBuilding CXX object CMakeFiles/orbbec_camera_msgs__rosidl_typesupport_fastrtps_c.dir/rosidl_typesupport_fastrtps_c/orbbec_camera_msgs/srv/detail/set_arrays__type_support_c.cpp.o[0m
[4.633s] [ 86%] [32m[1mLinking CXX shared library liborbbec_camera_msgs__rosidl_typesupport_fastrtps_c.so[0m
[4.678s] [ 86%] Built target orbbec_camera_msgs__rosidl_typesupport_fastrtps_c
[4.731s] [ 86%] [32m[1mLinking CXX shared library liborbbec_camera_msgs__rosidl_typesupport_fastrtps_cpp.so[0m
[4.792s] [ 86%] Built target orbbec_camera_msgs__rosidl_typesupport_fastrtps_cpp
[4.806s] [ 86%] Built target orbbec_camera_msgs
[4.822s] [ 87%] [34m[1mGenerating Python code for ROS interfaces[0m
[5.689s] [ 87%] Built target orbbec_camera_msgs__py
[5.710s] [ 88%] [32mBuilding C object CMakeFiles/orbbec_camera_msgs__rosidl_generator_py.dir/rosidl_generator_py/orbbec_camera_msgs/msg/_imu_info_s.c.o[0m
[5.710s] [ 88%] [32mBuilding C object CMakeFiles/orbbec_camera_msgs__rosidl_generator_py.dir/rosidl_generator_py/orbbec_camera_msgs/srv/_get_bool_s.c.o[0m
[5.710s] [ 89%] [32mBuilding C object CMakeFiles/orbbec_camera_msgs__rosidl_generator_py.dir/rosidl_generator_py/orbbec_camera_msgs/srv/_get_int32_s.c.o[0m
[5.711s] [ 90%] [32mBuilding C object CMakeFiles/orbbec_camera_msgs__rosidl_generator_py.dir/rosidl_generator_py/orbbec_camera_msgs/srv/_set_int32_s.c.o[0m
[5.711s] [ 90%] [32mBuilding C object CMakeFiles/orbbec_camera_msgs__rosidl_generator_py.dir/rosidl_generator_py/orbbec_camera_msgs/msg/_device_info_s.c.o[0m
[5.711s] [ 91%] [32mBuilding C object CMakeFiles/orbbec_camera_msgs__rosidl_generator_py.dir/rosidl_generator_py/orbbec_camera_msgs/msg/_metadata_s.c.o[0m
[5.711s] [ 91%] [32mBuilding C object CMakeFiles/orbbec_camera_msgs__rosidl_generator_py.dir/rosidl_generator_py/orbbec_camera_msgs/msg/_extrinsics_s.c.o[0m
[5.711s] [ 91%] [32mBuilding C object CMakeFiles/orbbec_camera_msgs__rosidl_generator_py.dir/rosidl_generator_py/orbbec_camera_msgs/srv/_set_string_s.c.o[0m
[5.711s] [ 92%] [32mBuilding C object CMakeFiles/orbbec_camera_msgs__rosidl_generator_py.dir/rosidl_generator_py/orbbec_camera_msgs/msg/_rgbd_s.c.o[0m
[5.712s] [ 93%] [32mBuilding C object CMakeFiles/orbbec_camera_msgs__rosidl_generator_py.dir/rosidl_generator_py/orbbec_camera_msgs/srv/_get_device_info_s.c.o[0m
[5.712s] [ 94%] [32mBuilding C object CMakeFiles/orbbec_camera_msgs__rosidl_generator_py.dir/rosidl_generator_py/orbbec_camera_msgs/srv/_get_string_s.c.o[0m
[5.713s] [ 94%] [32mBuilding C object CMakeFiles/orbbec_camera_msgs__rosidl_generator_py.dir/rosidl_generator_py/orbbec_camera_msgs/srv/_get_camera_info_s.c.o[0m
[5.713s] [ 94%] [32mBuilding C object CMakeFiles/orbbec_camera_msgs__rosidl_generator_py.dir/rosidl_generator_py/orbbec_camera_msgs/srv/_set_filter_s.c.o[0m
[5.714s] [ 95%] [32mBuilding C object CMakeFiles/orbbec_camera_msgs__rosidl_generator_py.dir/rosidl_generator_py/orbbec_camera_msgs/srv/_set_arrays_s.c.o[0m
[5.832s] [ 96%] [32m[1mLinking C shared library liborbbec_camera_msgs__rosidl_generator_py.so[0m
[5.878s] [ 96%] Built target orbbec_camera_msgs__rosidl_generator_py
[5.891s] [ 97%] [32mBuilding C object CMakeFiles/orbbec_camera_msgs_s__rosidl_typesupport_introspection_c.dir/rosidl_generator_py/orbbec_camera_msgs/_orbbec_camera_msgs_s.ep.rosidl_typesupport_introspection_c.c.o[0m
[5.894s] [ 98%] [32mBuilding C object CMakeFiles/orbbec_camera_msgs_s__rosidl_typesupport_fastrtps_c.dir/rosidl_generator_py/orbbec_camera_msgs/_orbbec_camera_msgs_s.ep.rosidl_typesupport_fastrtps_c.c.o[0m
[5.894s] [ 98%] [32mBuilding C object CMakeFiles/orbbec_camera_msgs_s__rosidl_typesupport_c.dir/rosidl_generator_py/orbbec_camera_msgs/_orbbec_camera_msgs_s.ep.rosidl_typesupport_c.c.o[0m
[5.978s] [ 99%] [32m[1mLinking C shared module rosidl_generator_py/orbbec_camera_msgs/orbbec_camera_msgs_s__rosidl_typesupport_introspection_c.so[0m
[5.987s] [ 99%] [32m[1mLinking C shared module rosidl_generator_py/orbbec_camera_msgs/orbbec_camera_msgs_s__rosidl_typesupport_fastrtps_c.so[0m
[6.001s] [ 99%] Built target orbbec_camera_msgs_s__rosidl_typesupport_introspection_c
[6.002s] [100%] [32m[1mLinking C shared module rosidl_generator_py/orbbec_camera_msgs/orbbec_camera_msgs_s__rosidl_typesupport_c.so[0m
[6.011s] [100%] Built target orbbec_camera_msgs_s__rosidl_typesupport_fastrtps_c
[6.028s] [100%] Built target orbbec_camera_msgs_s__rosidl_typesupport_c
[6.041s] Invoked command in '/home/dgx_allex_one/allex2head/build/orbbec_camera_msgs' returned '0': CMAKE_PREFIX_PATH=${CMAKE_PREFIX_PATH}:/home/dgx_allex_one/allex2head/install/camera_node:/opt/ros/jazzy DEBUGINFOD_URLS=https://debuginfod.ubuntu.com /usr/bin/cmake --build /home/dgx_allex_one/allex2head/build/orbbec_camera_msgs -- -j20 -l20
[6.041s] Invoking command in '/home/dgx_allex_one/allex2head/build/orbbec_camera_msgs': CMAKE_PREFIX_PATH=${CMAKE_PREFIX_PATH}:/home/dgx_allex_one/allex2head/install/camera_node:/opt/ros/jazzy DEBUGINFOD_URLS=https://debuginfod.ubuntu.com /usr/bin/cmake --install /home/dgx_allex_one/allex2head/build/orbbec_camera_msgs
[6.046s] -- Install configuration: ""
[6.047s] -- Execute custom install script
[6.047s] -- Symlinking: /home/dgx_allex_one/allex2head/install/orbbec_camera_msgs/share/ament_index/resource_index/rosidl_interfaces/orbbec_camera_msgs
[6.052s] -- Symlinking: /home/dgx_allex_one/allex2head/install/orbbec_camera_msgs/share/orbbec_camera_msgs/msg/DeviceInfo.json
[6.057s] -- Symlinking: /home/dgx_allex_one/allex2head/install/orbbec_camera_msgs/share/orbbec_camera_msgs/msg/Extrinsics.json
[6.061s] -- Symlinking: /home/dgx_allex_one/allex2head/install/orbbec_camera_msgs/share/orbbec_camera_msgs/msg/Metadata.json
[6.066s] -- Symlinking: /home/dgx_allex_one/allex2head/install/orbbec_camera_msgs/share/orbbec_camera_msgs/msg/IMUInfo.json
[6.074s] -- Symlinking: /home/dgx_allex_one/allex2head/install/orbbec_camera_msgs/share/orbbec_camera_msgs/msg/RGBD.json
[6.079s] -- Symlinking: /home/dgx_allex_one/allex2head/install/orbbec_camera_msgs/share/orbbec_camera_msgs/srv/GetBool.json
[6.087s] -- Symlinking: /home/dgx_allex_one/allex2head/install/orbbec_camera_msgs/share/orbbec_camera_msgs/srv/GetDeviceInfo.json
[6.092s] -- Symlinking: /home/dgx_allex_one/allex2head/install/orbbec_camera_msgs/share/orbbec_camera_msgs/srv/GetCameraInfo.json
[6.097s] -- Symlinking: /home/dgx_allex_one/allex2head/install/orbbec_camera_msgs/share/orbbec_camera_msgs/srv/GetInt32.json
[6.106s] -- Symlinking: /home/dgx_allex_one/allex2head/install/orbbec_camera_msgs/share/orbbec_camera_msgs/srv/GetString.json
[6.111s] -- Symlinking: /home/dgx_allex_one/allex2head/install/orbbec_camera_msgs/share/orbbec_camera_msgs/srv/SetFilter.json
[6.119s] -- Symlinking: /home/dgx_allex_one/allex2head/install/orbbec_camera_msgs/share/orbbec_camera_msgs/srv/SetInt32.json
[6.124s] -- Symlinking: /home/dgx_allex_one/allex2head/install/orbbec_camera_msgs/share/orbbec_camera_msgs/srv/SetString.json
[6.132s] -- Symlinking: /home/dgx_allex_one/allex2head/install/orbbec_camera_msgs/share/orbbec_camera_msgs/srv/SetArrays.json
[6.140s] -- Symlinking: /home/dgx_allex_one/allex2head/install/orbbec_camera_msgs/include/orbbec_camera_msgs/orbbec_camera_msgs/msg/detail/device_info__functions.h
[6.148s] -- Symlinking: /home/dgx_allex_one/allex2head/install/orbbec_camera_msgs/include/orbbec_camera_msgs/orbbec_camera_msgs/msg/detail/device_info__struct.h
[6.155s] -- Symlinking: /home/dgx_allex_one/allex2head/install/orbbec_camera_msgs/include/orbbec_camera_msgs/orbbec_camera_msgs/msg/detail/device_info__type_support.h
[6.162s] -- Symlinking: /home/dgx_allex_one/allex2head/install/orbbec_camera_msgs/include/orbbec_camera_msgs/orbbec_camera_msgs/msg/detail/extrinsics__functions.h
[6.170s] -- Symlinking: /home/dgx_allex_one/allex2head/install/orbbec_camera_msgs/include/orbbec_camera_msgs/orbbec_camera_msgs/msg/detail/extrinsics__struct.h
[6.177s] -- Symlinking: /home/dgx_allex_one/allex2head/install/orbbec_camera_msgs/include/orbbec_camera_msgs/orbbec_camera_msgs/msg/detail/extrinsics__type_support.h
[6.185s] -- Symlinking: /home/dgx_allex_one/allex2head/install/orbbec_camera_msgs/include/orbbec_camera_msgs/orbbec_camera_msgs/msg/detail/imu_info__functions.h
[6.192s] -- Symlinking: /home/dgx_allex_one/allex2head/install/orbbec_camera_msgs/include/orbbec_camera_msgs/orbbec_camera_msgs/msg/detail/imu_info__struct.h
[6.198s] -- Symlinking: /home/dgx_allex_one/allex2head/install/orbbec_camera_msgs/include/orbbec_camera_msgs/orbbec_camera_msgs/msg/detail/imu_info__type_support.h
[6.205s] -- Symlinking: /home/dgx_allex_one/allex2head/install/orbbec_camera_msgs/include/orbbec_camera_msgs/orbbec_camera_msgs/msg/detail/metadata__functions.h
[6.212s] -- Symlinking: /home/dgx_allex_one/allex2head/install/orbbec_camera_msgs/include/orbbec_camera_msgs/orbbec_camera_msgs/msg/detail/metadata__struct.h
[6.219s] -- Symlinking: /home/dgx_allex_one/allex2head/install/orbbec_camera_msgs/include/orbbec_camera_msgs/orbbec_camera_msgs/msg/detail/metadata__type_support.h
[6.224s] -- Symlinking: /home/dgx_allex_one/allex2head/install/orbbec_camera_msgs/include/orbbec_camera_msgs/orbbec_camera_msgs/msg/detail/rgbd__functions.h
[6.232s] -- Symlinking: /home/dgx_allex_one/allex2head/install/orbbec_camera_msgs/include/orbbec_camera_msgs/orbbec_camera_msgs/msg/detail/rgbd__struct.h
[6.240s] -- Symlinking: /home/dgx_allex_one/allex2head/install/orbbec_camera_msgs/include/orbbec_camera_msgs/orbbec_camera_msgs/msg/detail/rgbd__type_support.h
[6.245s] -- Symlinking: /home/dgx_allex_one/allex2head/install/orbbec_camera_msgs/include/orbbec_camera_msgs/orbbec_camera_msgs/msg/device_info.h
[6.250s] -- Symlinking: /home/dgx_allex_one/allex2head/install/orbbec_camera_msgs/include/orbbec_camera_msgs/orbbec_camera_msgs/msg/extrinsics.h
[6.255s] -- Symlinking: /home/dgx_allex_one/allex2head/install/orbbec_camera_msgs/include/orbbec_camera_msgs/orbbec_camera_msgs/msg/imu_info.h
[6.260s] -- Symlinking: /home/dgx_allex_one/allex2head/install/orbbec_camera_msgs/include/orbbec_camera_msgs/orbbec_camera_msgs/msg/metadata.h
[6.265s] -- Symlinking: /home/dgx_allex_one/allex2head/install/orbbec_camera_msgs/include/orbbec_camera_msgs/orbbec_camera_msgs/msg/rgbd.h
[6.270s] -- Symlinking: /home/dgx_allex_one/allex2head/install/orbbec_camera_msgs/include/orbbec_camera_msgs/orbbec_camera_msgs/msg/rosidl_generator_c__visibility_control.h
[6.277s] -- Symlinking: /home/dgx_allex_one/allex2head/install/orbbec_camera_msgs/include/orbbec_camera_msgs/orbbec_camera_msgs/srv/detail/get_bool__functions.h
[6.282s] -- Symlinking: /home/dgx_allex_one/allex2head/install/orbbec_camera_msgs/include/orbbec_camera_msgs/orbbec_camera_msgs/srv/detail/get_bool__struct.h
[6.288s] -- Symlinking: /home/dgx_allex_one/allex2head/install/orbbec_camera_msgs/include/orbbec_camera_msgs/orbbec_camera_msgs/srv/detail/get_bool__type_support.h
[6.293s] -- Symlinking: /home/dgx_allex_one/allex2head/install/orbbec_camera_msgs/include/orbbec_camera_msgs/orbbec_camera_msgs/srv/detail/get_camera_info__functions.h
[6.299s] -- Symlinking: /home/dgx_allex_one/allex2head/install/orbbec_camera_msgs/include/orbbec_camera_msgs/orbbec_camera_msgs/srv/detail/get_camera_info__struct.h
[6.305s] -- Symlinking: /home/dgx_allex_one/allex2head/install/orbbec_camera_msgs/include/orbbec_camera_msgs/orbbec_camera_msgs/srv/detail/get_camera_info__type_support.h
[6.309s] -- Symlinking: /home/dgx_allex_one/allex2head/install/orbbec_camera_msgs/include/orbbec_camera_msgs/orbbec_camera_msgs/srv/detail/get_device_info__functions.h
[6.315s] -- Symlinking: /home/dgx_allex_one/allex2head/install/orbbec_camera_msgs/include/orbbec_camera_msgs/orbbec_camera_msgs/srv/detail/get_device_info__struct.h
[6.320s] -- Symlinking: /home/dgx_allex_one/allex2head/install/orbbec_camera_msgs/include/orbbec_camera_msgs/orbbec_camera_msgs/srv/detail/get_device_info__type_support.h
[6.325s] -- Symlinking: /home/dgx_allex_one/allex2head/install/orbbec_camera_msgs/include/orbbec_camera_msgs/orbbec_camera_msgs/srv/detail/get_int32__functions.h
[6.331s] -- Symlinking: /home/dgx_allex_one/allex2head/install/orbbec_camera_msgs/include/orbbec_camera_msgs/orbbec_camera_msgs/srv/detail/get_int32__struct.h
[6.337s] -- Symlinking: /home/dgx_allex_one/allex2head/install/orbbec_camera_msgs/include/orbbec_camera_msgs/orbbec_camera_msgs/srv/detail/get_int32__type_support.h
[6.342s] -- Symlinking: /home/dgx_allex_one/allex2head/install/orbbec_camera_msgs/include/orbbec_camera_msgs/orbbec_camera_msgs/srv/detail/get_string__functions.h
[6.347s] -- Symlinking: /home/dgx_allex_one/allex2head/install/orbbec_camera_msgs/include/orbbec_camera_msgs/orbbec_camera_msgs/srv/detail/get_string__struct.h
[6.352s] -- Symlinking: /home/dgx_allex_one/allex2head/install/orbbec_camera_msgs/include/orbbec_camera_msgs/orbbec_camera_msgs/srv/detail/get_string__type_support.h
[6.360s] -- Symlinking: /home/dgx_allex_one/allex2head/install/orbbec_camera_msgs/include/orbbec_camera_msgs/orbbec_camera_msgs/srv/detail/set_arrays__functions.h
[6.368s] -- Symlinking: /home/dgx_allex_one/allex2head/install/orbbec_camera_msgs/include/orbbec_camera_msgs/orbbec_camera_msgs/srv/detail/set_arrays__struct.h
[6.375s] -- Symlinking: /home/dgx_allex_one/allex2head/install/orbbec_camera_msgs/include/orbbec_camera_msgs/orbbec_camera_msgs/srv/detail/set_arrays__type_support.h
[6.382s] -- Symlinking: /home/dgx_allex_one/allex2head/install/orbbec_camera_msgs/include/orbbec_camera_msgs/orbbec_camera_msgs/srv/detail/set_filter__functions.h
[6.390s] -- Symlinking: /home/dgx_allex_one/allex2head/install/orbbec_camera_msgs/include/orbbec_camera_msgs/orbbec_camera_msgs/srv/detail/set_filter__struct.h
[6.397s] -- Symlinking: /home/dgx_allex_one/allex2head/install/orbbec_camera_msgs/include/orbbec_camera_msgs/orbbec_camera_msgs/srv/detail/set_filter__type_support.h
[6.405s] -- Symlinking: /home/dgx_allex_one/allex2head/install/orbbec_camera_msgs/include/orbbec_camera_msgs/orbbec_camera_msgs/srv/detail/set_int32__functions.h
[6.410s] -- Symlinking: /home/dgx_allex_one/allex2head/install/orbbec_camera_msgs/include/orbbec_camera_msgs/orbbec_camera_msgs/srv/detail/set_int32__struct.h
[6.415s] -- Symlinking: /home/dgx_allex_one/allex2head/install/orbbec_camera_msgs/include/orbbec_camera_msgs/orbbec_camera_msgs/srv/detail/set_int32__type_support.h
[6.420s] -- Symlinking: /home/dgx_allex_one/allex2head/install/orbbec_camera_msgs/include/orbbec_camera_msgs/orbbec_camera_msgs/srv/detail/set_string__functions.h
[6.426s] -- Symlinking: /home/dgx_allex_one/allex2head/install/orbbec_camera_msgs/include/orbbec_camera_msgs/orbbec_camera_msgs/srv/detail/set_string__struct.h
[6.432s] -- Symlinking: /home/dgx_allex_one/allex2head/install/orbbec_camera_msgs/include/orbbec_camera_msgs/orbbec_camera_msgs/srv/detail/set_string__type_support.h
[6.437s] -- Symlinking: /home/dgx_allex_one/allex2head/install/orbbec_camera_msgs/include/orbbec_camera_msgs/orbbec_camera_msgs/srv/get_bool.h
[6.443s] -- Symlinking: /home/dgx_allex_one/allex2head/install/orbbec_camera_msgs/include/orbbec_camera_msgs/orbbec_camera_msgs/srv/get_camera_info.h
[6.448s] -- Symlinking: /home/dgx_allex_one/allex2head/install/orbbec_camera_msgs/include/orbbec_camera_msgs/orbbec_camera_msgs/srv/get_device_info.h
[6.455s] -- Symlinking: /home/dgx_allex_one/allex2head/install/orbbec_camera_msgs/include/orbbec_camera_msgs/orbbec_camera_msgs/srv/get_int32.h
[6.461s] -- Symlinking: /home/dgx_allex_one/allex2head/install/orbbec_camera_msgs/include/orbbec_camera_msgs/orbbec_camera_msgs/srv/get_string.h
[6.465s] -- Symlinking: /home/dgx_allex_one/allex2head/install/orbbec_camera_msgs/include/orbbec_camera_msgs/orbbec_camera_msgs/srv/set_arrays.h
[6.471s] -- Symlinking: /home/dgx_allex_one/allex2head/install/orbbec_camera_msgs/include/orbbec_camera_msgs/orbbec_camera_msgs/srv/set_filter.h
[6.476s] -- Symlinking: /home/dgx_allex_one/allex2head/install/orbbec_camera_msgs/include/orbbec_camera_msgs/orbbec_camera_msgs/srv/set_int32.h
[6.482s] -- Symlinking: /home/dgx_allex_one/allex2head/install/orbbec_camera_msgs/include/orbbec_camera_msgs/orbbec_camera_msgs/srv/set_string.h
[6.487s] -- Symlinking: /home/dgx_allex_one/allex2head/install/orbbec_camera_msgs/share/orbbec_camera_msgs/environment/library_path.sh
[6.492s] -- Symlinking: /home/dgx_allex_one/allex2head/install/orbbec_camera_msgs/share/orbbec_camera_msgs/environment/library_path.dsv
[6.498s] -- Symlinking: /home/dgx_allex_one/allex2head/install/orbbec_camera_msgs/include/orbbec_camera_msgs/orbbec_camera_msgs/msg/detail/device_info__rosidl_typesupport_fastrtps_c.h
[6.504s] -- Symlinking: /home/dgx_allex_one/allex2head/install/orbbec_camera_msgs/include/orbbec_camera_msgs/orbbec_camera_msgs/msg/detail/extrinsics__rosidl_typesupport_fastrtps_c.h
[6.509s] -- Symlinking: /home/dgx_allex_one/allex2head/install/orbbec_camera_msgs/include/orbbec_camera_msgs/orbbec_camera_msgs/msg/detail/imu_info__rosidl_typesupport_fastrtps_c.h
[6.514s] -- Symlinking: /home/dgx_allex_one/allex2head/install/orbbec_camera_msgs/include/orbbec_camera_msgs/orbbec_camera_msgs/msg/detail/metadata__rosidl_typesupport_fastrtps_c.h
[6.521s] -- Symlinking: /home/dgx_allex_one/allex2head/install/orbbec_camera_msgs/include/orbbec_camera_msgs/orbbec_camera_msgs/msg/detail/rgbd__rosidl_typesupport_fastrtps_c.h
[6.527s] -- Symlinking: /home/dgx_allex_one/allex2head/install/orbbec_camera_msgs/include/orbbec_camera_msgs/orbbec_camera_msgs/msg/rosidl_typesupport_fastrtps_c__visibility_control.h
[6.532s] -- Symlinking: /home/dgx_allex_one/allex2head/install/orbbec_camera_msgs/include/orbbec_camera_msgs/orbbec_camera_msgs/srv/detail/get_bool__rosidl_typesupport_fastrtps_c.h
[6.538s] -- Symlinking: /home/dgx_allex_one/allex2head/install/orbbec_camera_msgs/include/orbbec_camera_msgs/orbbec_camera_msgs/srv/detail/get_camera_info__rosidl_typesupport_fastrtps_c.h
[6.543s] -- Symlinking: /home/dgx_allex_one/allex2head/install/orbbec_camera_msgs/include/orbbec_camera_msgs/orbbec_camera_msgs/srv/detail/get_device_info__rosidl_typesupport_fastrtps_c.h
[6.548s] -- Symlinking: /home/dgx_allex_one/allex2head/install/orbbec_camera_msgs/include/orbbec_camera_msgs/orbbec_camera_msgs/srv/detail/get_int32__rosidl_typesupport_fastrtps_c.h
[6.554s] -- Symlinking: /home/dgx_allex_one/allex2head/install/orbbec_camera_msgs/include/orbbec_camera_msgs/orbbec_camera_msgs/srv/detail/get_string__rosidl_typesupport_fastrtps_c.h
[6.559s] -- Symlinking: /home/dgx_allex_one/allex2head/install/orbbec_camera_msgs/include/orbbec_camera_msgs/orbbec_camera_msgs/srv/detail/set_arrays__rosidl_typesupport_fastrtps_c.h
[6.564s] -- Symlinking: /home/dgx_allex_one/allex2head/install/orbbec_camera_msgs/include/orbbec_camera_msgs/orbbec_camera_msgs/srv/detail/set_filter__rosidl_typesupport_fastrtps_c.h
[6.570s] -- Symlinking: /home/dgx_allex_one/allex2head/install/orbbec_camera_msgs/include/orbbec_camera_msgs/orbbec_camera_msgs/srv/detail/set_int32__rosidl_typesupport_fastrtps_c.h
[6.575s] -- Symlinking: /home/dgx_allex_one/allex2head/install/orbbec_camera_msgs/include/orbbec_camera_msgs/orbbec_camera_msgs/srv/detail/set_string__rosidl_typesupport_fastrtps_c.h
[6.581s] -- Symlinking: /home/dgx_allex_one/allex2head/install/orbbec_camera_msgs/include/orbbec_camera_msgs/orbbec_camera_msgs/msg/detail/device_info__rosidl_typesupport_introspection_c.h
[6.586s] -- Symlinking: /home/dgx_allex_one/allex2head/install/orbbec_camera_msgs/include/orbbec_camera_msgs/orbbec_camera_msgs/msg/detail/extrinsics__rosidl_typesupport_introspection_c.h
[6.591s] -- Symlinking: /home/dgx_allex_one/allex2head/install/orbbec_camera_msgs/include/orbbec_camera_msgs/orbbec_camera_msgs/msg/detail/imu_info__rosidl_typesupport_introspection_c.h
[6.596s] -- Symlinking: /home/dgx_allex_one/allex2head/install/orbbec_camera_msgs/include/orbbec_camera_msgs/orbbec_camera_msgs/msg/detail/metadata__rosidl_typesupport_introspection_c.h
[6.603s] -- Symlinking: /home/dgx_allex_one/allex2head/install/orbbec_camera_msgs/include/orbbec_camera_msgs/orbbec_camera_msgs/msg/detail/rgbd__rosidl_typesupport_introspection_c.h
[6.612s] -- Symlinking: /home/dgx_allex_one/allex2head/install/orbbec_camera_msgs/include/orbbec_camera_msgs/orbbec_camera_msgs/msg/rosidl_typesupport_introspection_c__visibility_control.h
[6.617s] -- Symlinking: /home/dgx_allex_one/allex2head/install/orbbec_camera_msgs/include/orbbec_camera_msgs/orbbec_camera_msgs/srv/detail/get_bool__rosidl_typesupport_introspection_c.h
[6.625s] -- Symlinking: /home/dgx_allex_one/allex2head/install/orbbec_camera_msgs/include/orbbec_camera_msgs/orbbec_camera_msgs/srv/detail/get_camera_info__rosidl_typesupport_introspection_c.h
[6.631s] -- Symlinking: /home/dgx_allex_one/allex2head/install/orbbec_camera_msgs/include/orbbec_camera_msgs/orbbec_camera_msgs/srv/detail/get_device_info__rosidl_typesupport_introspection_c.h
[6.635s] -- Symlinking: /home/dgx_allex_one/allex2head/install/orbbec_camera_msgs/include/orbbec_camera_msgs/orbbec_camera_msgs/srv/detail/get_int32__rosidl_typesupport_introspection_c.h
[6.643s] -- Symlinking: /home/dgx_allex_one/allex2head/install/orbbec_camera_msgs/include/orbbec_camera_msgs/orbbec_camera_msgs/srv/detail/get_string__rosidl_typesupport_introspection_c.h
[6.650s] -- Symlinking: /home/dgx_allex_one/allex2head/install/orbbec_camera_msgs/include/orbbec_camera_msgs/orbbec_camera_msgs/srv/detail/set_arrays__rosidl_typesupport_introspection_c.h
[6.656s] -- Symlinking: /home/dgx_allex_one/allex2head/install/orbbec_camera_msgs/include/orbbec_camera_msgs/orbbec_camera_msgs/srv/detail/set_filter__rosidl_typesupport_introspection_c.h
[6.661s] -- Symlinking: /home/dgx_allex_one/allex2head/install/orbbec_camera_msgs/include/orbbec_camera_msgs/orbbec_camera_msgs/srv/detail/set_int32__rosidl_typesupport_introspection_c.h
[6.667s] -- Symlinking: /home/dgx_allex_one/allex2head/install/orbbec_camera_msgs/include/orbbec_camera_msgs/orbbec_camera_msgs/srv/detail/set_string__rosidl_typesupport_introspection_c.h
[6.675s] -- Symlinking: /home/dgx_allex_one/allex2head/install/orbbec_camera_msgs/include/orbbec_camera_msgs/orbbec_camera_msgs/msg/detail/device_info__builder.hpp
[6.681s] -- Symlinking: /home/dgx_allex_one/allex2head/install/orbbec_camera_msgs/include/orbbec_camera_msgs/orbbec_camera_msgs/msg/detail/device_info__struct.hpp
[6.686s] -- Symlinking: /home/dgx_allex_one/allex2head/install/orbbec_camera_msgs/include/orbbec_camera_msgs/orbbec_camera_msgs/msg/detail/device_info__traits.hpp
[6.693s] -- Symlinking: /home/dgx_allex_one/allex2head/install/orbbec_camera_msgs/include/orbbec_camera_msgs/orbbec_camera_msgs/msg/detail/device_info__type_support.hpp
[6.699s] -- Symlinking: /home/dgx_allex_one/allex2head/install/orbbec_camera_msgs/include/orbbec_camera_msgs/orbbec_camera_msgs/msg/detail/extrinsics__builder.hpp
[6.704s] -- Symlinking: /home/dgx_allex_one/allex2head/install/orbbec_camera_msgs/include/orbbec_camera_msgs/orbbec_camera_msgs/msg/detail/extrinsics__struct.hpp
[6.712s] -- Symlinking: /home/dgx_allex_one/allex2head/install/orbbec_camera_msgs/include/orbbec_camera_msgs/orbbec_camera_msgs/msg/detail/extrinsics__traits.hpp
[6.720s] -- Symlinking: /home/dgx_allex_one/allex2head/install/orbbec_camera_msgs/include/orbbec_camera_msgs/orbbec_camera_msgs/msg/detail/extrinsics__type_support.hpp
[6.727s] -- Symlinking: /home/dgx_allex_one/allex2head/install/orbbec_camera_msgs/include/orbbec_camera_msgs/orbbec_camera_msgs/msg/detail/imu_info__builder.hpp
[6.735s] -- Symlinking: /home/dgx_allex_one/allex2head/install/orbbec_camera_msgs/include/orbbec_camera_msgs/orbbec_camera_msgs/msg/detail/imu_info__struct.hpp
[6.742s] -- Symlinking: /home/dgx_allex_one/allex2head/install/orbbec_camera_msgs/include/orbbec_camera_msgs/orbbec_camera_msgs/msg/detail/imu_info__traits.hpp
[6.748s] -- Symlinking: /home/dgx_allex_one/allex2head/install/orbbec_camera_msgs/include/orbbec_camera_msgs/orbbec_camera_msgs/msg/detail/imu_info__type_support.hpp
[6.755s] -- Symlinking: /home/dgx_allex_one/allex2head/install/orbbec_camera_msgs/include/orbbec_camera_msgs/orbbec_camera_msgs/msg/detail/metadata__builder.hpp
[6.763s] -- Symlinking: /home/dgx_allex_one/allex2head/install/orbbec_camera_msgs/include/orbbec_camera_msgs/orbbec_camera_msgs/msg/detail/metadata__struct.hpp
[6.771s] -- Symlinking: /home/dgx_allex_one/allex2head/install/orbbec_camera_msgs/include/orbbec_camera_msgs/orbbec_camera_msgs/msg/detail/metadata__traits.hpp
[6.778s] -- Symlinking: /home/dgx_allex_one/allex2head/install/orbbec_camera_msgs/include/orbbec_camera_msgs/orbbec_camera_msgs/msg/detail/metadata__type_support.hpp
[6.785s] -- Symlinking: /home/dgx_allex_one/allex2head/install/orbbec_camera_msgs/include/orbbec_camera_msgs/orbbec_camera_msgs/msg/detail/rgbd__builder.hpp
[6.793s] -- Symlinking: /home/dgx_allex_one/allex2head/install/orbbec_camera_msgs/include/orbbec_camera_msgs/orbbec_camera_msgs/msg/detail/rgbd__struct.hpp
[6.798s] -- Symlinking: /home/dgx_allex_one/allex2head/install/orbbec_camera_msgs/include/orbbec_camera_msgs/orbbec_camera_msgs/msg/detail/rgbd__traits.hpp
[6.803s] -- Symlinking: /home/dgx_allex_one/allex2head/install/orbbec_camera_msgs/include/orbbec_camera_msgs/orbbec_camera_msgs/msg/detail/rgbd__type_support.hpp
[6.809s] -- Symlinking: /home/dgx_allex_one/allex2head/install/orbbec_camera_msgs/include/orbbec_camera_msgs/orbbec_camera_msgs/msg/device_info.hpp
[6.817s] -- Symlinking: /home/dgx_allex_one/allex2head/install/orbbec_camera_msgs/include/orbbec_camera_msgs/orbbec_camera_msgs/msg/extrinsics.hpp
[6.824s] -- Symlinking: /home/dgx_allex_one/allex2head/install/orbbec_camera_msgs/include/orbbec_camera_msgs/orbbec_camera_msgs/msg/imu_info.hpp
[6.832s] -- Symlinking: /home/dgx_allex_one/allex2head/install/orbbec_camera_msgs/include/orbbec_camera_msgs/orbbec_camera_msgs/msg/metadata.hpp
[6.839s] -- Symlinking: /home/dgx_allex_one/allex2head/install/orbbec_camera_msgs/include/orbbec_camera_msgs/orbbec_camera_msgs/msg/rgbd.hpp
[6.846s] -- Symlinking: /home/dgx_allex_one/allex2head/install/orbbec_camera_msgs/include/orbbec_camera_msgs/orbbec_camera_msgs/msg/rosidl_generator_cpp__visibility_control.hpp
[6.853s] -- Symlinking: /home/dgx_allex_one/allex2head/install/orbbec_camera_msgs/include/orbbec_camera_msgs/orbbec_camera_msgs/srv/detail/get_bool__builder.hpp
[6.861s] -- Symlinking: /home/dgx_allex_one/allex2head/install/orbbec_camera_msgs/include/orbbec_camera_msgs/orbbec_camera_msgs/srv/detail/get_bool__struct.hpp
[6.868s] -- Symlinking: /home/dgx_allex_one/allex2head/install/orbbec_camera_msgs/include/orbbec_camera_msgs/orbbec_camera_msgs/srv/detail/get_bool__traits.hpp
[6.873s] -- Symlinking: /home/dgx_allex_one/allex2head/install/orbbec_camera_msgs/include/orbbec_camera_msgs/orbbec_camera_msgs/srv/detail/get_bool__type_support.hpp
[6.881s] -- Symlinking: /home/dgx_allex_one/allex2head/install/orbbec_camera_msgs/include/orbbec_camera_msgs/orbbec_camera_msgs/srv/detail/get_camera_info__builder.hpp
[6.888s] -- Symlinking: /home/dgx_allex_one/allex2head/install/orbbec_camera_msgs/include/orbbec_camera_msgs/orbbec_camera_msgs/srv/detail/get_camera_info__struct.hpp
[6.895s] -- Symlinking: /home/dgx_allex_one/allex2head/install/orbbec_camera_msgs/include/orbbec_camera_msgs/orbbec_camera_msgs/srv/detail/get_camera_info__traits.hpp
[6.903s] -- Symlinking: /home/dgx_allex_one/allex2head/install/orbbec_camera_msgs/include/orbbec_camera_msgs/orbbec_camera_msgs/srv/detail/get_camera_info__type_support.hpp
[6.908s] -- Symlinking: /home/dgx_allex_one/allex2head/install/orbbec_camera_msgs/include/orbbec_camera_msgs/orbbec_camera_msgs/srv/detail/get_device_info__builder.hpp
[6.915s] -- Symlinking: /home/dgx_allex_one/allex2head/install/orbbec_camera_msgs/include/orbbec_camera_msgs/orbbec_camera_msgs/srv/detail/get_device_info__struct.hpp
[6.922s] -- Symlinking: /home/dgx_allex_one/allex2head/install/orbbec_camera_msgs/include/orbbec_camera_msgs/orbbec_camera_msgs/srv/detail/get_device_info__traits.hpp
[6.929s] -- Symlinking: /home/dgx_allex_one/allex2head/install/orbbec_camera_msgs/include/orbbec_camera_msgs/orbbec_camera_msgs/srv/detail/get_device_info__type_support.hpp
[6.934s] -- Symlinking: /home/dgx_allex_one/allex2head/install/orbbec_camera_msgs/include/orbbec_camera_msgs/orbbec_camera_msgs/srv/detail/get_int32__builder.hpp
[6.939s] -- Symlinking: /home/dgx_allex_one/allex2head/install/orbbec_camera_msgs/include/orbbec_camera_msgs/orbbec_camera_msgs/srv/detail/get_int32__struct.hpp
[6.944s] -- Symlinking: /home/dgx_allex_one/allex2head/install/orbbec_camera_msgs/include/orbbec_camera_msgs/orbbec_camera_msgs/srv/detail/get_int32__traits.hpp
[6.952s] -- Symlinking: /home/dgx_allex_one/allex2head/install/orbbec_camera_msgs/include/orbbec_camera_msgs/orbbec_camera_msgs/srv/detail/get_int32__type_support.hpp
[6.959s] -- Symlinking: /home/dgx_allex_one/allex2head/install/orbbec_camera_msgs/include/orbbec_camera_msgs/orbbec_camera_msgs/srv/detail/get_string__builder.hpp
[6.964s] -- Symlinking: /home/dgx_allex_one/allex2head/install/orbbec_camera_msgs/include/orbbec_camera_msgs/orbbec_camera_msgs/srv/detail/get_string__struct.hpp
[6.969s] -- Symlinking: /home/dgx_allex_one/allex2head/install/orbbec_camera_msgs/include/orbbec_camera_msgs/orbbec_camera_msgs/srv/detail/get_string__traits.hpp
[6.977s] -- Symlinking: /home/dgx_allex_one/allex2head/install/orbbec_camera_msgs/include/orbbec_camera_msgs/orbbec_camera_msgs/srv/detail/get_string__type_support.hpp
[6.986s] -- Symlinking: /home/dgx_allex_one/allex2head/install/orbbec_camera_msgs/include/orbbec_camera_msgs/orbbec_camera_msgs/srv/detail/set_arrays__builder.hpp
[6.993s] -- Symlinking: /home/dgx_allex_one/allex2head/install/orbbec_camera_msgs/include/orbbec_camera_msgs/orbbec_camera_msgs/srv/detail/set_arrays__struct.hpp
[6.998s] -- Symlinking: /home/dgx_allex_one/allex2head/install/orbbec_camera_msgs/include/orbbec_camera_msgs/orbbec_camera_msgs/srv/detail/set_arrays__traits.hpp
[7.006s] -- Symlinking: /home/dgx_allex_one/allex2head/install/orbbec_camera_msgs/include/orbbec_camera_msgs/orbbec_camera_msgs/srv/detail/set_arrays__type_support.hpp
[7.014s] -- Symlinking: /home/dgx_allex_one/allex2head/install/orbbec_camera_msgs/include/orbbec_camera_msgs/orbbec_camera_msgs/srv/detail/set_filter__builder.hpp
[7.021s] -- Symlinking: /home/dgx_allex_one/allex2head/install/orbbec_camera_msgs/include/orbbec_camera_msgs/orbbec_camera_msgs/srv/detail/set_filter__struct.hpp
[7.029s] -- Symlinking: /home/dgx_allex_one/allex2head/install/orbbec_camera_msgs/include/orbbec_camera_msgs/orbbec_camera_msgs/srv/detail/set_filter__traits.hpp
[7.034s] -- Symlinking: /home/dgx_allex_one/allex2head/install/orbbec_camera_msgs/include/orbbec_camera_msgs/orbbec_camera_msgs/srv/detail/set_filter__type_support.hpp
[7.042s] -- Symlinking: /home/dgx_allex_one/allex2head/install/orbbec_camera_msgs/include/orbbec_camera_msgs/orbbec_camera_msgs/srv/detail/set_int32__builder.hpp
[7.047s] -- Symlinking: /home/dgx_allex_one/allex2head/install/orbbec_camera_msgs/include/orbbec_camera_msgs/orbbec_camera_msgs/srv/detail/set_int32__struct.hpp
[7.056s] -- Symlinking: /home/dgx_allex_one/allex2head/install/orbbec_camera_msgs/include/orbbec_camera_msgs/orbbec_camera_msgs/srv/detail/set_int32__traits.hpp
[7.064s] -- Symlinking: /home/dgx_allex_one/allex2head/install/orbbec_camera_msgs/include/orbbec_camera_msgs/orbbec_camera_msgs/srv/detail/set_int32__type_support.hpp
[7.072s] -- Symlinking: /home/dgx_allex_one/allex2head/install/orbbec_camera_msgs/include/orbbec_camera_msgs/orbbec_camera_msgs/srv/detail/set_string__builder.hpp
[7.079s] -- Symlinking: /home/dgx_allex_one/allex2head/install/orbbec_camera_msgs/include/orbbec_camera_msgs/orbbec_camera_msgs/srv/detail/set_string__struct.hpp
[7.087s] -- Symlinking: /home/dgx_allex_one/allex2head/install/orbbec_camera_msgs/include/orbbec_camera_msgs/orbbec_camera_msgs/srv/detail/set_string__traits.hpp
[7.095s] -- Symlinking: /home/dgx_allex_one/allex2head/install/orbbec_camera_msgs/include/orbbec_camera_msgs/orbbec_camera_msgs/srv/detail/set_string__type_support.hpp
[7.102s] -- Symlinking: /home/dgx_allex_one/allex2head/install/orbbec_camera_msgs/include/orbbec_camera_msgs/orbbec_camera_msgs/srv/get_bool.hpp
[7.110s] -- Symlinking: /home/dgx_allex_one/allex2head/install/orbbec_camera_msgs/include/orbbec_camera_msgs/orbbec_camera_msgs/srv/get_camera_info.hpp
[7.118s] -- Symlinking: /home/dgx_allex_one/allex2head/install/orbbec_camera_msgs/include/orbbec_camera_msgs/orbbec_camera_msgs/srv/get_device_info.hpp
[7.124s] -- Symlinking: /home/dgx_allex_one/allex2head/install/orbbec_camera_msgs/include/orbbec_camera_msgs/orbbec_camera_msgs/srv/get_int32.hpp
[7.132s] -- Symlinking: /home/dgx_allex_one/allex2head/install/orbbec_camera_msgs/include/orbbec_camera_msgs/orbbec_camera_msgs/srv/get_string.hpp
[7.140s] -- Symlinking: /home/dgx_allex_one/allex2head/install/orbbec_camera_msgs/include/orbbec_camera_msgs/orbbec_camera_msgs/srv/set_arrays.hpp
[7.147s] -- Symlinking: /home/dgx_allex_one/allex2head/install/orbbec_camera_msgs/include/orbbec_camera_msgs/orbbec_camera_msgs/srv/set_filter.hpp
[7.154s] -- Symlinking: /home/dgx_allex_one/allex2head/install/orbbec_camera_msgs/include/orbbec_camera_msgs/orbbec_camera_msgs/srv/set_int32.hpp
[7.162s] -- Symlinking: /home/dgx_allex_one/allex2head/install/orbbec_camera_msgs/include/orbbec_camera_msgs/orbbec_camera_msgs/srv/set_string.hpp
[7.170s] -- Symlinking: /home/dgx_allex_one/allex2head/install/orbbec_camera_msgs/include/orbbec_camera_msgs/orbbec_camera_msgs/msg/detail/device_info__rosidl_typesupport_fastrtps_cpp.hpp
[7.177s] -- Symlinking: /home/dgx_allex_one/allex2head/install/orbbec_camera_msgs/include/orbbec_camera_msgs/orbbec_camera_msgs/msg/detail/extrinsics__rosidl_typesupport_fastrtps_cpp.hpp
[7.185s] -- Symlinking: /home/dgx_allex_one/allex2head/install/orbbec_camera_msgs/include/orbbec_camera_msgs/orbbec_camera_msgs/msg/detail/imu_info__rosidl_typesupport_fastrtps_cpp.hpp
[7.192s] -- Symlinking: /home/dgx_allex_one/allex2head/install/orbbec_camera_msgs/include/orbbec_camera_msgs/orbbec_camera_msgs/msg/detail/metadata__rosidl_typesupport_fastrtps_cpp.hpp
[7.199s] -- Symlinking: /home/dgx_allex_one/allex2head/install/orbbec_camera_msgs/include/orbbec_camera_msgs/orbbec_camera_msgs/msg/detail/rgbd__rosidl_typesupport_fastrtps_cpp.hpp
[7.206s] -- Symlinking: /home/dgx_allex_one/allex2head/install/orbbec_camera_msgs/include/orbbec_camera_msgs/orbbec_camera_msgs/msg/rosidl_typesupport_fastrtps_cpp__visibility_control.h
[7.215s] -- Symlinking: /home/dgx_allex_one/allex2head/install/orbbec_camera_msgs/include/orbbec_camera_msgs/orbbec_camera_msgs/srv/detail/get_bool__rosidl_typesupport_fastrtps_cpp.hpp
[7.220s] -- Symlinking: /home/dgx_allex_one/allex2head/install/orbbec_camera_msgs/include/orbbec_camera_msgs/orbbec_camera_msgs/srv/detail/get_camera_info__rosidl_typesupport_fastrtps_cpp.hpp
[7.228s] -- Symlinking: /home/dgx_allex_one/allex2head/install/orbbec_camera_msgs/include/orbbec_camera_msgs/orbbec_camera_msgs/srv/detail/get_device_info__rosidl_typesupport_fastrtps_cpp.hpp
[7.236s] -- Symlinking: /home/dgx_allex_one/allex2head/install/orbbec_camera_msgs/include/orbbec_camera_msgs/orbbec_camera_msgs/srv/detail/get_int32__rosidl_typesupport_fastrtps_cpp.hpp
[7.244s] -- Symlinking: /home/dgx_allex_one/allex2head/install/orbbec_camera_msgs/include/orbbec_camera_msgs/orbbec_camera_msgs/srv/detail/get_string__rosidl_typesupport_fastrtps_cpp.hpp
[7.251s] -- Symlinking: /home/dgx_allex_one/allex2head/install/orbbec_camera_msgs/include/orbbec_camera_msgs/orbbec_camera_msgs/srv/detail/set_arrays__rosidl_typesupport_fastrtps_cpp.hpp
[7.256s] -- Symlinking: /home/dgx_allex_one/allex2head/install/orbbec_camera_msgs/include/orbbec_camera_msgs/orbbec_camera_msgs/srv/detail/set_filter__rosidl_typesupport_fastrtps_cpp.hpp
[7.264s] -- Symlinking: /home/dgx_allex_one/allex2head/install/orbbec_camera_msgs/include/orbbec_camera_msgs/orbbec_camera_msgs/srv/detail/set_int32__rosidl_typesupport_fastrtps_cpp.hpp
[7.271s] -- Symlinking: /home/dgx_allex_one/allex2head/install/orbbec_camera_msgs/include/orbbec_camera_msgs/orbbec_camera_msgs/srv/detail/set_string__rosidl_typesupport_fastrtps_cpp.hpp
[7.279s] -- Symlinking: /home/dgx_allex_one/allex2head/install/orbbec_camera_msgs/include/orbbec_camera_msgs/orbbec_camera_msgs/msg/detail/device_info__rosidl_typesupport_introspection_cpp.hpp
[7.286s] -- Symlinking: /home/dgx_allex_one/allex2head/install/orbbec_camera_msgs/include/orbbec_camera_msgs/orbbec_camera_msgs/msg/detail/extrinsics__rosidl_typesupport_introspection_cpp.hpp
[7.294s] -- Symlinking: /home/dgx_allex_one/allex2head/install/orbbec_camera_msgs/include/orbbec_camera_msgs/orbbec_camera_msgs/msg/detail/imu_info__rosidl_typesupport_introspection_cpp.hpp
[7.302s] -- Symlinking: /home/dgx_allex_one/allex2head/install/orbbec_camera_msgs/include/orbbec_camera_msgs/orbbec_camera_msgs/msg/detail/metadata__rosidl_typesupport_introspection_cpp.hpp
[7.309s] -- Symlinking: /home/dgx_allex_one/allex2head/install/orbbec_camera_msgs/include/orbbec_camera_msgs/orbbec_camera_msgs/msg/detail/rgbd__rosidl_typesupport_introspection_cpp.hpp
[7.317s] -- Symlinking: /home/dgx_allex_one/allex2head/install/orbbec_camera_msgs/include/orbbec_camera_msgs/orbbec_camera_msgs/srv/detail/get_bool__rosidl_typesupport_introspection_cpp.hpp
[7.324s] -- Symlinking: /home/dgx_allex_one/allex2head/install/orbbec_camera_msgs/include/orbbec_camera_msgs/orbbec_camera_msgs/srv/detail/get_camera_info__rosidl_typesupport_introspection_cpp.hpp
[7.332s] -- Symlinking: /home/dgx_allex_one/allex2head/install/orbbec_camera_msgs/include/orbbec_camera_msgs/orbbec_camera_msgs/srv/detail/get_device_info__rosidl_typesupport_introspection_cpp.hpp
[7.339s] -- Symlinking: /home/dgx_allex_one/allex2head/install/orbbec_camera_msgs/include/orbbec_camera_msgs/orbbec_camera_msgs/srv/detail/get_int32__rosidl_typesupport_introspection_cpp.hpp
[7.347s] -- Symlinking: /home/dgx_allex_one/allex2head/install/orbbec_camera_msgs/include/orbbec_camera_msgs/orbbec_camera_msgs/srv/detail/get_string__rosidl_typesupport_introspection_cpp.hpp
[7.354s] -- Symlinking: /home/dgx_allex_one/allex2head/install/orbbec_camera_msgs/include/orbbec_camera_msgs/orbbec_camera_msgs/srv/detail/set_arrays__rosidl_typesupport_introspection_cpp.hpp
[7.361s] -- Symlinking: /home/dgx_allex_one/allex2head/install/orbbec_camera_msgs/include/orbbec_camera_msgs/orbbec_camera_msgs/srv/detail/set_filter__rosidl_typesupport_introspection_cpp.hpp
[7.369s] -- Symlinking: /home/dgx_allex_one/allex2head/install/orbbec_camera_msgs/include/orbbec_camera_msgs/orbbec_camera_msgs/srv/detail/set_int32__rosidl_typesupport_introspection_cpp.hpp
[7.376s] -- Symlinking: /home/dgx_allex_one/allex2head/install/orbbec_camera_msgs/include/orbbec_camera_msgs/orbbec_camera_msgs/srv/detail/set_string__rosidl_typesupport_introspection_cpp.hpp
[7.383s] -- Symlinking: /home/dgx_allex_one/allex2head/install/orbbec_camera_msgs/share/orbbec_camera_msgs/environment/pythonpath.sh
[7.391s] -- Symlinking: /home/dgx_allex_one/allex2head/install/orbbec_camera_msgs/share/orbbec_camera_msgs/environment/pythonpath.dsv
[7.399s] -- Symlinking: /home/dgx_allex_one/allex2head/install/orbbec_camera_msgs/lib/python3.12/site-packages/orbbec_camera_msgs-1.2.2-py3.12.egg-info/PKG-INFO
[7.406s] -- Symlinking: /home/dgx_allex_one/allex2head/install/orbbec_camera_msgs/lib/python3.12/site-packages/orbbec_camera_msgs-1.2.2-py3.12.egg-info/SOURCES.txt
[7.414s] -- Symlinking: /home/dgx_allex_one/allex2head/install/orbbec_camera_msgs/lib/python3.12/site-packages/orbbec_camera_msgs-1.2.2-py3.12.egg-info/dependency_links.txt
[7.421s] -- Symlinking: /home/dgx_allex_one/allex2head/install/orbbec_camera_msgs/lib/python3.12/site-packages/orbbec_camera_msgs-1.2.2-py3.12.egg-info/top_level.txt
[7.430s] -- Symlinking: /home/dgx_allex_one/allex2head/install/orbbec_camera_msgs/lib/python3.12/site-packages/orbbec_camera_msgs/__init__.py
[7.437s] -- Symlinking: /home/dgx_allex_one/allex2head/install/orbbec_camera_msgs/lib/python3.12/site-packages/orbbec_camera_msgs/_orbbec_camera_msgs_s.ep.rosidl_typesupport_c.c
[7.444s] -- Symlinking: /home/dgx_allex_one/allex2head/install/orbbec_camera_msgs/lib/python3.12/site-packages/orbbec_camera_msgs/_orbbec_camera_msgs_s.ep.rosidl_typesupport_fastrtps_c.c
[7.452s] -- Symlinking: /home/dgx_allex_one/allex2head/install/orbbec_camera_msgs/lib/python3.12/site-packages/orbbec_camera_msgs/_orbbec_camera_msgs_s.ep.rosidl_typesupport_introspection_c.c
[7.460s] -- Symlinking: /home/dgx_allex_one/allex2head/install/orbbec_camera_msgs/lib/python3.12/site-packages/orbbec_camera_msgs/msg/__init__.py
[7.468s] -- Symlinking: /home/dgx_allex_one/allex2head/install/orbbec_camera_msgs/lib/python3.12/site-packages/orbbec_camera_msgs/msg/_device_info.py
[7.475s] -- Symlinking: /home/dgx_allex_one/allex2head/install/orbbec_camera_msgs/lib/python3.12/site-packages/orbbec_camera_msgs/msg/_device_info_s.c
[7.483s] -- Symlinking: /home/dgx_allex_one/allex2head/install/orbbec_camera_msgs/lib/python3.12/site-packages/orbbec_camera_msgs/msg/_extrinsics.py
[7.488s] -- Symlinking: /home/dgx_allex_one/allex2head/install/orbbec_camera_msgs/lib/python3.12/site-packages/orbbec_camera_msgs/msg/_extrinsics_s.c
[7.497s] -- Symlinking: /home/dgx_allex_one/allex2head/install/orbbec_camera_msgs/lib/python3.12/site-packages/orbbec_camera_msgs/msg/_imu_info.py
[7.504s] -- Symlinking: /home/dgx_allex_one/allex2head/install/orbbec_camera_msgs/lib/python3.12/site-packages/orbbec_camera_msgs/msg/_imu_info_s.c
[7.512s] -- Symlinking: /home/dgx_allex_one/allex2head/install/orbbec_camera_msgs/lib/python3.12/site-packages/orbbec_camera_msgs/msg/_metadata.py
[7.519s] -- Symlinking: /home/dgx_allex_one/allex2head/install/orbbec_camera_msgs/lib/python3.12/site-packages/orbbec_camera_msgs/msg/_metadata_s.c
[7.524s] -- Symlinking: /home/dgx_allex_one/allex2head/install/orbbec_camera_msgs/lib/python3.12/site-packages/orbbec_camera_msgs/msg/_rgbd.py
[7.530s] -- Symlinking: /home/dgx_allex_one/allex2head/install/orbbec_camera_msgs/lib/python3.12/site-packages/orbbec_camera_msgs/msg/_rgbd_s.c
[7.538s] -- Symlinking: /home/dgx_allex_one/allex2head/install/orbbec_camera_msgs/lib/python3.12/site-packages/orbbec_camera_msgs/orbbec_camera_msgs_s__rosidl_typesupport_c.so
[7.545s] -- Symlinking: /home/dgx_allex_one/allex2head/install/orbbec_camera_msgs/lib/python3.12/site-packages/orbbec_camera_msgs/orbbec_camera_msgs_s__rosidl_typesupport_fastrtps_c.so
[7.553s] -- Symlinking: /home/dgx_allex_one/allex2head/install/orbbec_camera_msgs/lib/python3.12/site-packages/orbbec_camera_msgs/orbbec_camera_msgs_s__rosidl_typesupport_introspection_c.so
[7.560s] -- Symlinking: /home/dgx_allex_one/allex2head/install/orbbec_camera_msgs/lib/python3.12/site-packages/orbbec_camera_msgs/srv/__init__.py
[7.568s] -- Symlinking: /home/dgx_allex_one/allex2head/install/orbbec_camera_msgs/lib/python3.12/site-packages/orbbec_camera_msgs/srv/_get_bool.py
[7.573s] -- Symlinking: /home/dgx_allex_one/allex2head/install/orbbec_camera_msgs/lib/python3.12/site-packages/orbbec_camera_msgs/srv/_get_bool_s.c
[7.581s] -- Symlinking: /home/dgx_allex_one/allex2head/install/orbbec_camera_msgs/lib/python3.12/site-packages/orbbec_camera_msgs/srv/_get_camera_info.py
[7.589s] -- Symlinking: /home/dgx_allex_one/allex2head/install/orbbec_camera_msgs/lib/python3.12/site-packages/orbbec_camera_msgs/srv/_get_camera_info_s.c
[7.596s] -- Symlinking: /home/dgx_allex_one/allex2head/install/orbbec_camera_msgs/lib/python3.12/site-packages/orbbec_camera_msgs/srv/_get_device_info.py
[7.603s] -- Symlinking: /home/dgx_allex_one/allex2head/install/orbbec_camera_msgs/lib/python3.12/site-packages/orbbec_camera_msgs/srv/_get_device_info_s.c
[7.611s] -- Symlinking: /home/dgx_allex_one/allex2head/install/orbbec_camera_msgs/lib/python3.12/site-packages/orbbec_camera_msgs/srv/_get_int32.py
[7.619s] -- Symlinking: /home/dgx_allex_one/allex2head/install/orbbec_camera_msgs/lib/python3.12/site-packages/orbbec_camera_msgs/srv/_get_int32_s.c
[7.626s] -- Symlinking: /home/dgx_allex_one/allex2head/install/orbbec_camera_msgs/lib/python3.12/site-packages/orbbec_camera_msgs/srv/_get_string.py
[7.632s] -- Symlinking: /home/dgx_allex_one/allex2head/install/orbbec_camera_msgs/lib/python3.12/site-packages/orbbec_camera_msgs/srv/_get_string_s.c
[7.640s] -- Symlinking: /home/dgx_allex_one/allex2head/install/orbbec_camera_msgs/lib/python3.12/site-packages/orbbec_camera_msgs/srv/_set_arrays.py
[7.647s] -- Symlinking: /home/dgx_allex_one/allex2head/install/orbbec_camera_msgs/lib/python3.12/site-packages/orbbec_camera_msgs/srv/_set_arrays_s.c
[7.655s] -- Symlinking: /home/dgx_allex_one/allex2head/install/orbbec_camera_msgs/lib/python3.12/site-packages/orbbec_camera_msgs/srv/_set_filter.py
[7.663s] -- Symlinking: /home/dgx_allex_one/allex2head/install/orbbec_camera_msgs/lib/python3.12/site-packages/orbbec_camera_msgs/srv/_set_filter_s.c
[7.670s] -- Symlinking: /home/dgx_allex_one/allex2head/install/orbbec_camera_msgs/lib/python3.12/site-packages/orbbec_camera_msgs/srv/_set_int32.py
[7.677s] -- Symlinking: /home/dgx_allex_one/allex2head/install/orbbec_camera_msgs/lib/python3.12/site-packages/orbbec_camera_msgs/srv/_set_int32_s.c
[7.685s] -- Symlinking: /home/dgx_allex_one/allex2head/install/orbbec_camera_msgs/lib/python3.12/site-packages/orbbec_camera_msgs/srv/_set_string.py
[7.689s] -- Symlinking: /home/dgx_allex_one/allex2head/install/orbbec_camera_msgs/lib/python3.12/site-packages/orbbec_camera_msgs/srv/_set_string_s.c
[7.697s] -- Up-to-date symlink: /home/dgx_allex_one/allex2head/install/orbbec_camera_msgs/lib/python3.12/site-packages/orbbec_camera_msgs/orbbec_camera_msgs_s__rosidl_typesupport_fastrtps_c.so
[7.698s] -- Up-to-date symlink: /home/dgx_allex_one/allex2head/install/orbbec_camera_msgs/lib/python3.12/site-packages/orbbec_camera_msgs/orbbec_camera_msgs_s__rosidl_typesupport_introspection_c.so
[7.698s] -- Up-to-date symlink: /home/dgx_allex_one/allex2head/install/orbbec_camera_msgs/lib/python3.12/site-packages/orbbec_camera_msgs/orbbec_camera_msgs_s__rosidl_typesupport_c.so
[7.698s] -- Symlinking: /home/dgx_allex_one/allex2head/install/orbbec_camera_msgs/share/orbbec_camera_msgs/msg/DeviceInfo.idl
[7.705s] -- Symlinking: /home/dgx_allex_one/allex2head/install/orbbec_camera_msgs/share/orbbec_camera_msgs/msg/Extrinsics.idl
[7.713s] -- Symlinking: /home/dgx_allex_one/allex2head/install/orbbec_camera_msgs/share/orbbec_camera_msgs/msg/Metadata.idl
[7.721s] -- Symlinking: /home/dgx_allex_one/allex2head/install/orbbec_camera_msgs/share/orbbec_camera_msgs/msg/IMUInfo.idl
[7.728s] -- Symlinking: /home/dgx_allex_one/allex2head/install/orbbec_camera_msgs/share/orbbec_camera_msgs/msg/RGBD.idl
[7.736s] -- Symlinking: /home/dgx_allex_one/allex2head/install/orbbec_camera_msgs/share/orbbec_camera_msgs/srv/GetBool.idl
[7.744s] -- Symlinking: /home/dgx_allex_one/allex2head/install/orbbec_camera_msgs/share/orbbec_camera_msgs/srv/GetDeviceInfo.idl
[7.752s] -- Symlinking: /home/dgx_allex_one/allex2head/install/orbbec_camera_msgs/share/orbbec_camera_msgs/srv/GetCameraInfo.idl
[7.759s] -- Symlinking: /home/dgx_allex_one/allex2head/install/orbbec_camera_msgs/share/orbbec_camera_msgs/srv/GetInt32.idl
[7.767s] -- Symlinking: /home/dgx_allex_one/allex2head/install/orbbec_camera_msgs/share/orbbec_camera_msgs/srv/GetString.idl
[7.775s] -- Symlinking: /home/dgx_allex_one/allex2head/install/orbbec_camera_msgs/share/orbbec_camera_msgs/srv/SetFilter.idl
[7.783s] -- Symlinking: /home/dgx_allex_one/allex2head/install/orbbec_camera_msgs/share/orbbec_camera_msgs/srv/SetInt32.idl
[7.790s] -- Symlinking: /home/dgx_allex_one/allex2head/install/orbbec_camera_msgs/share/orbbec_camera_msgs/srv/SetString.idl
[7.798s] -- Symlinking: /home/dgx_allex_one/allex2head/install/orbbec_camera_msgs/share/orbbec_camera_msgs/srv/SetArrays.idl
[7.804s] -- Symlinking: /home/dgx_allex_one/allex2head/install/orbbec_camera_msgs/share/orbbec_camera_msgs/msg/DeviceInfo.msg
[7.812s] -- Symlinking: /home/dgx_allex_one/allex2head/install/orbbec_camera_msgs/share/orbbec_camera_msgs/msg/Extrinsics.msg
[7.820s] -- Symlinking: /home/dgx_allex_one/allex2head/install/orbbec_camera_msgs/share/orbbec_camera_msgs/msg/Metadata.msg
[7.827s] -- Symlinking: /home/dgx_allex_one/allex2head/install/orbbec_camera_msgs/share/orbbec_camera_msgs/msg/IMUInfo.msg
[7.834s] -- Symlinking: /home/dgx_allex_one/allex2head/install/orbbec_camera_msgs/share/orbbec_camera_msgs/msg/RGBD.msg
[7.840s] -- Symlinking: /home/dgx_allex_one/allex2head/install/orbbec_camera_msgs/share/orbbec_camera_msgs/srv/GetBool.srv
[7.848s] -- Symlinking: /home/dgx_allex_one/allex2head/install/orbbec_camera_msgs/share/orbbec_camera_msgs/srv/GetDeviceInfo.srv
[7.855s] -- Symlinking: /home/dgx_allex_one/allex2head/install/orbbec_camera_msgs/share/orbbec_camera_msgs/srv/GetCameraInfo.srv
[7.863s] -- Symlinking: /home/dgx_allex_one/allex2head/install/orbbec_camera_msgs/share/orbbec_camera_msgs/srv/GetInt32.srv
[7.870s] -- Symlinking: /home/dgx_allex_one/allex2head/install/orbbec_camera_msgs/share/orbbec_camera_msgs/srv/GetString.srv
[7.878s] -- Symlinking: /home/dgx_allex_one/allex2head/install/orbbec_camera_msgs/share/orbbec_camera_msgs/srv/SetFilter.srv
[7.886s] -- Symlinking: /home/dgx_allex_one/allex2head/install/orbbec_camera_msgs/share/orbbec_camera_msgs/srv/SetInt32.srv
[7.893s] -- Symlinking: /home/dgx_allex_one/allex2head/install/orbbec_camera_msgs/share/orbbec_camera_msgs/srv/SetString.srv
[7.901s] -- Symlinking: /home/dgx_allex_one/allex2head/install/orbbec_camera_msgs/share/orbbec_camera_msgs/srv/SetArrays.srv
[7.906s] -- Symlinking: /home/dgx_allex_one/allex2head/install/orbbec_camera_msgs/share/ament_index/resource_index/package_run_dependencies/orbbec_camera_msgs
[7.915s] -- Symlinking: /home/dgx_allex_one/allex2head/install/orbbec_camera_msgs/share/ament_index/resource_index/parent_prefix_path/orbbec_camera_msgs
[7.922s] -- Symlinking: /home/dgx_allex_one/allex2head/install/orbbec_camera_msgs/share/orbbec_camera_msgs/environment/ament_prefix_path.sh
[7.930s] -- Symlinking: /home/dgx_allex_one/allex2head/install/orbbec_camera_msgs/share/orbbec_camera_msgs/environment/ament_prefix_path.dsv
[7.937s] -- Symlinking: /home/dgx_allex_one/allex2head/install/orbbec_camera_msgs/share/orbbec_camera_msgs/environment/path.sh
[7.944s] -- Symlinking: /home/dgx_allex_one/allex2head/install/orbbec_camera_msgs/share/orbbec_camera_msgs/environment/path.dsv
[7.952s] -- Symlinking: /home/dgx_allex_one/allex2head/install/orbbec_camera_msgs/share/orbbec_camera_msgs/local_setup.bash
[7.960s] -- Symlinking: /home/dgx_allex_one/allex2head/install/orbbec_camera_msgs/share/orbbec_camera_msgs/local_setup.sh
[7.967s] -- Symlinking: /home/dgx_allex_one/allex2head/install/orbbec_camera_msgs/share/orbbec_camera_msgs/local_setup.zsh
[7.971s] -- Symlinking: /home/dgx_allex_one/allex2head/install/orbbec_camera_msgs/share/orbbec_camera_msgs/local_setup.dsv
[7.976s] -- Symlinking: /home/dgx_allex_one/allex2head/install/orbbec_camera_msgs/share/orbbec_camera_msgs/package.dsv
[7.980s] -- Symlinking: /home/dgx_allex_one/allex2head/install/orbbec_camera_msgs/share/ament_index/resource_index/packages/orbbec_camera_msgs
[7.984s] -- Symlinking: /home/dgx_allex_one/allex2head/install/orbbec_camera_msgs/share/orbbec_camera_msgs/cmake/rosidl_cmake-extras.cmake
[7.989s] -- Symlinking: /home/dgx_allex_one/allex2head/install/orbbec_camera_msgs/share/orbbec_camera_msgs/cmake/ament_cmake_export_dependencies-extras.cmake
[7.993s] -- Symlinking: /home/dgx_allex_one/allex2head/install/orbbec_camera_msgs/share/orbbec_camera_msgs/cmake/ament_cmake_export_include_directories-extras.cmake
[8.000s] -- Symlinking: /home/dgx_allex_one/allex2head/install/orbbec_camera_msgs/share/orbbec_camera_msgs/cmake/ament_cmake_export_libraries-extras.cmake
[8.005s] -- Symlinking: /home/dgx_allex_one/allex2head/install/orbbec_camera_msgs/share/orbbec_camera_msgs/cmake/ament_cmake_export_targets-extras.cmake
[8.009s] -- Symlinking: /home/dgx_allex_one/allex2head/install/orbbec_camera_msgs/share/orbbec_camera_msgs/cmake/rosidl_cmake_export_typesupport_targets-extras.cmake
[8.016s] -- Symlinking: /home/dgx_allex_one/allex2head/install/orbbec_camera_msgs/share/orbbec_camera_msgs/cmake/rosidl_cmake_export_typesupport_libraries-extras.cmake
[8.021s] -- Symlinking: /home/dgx_allex_one/allex2head/install/orbbec_camera_msgs/share/orbbec_camera_msgs/cmake/orbbec_camera_msgsConfig.cmake
[8.025s] -- Symlinking: /home/dgx_allex_one/allex2head/install/orbbec_camera_msgs/share/orbbec_camera_msgs/cmake/orbbec_camera_msgsConfig-version.cmake
[8.032s] -- Symlinking: /home/dgx_allex_one/allex2head/install/orbbec_camera_msgs/share/orbbec_camera_msgs/package.xml
[8.037s] -- Installing: /home/dgx_allex_one/allex2head/install/orbbec_camera_msgs/lib/liborbbec_camera_msgs__rosidl_generator_c.so
[8.038s] -- Set non-toolchain portion of runtime path of "/home/dgx_allex_one/allex2head/install/orbbec_camera_msgs/lib/liborbbec_camera_msgs__rosidl_generator_c.so" to ""
[8.038s] -- Installing: /home/dgx_allex_one/allex2head/install/orbbec_camera_msgs/lib/liborbbec_camera_msgs__rosidl_typesupport_fastrtps_c.so
[8.038s] -- Set non-toolchain portion of runtime path of "/home/dgx_allex_one/allex2head/install/orbbec_camera_msgs/lib/liborbbec_camera_msgs__rosidl_typesupport_fastrtps_c.so" to ""
[8.038s] -- Installing: /home/dgx_allex_one/allex2head/install/orbbec_camera_msgs/lib/liborbbec_camera_msgs__rosidl_typesupport_introspection_c.so
[8.039s] -- Set non-toolchain portion of runtime path of "/home/dgx_allex_one/allex2head/install/orbbec_camera_msgs/lib/liborbbec_camera_msgs__rosidl_typesupport_introspection_c.so" to ""
[8.039s] -- Installing: /home/dgx_allex_one/allex2head/install/orbbec_camera_msgs/lib/liborbbec_camera_msgs__rosidl_typesupport_c.so
[8.039s] -- Set non-toolchain portion of runtime path of "/home/dgx_allex_one/allex2head/install/orbbec_camera_msgs/lib/liborbbec_camera_msgs__rosidl_typesupport_c.so" to ""
[8.039s] -- Installing: /home/dgx_allex_one/allex2head/install/orbbec_camera_msgs/lib/liborbbec_camera_msgs__rosidl_typesupport_fastrtps_cpp.so
[8.040s] -- Set non-toolchain portion of runtime path of "/home/dgx_allex_one/allex2head/install/orbbec_camera_msgs/lib/liborbbec_camera_msgs__rosidl_typesupport_fastrtps_cpp.so" to ""
[8.040s] -- Installing: /home/dgx_allex_one/allex2head/install/orbbec_camera_msgs/lib/liborbbec_camera_msgs__rosidl_typesupport_introspection_cpp.so
[8.041s] -- Set non-toolchain portion of runtime path of "/home/dgx_allex_one/allex2head/install/orbbec_camera_msgs/lib/liborbbec_camera_msgs__rosidl_typesupport_introspection_cpp.so" to ""
[8.042s] -- Installing: /home/dgx_allex_one/allex2head/install/orbbec_camera_msgs/lib/liborbbec_camera_msgs__rosidl_typesupport_cpp.so
[8.042s] -- Set non-toolchain portion of runtime path of "/home/dgx_allex_one/allex2head/install/orbbec_camera_msgs/lib/liborbbec_camera_msgs__rosidl_typesupport_cpp.so" to ""
[8.091s] Listing '/home/dgx_allex_one/allex2head/install/orbbec_camera_msgs/lib/python3.12/site-packages/orbbec_camera_msgs'...
[8.091s] Compiling '/home/dgx_allex_one/allex2head/install/orbbec_camera_msgs/lib/python3.12/site-packages/orbbec_camera_msgs/__init__.py'...
[8.091s] Listing '/home/dgx_allex_one/allex2head/install/orbbec_camera_msgs/lib/python3.12/site-packages/orbbec_camera_msgs/msg'...
[8.091s] Compiling '/home/dgx_allex_one/allex2head/install/orbbec_camera_msgs/lib/python3.12/site-packages/orbbec_camera_msgs/msg/__init__.py'...
[8.091s] Compiling '/home/dgx_allex_one/allex2head/install/orbbec_camera_msgs/lib/python3.12/site-packages/orbbec_camera_msgs/msg/_device_info.py'...
[8.091s] Compiling '/home/dgx_allex_one/allex2head/install/orbbec_camera_msgs/lib/python3.12/site-packages/orbbec_camera_msgs/msg/_extrinsics.py'...
[8.091s] Compiling '/home/dgx_allex_one/allex2head/install/orbbec_camera_msgs/lib/python3.12/site-packages/orbbec_camera_msgs/msg/_imu_info.py'...
[8.091s] Compiling '/home/dgx_allex_one/allex2head/install/orbbec_camera_msgs/lib/python3.12/site-packages/orbbec_camera_msgs/msg/_metadata.py'...
[8.091s] Compiling '/home/dgx_allex_one/allex2head/install/orbbec_camera_msgs/lib/python3.12/site-packages/orbbec_camera_msgs/msg/_rgbd.py'...
[8.091s] Listing '/home/dgx_allex_one/allex2head/install/orbbec_camera_msgs/lib/python3.12/site-packages/orbbec_camera_msgs/srv'...
[8.091s] Compiling '/home/dgx_allex_one/allex2head/install/orbbec_camera_msgs/lib/python3.12/site-packages/orbbec_camera_msgs/srv/__init__.py'...
[8.091s] Compiling '/home/dgx_allex_one/allex2head/install/orbbec_camera_msgs/lib/python3.12/site-packages/orbbec_camera_msgs/srv/_get_bool.py'...
[8.091s] Compiling '/home/dgx_allex_one/allex2head/install/orbbec_camera_msgs/lib/python3.12/site-packages/orbbec_camera_msgs/srv/_get_camera_info.py'...
[8.091s] Compiling '/home/dgx_allex_one/allex2head/install/orbbec_camera_msgs/lib/python3.12/site-packages/orbbec_camera_msgs/srv/_get_device_info.py'...
[8.091s] Compiling '/home/dgx_allex_one/allex2head/install/orbbec_camera_msgs/lib/python3.12/site-packages/orbbec_camera_msgs/srv/_get_int32.py'...
[8.091s] Compiling '/home/dgx_allex_one/allex2head/install/orbbec_camera_msgs/lib/python3.12/site-packages/orbbec_camera_msgs/srv/_get_string.py'...
[8.091s] Compiling '/home/dgx_allex_one/allex2head/install/orbbec_camera_msgs/lib/python3.12/site-packages/orbbec_camera_msgs/srv/_set_arrays.py'...
[8.091s] Compiling '/home/dgx_allex_one/allex2head/install/orbbec_camera_msgs/lib/python3.12/site-packages/orbbec_camera_msgs/srv/_set_filter.py'...
[8.092s] Compiling '/home/dgx_allex_one/allex2head/install/orbbec_camera_msgs/lib/python3.12/site-packages/orbbec_camera_msgs/srv/_set_int32.py'...
[8.092s] Compiling '/home/dgx_allex_one/allex2head/install/orbbec_camera_msgs/lib/python3.12/site-packages/orbbec_camera_msgs/srv/_set_string.py'...
[8.094s] -- Installing: /home/dgx_allex_one/allex2head/install/orbbec_camera_msgs/lib/liborbbec_camera_msgs__rosidl_generator_py.so
[8.095s] -- Set non-toolchain portion of runtime path of "/home/dgx_allex_one/allex2head/install/orbbec_camera_msgs/lib/liborbbec_camera_msgs__rosidl_generator_py.so" to ""
[8.095s] -- Installing: /home/dgx_allex_one/allex2head/install/orbbec_camera_msgs/share/orbbec_camera_msgs/cmake/export_orbbec_camera_msgs__rosidl_generator_cExport.cmake
[8.095s] -- Installing: /home/dgx_allex_one/allex2head/install/orbbec_camera_msgs/share/orbbec_camera_msgs/cmake/export_orbbec_camera_msgs__rosidl_generator_cExport-noconfig.cmake
[8.095s] -- Installing: /home/dgx_allex_one/allex2head/install/orbbec_camera_msgs/share/orbbec_camera_msgs/cmake/export_orbbec_camera_msgs__rosidl_typesupport_fastrtps_cExport.cmake
[8.095s] -- Installing: /home/dgx_allex_one/allex2head/install/orbbec_camera_msgs/share/orbbec_camera_msgs/cmake/export_orbbec_camera_msgs__rosidl_typesupport_fastrtps_cExport-noconfig.cmake
[8.095s] -- Installing: /home/dgx_allex_one/allex2head/install/orbbec_camera_msgs/share/orbbec_camera_msgs/cmake/orbbec_camera_msgs__rosidl_typesupport_introspection_cExport.cmake
[8.096s] -- Installing: /home/dgx_allex_one/allex2head/install/orbbec_camera_msgs/share/orbbec_camera_msgs/cmake/orbbec_camera_msgs__rosidl_typesupport_introspection_cExport-noconfig.cmake
[8.096s] -- Installing: /home/dgx_allex_one/allex2head/install/orbbec_camera_msgs/share/orbbec_camera_msgs/cmake/orbbec_camera_msgs__rosidl_typesupport_cExport.cmake
[8.096s] -- Installing: /home/dgx_allex_one/allex2head/install/orbbec_camera_msgs/share/orbbec_camera_msgs/cmake/orbbec_camera_msgs__rosidl_typesupport_cExport-noconfig.cmake
[8.096s] -- Installing: /home/dgx_allex_one/allex2head/install/orbbec_camera_msgs/share/orbbec_camera_msgs/cmake/export_orbbec_camera_msgs__rosidl_generator_cppExport.cmake
[8.096s] -- Installing: /home/dgx_allex_one/allex2head/install/orbbec_camera_msgs/share/orbbec_camera_msgs/cmake/export_orbbec_camera_msgs__rosidl_typesupport_fastrtps_cppExport.cmake
[8.096s] -- Installing: /home/dgx_allex_one/allex2head/install/orbbec_camera_msgs/share/orbbec_camera_msgs/cmake/export_orbbec_camera_msgs__rosidl_typesupport_fastrtps_cppExport-noconfig.cmake
[8.096s] -- Installing: /home/dgx_allex_one/allex2head/install/orbbec_camera_msgs/share/orbbec_camera_msgs/cmake/orbbec_camera_msgs__rosidl_typesupport_introspection_cppExport.cmake
[8.096s] -- Installing: /home/dgx_allex_one/allex2head/install/orbbec_camera_msgs/share/orbbec_camera_msgs/cmake/orbbec_camera_msgs__rosidl_typesupport_introspection_cppExport-noconfig.cmake
[8.096s] -- Installing: /home/dgx_allex_one/allex2head/install/orbbec_camera_msgs/share/orbbec_camera_msgs/cmake/orbbec_camera_msgs__rosidl_typesupport_cppExport.cmake
[8.096s] -- Installing: /home/dgx_allex_one/allex2head/install/orbbec_camera_msgs/share/orbbec_camera_msgs/cmake/orbbec_camera_msgs__rosidl_typesupport_cppExport-noconfig.cmake
[8.096s] -- Installing: /home/dgx_allex_one/allex2head/install/orbbec_camera_msgs/share/orbbec_camera_msgs/cmake/export_orbbec_camera_msgs__rosidl_generator_pyExport.cmake
[8.097s] -- Installing: /home/dgx_allex_one/allex2head/install/orbbec_camera_msgs/share/orbbec_camera_msgs/cmake/export_orbbec_camera_msgs__rosidl_generator_pyExport-noconfig.cmake
[8.099s] Invoked command in '/home/dgx_allex_one/allex2head/build/orbbec_camera_msgs' returned '0': CMAKE_PREFIX_PATH=${CMAKE_PREFIX_PATH}:/home/dgx_allex_one/allex2head/install/camera_node:/opt/ros/jazzy DEBUGINFOD_URLS=https://debuginfod.ubuntu.com /usr/bin/cmake --install /home/dgx_allex_one/allex2head/build/orbbec_camera_msgs
