[0.007s] Invoking command in '/home/dgx_allex_one/allex2head/build/orbbec_camera_msgs': CMAKE_PREFIX_PATH=${CMAKE_PREFIX_PATH}:/opt/ros/jazzy CONDA_PROMPT_MODIFIER=(allex_camera) DEBUGINFOD_URLS=https://debuginfod.ubuntu.com /usr/bin/cmake /home/dgx_allex_one/allex2head/src/OrbbecSDK_ROS2/orbbec_camera_msgs -DAMENT_CMAKE_SYMLINK_INSTALL=1 -DCMAKE_INSTALL_PREFIX=/home/dgx_allex_one/allex2head/install/orbbec_camera_msgs
[0.183s] -- Found ament_cmake: 2.5.4 (/opt/ros/jazzy/share/ament_cmake/cmake)
[0.183s] -- Override CMake install command with custom implementation using symlinks instead of copying resources
[0.183s] -- Found rosidl_default_generators: 1.6.0 (/opt/ros/jazzy/share/rosidl_default_generators/cmake)
[0.183s] -- Using all available rosidl_typesupport_c: rosidl_typesupport_fastrtps_c;rosidl_typesupport_introspection_c
[0.183s] -- Using all available rosidl_typesupport_cpp: rosidl_typesupport_fastrtps_cpp;rosidl_typesupport_introspection_cpp
[0.183s] -- Found rosidl_adapter: 4.6.6 (/opt/ros/jazzy/share/rosidl_adapter/cmake)
[0.183s] -- Found sensor_msgs: 5.3.6 (/opt/ros/jazzy/share/sensor_msgs/cmake)
[0.253s] [31mCMake Error at /opt/ros/jazzy/share/rosidl_adapter/cmake/rosidl_adapt_interfaces.cmake:57 (message):
[0.253s]   
[0.253s]   execute_process(/home/dgx_allex_one/miniconda3/envs/allex_camera/bin/python3
[0.253s]   -m rosidl_adapter --package-name orbbec_camera_msgs --arguments-file
[0.253s]   /home/dgx_allex_one/allex2head/build/orbbec_camera_msgs/rosidl_adapter__arguments__orbbec_camera_msgs.json
[0.253s]   --output-dir
[0.253s]   /home/dgx_allex_one/allex2head/build/orbbec_camera_msgs/rosidl_adapter/orbbec_camera_msgs
[0.253s]   --output-file
[0.253s]   /home/dgx_allex_one/allex2head/build/orbbec_camera_msgs/rosidl_adapter/orbbec_camera_msgs.idls)
[0.253s]   returned error code 1:
[0.253s] 
[0.253s]   AttributeError processing template 'msg.idl.em'
[0.253s] 
[0.253s]   Traceback (most recent call last):
[0.253s] 
[0.253s]     File "/home/dgx_allex_one/miniconda3/envs/allex_camera/lib/python3.10/runpy.py", line 196, in _run_module_as_main
[0.253s]       return _run_code(code, main_globals, None,
[0.253s]     File "/home/dgx_allex_one/miniconda3/envs/allex_camera/lib/python3.10/runpy.py", line 86, in _run_code
[0.253s]       exec(code, run_globals)
[0.253s]     File "/opt/ros/jazzy/lib/python3.12/site-packages/rosidl_adapter/__main__.py", line 19, in <module>
[0.253s]       sys.exit(main())
[0.253s]     File "/opt/ros/jazzy/lib/python3.12/site-packages/rosidl_adapter/main.py", line 53, in main
[0.253s]       abs_idl_file = convert_to_idl(
[0.253s]     File "/opt/ros/jazzy/lib/python3.12/site-packages/rosidl_adapter/__init__.py", line 19, in convert_to_idl
[0.253s]       return convert_msg_to_idl(
[0.253s]     File "/opt/ros/jazzy/lib/python3.12/site-packages/rosidl_adapter/msg/__init__.py", line 39, in convert_msg_to_idl
[0.253s]       expand_template('msg.idl.em', data, output_file, encoding='iso-8859-1')
[0.253s]     File "/opt/ros/jazzy/lib/python3.12/site-packages/rosidl_adapter/resource/__init__.py", line 29, in expand_template
[0.253s]       content = evaluate_template(template_name, data)
[0.254s]     File "/opt/ros/jazzy/lib/python3.12/site-packages/rosidl_adapter/resource/__init__.py", line 65, in evaluate_template
[0.254s]       _interpreter = em.Interpreter(
[0.254s] 
[0.254s]   AttributeError: module 'em' has no attribute 'Interpreter'
[0.254s] 
[0.254s] Call Stack (most recent call first):
[0.254s]   /opt/ros/jazzy/share/rosidl_cmake/cmake/rosidl_generate_interfaces.cmake:132 (rosidl_adapt_interfaces)
[0.254s]   CMakeLists.txt:17 (rosidl_generate_interfaces)
[0.254s] 
[0.254s] [0m
[0.254s] -- Configuring incomplete, errors occurred!
[0.259s] Invoked command in '/home/dgx_allex_one/allex2head/build/orbbec_camera_msgs' returned '1': CMAKE_PREFIX_PATH=${CMAKE_PREFIX_PATH}:/opt/ros/jazzy CONDA_PROMPT_MODIFIER=(allex_camera) DEBUGINFOD_URLS=https://debuginfod.ubuntu.com /usr/bin/cmake /home/dgx_allex_one/allex2head/src/OrbbecSDK_ROS2/orbbec_camera_msgs -DAMENT_CMAKE_SYMLINK_INSTALL=1 -DCMAKE_INSTALL_PREFIX=/home/dgx_allex_one/allex2head/install/orbbec_camera_msgs
