-- The C compiler identification is GNU 13.3.0
-- The CXX compiler identification is GNU 13.3.0
-- Detecting C compiler ABI info
-- Detecting C compiler ABI info - done
-- Check for working C compiler: /usr/bin/cc - skipped
-- Detecting C compile features
-- Detecting C compile features - done
-- Detecting CXX compiler ABI info
-- Detecting CXX compiler ABI info - done
-- Check for working CXX compiler: /usr/bin/c++ - skipped
-- Detecting CXX compile features
-- Detecting CXX compile features - done
-- Found ament_cmake: 2.5.4 (/opt/ros/jazzy/share/ament_cmake/cmake)
-- Found Python3: /usr/bin/python3 (found version "3.12.3") found components: Interpreter 
-- Override CMake install command with custom implementation using symlinks instead of copying resources
-- Found ament_index_cpp: 1.8.1 (/opt/ros/jazzy/share/ament_index_cpp/cmake)
-- Found builtin_interfaces: 2.0.3 (/opt/ros/jazzy/share/builtin_interfaces/cmake)
-- Found rosidl_generator_c: 4.6.6 (/opt/ros/jazzy/share/rosidl_generator_c/cmake)
-- Found rosidl_generator_cpp: 4.6.6 (/opt/ros/jazzy/share/rosidl_generator_cpp/cmake)
-- Using all available rosidl_typesupport_c: rosidl_typesupport_fastrtps_c;rosidl_typesupport_introspection_c
-- Using all available rosidl_typesupport_cpp: rosidl_typesupport_fastrtps_cpp;rosidl_typesupport_introspection_cpp
-- Found cv_bridge: 4.1.0 (/opt/ros/jazzy/share/cv_bridge/cmake)
-- Found rmw_implementation_cmake: 7.3.2 (/opt/ros/jazzy/share/rmw_implementation_cmake/cmake)
-- Found rmw_fastrtps_cpp: 8.4.3 (/opt/ros/jazzy/share/rmw_fastrtps_cpp/cmake)
-- Found OpenSSL: /usr/lib/aarch64-linux-gnu/libcrypto.so (found version "3.0.13")  
-- Found FastRTPS: /opt/ros/jazzy/include (Required is at least version "2.13") 
-- Using RMW implementation 'rmw_fastrtps_cpp' as default
-- Found camera_info_manager: 5.1.7 (/opt/ros/jazzy/share/camera_info_manager/cmake)
-- Setting yaml-cpp_DIR to: '/opt/ros/jazzy/share/yaml_cpp_vendor/cmake/../../../opt/yaml_cpp_vendor/share/cmake/yaml-cpp'
-- Found image_transport: 5.1.7 (/opt/ros/jazzy/share/image_transport/cmake)
-- Found image_publisher: 5.0.11 (/opt/ros/jazzy/share/image_publisher/cmake)
-- Found OpenCV: /usr (found version "4.6.0") 
-- Found orbbec_camera_msgs: 1.2.2 (/home/dgx_allex_one/allex2head/install/orbbec_camera_msgs/share/orbbec_camera_msgs/cmake)
-- Found std_srvs: 5.3.6 (/opt/ros/jazzy/share/std_srvs/cmake)
-- Found tf2: 0.36.16 (/opt/ros/jazzy/share/tf2/cmake)
-- Found tf2_msgs: 0.36.16 (/opt/ros/jazzy/share/tf2_msgs/cmake)
-- Found tf2_ros: 0.36.16 (/opt/ros/jazzy/share/tf2_ros/cmake)
-- Found tf2_sensor_msgs: 0.36.16 (/opt/ros/jazzy/share/tf2_sensor_msgs/cmake)
-- Performing Test CMAKE_HAVE_LIBC_PTHREAD
-- Performing Test CMAKE_HAVE_LIBC_PTHREAD - Success
-- Found Threads: TRUE  
-- Found diagnostic_updater: 4.2.6 (/opt/ros/jazzy/share/diagnostic_updater/cmake)
-- Found PkgConfig: /usr/bin/pkg-config (found version "1.8.1") 
-- ORRBEC Machine : aarch64

-- ORRBEC Machine Bits : 64

-- Found ament_lint_auto: 0.17.3 (/opt/ros/jazzy/share/ament_lint_auto/cmake)
-- Configuring done (1.1s)
-- Generating done (0.1s)
-- Build files have been written to: /home/dgx_allex_one/allex2head/build/orbbec_camera
[  6%] [32mBuilding CXX object CMakeFiles/orbbec_camera_node.dir/rclcpp_components/node_main_orbbec_camera_node.cpp.o[0m
[  6%] [32mBuilding CXX object CMakeFiles/orbbec_camera.dir/src/ob_camera_node.cpp.o[0m
[  9%] [32mBuilding CXX object CMakeFiles/orbbec_camera.dir/src/ros_service.cpp.o[0m
[ 15%] [32mBuilding CXX object CMakeFiles/orbbec_camera.dir/src/image_publisher.cpp.o[0m
[ 15%] [32mBuilding CXX object CMakeFiles/frame_latency.dir/tools/frame_latency.cpp.o[0m
[ 21%] [32mBuilding CXX object CMakeFiles/orbbec_camera.dir/src/utils.cpp.o[0m
[ 21%] [32mBuilding CXX object CMakeFiles/multi_save_rgbir_node.dir/rclcpp_components/node_main_multi_save_rgbir_node.cpp.o[0m
[ 25%] [32mBuilding CXX object CMakeFiles/orbbec_camera.dir/src/jpeg_decoder.cpp.o[0m
[ 28%] [32mBuilding CXX object CMakeFiles/multi_save_rgbir.dir/tools/multi_save_rgbir.cpp.o[0m
[ 31%] [32mBuilding CXX object CMakeFiles/orbbec_camera.dir/src/d2c_viewer.cpp.o[0m
[ 34%] [32mBuilding CXX object CMakeFiles/orbbec_camera.dir/src/dynamic_params.cpp.o[0m
[ 37%] [32mBuilding CXX object CMakeFiles/orbbec_camera.dir/src/ob_camera_node_driver.cpp.o[0m
[ 40%] [32mBuilding CXX object CMakeFiles/orbbec_camera.dir/src/ros_param_backend.cpp.o[0m
[ 43%] [32mBuilding CXX object CMakeFiles/orbbec_camera.dir/src/synced_imu_publisher.cpp.o[0m
[ 46%] [32mBuilding CXX object CMakeFiles/multi_save_rgbir.dir/src/utils.cpp.o[0m
[ 50%] [32mBuilding CXX object CMakeFiles/start_benchmark_node.dir/rclcpp_components/node_main_start_benchmark_node.cpp.o[0m
[ 53%] [32mBuilding CXX object CMakeFiles/frame_latency_node.dir/rclcpp_components/node_main_frame_latency_node.cpp.o[0m
[ 56%] [32mBuilding CXX object CMakeFiles/start_benchmark.dir/tools/start_benchmark.cpp.o[0m
[ 59%] [32m[1mLinking CXX executable frame_latency_node[0m
[ 62%] [32m[1mLinking CXX executable multi_save_rgbir_node[0m
[ 65%] [32m[1mLinking CXX executable start_benchmark_node[0m
[ 68%] [32m[1mLinking CXX executable orbbec_camera_node[0m
[ 68%] Built target frame_latency_node
[ 68%] Built target multi_save_rgbir_node
[ 68%] Built target start_benchmark_node
[ 68%] Built target orbbec_camera_node
[ 71%] [32m[1mLinking CXX shared library libstart_benchmark.so[0m
[ 71%] Built target start_benchmark
[ 75%] [32m[1mLinking CXX shared library libmulti_save_rgbir.so[0m
[ 75%] Built target multi_save_rgbir
[ 78%] [32m[1mLinking CXX shared library libframe_latency.so[0m
[ 78%] Built target frame_latency
[ 81%] [32m[1mLinking CXX shared library liborbbec_camera.so[0m
[ 81%] Built target orbbec_camera
[ 84%] [32mBuilding CXX object CMakeFiles/topic_statistics_node.dir/tools/topic_statistics.cpp.o[0m
[ 87%] [32mBuilding CXX object CMakeFiles/ob_benchmark_node.dir/tools/ob_benchmark.cpp.o[0m
[ 90%] [32mBuilding CXX object CMakeFiles/list_depth_work_mode_node.dir/tools/list_depth_work_mode.cpp.o[0m
[ 93%] [32m[1mLinking CXX executable list_depth_work_mode_node[0m
[ 93%] Built target list_depth_work_mode_node
[ 96%] [32m[1mLinking CXX executable topic_statistics_node[0m
[ 96%] Built target topic_statistics_node
[100%] [32m[1mLinking CXX executable ob_benchmark_node[0m
[100%] Built target ob_benchmark_node
-- Install configuration: ""
-- Execute custom install script
-- Symlinking: /home/dgx_allex_one/allex2head/install/orbbec_camera/lib/orbbec_camera/orbbec_camera_node
-- Symlinking: /home/dgx_allex_one/allex2head/install/orbbec_camera/lib/orbbec_camera/frame_latency_node
-- Symlinking: /home/dgx_allex_one/allex2head/install/orbbec_camera/lib/orbbec_camera/start_benchmark_node
-- Symlinking: /home/dgx_allex_one/allex2head/install/orbbec_camera/lib/orbbec_camera/multi_save_rgbir_node
-- Symlinking: /home/dgx_allex_one/allex2head/install/orbbec_camera/lib/liborbbec_camera.so
-- Symlinking: /home/dgx_allex_one/allex2head/install/orbbec_camera/lib/libframe_latency.so
-- Symlinking: /home/dgx_allex_one/allex2head/install/orbbec_camera/lib/libstart_benchmark.so
-- Symlinking: /home/dgx_allex_one/allex2head/install/orbbec_camera/lib/libmulti_save_rgbir.so
-- Symlinking: /home/dgx_allex_one/allex2head/install/orbbec_camera/include/magic_enum/magic_enum.hpp
-- Symlinking: /home/dgx_allex_one/allex2head/install/orbbec_camera/include/orbbec_camera/constants.h
-- Symlinking: /home/dgx_allex_one/allex2head/install/orbbec_camera/include/orbbec_camera/d2c_viewer.h
-- Symlinking: /home/dgx_allex_one/allex2head/install/orbbec_camera/include/orbbec_camera/dynamic_params.h
-- Symlinking: /home/dgx_allex_one/allex2head/install/orbbec_camera/include/orbbec_camera/fps_counter.hpp
-- Symlinking: /home/dgx_allex_one/allex2head/install/orbbec_camera/include/orbbec_camera/image_publisher.h
-- Symlinking: /home/dgx_allex_one/allex2head/install/orbbec_camera/include/orbbec_camera/jetson_nv_decoder.h
-- Symlinking: /home/dgx_allex_one/allex2head/install/orbbec_camera/include/orbbec_camera/jpeg_decoder.h
-- Symlinking: /home/dgx_allex_one/allex2head/install/orbbec_camera/include/orbbec_camera/ob_camera_node.h
-- Symlinking: /home/dgx_allex_one/allex2head/install/orbbec_camera/include/orbbec_camera/ob_camera_node_driver.h
-- Symlinking: /home/dgx_allex_one/allex2head/install/orbbec_camera/include/orbbec_camera/rk_mpp_decoder.h
-- Symlinking: /home/dgx_allex_one/allex2head/install/orbbec_camera/include/orbbec_camera/ros_param_backend.h
-- Symlinking: /home/dgx_allex_one/allex2head/install/orbbec_camera/include/orbbec_camera/synced_imu_publisher.h
-- Symlinking: /home/dgx_allex_one/allex2head/install/orbbec_camera/include/orbbec_camera/utils.h
-- Symlinking: /home/dgx_allex_one/allex2head/install/orbbec_camera/share/orbbec_camera//launch/astra2.launch.py
-- Symlinking: /home/dgx_allex_one/allex2head/install/orbbec_camera/share/orbbec_camera//launch/dabai_a.launch.py
-- Symlinking: /home/dgx_allex_one/allex2head/install/orbbec_camera/share/orbbec_camera//launch/dabai_al.launch.py
-- Symlinking: /home/dgx_allex_one/allex2head/install/orbbec_camera/share/orbbec_camera//launch/femto.launch.py
-- Symlinking: /home/dgx_allex_one/allex2head/install/orbbec_camera/share/orbbec_camera//launch/femto_bolt.launch.py
-- Symlinking: /home/dgx_allex_one/allex2head/install/orbbec_camera/share/orbbec_camera//launch/femto_mega.launch.py
-- Symlinking: /home/dgx_allex_one/allex2head/install/orbbec_camera/share/orbbec_camera//launch/gemini2.launch.py
-- Symlinking: /home/dgx_allex_one/allex2head/install/orbbec_camera/share/orbbec_camera//launch/gemini210.launch.py
-- Symlinking: /home/dgx_allex_one/allex2head/install/orbbec_camera/share/orbbec_camera//launch/gemini2L.launch.py
-- Symlinking: /home/dgx_allex_one/allex2head/install/orbbec_camera/share/orbbec_camera//launch/gemini435_le.launch.py
-- Symlinking: /home/dgx_allex_one/allex2head/install/orbbec_camera/share/orbbec_camera//launch/gemini_330_series.launch.py
-- Symlinking: /home/dgx_allex_one/allex2head/install/orbbec_camera/share/orbbec_camera//launch/gemini_intra_process_demo_launch.py
-- Symlinking: /home/dgx_allex_one/allex2head/install/orbbec_camera/share/orbbec_camera//launch/multi_camera.launch.py
-- Symlinking: /home/dgx_allex_one/allex2head/install/orbbec_camera/share/orbbec_camera//launch/multi_camera_synced.launch.py
-- Symlinking: /home/dgx_allex_one/allex2head/install/orbbec_camera/share/orbbec_camera//launch/orbbec_camera.launch.py
-- Symlinking: /home/dgx_allex_one/allex2head/install/orbbec_camera/share/orbbec_camera//launch/orbbec_multicamera.launch.py
-- Symlinking: /home/dgx_allex_one/allex2head/install/orbbec_camera/share/orbbec_camera//launch/utils_yaml.py
-- Symlinking: /home/dgx_allex_one/allex2head/install/orbbec_camera/share/orbbec_camera//config/.gitkeep
-- Symlinking: /home/dgx_allex_one/allex2head/install/orbbec_camera/share/orbbec_camera//config/OrbbecSDKConfig_v2.0.xml
-- Symlinking: /home/dgx_allex_one/allex2head/install/orbbec_camera/share/orbbec_camera//config/astra2.yaml
-- Symlinking: /home/dgx_allex_one/allex2head/install/orbbec_camera/share/orbbec_camera//config/camera_params.yaml
-- Symlinking: /home/dgx_allex_one/allex2head/install/orbbec_camera/share/orbbec_camera//config/camera_secondary_params.yaml
-- Symlinking: /home/dgx_allex_one/allex2head/install/orbbec_camera/share/orbbec_camera//config/common.yaml
-- Symlinking: /home/dgx_allex_one/allex2head/install/orbbec_camera/share/orbbec_camera//config/depthfilter/Gemini2_v1.7.json
-- Symlinking: /home/dgx_allex_one/allex2head/install/orbbec_camera/share/orbbec_camera//config/depthfilter/Openni_device.json
-- Symlinking: /home/dgx_allex_one/allex2head/install/orbbec_camera/share/orbbec_camera//config/femto.yaml
-- Symlinking: /home/dgx_allex_one/allex2head/install/orbbec_camera/share/orbbec_camera//config/femto_bolt.yaml
-- Symlinking: /home/dgx_allex_one/allex2head/install/orbbec_camera/share/orbbec_camera//config/femto_mega.yaml
-- Symlinking: /home/dgx_allex_one/allex2head/install/orbbec_camera/share/orbbec_camera//config/gemini2.yaml
-- Symlinking: /home/dgx_allex_one/allex2head/install/orbbec_camera/share/orbbec_camera//config/gemini2L.yaml
-- Symlinking: /home/dgx_allex_one/allex2head/install/orbbec_camera/share/orbbec_camera//config/gemini330Lg_series.yaml
-- Symlinking: /home/dgx_allex_one/allex2head/install/orbbec_camera/share/orbbec_camera//config/gemini330_series.yaml
-- Symlinking: /home/dgx_allex_one/allex2head/install/orbbec_camera/share/orbbec_camera//config/tools/multisavergbir/multi_save_rgbir_params.json
-- Symlinking: /home/dgx_allex_one/allex2head/install/orbbec_camera/share/orbbec_camera//config/tools/startbenchmark/start_benchmark_params.json
-- Symlinking: /home/dgx_allex_one/allex2head/install/orbbec_camera/share/orbbec_camera//examples/README.MD
-- Symlinking: /home/dgx_allex_one/allex2head/install/orbbec_camera/share/orbbec_camera//examples/align_depth_color/README.MD
-- Symlinking: /home/dgx_allex_one/allex2head/install/orbbec_camera/share/orbbec_camera//examples/align_depth_color/image/image3.png
-- Symlinking: /home/dgx_allex_one/allex2head/install/orbbec_camera/share/orbbec_camera//examples/align_depth_color/image/image4.jpg
-- Symlinking: /home/dgx_allex_one/allex2head/install/orbbec_camera/share/orbbec_camera//examples/benchmark/README.MD
-- Symlinking: /home/dgx_allex_one/allex2head/install/orbbec_camera/share/orbbec_camera//examples/benchmark/gemini_330_series_benchmark.launch.py
-- Symlinking: /home/dgx_allex_one/allex2head/install/orbbec_camera/share/orbbec_camera//examples/benchmark/ob_benchmark_0.launch.py
-- Symlinking: /home/dgx_allex_one/allex2head/install/orbbec_camera/share/orbbec_camera//examples/benchmark/ob_benchmark_1.launch.py
-- Symlinking: /home/dgx_allex_one/allex2head/install/orbbec_camera/share/orbbec_camera//examples/disparity_search_offset/README.MD
-- Symlinking: /home/dgx_allex_one/allex2head/install/orbbec_camera/share/orbbec_camera//examples/disparity_search_offset/image/search_offset0.png
-- Symlinking: /home/dgx_allex_one/allex2head/install/orbbec_camera/share/orbbec_camera//examples/gmsl_camera/README.MD
-- Symlinking: /home/dgx_allex_one/allex2head/install/orbbec_camera/share/orbbec_camera//examples/gmsl_camera/gemini_330_gmsl.launch.py
-- Symlinking: /home/dgx_allex_one/allex2head/install/orbbec_camera/share/orbbec_camera//examples/gmsl_camera/multi_gmsl_camera.launch.py
-- Symlinking: /home/dgx_allex_one/allex2head/install/orbbec_camera/share/orbbec_camera//examples/gmsl_camera/multi_gmsl_camera_synced.launch.py
-- Symlinking: /home/dgx_allex_one/allex2head/install/orbbec_camera/share/orbbec_camera//examples/interleave_ae_mode/README.MD
-- Symlinking: /home/dgx_allex_one/allex2head/install/orbbec_camera/share/orbbec_camera//examples/interleave_ae_mode/image/interleave_ae0.jpeg
-- Symlinking: /home/dgx_allex_one/allex2head/install/orbbec_camera/share/orbbec_camera//examples/interleave_ae_mode/image/interleave_ae1.jpeg
-- Symlinking: /home/dgx_allex_one/allex2head/install/orbbec_camera/share/orbbec_camera//examples/lower_cpu_usage/README.MD
-- Symlinking: /home/dgx_allex_one/allex2head/install/orbbec_camera/share/orbbec_camera//examples/lower_cpu_usage/gemini_330_series_lower_cpu_usage.launch.py
-- Symlinking: /home/dgx_allex_one/allex2head/install/orbbec_camera/share/orbbec_camera//examples/lower_cpu_usage/multi_camera_lower_cpu_usage.launch.py
-- Symlinking: /home/dgx_allex_one/allex2head/install/orbbec_camera/share/orbbec_camera//examples/multi_camera/README.MD
-- Symlinking: /home/dgx_allex_one/allex2head/install/orbbec_camera/share/orbbec_camera//examples/multi_camera_synced/README.MD
-- Symlinking: /home/dgx_allex_one/allex2head/install/orbbec_camera/share/orbbec_camera//examples/multi_camera_synced/image/multi_camera_synced1.png
-- Symlinking: /home/dgx_allex_one/allex2head/install/orbbec_camera/share/orbbec_camera//examples/multi_camera_synced/image/multi_camera_synced2.png
-- Symlinking: /home/dgx_allex_one/allex2head/install/orbbec_camera/share/orbbec_camera//examples/multi_camera_synced_verification_tool/README.MD
-- Symlinking: /home/dgx_allex_one/allex2head/install/orbbec_camera/share/orbbec_camera//examples/multi_camera_synced_verification_tool/gemini_330_series_synced_verify.launch.py
-- Symlinking: /home/dgx_allex_one/allex2head/install/orbbec_camera/share/orbbec_camera//examples/multi_camera_synced_verification_tool/gemini_synced_verify.launch.py
-- Symlinking: /home/dgx_allex_one/allex2head/install/orbbec_camera/share/orbbec_camera//examples/multi_camera_synced_verification_tool/multi_camera_synced_verify.launch.py
-- Symlinking: /home/dgx_allex_one/allex2head/install/orbbec_camera/share/orbbec_camera//examples/multi_camera_synced_verification_tool/multicamera_sync/Python/Analysis_script.md
-- Symlinking: /home/dgx_allex_one/allex2head/install/orbbec_camera/share/orbbec_camera//examples/multi_camera_synced_verification_tool/multicamera_sync/Python/Config.ini
-- Symlinking: /home/dgx_allex_one/allex2head/install/orbbec_camera/share/orbbec_camera//examples/multi_camera_synced_verification_tool/multicamera_sync/Python/SyncFramesMain.py
-- Symlinking: /home/dgx_allex_one/allex2head/install/orbbec_camera/share/orbbec_camera//examples/multi_camera_synced_verification_tool/multicamera_sync/Python/script/config_frameMatch-Astra2_new.py
-- Symlinking: /home/dgx_allex_one/allex2head/install/orbbec_camera/share/orbbec_camera//examples/multi_camera_synced_verification_tool/multicamera_sync/Python/script/config_frameMatch-systemTimestamp.py
-- Symlinking: /home/dgx_allex_one/allex2head/install/orbbec_camera/share/orbbec_camera//examples/multi_camera_synced_verification_tool/multicamera_sync/Python/script/config_frameMatch.py
-- Symlinking: /home/dgx_allex_one/allex2head/install/orbbec_camera/share/orbbec_camera//examples/multi_camera_synced_verification_tool/multicamera_sync/Python/script/config_frameMatch_Gemini2VL.py
-- Symlinking: /home/dgx_allex_one/allex2head/install/orbbec_camera/share/orbbec_camera//examples/multi_camera_synced_verification_tool/multicamera_sync/Python/script/config_frameMatch_g330.py
-- Symlinking: /home/dgx_allex_one/allex2head/install/orbbec_camera/share/orbbec_camera//examples/multi_camera_synced_verification_tool/multicamera_sync/output/20250218102900/DevicesInfo.txt
-- Symlinking: /home/dgx_allex_one/allex2head/install/orbbec_camera/share/orbbec_camera//examples/multi_camera_synced_verification_tool/multicamera_sync/output/20250218102900/StreamProfileInfo.txt
-- Symlinking: /home/dgx_allex_one/allex2head/install/orbbec_camera/share/orbbec_camera//examples/multi_camera_synced_verification_tool/multicamera_sync/output/20250218102900/TotalModeFrames/SNCP1E5420006D_Index0/color_SNCP1E5420006D_Index0_g1739874543227_f0_s1739874543327_e50_d16_.jpg
-- Symlinking: /home/dgx_allex_one/allex2head/install/orbbec_camera/share/orbbec_camera//examples/multi_camera_synced_verification_tool/multicamera_sync/output/20250218102900/TotalModeFrames/SNCP1E5420006D_Index0/color_SNCP1E5420006D_Index0_g1739874543260_f1_s1739874543351_e50_d16_.jpg
-- Symlinking: /home/dgx_allex_one/allex2head/install/orbbec_camera/share/orbbec_camera//examples/multi_camera_synced_verification_tool/multicamera_sync/output/20250218102900/TotalModeFrames/SNCP1E5420006D_Index0/color_SNCP1E5420006D_Index0_g1739874543294_f2_s1739874543359_e50_d16_.jpg
-- Symlinking: /home/dgx_allex_one/allex2head/install/orbbec_camera/share/orbbec_camera//examples/multi_camera_synced_verification_tool/multicamera_sync/output/20250218102900/TotalModeFrames/SNCP1E5420006D_Index0/color_SNCP1E5420006D_Index0_g1739874543327_f3_s1739874543441_e50_d16_.jpg
-- Symlinking: /home/dgx_allex_one/allex2head/install/orbbec_camera/share/orbbec_camera//examples/multi_camera_synced_verification_tool/multicamera_sync/output/20250218102900/TotalModeFrames/SNCP1E5420006D_Index0/color_SNCP1E5420006D_Index0_g1739874543360_f4_s1739874543442_e50_d16_.jpg
-- Symlinking: /home/dgx_allex_one/allex2head/install/orbbec_camera/share/orbbec_camera//examples/multi_camera_synced_verification_tool/multicamera_sync/output/20250218102900/TotalModeFrames/SNCP1E5420006D_Index0/color_SNCP1E5420006D_Index0_g1739874543394_f5_s1739874543506_e50_d16_.jpg
-- Symlinking: /home/dgx_allex_one/allex2head/install/orbbec_camera/share/orbbec_camera//examples/multi_camera_synced_verification_tool/multicamera_sync/output/20250218102900/TotalModeFrames/SNCP1E5420006D_Index0/color_SNCP1E5420006D_Index0_g1739874543427_f6_s1739874543518_e50_d16_.jpg
-- Symlinking: /home/dgx_allex_one/allex2head/install/orbbec_camera/share/orbbec_camera//examples/multi_camera_synced_verification_tool/multicamera_sync/output/20250218102900/TotalModeFrames/SNCP1E5420006D_Index0/color_SNCP1E5420006D_Index0_g1739874543461_f7_s1739874543520_e50_d16_.jpg
-- Symlinking: /home/dgx_allex_one/allex2head/install/orbbec_camera/share/orbbec_camera//examples/multi_camera_synced_verification_tool/multicamera_sync/output/20250218102900/TotalModeFrames/SNCP1E5420006D_Index0/color_SNCP1E5420006D_Index0_g1739874543494_f8_s1739874543548_e50_d16_.jpg
-- Symlinking: /home/dgx_allex_one/allex2head/install/orbbec_camera/share/orbbec_camera//examples/multi_camera_synced_verification_tool/multicamera_sync/output/20250218102900/TotalModeFrames/SNCP1E5420006D_Index0/color_SNCP1E5420006D_Index0_g1739874543527_f9_s1739874543603_e50_d16_.jpg
-- Symlinking: /home/dgx_allex_one/allex2head/install/orbbec_camera/share/orbbec_camera//examples/multi_camera_synced_verification_tool/multicamera_sync/output/20250218102900/TotalModeFrames/SNCP1E5420006D_Index0/color_SNCP1E5420006D_Index0_g1739874543561_f10_s1739874543648_e50_d16_.jpg
-- Symlinking: /home/dgx_allex_one/allex2head/install/orbbec_camera/share/orbbec_camera//examples/multi_camera_synced_verification_tool/multicamera_sync/output/20250218102900/TotalModeFrames/SNCP1E5420006D_Index0/ir#left_SNCP1E5420006D_Index0_g1739874543227_f0_s1739874543250_e5000_d16_.jpg
-- Symlinking: /home/dgx_allex_one/allex2head/install/orbbec_camera/share/orbbec_camera//examples/multi_camera_synced_verification_tool/multicamera_sync/output/20250218102900/TotalModeFrames/SNCP1E5420006D_Index0/ir#left_SNCP1E5420006D_Index0_g1739874543260_f1_s1739874543310_e5000_d16_.jpg
-- Symlinking: /home/dgx_allex_one/allex2head/install/orbbec_camera/share/orbbec_camera//examples/multi_camera_synced_verification_tool/multicamera_sync/output/20250218102900/TotalModeFrames/SNCP1E5420006D_Index0/ir#left_SNCP1E5420006D_Index0_g1739874543294_f2_s1739874543329_e5000_d16_.jpg
-- Symlinking: /home/dgx_allex_one/allex2head/install/orbbec_camera/share/orbbec_camera//examples/multi_camera_synced_verification_tool/multicamera_sync/output/20250218102900/TotalModeFrames/SNCP1E5420006D_Index0/ir#left_SNCP1E5420006D_Index0_g1739874543327_f3_s1739874543393_e5000_d16_.jpg
-- Symlinking: /home/dgx_allex_one/allex2head/install/orbbec_camera/share/orbbec_camera//examples/multi_camera_synced_verification_tool/multicamera_sync/output/20250218102900/TotalModeFrames/SNCP1E5420006D_Index0/ir#left_SNCP1E5420006D_Index0_g1739874543361_f4_s1739874543405_e5000_d16_.jpg
-- Symlinking: /home/dgx_allex_one/allex2head/install/orbbec_camera/share/orbbec_camera//examples/multi_camera_synced_verification_tool/multicamera_sync/output/20250218102900/TotalModeFrames/SNCP1E5420006D_Index0/ir#left_SNCP1E5420006D_Index0_g1739874543394_f5_s1739874543473_e5000_d16_.jpg
-- Symlinking: /home/dgx_allex_one/allex2head/install/orbbec_camera/share/orbbec_camera//examples/multi_camera_synced_verification_tool/multicamera_sync/output/20250218102900/TotalModeFrames/SNCP1E5420006D_Index0/ir#left_SNCP1E5420006D_Index0_g1739874543427_f6_s1739874543474_e5000_d16_.jpg
-- Symlinking: /home/dgx_allex_one/allex2head/install/orbbec_camera/share/orbbec_camera//examples/multi_camera_synced_verification_tool/multicamera_sync/output/20250218102900/TotalModeFrames/SNCP1E5420006D_Index0/ir#left_SNCP1E5420006D_Index0_g1739874543461_f7_s1739874543493_e5000_d16_.jpg
-- Symlinking: /home/dgx_allex_one/allex2head/install/orbbec_camera/share/orbbec_camera//examples/multi_camera_synced_verification_tool/multicamera_sync/output/20250218102900/TotalModeFrames/SNCP1E5420006D_Index0/ir#left_SNCP1E5420006D_Index0_g1739874543494_f8_s1739874543528_e5000_d16_.jpg
-- Symlinking: /home/dgx_allex_one/allex2head/install/orbbec_camera/share/orbbec_camera//examples/multi_camera_synced_verification_tool/multicamera_sync/output/20250218102900/TotalModeFrames/SNCP1E5420006D_Index0/ir#left_SNCP1E5420006D_Index0_g1739874543527_f9_s1739874543627_e5000_d16_.jpg
-- Symlinking: /home/dgx_allex_one/allex2head/install/orbbec_camera/share/orbbec_camera//examples/multi_camera_synced_verification_tool/multicamera_sync/output/20250218102900/TotalModeFrames/SNCP1E5420006D_Index0/ir#left_SNCP1E5420006D_Index0_g1739874543561_f10_s1739874543628_e5000_d16_.jpg
-- Symlinking: /home/dgx_allex_one/allex2head/install/orbbec_camera/share/orbbec_camera//examples/multi_camera_synced_verification_tool/multicamera_sync/output/20250218102900/TotalModeFrames/SNCP1L44P00051_Index1/color_SNCP1L44P00051_Index1_g1739874543227_f0_s1739874543304_e50_d16_.jpg
-- Symlinking: /home/dgx_allex_one/allex2head/install/orbbec_camera/share/orbbec_camera//examples/multi_camera_synced_verification_tool/multicamera_sync/output/20250218102900/TotalModeFrames/SNCP1L44P00051_Index1/color_SNCP1L44P00051_Index1_g1739874543260_f1_s1739874543345_e50_d16_.jpg
-- Symlinking: /home/dgx_allex_one/allex2head/install/orbbec_camera/share/orbbec_camera//examples/multi_camera_synced_verification_tool/multicamera_sync/output/20250218102900/TotalModeFrames/SNCP1L44P00051_Index1/color_SNCP1L44P00051_Index1_g1739874543293_f2_s1739874543446_e50_d16_.jpg
-- Symlinking: /home/dgx_allex_one/allex2head/install/orbbec_camera/share/orbbec_camera//examples/multi_camera_synced_verification_tool/multicamera_sync/output/20250218102900/TotalModeFrames/SNCP1L44P00051_Index1/color_SNCP1L44P00051_Index1_g1739874543327_f3_s1739874543458_e50_d16_.jpg
-- Symlinking: /home/dgx_allex_one/allex2head/install/orbbec_camera/share/orbbec_camera//examples/multi_camera_synced_verification_tool/multicamera_sync/output/20250218102900/TotalModeFrames/SNCP1L44P00051_Index1/color_SNCP1L44P00051_Index1_g1739874543360_f4_s1739874543468_e50_d16_.jpg
-- Symlinking: /home/dgx_allex_one/allex2head/install/orbbec_camera/share/orbbec_camera//examples/multi_camera_synced_verification_tool/multicamera_sync/output/20250218102900/TotalModeFrames/SNCP1L44P00051_Index1/color_SNCP1L44P00051_Index1_g1739874543393_f5_s1739874543470_e50_d16_.jpg
-- Symlinking: /home/dgx_allex_one/allex2head/install/orbbec_camera/share/orbbec_camera//examples/multi_camera_synced_verification_tool/multicamera_sync/output/20250218102900/TotalModeFrames/SNCP1L44P00051_Index1/color_SNCP1L44P00051_Index1_g1739874543427_f6_s1739874543485_e50_d16_.jpg
-- Symlinking: /home/dgx_allex_one/allex2head/install/orbbec_camera/share/orbbec_camera//examples/multi_camera_synced_verification_tool/multicamera_sync/output/20250218102900/TotalModeFrames/SNCP1L44P00051_Index1/color_SNCP1L44P00051_Index1_g1739874543460_f7_s1739874543505_e50_d16_.jpg
-- Symlinking: /home/dgx_allex_one/allex2head/install/orbbec_camera/share/orbbec_camera//examples/multi_camera_synced_verification_tool/multicamera_sync/output/20250218102900/TotalModeFrames/SNCP1L44P00051_Index1/color_SNCP1L44P00051_Index1_g1739874543494_f8_s1739874543540_e50_d16_.jpg
-- Symlinking: /home/dgx_allex_one/allex2head/install/orbbec_camera/share/orbbec_camera//examples/multi_camera_synced_verification_tool/multicamera_sync/output/20250218102900/TotalModeFrames/SNCP1L44P00051_Index1/color_SNCP1L44P00051_Index1_g1739874543527_f9_s1739874543616_e50_d16_.jpg
-- Symlinking: /home/dgx_allex_one/allex2head/install/orbbec_camera/share/orbbec_camera//examples/multi_camera_synced_verification_tool/multicamera_sync/output/20250218102900/TotalModeFrames/SNCP1L44P00051_Index1/color_SNCP1L44P00051_Index1_g1739874543560_f10_s1739874543618_e50_d16_.jpg
-- Symlinking: /home/dgx_allex_one/allex2head/install/orbbec_camera/share/orbbec_camera//examples/multi_camera_synced_verification_tool/multicamera_sync/output/20250218102900/TotalModeFrames/SNCP1L44P00051_Index1/ir#left_SNCP1L44P00051_Index1_g1739874543227_f0_s1739874543250_e5000_d16_.jpg
-- Symlinking: /home/dgx_allex_one/allex2head/install/orbbec_camera/share/orbbec_camera//examples/multi_camera_synced_verification_tool/multicamera_sync/output/20250218102900/TotalModeFrames/SNCP1L44P00051_Index1/ir#left_SNCP1L44P00051_Index1_g1739874543260_f1_s1739874543294_e5000_d16_.jpg
-- Symlinking: /home/dgx_allex_one/allex2head/install/orbbec_camera/share/orbbec_camera//examples/multi_camera_synced_verification_tool/multicamera_sync/output/20250218102900/TotalModeFrames/SNCP1L44P00051_Index1/ir#left_SNCP1L44P00051_Index1_g1739874543294_f2_s1739874543319_e5000_d16_.jpg
-- Symlinking: /home/dgx_allex_one/allex2head/install/orbbec_camera/share/orbbec_camera//examples/multi_camera_synced_verification_tool/multicamera_sync/output/20250218102900/TotalModeFrames/SNCP1L44P00051_Index1/ir#left_SNCP1L44P00051_Index1_g1739874543327_f3_s1739874543460_e5000_d16_.jpg
-- Symlinking: /home/dgx_allex_one/allex2head/install/orbbec_camera/share/orbbec_camera//examples/multi_camera_synced_verification_tool/multicamera_sync/output/20250218102900/TotalModeFrames/SNCP1L44P00051_Index1/ir#left_SNCP1L44P00051_Index1_g1739874543360_f4_s1739874543460_e5000_d16_.jpg
-- Symlinking: /home/dgx_allex_one/allex2head/install/orbbec_camera/share/orbbec_camera//examples/multi_camera_synced_verification_tool/multicamera_sync/output/20250218102900/TotalModeFrames/SNCP1L44P00051_Index1/ir#left_SNCP1L44P00051_Index1_g1739874543394_f5_s1739874543661_e5000_d16_.jpg
-- Symlinking: /home/dgx_allex_one/allex2head/install/orbbec_camera/share/orbbec_camera//examples/multi_camera_synced_verification_tool/multicamera_sync/output/20250218102900/TotalModeFrames/SNCP1L44P00051_Index1/ir#left_SNCP1L44P00051_Index1_g1739874543427_f6_s1739874543684_e5000_d16_.jpg
-- Symlinking: /home/dgx_allex_one/allex2head/install/orbbec_camera/share/orbbec_camera//examples/multi_camera_synced_verification_tool/multicamera_sync/output/20250218102900/TotalModeFrames/SNCP1L44P00051_Index1/ir#left_SNCP1L44P00051_Index1_g1739874543460_f7_s1739874543685_e5000_d16_.jpg
-- Symlinking: /home/dgx_allex_one/allex2head/install/orbbec_camera/share/orbbec_camera//examples/multi_camera_synced_verification_tool/multicamera_sync/output/20250218102900/TotalModeFrames/SNCP1L44P00051_Index1/ir#left_SNCP1L44P00051_Index1_g1739874543494_f8_s1739874543687_e5000_d16_.jpg
-- Symlinking: /home/dgx_allex_one/allex2head/install/orbbec_camera/share/orbbec_camera//examples/multi_camera_synced_verification_tool/multicamera_sync/output/20250218102900/TotalModeFrames/SNCP1L44P00051_Index1/ir#left_SNCP1L44P00051_Index1_g1739874543527_f10_s1739874543687_e5000_d16_.jpg
-- Symlinking: /home/dgx_allex_one/allex2head/install/orbbec_camera/share/orbbec_camera//examples/multi_camera_synced_verification_tool/multicamera_sync/output/20250218102900/TotalModeFrames/SNCP1L44P00051_Index1/ir#left_SNCP1L44P00051_Index1_g1739874543560_f11_s1739874543687_e5000_d16_.jpg
-- Symlinking: /home/dgx_allex_one/allex2head/install/orbbec_camera/share/orbbec_camera//examples/multi_camera_synced_verification_tool/multicamera_sync/output/20250218102900/results-2025-02-25_163648/frameMatchLog.txt
-- Symlinking: /home/dgx_allex_one/allex2head/install/orbbec_camera/share/orbbec_camera//examples/multi_camera_synced_verification_tool/multicamera_sync/output/20250218102900/results-2025-02-25_163648/matchFrames/0_color_SNCP1E5420006D_Index0_1739874543527_[0].jpg
-- Symlinking: /home/dgx_allex_one/allex2head/install/orbbec_camera/share/orbbec_camera//examples/multi_camera_synced_verification_tool/multicamera_sync/output/20250218102900/results-2025-02-25_163648/matchFrames/0_color_SNCP1L44P00051_Index1_1739874543527_[0].jpg
-- Symlinking: /home/dgx_allex_one/allex2head/install/orbbec_camera/share/orbbec_camera//examples/multi_camera_synced_verification_tool/multicamera_sync/output/20250218102900/results-2025-02-25_163648/matchFrames/0_ir_left_SNCP1E5420006D_Index0_1739874543527_[0].jpg
-- Symlinking: /home/dgx_allex_one/allex2head/install/orbbec_camera/share/orbbec_camera//examples/multi_camera_synced_verification_tool/multicamera_sync/output/20250218102900/results-2025-02-25_163648/matchFrames/0_ir_left_SNCP1L44P00051_Index1_1739874543527_[0].jpg
-- Symlinking: /home/dgx_allex_one/allex2head/install/orbbec_camera/share/orbbec_camera//examples/multi_camera_synced_verification_tool/multicamera_sync/output/20250218102900/results-2025-02-25_163648/matchFrames/10_color_SNCP1E5420006D_Index0_1739874543227_[0].jpg
-- Symlinking: /home/dgx_allex_one/allex2head/install/orbbec_camera/share/orbbec_camera//examples/multi_camera_synced_verification_tool/multicamera_sync/output/20250218102900/results-2025-02-25_163648/matchFrames/10_color_SNCP1L44P00051_Index1_1739874543227_[0].jpg
-- Symlinking: /home/dgx_allex_one/allex2head/install/orbbec_camera/share/orbbec_camera//examples/multi_camera_synced_verification_tool/multicamera_sync/output/20250218102900/results-2025-02-25_163648/matchFrames/10_ir_left_SNCP1E5420006D_Index0_1739874543227_[0].jpg
-- Symlinking: /home/dgx_allex_one/allex2head/install/orbbec_camera/share/orbbec_camera//examples/multi_camera_synced_verification_tool/multicamera_sync/output/20250218102900/results-2025-02-25_163648/matchFrames/10_ir_left_SNCP1L44P00051_Index1_1739874543227_[0].jpg
-- Symlinking: /home/dgx_allex_one/allex2head/install/orbbec_camera/share/orbbec_camera//examples/multi_camera_synced_verification_tool/multicamera_sync/output/20250218102900/results-2025-02-25_163648/matchFrames/1_color_SNCP1E5420006D_Index0_1739874543494_[0].jpg
-- Symlinking: /home/dgx_allex_one/allex2head/install/orbbec_camera/share/orbbec_camera//examples/multi_camera_synced_verification_tool/multicamera_sync/output/20250218102900/results-2025-02-25_163648/matchFrames/1_color_SNCP1L44P00051_Index1_1739874543494_[0].jpg
-- Symlinking: /home/dgx_allex_one/allex2head/install/orbbec_camera/share/orbbec_camera//examples/multi_camera_synced_verification_tool/multicamera_sync/output/20250218102900/results-2025-02-25_163648/matchFrames/1_ir_left_SNCP1E5420006D_Index0_1739874543494_[0].jpg
-- Symlinking: /home/dgx_allex_one/allex2head/install/orbbec_camera/share/orbbec_camera//examples/multi_camera_synced_verification_tool/multicamera_sync/output/20250218102900/results-2025-02-25_163648/matchFrames/1_ir_left_SNCP1L44P00051_Index1_1739874543494_[0].jpg
-- Symlinking: /home/dgx_allex_one/allex2head/install/orbbec_camera/share/orbbec_camera//examples/multi_camera_synced_verification_tool/multicamera_sync/output/20250218102900/results-2025-02-25_163648/matchFrames/2_color_SNCP1E5420006D_Index0_1739874543461_[1].jpg
-- Symlinking: /home/dgx_allex_one/allex2head/install/orbbec_camera/share/orbbec_camera//examples/multi_camera_synced_verification_tool/multicamera_sync/output/20250218102900/results-2025-02-25_163648/matchFrames/2_color_SNCP1L44P00051_Index1_1739874543460_[0].jpg
-- Symlinking: /home/dgx_allex_one/allex2head/install/orbbec_camera/share/orbbec_camera//examples/multi_camera_synced_verification_tool/multicamera_sync/output/20250218102900/results-2025-02-25_163648/matchFrames/2_ir_left_SNCP1E5420006D_Index0_1739874543461_[1].jpg
-- Symlinking: /home/dgx_allex_one/allex2head/install/orbbec_camera/share/orbbec_camera//examples/multi_camera_synced_verification_tool/multicamera_sync/output/20250218102900/results-2025-02-25_163648/matchFrames/2_ir_left_SNCP1L44P00051_Index1_1739874543460_[0].jpg
-- Symlinking: /home/dgx_allex_one/allex2head/install/orbbec_camera/share/orbbec_camera//examples/multi_camera_synced_verification_tool/multicamera_sync/output/20250218102900/results-2025-02-25_163648/matchFrames/3_color_SNCP1E5420006D_Index0_1739874543260_[0].jpg
-- Symlinking: /home/dgx_allex_one/allex2head/install/orbbec_camera/share/orbbec_camera//examples/multi_camera_synced_verification_tool/multicamera_sync/output/20250218102900/results-2025-02-25_163648/matchFrames/3_color_SNCP1L44P00051_Index1_1739874543260_[0].jpg
-- Symlinking: /home/dgx_allex_one/allex2head/install/orbbec_camera/share/orbbec_camera//examples/multi_camera_synced_verification_tool/multicamera_sync/output/20250218102900/results-2025-02-25_163648/matchFrames/3_ir_left_SNCP1E5420006D_Index0_1739874543260_[0].jpg
-- Symlinking: /home/dgx_allex_one/allex2head/install/orbbec_camera/share/orbbec_camera//examples/multi_camera_synced_verification_tool/multicamera_sync/output/20250218102900/results-2025-02-25_163648/matchFrames/3_ir_left_SNCP1L44P00051_Index1_1739874543260_[0].jpg
-- Symlinking: /home/dgx_allex_one/allex2head/install/orbbec_camera/share/orbbec_camera//examples/multi_camera_synced_verification_tool/multicamera_sync/output/20250218102900/results-2025-02-25_163648/matchFrames/4_color_SNCP1E5420006D_Index0_1739874543360_[0].jpg
-- Symlinking: /home/dgx_allex_one/allex2head/install/orbbec_camera/share/orbbec_camera//examples/multi_camera_synced_verification_tool/multicamera_sync/output/20250218102900/results-2025-02-25_163648/matchFrames/4_color_SNCP1L44P00051_Index1_1739874543360_[0].jpg
-- Symlinking: /home/dgx_allex_one/allex2head/install/orbbec_camera/share/orbbec_camera//examples/multi_camera_synced_verification_tool/multicamera_sync/output/20250218102900/results-2025-02-25_163648/matchFrames/4_ir_left_SNCP1E5420006D_Index0_1739874543361_[1].jpg
-- Symlinking: /home/dgx_allex_one/allex2head/install/orbbec_camera/share/orbbec_camera//examples/multi_camera_synced_verification_tool/multicamera_sync/output/20250218102900/results-2025-02-25_163648/matchFrames/4_ir_left_SNCP1L44P00051_Index1_1739874543360_[0].jpg
-- Symlinking: /home/dgx_allex_one/allex2head/install/orbbec_camera/share/orbbec_camera//examples/multi_camera_synced_verification_tool/multicamera_sync/output/20250218102900/results-2025-02-25_163648/matchFrames/5_color_SNCP1E5420006D_Index0_1739874543327_[0].jpg
-- Symlinking: /home/dgx_allex_one/allex2head/install/orbbec_camera/share/orbbec_camera//examples/multi_camera_synced_verification_tool/multicamera_sync/output/20250218102900/results-2025-02-25_163648/matchFrames/5_color_SNCP1L44P00051_Index1_1739874543327_[0].jpg
-- Symlinking: /home/dgx_allex_one/allex2head/install/orbbec_camera/share/orbbec_camera//examples/multi_camera_synced_verification_tool/multicamera_sync/output/20250218102900/results-2025-02-25_163648/matchFrames/5_ir_left_SNCP1E5420006D_Index0_1739874543327_[0].jpg
-- Symlinking: /home/dgx_allex_one/allex2head/install/orbbec_camera/share/orbbec_camera//examples/multi_camera_synced_verification_tool/multicamera_sync/output/20250218102900/results-2025-02-25_163648/matchFrames/5_ir_left_SNCP1L44P00051_Index1_1739874543327_[0].jpg
-- Symlinking: /home/dgx_allex_one/allex2head/install/orbbec_camera/share/orbbec_camera//examples/multi_camera_synced_verification_tool/multicamera_sync/output/20250218102900/results-2025-02-25_163648/matchFrames/6_color_SNCP1E5420006D_Index0_1739874543561_[1].jpg
-- Symlinking: /home/dgx_allex_one/allex2head/install/orbbec_camera/share/orbbec_camera//examples/multi_camera_synced_verification_tool/multicamera_sync/output/20250218102900/results-2025-02-25_163648/matchFrames/6_color_SNCP1L44P00051_Index1_1739874543560_[0].jpg
-- Symlinking: /home/dgx_allex_one/allex2head/install/orbbec_camera/share/orbbec_camera//examples/multi_camera_synced_verification_tool/multicamera_sync/output/20250218102900/results-2025-02-25_163648/matchFrames/6_ir_left_SNCP1E5420006D_Index0_1739874543561_[1].jpg
-- Symlinking: /home/dgx_allex_one/allex2head/install/orbbec_camera/share/orbbec_camera//examples/multi_camera_synced_verification_tool/multicamera_sync/output/20250218102900/results-2025-02-25_163648/matchFrames/6_ir_left_SNCP1L44P00051_Index1_1739874543560_[0].jpg
-- Symlinking: /home/dgx_allex_one/allex2head/install/orbbec_camera/share/orbbec_camera//examples/multi_camera_synced_verification_tool/multicamera_sync/output/20250218102900/results-2025-02-25_163648/matchFrames/7_color_SNCP1E5420006D_Index0_1739874543427_[0].jpg
-- Symlinking: /home/dgx_allex_one/allex2head/install/orbbec_camera/share/orbbec_camera//examples/multi_camera_synced_verification_tool/multicamera_sync/output/20250218102900/results-2025-02-25_163648/matchFrames/7_color_SNCP1L44P00051_Index1_1739874543427_[0].jpg
-- Symlinking: /home/dgx_allex_one/allex2head/install/orbbec_camera/share/orbbec_camera//examples/multi_camera_synced_verification_tool/multicamera_sync/output/20250218102900/results-2025-02-25_163648/matchFrames/7_ir_left_SNCP1E5420006D_Index0_1739874543427_[0].jpg
-- Symlinking: /home/dgx_allex_one/allex2head/install/orbbec_camera/share/orbbec_camera//examples/multi_camera_synced_verification_tool/multicamera_sync/output/20250218102900/results-2025-02-25_163648/matchFrames/7_ir_left_SNCP1L44P00051_Index1_1739874543427_[0].jpg
-- Symlinking: /home/dgx_allex_one/allex2head/install/orbbec_camera/share/orbbec_camera//examples/multi_camera_synced_verification_tool/multicamera_sync/output/20250218102900/results-2025-02-25_163648/matchFrames/8_color_SNCP1E5420006D_Index0_1739874543294_[1].jpg
-- Symlinking: /home/dgx_allex_one/allex2head/install/orbbec_camera/share/orbbec_camera//examples/multi_camera_synced_verification_tool/multicamera_sync/output/20250218102900/results-2025-02-25_163648/matchFrames/8_color_SNCP1L44P00051_Index1_1739874543293_[0].jpg
-- Symlinking: /home/dgx_allex_one/allex2head/install/orbbec_camera/share/orbbec_camera//examples/multi_camera_synced_verification_tool/multicamera_sync/output/20250218102900/results-2025-02-25_163648/matchFrames/8_ir_left_SNCP1E5420006D_Index0_1739874543294_[1].jpg
-- Symlinking: /home/dgx_allex_one/allex2head/install/orbbec_camera/share/orbbec_camera//examples/multi_camera_synced_verification_tool/multicamera_sync/output/20250218102900/results-2025-02-25_163648/matchFrames/8_ir_left_SNCP1L44P00051_Index1_1739874543294_[1].jpg
-- Symlinking: /home/dgx_allex_one/allex2head/install/orbbec_camera/share/orbbec_camera//examples/multi_camera_synced_verification_tool/multicamera_sync/output/20250218102900/results-2025-02-25_163648/matchFrames/9_color_SNCP1E5420006D_Index0_1739874543394_[1].jpg
-- Symlinking: /home/dgx_allex_one/allex2head/install/orbbec_camera/share/orbbec_camera//examples/multi_camera_synced_verification_tool/multicamera_sync/output/20250218102900/results-2025-02-25_163648/matchFrames/9_color_SNCP1L44P00051_Index1_1739874543393_[0].jpg
-- Symlinking: /home/dgx_allex_one/allex2head/install/orbbec_camera/share/orbbec_camera//examples/multi_camera_synced_verification_tool/multicamera_sync/output/20250218102900/results-2025-02-25_163648/matchFrames/9_ir_left_SNCP1E5420006D_Index0_1739874543394_[1].jpg
-- Symlinking: /home/dgx_allex_one/allex2head/install/orbbec_camera/share/orbbec_camera//examples/multi_camera_synced_verification_tool/multicamera_sync/output/20250218102900/results-2025-02-25_163648/matchFrames/9_ir_left_SNCP1L44P00051_Index1_1739874543394_[1].jpg
-- Symlinking: /home/dgx_allex_one/allex2head/install/orbbec_camera/share/orbbec_camera//examples/net_camera/README.MD
-- Symlinking: /home/dgx_allex_one/allex2head/install/orbbec_camera/share/orbbec_camera//examples/net_camera/multi_net_camera.launch.py
-- Symlinking: /home/dgx_allex_one/allex2head/install/orbbec_camera/share/orbbec_camera//examples/point_cloud/README.MD
-- Symlinking: /home/dgx_allex_one/allex2head/install/orbbec_camera/share/orbbec_camera//examples/point_cloud/image/image5.jpg
-- Symlinking: /home/dgx_allex_one/allex2head/install/orbbec_camera/share/orbbec_camera//examples/point_cloud/image/image6.jpg
-- Symlinking: /home/dgx_allex_one/allex2head/install/orbbec_camera/share/orbbec_camera//examples/start_camera_node/README.MD
-- Symlinking: /home/dgx_allex_one/allex2head/install/orbbec_camera/share/orbbec_camera//examples/start_camera_node/image/image1.jpg
-- Symlinking: /home/dgx_allex_one/allex2head/install/orbbec_camera/share/orbbec_camera//examples/start_camera_node/image/image2.jpg
-- Symlinking: /home/dgx_allex_one/allex2head/install/orbbec_camera/include/libobsensor/ObSensor.h
-- Symlinking: /home/dgx_allex_one/allex2head/install/orbbec_camera/include/libobsensor/ObSensor.hpp
-- Symlinking: /home/dgx_allex_one/allex2head/install/orbbec_camera/include/libobsensor/h/Advanced.h
-- Symlinking: /home/dgx_allex_one/allex2head/install/orbbec_camera/include/libobsensor/h/Context.h
-- Symlinking: /home/dgx_allex_one/allex2head/install/orbbec_camera/include/libobsensor/h/Device.h
-- Symlinking: /home/dgx_allex_one/allex2head/install/orbbec_camera/include/libobsensor/h/Error.h
-- Symlinking: /home/dgx_allex_one/allex2head/install/orbbec_camera/include/libobsensor/h/Export.h
-- Symlinking: /home/dgx_allex_one/allex2head/install/orbbec_camera/include/libobsensor/h/Filter.h
-- Symlinking: /home/dgx_allex_one/allex2head/install/orbbec_camera/include/libobsensor/h/Frame.h
-- Symlinking: /home/dgx_allex_one/allex2head/install/orbbec_camera/include/libobsensor/h/MultipleDevices.h
-- Symlinking: /home/dgx_allex_one/allex2head/install/orbbec_camera/include/libobsensor/h/ObTypes.h
-- Symlinking: /home/dgx_allex_one/allex2head/install/orbbec_camera/include/libobsensor/h/Pipeline.h
-- Symlinking: /home/dgx_allex_one/allex2head/install/orbbec_camera/include/libobsensor/h/Property.h
-- Symlinking: /home/dgx_allex_one/allex2head/install/orbbec_camera/include/libobsensor/h/RecordPlayback.h
-- Symlinking: /home/dgx_allex_one/allex2head/install/orbbec_camera/include/libobsensor/h/Sensor.h
-- Symlinking: /home/dgx_allex_one/allex2head/install/orbbec_camera/include/libobsensor/h/StreamProfile.h
-- Symlinking: /home/dgx_allex_one/allex2head/install/orbbec_camera/include/libobsensor/h/TypeHelper.h
-- Symlinking: /home/dgx_allex_one/allex2head/install/orbbec_camera/include/libobsensor/h/Utils.h
-- Symlinking: /home/dgx_allex_one/allex2head/install/orbbec_camera/include/libobsensor/h/Version.h
-- Symlinking: /home/dgx_allex_one/allex2head/install/orbbec_camera/include/libobsensor/hpp/Context.hpp
-- Symlinking: /home/dgx_allex_one/allex2head/install/orbbec_camera/include/libobsensor/hpp/Device.hpp
-- Symlinking: /home/dgx_allex_one/allex2head/install/orbbec_camera/include/libobsensor/hpp/Error.hpp
-- Symlinking: /home/dgx_allex_one/allex2head/install/orbbec_camera/include/libobsensor/hpp/Filter.hpp
-- Symlinking: /home/dgx_allex_one/allex2head/install/orbbec_camera/include/libobsensor/hpp/Frame.hpp
-- Symlinking: /home/dgx_allex_one/allex2head/install/orbbec_camera/include/libobsensor/hpp/Pipeline.hpp
-- Symlinking: /home/dgx_allex_one/allex2head/install/orbbec_camera/include/libobsensor/hpp/RecordPlayback.hpp
-- Symlinking: /home/dgx_allex_one/allex2head/install/orbbec_camera/include/libobsensor/hpp/Sensor.hpp
-- Symlinking: /home/dgx_allex_one/allex2head/install/orbbec_camera/include/libobsensor/hpp/StreamProfile.hpp
-- Symlinking: /home/dgx_allex_one/allex2head/install/orbbec_camera/include/libobsensor/hpp/TypeHelper.hpp
-- Symlinking: /home/dgx_allex_one/allex2head/install/orbbec_camera/include/libobsensor/hpp/Types.hpp
-- Symlinking: /home/dgx_allex_one/allex2head/install/orbbec_camera/include/libobsensor/hpp/Utils.hpp
-- Symlinking: /home/dgx_allex_one/allex2head/install/orbbec_camera/include/libobsensor/hpp/Version.hpp
-- Symlinking: /home/dgx_allex_one/allex2head/install/orbbec_camera/lib/extensions//libdepthengine.so
-- Symlinking: /home/dgx_allex_one/allex2head/install/orbbec_camera/lib/extensions//libdepthengine.so.2.0
-- Symlinking: /home/dgx_allex_one/allex2head/install/orbbec_camera/lib/extensions//libFilterProcessor.so
-- Symlinking: /home/dgx_allex_one/allex2head/install/orbbec_camera/lib/extensions//libob_priv_filter.so
-- Symlinking: /home/dgx_allex_one/allex2head/install/orbbec_camera/lib/extensions//libfirmwareupdater.so
-- Symlinking: /home/dgx_allex_one/allex2head/install/orbbec_camera/lib/extensions//libob_frame_processor.so
-- Symlinking: /home/dgx_allex_one/allex2head/install/orbbec_camera/lib/orbbec_camera//list_depth_work_mode_node
-- Symlinking: /home/dgx_allex_one/allex2head/install/orbbec_camera/lib/orbbec_camera//topic_statistics_node
-- Symlinking: /home/dgx_allex_one/allex2head/install/orbbec_camera/lib/orbbec_camera//ob_benchmark_node
-- Symlinking: /home/dgx_allex_one/allex2head/install/orbbec_camera/share/orbbec_camera/environment/library_path.sh
-- Symlinking: /home/dgx_allex_one/allex2head/install/orbbec_camera/share/orbbec_camera/environment/library_path.dsv
-- Symlinking: /home/dgx_allex_one/allex2head/install/orbbec_camera/share/ament_index/resource_index/package_run_dependencies/orbbec_camera
-- Symlinking: /home/dgx_allex_one/allex2head/install/orbbec_camera/share/ament_index/resource_index/parent_prefix_path/orbbec_camera
-- Symlinking: /home/dgx_allex_one/allex2head/install/orbbec_camera/share/orbbec_camera/environment/ament_prefix_path.sh
-- Symlinking: /home/dgx_allex_one/allex2head/install/orbbec_camera/share/orbbec_camera/environment/ament_prefix_path.dsv
-- Symlinking: /home/dgx_allex_one/allex2head/install/orbbec_camera/share/orbbec_camera/environment/path.sh
-- Symlinking: /home/dgx_allex_one/allex2head/install/orbbec_camera/share/orbbec_camera/environment/path.dsv
-- Symlinking: /home/dgx_allex_one/allex2head/install/orbbec_camera/share/orbbec_camera/local_setup.bash
-- Symlinking: /home/dgx_allex_one/allex2head/install/orbbec_camera/share/orbbec_camera/local_setup.sh
-- Symlinking: /home/dgx_allex_one/allex2head/install/orbbec_camera/share/orbbec_camera/local_setup.zsh
-- Symlinking: /home/dgx_allex_one/allex2head/install/orbbec_camera/share/orbbec_camera/local_setup.dsv
-- Symlinking: /home/dgx_allex_one/allex2head/install/orbbec_camera/share/orbbec_camera/package.dsv
-- Symlinking: /home/dgx_allex_one/allex2head/install/orbbec_camera/share/ament_index/resource_index/packages/orbbec_camera
-- Symlinking: /home/dgx_allex_one/allex2head/install/orbbec_camera/share/ament_index/resource_index/rclcpp_components/orbbec_camera
-- Symlinking: /home/dgx_allex_one/allex2head/install/orbbec_camera/share/orbbec_camera/cmake/ament_cmake_export_include_directories-extras.cmake
-- Symlinking: /home/dgx_allex_one/allex2head/install/orbbec_camera/share/orbbec_camera/cmake/ament_cmake_export_libraries-extras.cmake
-- Symlinking: /home/dgx_allex_one/allex2head/install/orbbec_camera/share/orbbec_camera/cmake/ament_cmake_export_dependencies-extras.cmake
-- Symlinking: /home/dgx_allex_one/allex2head/install/orbbec_camera/share/orbbec_camera/cmake/orbbec_cameraConfig.cmake
-- Symlinking: /home/dgx_allex_one/allex2head/install/orbbec_camera/share/orbbec_camera/cmake/orbbec_cameraConfig-version.cmake
-- Symlinking: /home/dgx_allex_one/allex2head/install/orbbec_camera/share/orbbec_camera/package.xml
-- Up-to-date: /home/dgx_allex_one/allex2head/install/orbbec_camera/lib/
-- Installing: /home/dgx_allex_one/allex2head/install/orbbec_camera/lib//libOrbbecSDK.so
-- Up-to-date: /home/dgx_allex_one/allex2head/install/orbbec_camera/lib//extensions
-- Installing: /home/dgx_allex_one/allex2head/install/orbbec_camera/lib//extensions/firmwareupdater
-- Installing: /home/dgx_allex_one/allex2head/install/orbbec_camera/lib//extensions/firmwareupdater/libfirmwareupdater.so
-- Installing: /home/dgx_allex_one/allex2head/install/orbbec_camera/lib//extensions/filters
-- Installing: /home/dgx_allex_one/allex2head/install/orbbec_camera/lib//extensions/filters/libFilterProcessor.so
-- Installing: /home/dgx_allex_one/allex2head/install/orbbec_camera/lib//extensions/filters/libob_priv_filter.so
-- Installing: /home/dgx_allex_one/allex2head/install/orbbec_camera/lib//extensions/depthengine
-- Installing: /home/dgx_allex_one/allex2head/install/orbbec_camera/lib//extensions/depthengine/libdepthengine.so
-- Installing: /home/dgx_allex_one/allex2head/install/orbbec_camera/lib//extensions/depthengine/libdepthengine.so.2.0
-- Installing: /home/dgx_allex_one/allex2head/install/orbbec_camera/lib//extensions/frameprocessor
-- Installing: /home/dgx_allex_one/allex2head/install/orbbec_camera/lib//extensions/frameprocessor/libob_frame_processor.so
-- Installing: /home/dgx_allex_one/allex2head/install/orbbec_camera/lib//libOrbbecSDK.so.2
-- Installing: /home/dgx_allex_one/allex2head/install/orbbec_camera/lib//libOrbbecSDK.so.2.4.11
