[0.008s] Invoking command in '/home/dgx_allex_one/allex2head/build/orbbec_camera': CMAKE_PREFIX_PATH=/home/dgx_allex_one/allex2head/install/orbbec_camera_msgs:/home/dgx_allex_one/allex2head/install/orbbec_description:/home/dgx_allex_one/allex2head/install/orbbec_camera:/opt/ros/jazzy/opt/gz_math_vendor:/opt/ros/jazzy/opt/gz_utils_vendor:/opt/ros/jazzy/opt/gz_cmake_vendor:/home/dgx_allex_one/allex2head/install/camera_node:/opt/ros/jazzy DEBUGINFOD_URLS=https://debuginfod.ubuntu.com LD_LIBRARY_PATH=/home/dgx_allex_one/allex2head/install/orbbec_camera_msgs/lib:/home/dgx_allex_one/allex2head/install/orbbec_camera/lib:/opt/ros/jazzy/opt/rviz_ogre_vendor/lib:/opt/ros/jazzy/lib/aarch64-linux-gnu:/opt/ros/jazzy/opt/gz_math_vendor/lib:/opt/ros/jazzy/opt/gz_utils_vendor/lib:/opt/ros/jazzy/opt/gz_cmake_vendor/lib:/opt/ros/jazzy/lib /usr/bin/cmake /home/dgx_allex_one/allex2head/src/OrbbecSDK_ROS2/orbbec_camera -DAMENT_CMAKE_SYMLINK_INSTALL=1 -DCMAKE_INSTALL_PREFIX=/home/dgx_allex_one/allex2head/install/orbbec_camera
[0.045s] -- The C compiler identification is GNU 13.3.0
[0.089s] -- The CXX compiler identification is GNU 13.3.0
[0.103s] -- Detecting C compiler ABI info
[0.166s] -- Detecting C compiler ABI info - done
[0.171s] -- Check for working C compiler: /usr/bin/cc - skipped
[0.171s] -- Detecting C compile features
[0.171s] -- Detecting C compile features - done
[0.177s] -- Detecting CXX compiler ABI info
[0.259s] -- Detecting CXX compiler ABI info - done
[0.268s] -- Check for working CXX compiler: /usr/bin/c++ - skipped
[0.269s] -- Detecting CXX compile features
[0.269s] -- Detecting CXX compile features - done
[0.271s] -- Found ament_cmake: 2.5.4 (/opt/ros/jazzy/share/ament_cmake/cmake)
[0.402s] -- Found Python3: /usr/bin/python3 (found version "3.12.3") found components: Interpreter 
[0.455s] -- Override CMake install command with custom implementation using symlinks instead of copying resources
[0.478s] -- Found ament_index_cpp: 1.8.1 (/opt/ros/jazzy/share/ament_index_cpp/cmake)
[0.495s] -- Found builtin_interfaces: 2.0.3 (/opt/ros/jazzy/share/builtin_interfaces/cmake)
[0.525s] -- Found rosidl_generator_c: 4.6.6 (/opt/ros/jazzy/share/rosidl_generator_c/cmake)
[0.534s] -- Found rosidl_generator_cpp: 4.6.6 (/opt/ros/jazzy/share/rosidl_generator_cpp/cmake)
[0.541s] -- Using all available rosidl_typesupport_c: rosidl_typesupport_fastrtps_c;rosidl_typesupport_introspection_c
[0.548s] -- Using all available rosidl_typesupport_cpp: rosidl_typesupport_fastrtps_cpp;rosidl_typesupport_introspection_cpp
[0.554s] -- Found cv_bridge: 4.1.0 (/opt/ros/jazzy/share/cv_bridge/cmake)
[0.606s] -- Found rmw_implementation_cmake: 7.3.2 (/opt/ros/jazzy/share/rmw_implementation_cmake/cmake)
[0.607s] -- Found rmw_fastrtps_cpp: 8.4.3 (/opt/ros/jazzy/share/rmw_fastrtps_cpp/cmake)
[0.664s] -- Found OpenSSL: /usr/lib/aarch64-linux-gnu/libcrypto.so (found version "3.0.13")  
[0.674s] -- Found FastRTPS: /opt/ros/jazzy/include (Required is at least version "2.13") 
[0.688s] -- Using RMW implementation 'rmw_fastrtps_cpp' as default
[0.726s] -- Found camera_info_manager: 5.1.7 (/opt/ros/jazzy/share/camera_info_manager/cmake)
[0.729s] -- Setting yaml-cpp_DIR to: '/opt/ros/jazzy/share/yaml_cpp_vendor/cmake/../../../opt/yaml_cpp_vendor/share/cmake/yaml-cpp'
[0.744s] -- Found image_transport: 5.1.7 (/opt/ros/jazzy/share/image_transport/cmake)
[0.755s] -- Found image_publisher: 5.0.11 (/opt/ros/jazzy/share/image_publisher/cmake)
[0.777s] -- Found OpenCV: /usr (found version "4.6.0") 
[0.777s] -- Found orbbec_camera_msgs: 1.2.2 (/home/dgx_allex_one/allex2head/install/orbbec_camera_msgs/share/orbbec_camera_msgs/cmake)
[0.789s] -- Found std_srvs: 5.3.6 (/opt/ros/jazzy/share/std_srvs/cmake)
[0.797s] -- Found tf2: 0.36.16 (/opt/ros/jazzy/share/tf2/cmake)
[0.801s] -- Found tf2_msgs: 0.36.16 (/opt/ros/jazzy/share/tf2_msgs/cmake)
[0.838s] -- Found tf2_ros: 0.36.16 (/opt/ros/jazzy/share/tf2_ros/cmake)
[0.851s] -- Found tf2_sensor_msgs: 0.36.16 (/opt/ros/jazzy/share/tf2_sensor_msgs/cmake)
[0.854s] -- Performing Test CMAKE_HAVE_LIBC_PTHREAD
[0.946s] -- Performing Test CMAKE_HAVE_LIBC_PTHREAD - Success
[0.947s] -- Found Threads: TRUE  
[0.949s] -- Found diagnostic_updater: 4.2.6 (/opt/ros/jazzy/share/diagnostic_updater/cmake)
[0.970s] -- Found PkgConfig: /usr/bin/pkg-config (found version "1.8.1") 
[0.976s] -- ORRBEC Machine : aarch64
[0.976s] 
[0.976s] -- ORRBEC Machine Bits : 64
[0.976s] 
[1.016s] -- Found ament_lint_auto: 0.17.3 (/opt/ros/jazzy/share/ament_lint_auto/cmake)
[1.064s] -- Configuring done (1.1s)
[1.155s] -- Generating done (0.1s)
[1.167s] -- Build files have been written to: /home/dgx_allex_one/allex2head/build/orbbec_camera
[1.179s] Invoked command in '/home/dgx_allex_one/allex2head/build/orbbec_camera' returned '0': CMAKE_PREFIX_PATH=/home/dgx_allex_one/allex2head/install/orbbec_camera_msgs:/home/dgx_allex_one/allex2head/install/orbbec_description:/home/dgx_allex_one/allex2head/install/orbbec_camera:/opt/ros/jazzy/opt/gz_math_vendor:/opt/ros/jazzy/opt/gz_utils_vendor:/opt/ros/jazzy/opt/gz_cmake_vendor:/home/dgx_allex_one/allex2head/install/camera_node:/opt/ros/jazzy DEBUGINFOD_URLS=https://debuginfod.ubuntu.com LD_LIBRARY_PATH=/home/dgx_allex_one/allex2head/install/orbbec_camera_msgs/lib:/home/dgx_allex_one/allex2head/install/orbbec_camera/lib:/opt/ros/jazzy/opt/rviz_ogre_vendor/lib:/opt/ros/jazzy/lib/aarch64-linux-gnu:/opt/ros/jazzy/opt/gz_math_vendor/lib:/opt/ros/jazzy/opt/gz_utils_vendor/lib:/opt/ros/jazzy/opt/gz_cmake_vendor/lib:/opt/ros/jazzy/lib /usr/bin/cmake /home/dgx_allex_one/allex2head/src/OrbbecSDK_ROS2/orbbec_camera -DAMENT_CMAKE_SYMLINK_INSTALL=1 -DCMAKE_INSTALL_PREFIX=/home/dgx_allex_one/allex2head/install/orbbec_camera
[1.180s] Invoking command in '/home/dgx_allex_one/allex2head/build/orbbec_camera': CMAKE_PREFIX_PATH=/home/dgx_allex_one/allex2head/install/orbbec_camera_msgs:/home/dgx_allex_one/allex2head/install/orbbec_description:/home/dgx_allex_one/allex2head/install/orbbec_camera:/opt/ros/jazzy/opt/gz_math_vendor:/opt/ros/jazzy/opt/gz_utils_vendor:/opt/ros/jazzy/opt/gz_cmake_vendor:/home/dgx_allex_one/allex2head/install/camera_node:/opt/ros/jazzy DEBUGINFOD_URLS=https://debuginfod.ubuntu.com LD_LIBRARY_PATH=/home/dgx_allex_one/allex2head/install/orbbec_camera_msgs/lib:/home/dgx_allex_one/allex2head/install/orbbec_camera/lib:/opt/ros/jazzy/opt/rviz_ogre_vendor/lib:/opt/ros/jazzy/lib/aarch64-linux-gnu:/opt/ros/jazzy/opt/gz_math_vendor/lib:/opt/ros/jazzy/opt/gz_utils_vendor/lib:/opt/ros/jazzy/opt/gz_cmake_vendor/lib:/opt/ros/jazzy/lib /usr/bin/cmake --build /home/dgx_allex_one/allex2head/build/orbbec_camera -- -j20 -l20
[1.215s] [  6%] [32mBuilding CXX object CMakeFiles/orbbec_camera_node.dir/rclcpp_components/node_main_orbbec_camera_node.cpp.o[0m
[1.215s] [  6%] [32mBuilding CXX object CMakeFiles/orbbec_camera.dir/src/ob_camera_node.cpp.o[0m
[1.215s] [  9%] [32mBuilding CXX object CMakeFiles/orbbec_camera.dir/src/ros_service.cpp.o[0m
[1.215s] [ 15%] [32mBuilding CXX object CMakeFiles/orbbec_camera.dir/src/image_publisher.cpp.o[0m
[1.215s] [ 15%] [32mBuilding CXX object CMakeFiles/frame_latency.dir/tools/frame_latency.cpp.o[0m
[1.215s] [ 21%] [32mBuilding CXX object CMakeFiles/orbbec_camera.dir/src/utils.cpp.o[0m
[1.216s] [ 21%] [32mBuilding CXX object CMakeFiles/multi_save_rgbir_node.dir/rclcpp_components/node_main_multi_save_rgbir_node.cpp.o[0m
[1.216s] [ 25%] [32mBuilding CXX object CMakeFiles/orbbec_camera.dir/src/jpeg_decoder.cpp.o[0m
[1.216s] [ 28%] [32mBuilding CXX object CMakeFiles/multi_save_rgbir.dir/tools/multi_save_rgbir.cpp.o[0m
[1.216s] [ 31%] [32mBuilding CXX object CMakeFiles/orbbec_camera.dir/src/d2c_viewer.cpp.o[0m
[1.217s] [ 34%] [32mBuilding CXX object CMakeFiles/orbbec_camera.dir/src/dynamic_params.cpp.o[0m
[1.217s] [ 37%] [32mBuilding CXX object CMakeFiles/orbbec_camera.dir/src/ob_camera_node_driver.cpp.o[0m
[1.218s] [ 40%] [32mBuilding CXX object CMakeFiles/orbbec_camera.dir/src/ros_param_backend.cpp.o[0m
[1.218s] [ 43%] [32mBuilding CXX object CMakeFiles/orbbec_camera.dir/src/synced_imu_publisher.cpp.o[0m
[1.219s] [ 46%] [32mBuilding CXX object CMakeFiles/multi_save_rgbir.dir/src/utils.cpp.o[0m
[1.220s] [ 50%] [32mBuilding CXX object CMakeFiles/start_benchmark_node.dir/rclcpp_components/node_main_start_benchmark_node.cpp.o[0m
[1.222s] [ 53%] [32mBuilding CXX object CMakeFiles/frame_latency_node.dir/rclcpp_components/node_main_frame_latency_node.cpp.o[0m
[1.223s] [ 56%] [32mBuilding CXX object CMakeFiles/start_benchmark.dir/tools/start_benchmark.cpp.o[0m
[3.053s] [ 59%] [32m[1mLinking CXX executable frame_latency_node[0m
[3.060s] [ 62%] [32m[1mLinking CXX executable multi_save_rgbir_node[0m
[3.088s] [ 65%] [32m[1mLinking CXX executable start_benchmark_node[0m
[3.092s] [ 68%] [32m[1mLinking CXX executable orbbec_camera_node[0m
[3.183s] [ 68%] Built target frame_latency_node
[3.183s] [ 68%] Built target multi_save_rgbir_node
[3.188s] [ 68%] Built target start_benchmark_node
[3.204s] [ 68%] Built target orbbec_camera_node
[16.030s] [ 71%] [32m[1mLinking CXX shared library libstart_benchmark.so[0m
[16.267s] [ 71%] Built target start_benchmark
[16.748s] [ 75%] [32m[1mLinking CXX shared library libmulti_save_rgbir.so[0m
[16.926s] [ 75%] Built target multi_save_rgbir
[20.909s] [ 78%] [32m[1mLinking CXX shared library libframe_latency.so[0m
[21.109s] [ 78%] Built target frame_latency
[27.256s] [ 81%] [32m[1mLinking CXX shared library liborbbec_camera.so[0m
[27.520s] [ 81%] Built target orbbec_camera
[27.535s] [ 84%] [32mBuilding CXX object CMakeFiles/topic_statistics_node.dir/tools/topic_statistics.cpp.o[0m
[27.537s] [ 87%] [32mBuilding CXX object CMakeFiles/ob_benchmark_node.dir/tools/ob_benchmark.cpp.o[0m
[27.538s] [ 90%] [32mBuilding CXX object CMakeFiles/list_depth_work_mode_node.dir/tools/list_depth_work_mode.cpp.o[0m
[33.022s] [ 93%] [32m[1mLinking CXX executable list_depth_work_mode_node[0m
[33.112s] [ 93%] Built target list_depth_work_mode_node
[33.296s] [ 96%] [32m[1mLinking CXX executable topic_statistics_node[0m
[33.439s] [ 96%] Built target topic_statistics_node
[34.216s] [100%] [32m[1mLinking CXX executable ob_benchmark_node[0m
[34.345s] [100%] Built target ob_benchmark_node
[34.358s] Invoked command in '/home/dgx_allex_one/allex2head/build/orbbec_camera' returned '0': CMAKE_PREFIX_PATH=/home/dgx_allex_one/allex2head/install/orbbec_camera_msgs:/home/dgx_allex_one/allex2head/install/orbbec_description:/home/dgx_allex_one/allex2head/install/orbbec_camera:/opt/ros/jazzy/opt/gz_math_vendor:/opt/ros/jazzy/opt/gz_utils_vendor:/opt/ros/jazzy/opt/gz_cmake_vendor:/home/dgx_allex_one/allex2head/install/camera_node:/opt/ros/jazzy DEBUGINFOD_URLS=https://debuginfod.ubuntu.com LD_LIBRARY_PATH=/home/dgx_allex_one/allex2head/install/orbbec_camera_msgs/lib:/home/dgx_allex_one/allex2head/install/orbbec_camera/lib:/opt/ros/jazzy/opt/rviz_ogre_vendor/lib:/opt/ros/jazzy/lib/aarch64-linux-gnu:/opt/ros/jazzy/opt/gz_math_vendor/lib:/opt/ros/jazzy/opt/gz_utils_vendor/lib:/opt/ros/jazzy/opt/gz_cmake_vendor/lib:/opt/ros/jazzy/lib /usr/bin/cmake --build /home/dgx_allex_one/allex2head/build/orbbec_camera -- -j20 -l20
[34.360s] Invoking command in '/home/dgx_allex_one/allex2head/build/orbbec_camera': CMAKE_PREFIX_PATH=/home/dgx_allex_one/allex2head/install/orbbec_camera_msgs:/home/dgx_allex_one/allex2head/install/orbbec_description:/home/dgx_allex_one/allex2head/install/orbbec_camera:/opt/ros/jazzy/opt/gz_math_vendor:/opt/ros/jazzy/opt/gz_utils_vendor:/opt/ros/jazzy/opt/gz_cmake_vendor:/home/dgx_allex_one/allex2head/install/camera_node:/opt/ros/jazzy DEBUGINFOD_URLS=https://debuginfod.ubuntu.com LD_LIBRARY_PATH=/home/dgx_allex_one/allex2head/install/orbbec_camera_msgs/lib:/home/dgx_allex_one/allex2head/install/orbbec_camera/lib:/opt/ros/jazzy/opt/rviz_ogre_vendor/lib:/opt/ros/jazzy/lib/aarch64-linux-gnu:/opt/ros/jazzy/opt/gz_math_vendor/lib:/opt/ros/jazzy/opt/gz_utils_vendor/lib:/opt/ros/jazzy/opt/gz_cmake_vendor/lib:/opt/ros/jazzy/lib /usr/bin/cmake --install /home/dgx_allex_one/allex2head/build/orbbec_camera
[34.364s] -- Install configuration: ""
[34.364s] -- Execute custom install script
[34.364s] -- Symlinking: /home/dgx_allex_one/allex2head/install/orbbec_camera/lib/orbbec_camera/orbbec_camera_node
[34.370s] -- Symlinking: /home/dgx_allex_one/allex2head/install/orbbec_camera/lib/orbbec_camera/frame_latency_node
[34.375s] -- Symlinking: /home/dgx_allex_one/allex2head/install/orbbec_camera/lib/orbbec_camera/start_benchmark_node
[34.380s] -- Symlinking: /home/dgx_allex_one/allex2head/install/orbbec_camera/lib/orbbec_camera/multi_save_rgbir_node
[34.388s] -- Symlinking: /home/dgx_allex_one/allex2head/install/orbbec_camera/lib/liborbbec_camera.so
[34.395s] -- Symlinking: /home/dgx_allex_one/allex2head/install/orbbec_camera/lib/libframe_latency.so
[34.401s] -- Symlinking: /home/dgx_allex_one/allex2head/install/orbbec_camera/lib/libstart_benchmark.so
[34.406s] -- Symlinking: /home/dgx_allex_one/allex2head/install/orbbec_camera/lib/libmulti_save_rgbir.so
[34.412s] -- Symlinking: /home/dgx_allex_one/allex2head/install/orbbec_camera/include/magic_enum/magic_enum.hpp
[34.417s] -- Symlinking: /home/dgx_allex_one/allex2head/install/orbbec_camera/include/orbbec_camera/constants.h
[34.423s] -- Symlinking: /home/dgx_allex_one/allex2head/install/orbbec_camera/include/orbbec_camera/d2c_viewer.h
[34.428s] -- Symlinking: /home/dgx_allex_one/allex2head/install/orbbec_camera/include/orbbec_camera/dynamic_params.h
[34.434s] -- Symlinking: /home/dgx_allex_one/allex2head/install/orbbec_camera/include/orbbec_camera/fps_counter.hpp
[34.439s] -- Symlinking: /home/dgx_allex_one/allex2head/install/orbbec_camera/include/orbbec_camera/image_publisher.h
[34.444s] -- Symlinking: /home/dgx_allex_one/allex2head/install/orbbec_camera/include/orbbec_camera/jetson_nv_decoder.h
[34.449s] -- Symlinking: /home/dgx_allex_one/allex2head/install/orbbec_camera/include/orbbec_camera/jpeg_decoder.h
[34.455s] -- Symlinking: /home/dgx_allex_one/allex2head/install/orbbec_camera/include/orbbec_camera/ob_camera_node.h
[34.460s] -- Symlinking: /home/dgx_allex_one/allex2head/install/orbbec_camera/include/orbbec_camera/ob_camera_node_driver.h
[34.466s] -- Symlinking: /home/dgx_allex_one/allex2head/install/orbbec_camera/include/orbbec_camera/rk_mpp_decoder.h
[34.472s] -- Symlinking: /home/dgx_allex_one/allex2head/install/orbbec_camera/include/orbbec_camera/ros_param_backend.h
[34.477s] -- Symlinking: /home/dgx_allex_one/allex2head/install/orbbec_camera/include/orbbec_camera/synced_imu_publisher.h
[34.482s] -- Symlinking: /home/dgx_allex_one/allex2head/install/orbbec_camera/include/orbbec_camera/utils.h
[34.488s] -- Symlinking: /home/dgx_allex_one/allex2head/install/orbbec_camera/share/orbbec_camera//launch/astra2.launch.py
[34.494s] -- Symlinking: /home/dgx_allex_one/allex2head/install/orbbec_camera/share/orbbec_camera//launch/dabai_a.launch.py
[34.499s] -- Symlinking: /home/dgx_allex_one/allex2head/install/orbbec_camera/share/orbbec_camera//launch/dabai_al.launch.py
[34.503s] -- Symlinking: /home/dgx_allex_one/allex2head/install/orbbec_camera/share/orbbec_camera//launch/femto.launch.py
[34.508s] -- Symlinking: /home/dgx_allex_one/allex2head/install/orbbec_camera/share/orbbec_camera//launch/femto_bolt.launch.py
[34.512s] -- Symlinking: /home/dgx_allex_one/allex2head/install/orbbec_camera/share/orbbec_camera//launch/femto_mega.launch.py
[34.519s] -- Symlinking: /home/dgx_allex_one/allex2head/install/orbbec_camera/share/orbbec_camera//launch/gemini2.launch.py
[34.524s] -- Symlinking: /home/dgx_allex_one/allex2head/install/orbbec_camera/share/orbbec_camera//launch/gemini210.launch.py
[34.530s] -- Symlinking: /home/dgx_allex_one/allex2head/install/orbbec_camera/share/orbbec_camera//launch/gemini2L.launch.py
[34.535s] -- Symlinking: /home/dgx_allex_one/allex2head/install/orbbec_camera/share/orbbec_camera//launch/gemini435_le.launch.py
[34.544s] -- Symlinking: /home/dgx_allex_one/allex2head/install/orbbec_camera/share/orbbec_camera//launch/gemini_330_series.launch.py
[34.551s] -- Symlinking: /home/dgx_allex_one/allex2head/install/orbbec_camera/share/orbbec_camera//launch/gemini_intra_process_demo_launch.py
[34.557s] -- Symlinking: /home/dgx_allex_one/allex2head/install/orbbec_camera/share/orbbec_camera//launch/multi_camera.launch.py
[34.564s] -- Symlinking: /home/dgx_allex_one/allex2head/install/orbbec_camera/share/orbbec_camera//launch/multi_camera_synced.launch.py
[34.572s] -- Symlinking: /home/dgx_allex_one/allex2head/install/orbbec_camera/share/orbbec_camera//launch/orbbec_camera.launch.py
[34.579s] -- Symlinking: /home/dgx_allex_one/allex2head/install/orbbec_camera/share/orbbec_camera//launch/orbbec_multicamera.launch.py
[34.584s] -- Symlinking: /home/dgx_allex_one/allex2head/install/orbbec_camera/share/orbbec_camera//launch/utils_yaml.py
[34.592s] -- Symlinking: /home/dgx_allex_one/allex2head/install/orbbec_camera/share/orbbec_camera//config/.gitkeep
[34.600s] -- Symlinking: /home/dgx_allex_one/allex2head/install/orbbec_camera/share/orbbec_camera//config/OrbbecSDKConfig_v2.0.xml
[34.608s] -- Symlinking: /home/dgx_allex_one/allex2head/install/orbbec_camera/share/orbbec_camera//config/astra2.yaml
[34.615s] -- Symlinking: /home/dgx_allex_one/allex2head/install/orbbec_camera/share/orbbec_camera//config/camera_params.yaml
[34.623s] -- Symlinking: /home/dgx_allex_one/allex2head/install/orbbec_camera/share/orbbec_camera//config/camera_secondary_params.yaml
[34.631s] -- Symlinking: /home/dgx_allex_one/allex2head/install/orbbec_camera/share/orbbec_camera//config/common.yaml
[34.638s] -- Symlinking: /home/dgx_allex_one/allex2head/install/orbbec_camera/share/orbbec_camera//config/depthfilter/Gemini2_v1.7.json
[34.645s] -- Symlinking: /home/dgx_allex_one/allex2head/install/orbbec_camera/share/orbbec_camera//config/depthfilter/Openni_device.json
[34.650s] -- Symlinking: /home/dgx_allex_one/allex2head/install/orbbec_camera/share/orbbec_camera//config/femto.yaml
[34.658s] -- Symlinking: /home/dgx_allex_one/allex2head/install/orbbec_camera/share/orbbec_camera//config/femto_bolt.yaml
[34.666s] -- Symlinking: /home/dgx_allex_one/allex2head/install/orbbec_camera/share/orbbec_camera//config/femto_mega.yaml
[34.672s] -- Symlinking: /home/dgx_allex_one/allex2head/install/orbbec_camera/share/orbbec_camera//config/gemini2.yaml
[34.680s] -- Symlinking: /home/dgx_allex_one/allex2head/install/orbbec_camera/share/orbbec_camera//config/gemini2L.yaml
[34.687s] -- Symlinking: /home/dgx_allex_one/allex2head/install/orbbec_camera/share/orbbec_camera//config/gemini330Lg_series.yaml
[34.694s] -- Symlinking: /home/dgx_allex_one/allex2head/install/orbbec_camera/share/orbbec_camera//config/gemini330_series.yaml
[34.710s] -- Symlinking: /home/dgx_allex_one/allex2head/install/orbbec_camera/share/orbbec_camera//config/tools/multisavergbir/multi_save_rgbir_params.json
[34.718s] -- Symlinking: /home/dgx_allex_one/allex2head/install/orbbec_camera/share/orbbec_camera//config/tools/startbenchmark/start_benchmark_params.json
[34.725s] -- Symlinking: /home/dgx_allex_one/allex2head/install/orbbec_camera/share/orbbec_camera//examples/README.MD
[34.733s] -- Symlinking: /home/dgx_allex_one/allex2head/install/orbbec_camera/share/orbbec_camera//examples/align_depth_color/README.MD
[34.741s] -- Symlinking: /home/dgx_allex_one/allex2head/install/orbbec_camera/share/orbbec_camera//examples/align_depth_color/image/image3.png
[34.747s] -- Symlinking: /home/dgx_allex_one/allex2head/install/orbbec_camera/share/orbbec_camera//examples/align_depth_color/image/image4.jpg
[34.754s] -- Symlinking: /home/dgx_allex_one/allex2head/install/orbbec_camera/share/orbbec_camera//examples/benchmark/README.MD
[34.761s] -- Symlinking: /home/dgx_allex_one/allex2head/install/orbbec_camera/share/orbbec_camera//examples/benchmark/gemini_330_series_benchmark.launch.py
[34.768s] -- Symlinking: /home/dgx_allex_one/allex2head/install/orbbec_camera/share/orbbec_camera//examples/benchmark/ob_benchmark_0.launch.py
[34.776s] -- Symlinking: /home/dgx_allex_one/allex2head/install/orbbec_camera/share/orbbec_camera//examples/benchmark/ob_benchmark_1.launch.py
[34.783s] -- Symlinking: /home/dgx_allex_one/allex2head/install/orbbec_camera/share/orbbec_camera//examples/disparity_search_offset/README.MD
[34.789s] -- Symlinking: /home/dgx_allex_one/allex2head/install/orbbec_camera/share/orbbec_camera//examples/disparity_search_offset/image/search_offset0.png
[34.796s] -- Symlinking: /home/dgx_allex_one/allex2head/install/orbbec_camera/share/orbbec_camera//examples/gmsl_camera/README.MD
[34.803s] -- Symlinking: /home/dgx_allex_one/allex2head/install/orbbec_camera/share/orbbec_camera//examples/gmsl_camera/gemini_330_gmsl.launch.py
[34.811s] -- Symlinking: /home/dgx_allex_one/allex2head/install/orbbec_camera/share/orbbec_camera//examples/gmsl_camera/multi_gmsl_camera.launch.py
[34.816s] -- Symlinking: /home/dgx_allex_one/allex2head/install/orbbec_camera/share/orbbec_camera//examples/gmsl_camera/multi_gmsl_camera_synced.launch.py
[34.825s] -- Symlinking: /home/dgx_allex_one/allex2head/install/orbbec_camera/share/orbbec_camera//examples/interleave_ae_mode/README.MD
[34.830s] -- Symlinking: /home/dgx_allex_one/allex2head/install/orbbec_camera/share/orbbec_camera//examples/interleave_ae_mode/image/interleave_ae0.jpeg
[34.838s] -- Symlinking: /home/dgx_allex_one/allex2head/install/orbbec_camera/share/orbbec_camera//examples/interleave_ae_mode/image/interleave_ae1.jpeg
[34.845s] -- Symlinking: /home/dgx_allex_one/allex2head/install/orbbec_camera/share/orbbec_camera//examples/lower_cpu_usage/README.MD
[34.852s] -- Symlinking: /home/dgx_allex_one/allex2head/install/orbbec_camera/share/orbbec_camera//examples/lower_cpu_usage/gemini_330_series_lower_cpu_usage.launch.py
[34.859s] -- Symlinking: /home/dgx_allex_one/allex2head/install/orbbec_camera/share/orbbec_camera//examples/lower_cpu_usage/multi_camera_lower_cpu_usage.launch.py
[34.866s] -- Symlinking: /home/dgx_allex_one/allex2head/install/orbbec_camera/share/orbbec_camera//examples/multi_camera/README.MD
[34.874s] -- Symlinking: /home/dgx_allex_one/allex2head/install/orbbec_camera/share/orbbec_camera//examples/multi_camera_synced/README.MD
[34.881s] -- Symlinking: /home/dgx_allex_one/allex2head/install/orbbec_camera/share/orbbec_camera//examples/multi_camera_synced/image/multi_camera_synced1.png
[34.888s] -- Symlinking: /home/dgx_allex_one/allex2head/install/orbbec_camera/share/orbbec_camera//examples/multi_camera_synced/image/multi_camera_synced2.png
[34.894s] -- Symlinking: /home/dgx_allex_one/allex2head/install/orbbec_camera/share/orbbec_camera//examples/multi_camera_synced_verification_tool/README.MD
[34.899s] -- Symlinking: /home/dgx_allex_one/allex2head/install/orbbec_camera/share/orbbec_camera//examples/multi_camera_synced_verification_tool/gemini_330_series_synced_verify.launch.py
[34.908s] -- Symlinking: /home/dgx_allex_one/allex2head/install/orbbec_camera/share/orbbec_camera//examples/multi_camera_synced_verification_tool/gemini_synced_verify.launch.py
[34.913s] -- Symlinking: /home/dgx_allex_one/allex2head/install/orbbec_camera/share/orbbec_camera//examples/multi_camera_synced_verification_tool/multi_camera_synced_verify.launch.py
[34.919s] -- Symlinking: /home/dgx_allex_one/allex2head/install/orbbec_camera/share/orbbec_camera//examples/multi_camera_synced_verification_tool/multicamera_sync/Python/Analysis_script.md
[34.925s] -- Symlinking: /home/dgx_allex_one/allex2head/install/orbbec_camera/share/orbbec_camera//examples/multi_camera_synced_verification_tool/multicamera_sync/Python/Config.ini
[34.930s] -- Symlinking: /home/dgx_allex_one/allex2head/install/orbbec_camera/share/orbbec_camera//examples/multi_camera_synced_verification_tool/multicamera_sync/Python/SyncFramesMain.py
[34.936s] -- Symlinking: /home/dgx_allex_one/allex2head/install/orbbec_camera/share/orbbec_camera//examples/multi_camera_synced_verification_tool/multicamera_sync/Python/script/config_frameMatch-Astra2_new.py
[34.944s] -- Symlinking: /home/dgx_allex_one/allex2head/install/orbbec_camera/share/orbbec_camera//examples/multi_camera_synced_verification_tool/multicamera_sync/Python/script/config_frameMatch-systemTimestamp.py
[34.951s] -- Symlinking: /home/dgx_allex_one/allex2head/install/orbbec_camera/share/orbbec_camera//examples/multi_camera_synced_verification_tool/multicamera_sync/Python/script/config_frameMatch.py
[34.956s] -- Symlinking: /home/dgx_allex_one/allex2head/install/orbbec_camera/share/orbbec_camera//examples/multi_camera_synced_verification_tool/multicamera_sync/Python/script/config_frameMatch_Gemini2VL.py
[34.964s] -- Symlinking: /home/dgx_allex_one/allex2head/install/orbbec_camera/share/orbbec_camera//examples/multi_camera_synced_verification_tool/multicamera_sync/Python/script/config_frameMatch_g330.py
[34.972s] -- Symlinking: /home/dgx_allex_one/allex2head/install/orbbec_camera/share/orbbec_camera//examples/multi_camera_synced_verification_tool/multicamera_sync/output/20250218102900/DevicesInfo.txt
[34.978s] -- Symlinking: /home/dgx_allex_one/allex2head/install/orbbec_camera/share/orbbec_camera//examples/multi_camera_synced_verification_tool/multicamera_sync/output/20250218102900/StreamProfileInfo.txt
[34.986s] -- Symlinking: /home/dgx_allex_one/allex2head/install/orbbec_camera/share/orbbec_camera//examples/multi_camera_synced_verification_tool/multicamera_sync/output/20250218102900/TotalModeFrames/SNCP1E5420006D_Index0/color_SNCP1E5420006D_Index0_g1739874543227_f0_s1739874543327_e50_d16_.jpg
[34.993s] -- Symlinking: /home/dgx_allex_one/allex2head/install/orbbec_camera/share/orbbec_camera//examples/multi_camera_synced_verification_tool/multicamera_sync/output/20250218102900/TotalModeFrames/SNCP1E5420006D_Index0/color_SNCP1E5420006D_Index0_g1739874543260_f1_s1739874543351_e50_d16_.jpg
[34.999s] -- Symlinking: /home/dgx_allex_one/allex2head/install/orbbec_camera/share/orbbec_camera//examples/multi_camera_synced_verification_tool/multicamera_sync/output/20250218102900/TotalModeFrames/SNCP1E5420006D_Index0/color_SNCP1E5420006D_Index0_g1739874543294_f2_s1739874543359_e50_d16_.jpg
[35.007s] -- Symlinking: /home/dgx_allex_one/allex2head/install/orbbec_camera/share/orbbec_camera//examples/multi_camera_synced_verification_tool/multicamera_sync/output/20250218102900/TotalModeFrames/SNCP1E5420006D_Index0/color_SNCP1E5420006D_Index0_g1739874543327_f3_s1739874543441_e50_d16_.jpg
[35.014s] -- Symlinking: /home/dgx_allex_one/allex2head/install/orbbec_camera/share/orbbec_camera//examples/multi_camera_synced_verification_tool/multicamera_sync/output/20250218102900/TotalModeFrames/SNCP1E5420006D_Index0/color_SNCP1E5420006D_Index0_g1739874543360_f4_s1739874543442_e50_d16_.jpg
[35.020s] -- Symlinking: /home/dgx_allex_one/allex2head/install/orbbec_camera/share/orbbec_camera//examples/multi_camera_synced_verification_tool/multicamera_sync/output/20250218102900/TotalModeFrames/SNCP1E5420006D_Index0/color_SNCP1E5420006D_Index0_g1739874543394_f5_s1739874543506_e50_d16_.jpg
[35.025s] -- Symlinking: /home/dgx_allex_one/allex2head/install/orbbec_camera/share/orbbec_camera//examples/multi_camera_synced_verification_tool/multicamera_sync/output/20250218102900/TotalModeFrames/SNCP1E5420006D_Index0/color_SNCP1E5420006D_Index0_g1739874543427_f6_s1739874543518_e50_d16_.jpg
[35.033s] -- Symlinking: /home/dgx_allex_one/allex2head/install/orbbec_camera/share/orbbec_camera//examples/multi_camera_synced_verification_tool/multicamera_sync/output/20250218102900/TotalModeFrames/SNCP1E5420006D_Index0/color_SNCP1E5420006D_Index0_g1739874543461_f7_s1739874543520_e50_d16_.jpg
[35.042s] -- Symlinking: /home/dgx_allex_one/allex2head/install/orbbec_camera/share/orbbec_camera//examples/multi_camera_synced_verification_tool/multicamera_sync/output/20250218102900/TotalModeFrames/SNCP1E5420006D_Index0/color_SNCP1E5420006D_Index0_g1739874543494_f8_s1739874543548_e50_d16_.jpg
[35.050s] -- Symlinking: /home/dgx_allex_one/allex2head/install/orbbec_camera/share/orbbec_camera//examples/multi_camera_synced_verification_tool/multicamera_sync/output/20250218102900/TotalModeFrames/SNCP1E5420006D_Index0/color_SNCP1E5420006D_Index0_g1739874543527_f9_s1739874543603_e50_d16_.jpg
[35.058s] -- Symlinking: /home/dgx_allex_one/allex2head/install/orbbec_camera/share/orbbec_camera//examples/multi_camera_synced_verification_tool/multicamera_sync/output/20250218102900/TotalModeFrames/SNCP1E5420006D_Index0/color_SNCP1E5420006D_Index0_g1739874543561_f10_s1739874543648_e50_d16_.jpg
[35.065s] -- Symlinking: /home/dgx_allex_one/allex2head/install/orbbec_camera/share/orbbec_camera//examples/multi_camera_synced_verification_tool/multicamera_sync/output/20250218102900/TotalModeFrames/SNCP1E5420006D_Index0/ir#left_SNCP1E5420006D_Index0_g1739874543227_f0_s1739874543250_e5000_d16_.jpg
[35.070s] -- Symlinking: /home/dgx_allex_one/allex2head/install/orbbec_camera/share/orbbec_camera//examples/multi_camera_synced_verification_tool/multicamera_sync/output/20250218102900/TotalModeFrames/SNCP1E5420006D_Index0/ir#left_SNCP1E5420006D_Index0_g1739874543260_f1_s1739874543310_e5000_d16_.jpg
[35.078s] -- Symlinking: /home/dgx_allex_one/allex2head/install/orbbec_camera/share/orbbec_camera//examples/multi_camera_synced_verification_tool/multicamera_sync/output/20250218102900/TotalModeFrames/SNCP1E5420006D_Index0/ir#left_SNCP1E5420006D_Index0_g1739874543294_f2_s1739874543329_e5000_d16_.jpg
[35.086s] -- Symlinking: /home/dgx_allex_one/allex2head/install/orbbec_camera/share/orbbec_camera//examples/multi_camera_synced_verification_tool/multicamera_sync/output/20250218102900/TotalModeFrames/SNCP1E5420006D_Index0/ir#left_SNCP1E5420006D_Index0_g1739874543327_f3_s1739874543393_e5000_d16_.jpg
[35.094s] -- Symlinking: /home/dgx_allex_one/allex2head/install/orbbec_camera/share/orbbec_camera//examples/multi_camera_synced_verification_tool/multicamera_sync/output/20250218102900/TotalModeFrames/SNCP1E5420006D_Index0/ir#left_SNCP1E5420006D_Index0_g1739874543361_f4_s1739874543405_e5000_d16_.jpg
[35.101s] -- Symlinking: /home/dgx_allex_one/allex2head/install/orbbec_camera/share/orbbec_camera//examples/multi_camera_synced_verification_tool/multicamera_sync/output/20250218102900/TotalModeFrames/SNCP1E5420006D_Index0/ir#left_SNCP1E5420006D_Index0_g1739874543394_f5_s1739874543473_e5000_d16_.jpg
[35.109s] -- Symlinking: /home/dgx_allex_one/allex2head/install/orbbec_camera/share/orbbec_camera//examples/multi_camera_synced_verification_tool/multicamera_sync/output/20250218102900/TotalModeFrames/SNCP1E5420006D_Index0/ir#left_SNCP1E5420006D_Index0_g1739874543427_f6_s1739874543474_e5000_d16_.jpg
[35.117s] -- Symlinking: /home/dgx_allex_one/allex2head/install/orbbec_camera/share/orbbec_camera//examples/multi_camera_synced_verification_tool/multicamera_sync/output/20250218102900/TotalModeFrames/SNCP1E5420006D_Index0/ir#left_SNCP1E5420006D_Index0_g1739874543461_f7_s1739874543493_e5000_d16_.jpg
[35.124s] -- Symlinking: /home/dgx_allex_one/allex2head/install/orbbec_camera/share/orbbec_camera//examples/multi_camera_synced_verification_tool/multicamera_sync/output/20250218102900/TotalModeFrames/SNCP1E5420006D_Index0/ir#left_SNCP1E5420006D_Index0_g1739874543494_f8_s1739874543528_e5000_d16_.jpg
[35.129s] -- Symlinking: /home/dgx_allex_one/allex2head/install/orbbec_camera/share/orbbec_camera//examples/multi_camera_synced_verification_tool/multicamera_sync/output/20250218102900/TotalModeFrames/SNCP1E5420006D_Index0/ir#left_SNCP1E5420006D_Index0_g1739874543527_f9_s1739874543627_e5000_d16_.jpg
[35.138s] -- Symlinking: /home/dgx_allex_one/allex2head/install/orbbec_camera/share/orbbec_camera//examples/multi_camera_synced_verification_tool/multicamera_sync/output/20250218102900/TotalModeFrames/SNCP1E5420006D_Index0/ir#left_SNCP1E5420006D_Index0_g1739874543561_f10_s1739874543628_e5000_d16_.jpg
[35.145s] -- Symlinking: /home/dgx_allex_one/allex2head/install/orbbec_camera/share/orbbec_camera//examples/multi_camera_synced_verification_tool/multicamera_sync/output/20250218102900/TotalModeFrames/SNCP1L44P00051_Index1/color_SNCP1L44P00051_Index1_g1739874543227_f0_s1739874543304_e50_d16_.jpg
[35.152s] -- Symlinking: /home/dgx_allex_one/allex2head/install/orbbec_camera/share/orbbec_camera//examples/multi_camera_synced_verification_tool/multicamera_sync/output/20250218102900/TotalModeFrames/SNCP1L44P00051_Index1/color_SNCP1L44P00051_Index1_g1739874543260_f1_s1739874543345_e50_d16_.jpg
[35.158s] -- Symlinking: /home/dgx_allex_one/allex2head/install/orbbec_camera/share/orbbec_camera//examples/multi_camera_synced_verification_tool/multicamera_sync/output/20250218102900/TotalModeFrames/SNCP1L44P00051_Index1/color_SNCP1L44P00051_Index1_g1739874543293_f2_s1739874543446_e50_d16_.jpg
[35.166s] -- Symlinking: /home/dgx_allex_one/allex2head/install/orbbec_camera/share/orbbec_camera//examples/multi_camera_synced_verification_tool/multicamera_sync/output/20250218102900/TotalModeFrames/SNCP1L44P00051_Index1/color_SNCP1L44P00051_Index1_g1739874543327_f3_s1739874543458_e50_d16_.jpg
[35.174s] -- Symlinking: /home/dgx_allex_one/allex2head/install/orbbec_camera/share/orbbec_camera//examples/multi_camera_synced_verification_tool/multicamera_sync/output/20250218102900/TotalModeFrames/SNCP1L44P00051_Index1/color_SNCP1L44P00051_Index1_g1739874543360_f4_s1739874543468_e50_d16_.jpg
[35.182s] -- Symlinking: /home/dgx_allex_one/allex2head/install/orbbec_camera/share/orbbec_camera//examples/multi_camera_synced_verification_tool/multicamera_sync/output/20250218102900/TotalModeFrames/SNCP1L44P00051_Index1/color_SNCP1L44P00051_Index1_g1739874543393_f5_s1739874543470_e50_d16_.jpg
[35.190s] -- Symlinking: /home/dgx_allex_one/allex2head/install/orbbec_camera/share/orbbec_camera//examples/multi_camera_synced_verification_tool/multicamera_sync/output/20250218102900/TotalModeFrames/SNCP1L44P00051_Index1/color_SNCP1L44P00051_Index1_g1739874543427_f6_s1739874543485_e50_d16_.jpg
[35.197s] -- Symlinking: /home/dgx_allex_one/allex2head/install/orbbec_camera/share/orbbec_camera//examples/multi_camera_synced_verification_tool/multicamera_sync/output/20250218102900/TotalModeFrames/SNCP1L44P00051_Index1/color_SNCP1L44P00051_Index1_g1739874543460_f7_s1739874543505_e50_d16_.jpg
[35.204s] -- Symlinking: /home/dgx_allex_one/allex2head/install/orbbec_camera/share/orbbec_camera//examples/multi_camera_synced_verification_tool/multicamera_sync/output/20250218102900/TotalModeFrames/SNCP1L44P00051_Index1/color_SNCP1L44P00051_Index1_g1739874543494_f8_s1739874543540_e50_d16_.jpg
[35.209s] -- Symlinking: /home/dgx_allex_one/allex2head/install/orbbec_camera/share/orbbec_camera//examples/multi_camera_synced_verification_tool/multicamera_sync/output/20250218102900/TotalModeFrames/SNCP1L44P00051_Index1/color_SNCP1L44P00051_Index1_g1739874543527_f9_s1739874543616_e50_d16_.jpg
[35.216s] -- Symlinking: /home/dgx_allex_one/allex2head/install/orbbec_camera/share/orbbec_camera//examples/multi_camera_synced_verification_tool/multicamera_sync/output/20250218102900/TotalModeFrames/SNCP1L44P00051_Index1/color_SNCP1L44P00051_Index1_g1739874543560_f10_s1739874543618_e50_d16_.jpg
[35.221s] -- Symlinking: /home/dgx_allex_one/allex2head/install/orbbec_camera/share/orbbec_camera//examples/multi_camera_synced_verification_tool/multicamera_sync/output/20250218102900/TotalModeFrames/SNCP1L44P00051_Index1/ir#left_SNCP1L44P00051_Index1_g1739874543227_f0_s1739874543250_e5000_d16_.jpg
[35.226s] -- Symlinking: /home/dgx_allex_one/allex2head/install/orbbec_camera/share/orbbec_camera//examples/multi_camera_synced_verification_tool/multicamera_sync/output/20250218102900/TotalModeFrames/SNCP1L44P00051_Index1/ir#left_SNCP1L44P00051_Index1_g1739874543260_f1_s1739874543294_e5000_d16_.jpg
[35.230s] -- Symlinking: /home/dgx_allex_one/allex2head/install/orbbec_camera/share/orbbec_camera//examples/multi_camera_synced_verification_tool/multicamera_sync/output/20250218102900/TotalModeFrames/SNCP1L44P00051_Index1/ir#left_SNCP1L44P00051_Index1_g1739874543294_f2_s1739874543319_e5000_d16_.jpg
[35.234s] -- Symlinking: /home/dgx_allex_one/allex2head/install/orbbec_camera/share/orbbec_camera//examples/multi_camera_synced_verification_tool/multicamera_sync/output/20250218102900/TotalModeFrames/SNCP1L44P00051_Index1/ir#left_SNCP1L44P00051_Index1_g1739874543327_f3_s1739874543460_e5000_d16_.jpg
[35.238s] -- Symlinking: /home/dgx_allex_one/allex2head/install/orbbec_camera/share/orbbec_camera//examples/multi_camera_synced_verification_tool/multicamera_sync/output/20250218102900/TotalModeFrames/SNCP1L44P00051_Index1/ir#left_SNCP1L44P00051_Index1_g1739874543360_f4_s1739874543460_e5000_d16_.jpg
[35.243s] -- Symlinking: /home/dgx_allex_one/allex2head/install/orbbec_camera/share/orbbec_camera//examples/multi_camera_synced_verification_tool/multicamera_sync/output/20250218102900/TotalModeFrames/SNCP1L44P00051_Index1/ir#left_SNCP1L44P00051_Index1_g1739874543394_f5_s1739874543661_e5000_d16_.jpg
[35.247s] -- Symlinking: /home/dgx_allex_one/allex2head/install/orbbec_camera/share/orbbec_camera//examples/multi_camera_synced_verification_tool/multicamera_sync/output/20250218102900/TotalModeFrames/SNCP1L44P00051_Index1/ir#left_SNCP1L44P00051_Index1_g1739874543427_f6_s1739874543684_e5000_d16_.jpg
[35.256s] -- Symlinking: /home/dgx_allex_one/allex2head/install/orbbec_camera/share/orbbec_camera//examples/multi_camera_synced_verification_tool/multicamera_sync/output/20250218102900/TotalModeFrames/SNCP1L44P00051_Index1/ir#left_SNCP1L44P00051_Index1_g1739874543460_f7_s1739874543685_e5000_d16_.jpg
[35.264s] -- Symlinking: /home/dgx_allex_one/allex2head/install/orbbec_camera/share/orbbec_camera//examples/multi_camera_synced_verification_tool/multicamera_sync/output/20250218102900/TotalModeFrames/SNCP1L44P00051_Index1/ir#left_SNCP1L44P00051_Index1_g1739874543494_f8_s1739874543687_e5000_d16_.jpg
[35.271s] -- Symlinking: /home/dgx_allex_one/allex2head/install/orbbec_camera/share/orbbec_camera//examples/multi_camera_synced_verification_tool/multicamera_sync/output/20250218102900/TotalModeFrames/SNCP1L44P00051_Index1/ir#left_SNCP1L44P00051_Index1_g1739874543527_f10_s1739874543687_e5000_d16_.jpg
[35.278s] -- Symlinking: /home/dgx_allex_one/allex2head/install/orbbec_camera/share/orbbec_camera//examples/multi_camera_synced_verification_tool/multicamera_sync/output/20250218102900/TotalModeFrames/SNCP1L44P00051_Index1/ir#left_SNCP1L44P00051_Index1_g1739874543560_f11_s1739874543687_e5000_d16_.jpg
[35.285s] -- Symlinking: /home/dgx_allex_one/allex2head/install/orbbec_camera/share/orbbec_camera//examples/multi_camera_synced_verification_tool/multicamera_sync/output/20250218102900/results-2025-02-25_163648/frameMatchLog.txt
[35.292s] -- Symlinking: /home/dgx_allex_one/allex2head/install/orbbec_camera/share/orbbec_camera//examples/multi_camera_synced_verification_tool/multicamera_sync/output/20250218102900/results-2025-02-25_163648/matchFrames/0_color_SNCP1E5420006D_Index0_1739874543527_[0].jpg
[35.299s] -- Symlinking: /home/dgx_allex_one/allex2head/install/orbbec_camera/share/orbbec_camera//examples/multi_camera_synced_verification_tool/multicamera_sync/output/20250218102900/results-2025-02-25_163648/matchFrames/0_color_SNCP1L44P00051_Index1_1739874543527_[0].jpg
[35.304s] -- Symlinking: /home/dgx_allex_one/allex2head/install/orbbec_camera/share/orbbec_camera//examples/multi_camera_synced_verification_tool/multicamera_sync/output/20250218102900/results-2025-02-25_163648/matchFrames/0_ir_left_SNCP1E5420006D_Index0_1739874543527_[0].jpg
[35.308s] -- Symlinking: /home/dgx_allex_one/allex2head/install/orbbec_camera/share/orbbec_camera//examples/multi_camera_synced_verification_tool/multicamera_sync/output/20250218102900/results-2025-02-25_163648/matchFrames/0_ir_left_SNCP1L44P00051_Index1_1739874543527_[0].jpg
[35.313s] -- Symlinking: /home/dgx_allex_one/allex2head/install/orbbec_camera/share/orbbec_camera//examples/multi_camera_synced_verification_tool/multicamera_sync/output/20250218102900/results-2025-02-25_163648/matchFrames/10_color_SNCP1E5420006D_Index0_1739874543227_[0].jpg
[35.317s] -- Symlinking: /home/dgx_allex_one/allex2head/install/orbbec_camera/share/orbbec_camera//examples/multi_camera_synced_verification_tool/multicamera_sync/output/20250218102900/results-2025-02-25_163648/matchFrames/10_color_SNCP1L44P00051_Index1_1739874543227_[0].jpg
[35.322s] -- Symlinking: /home/dgx_allex_one/allex2head/install/orbbec_camera/share/orbbec_camera//examples/multi_camera_synced_verification_tool/multicamera_sync/output/20250218102900/results-2025-02-25_163648/matchFrames/10_ir_left_SNCP1E5420006D_Index0_1739874543227_[0].jpg
[35.327s] -- Symlinking: /home/dgx_allex_one/allex2head/install/orbbec_camera/share/orbbec_camera//examples/multi_camera_synced_verification_tool/multicamera_sync/output/20250218102900/results-2025-02-25_163648/matchFrames/10_ir_left_SNCP1L44P00051_Index1_1739874543227_[0].jpg
[35.331s] -- Symlinking: /home/dgx_allex_one/allex2head/install/orbbec_camera/share/orbbec_camera//examples/multi_camera_synced_verification_tool/multicamera_sync/output/20250218102900/results-2025-02-25_163648/matchFrames/1_color_SNCP1E5420006D_Index0_1739874543494_[0].jpg
[35.336s] -- Symlinking: /home/dgx_allex_one/allex2head/install/orbbec_camera/share/orbbec_camera//examples/multi_camera_synced_verification_tool/multicamera_sync/output/20250218102900/results-2025-02-25_163648/matchFrames/1_color_SNCP1L44P00051_Index1_1739874543494_[0].jpg
[35.345s] -- Symlinking: /home/dgx_allex_one/allex2head/install/orbbec_camera/share/orbbec_camera//examples/multi_camera_synced_verification_tool/multicamera_sync/output/20250218102900/results-2025-02-25_163648/matchFrames/1_ir_left_SNCP1E5420006D_Index0_1739874543494_[0].jpg
[35.352s] -- Symlinking: /home/dgx_allex_one/allex2head/install/orbbec_camera/share/orbbec_camera//examples/multi_camera_synced_verification_tool/multicamera_sync/output/20250218102900/results-2025-02-25_163648/matchFrames/1_ir_left_SNCP1L44P00051_Index1_1739874543494_[0].jpg
[35.360s] -- Symlinking: /home/dgx_allex_one/allex2head/install/orbbec_camera/share/orbbec_camera//examples/multi_camera_synced_verification_tool/multicamera_sync/output/20250218102900/results-2025-02-25_163648/matchFrames/2_color_SNCP1E5420006D_Index0_1739874543461_[1].jpg
[35.365s] -- Symlinking: /home/dgx_allex_one/allex2head/install/orbbec_camera/share/orbbec_camera//examples/multi_camera_synced_verification_tool/multicamera_sync/output/20250218102900/results-2025-02-25_163648/matchFrames/2_color_SNCP1L44P00051_Index1_1739874543460_[0].jpg
[35.371s] -- Symlinking: /home/dgx_allex_one/allex2head/install/orbbec_camera/share/orbbec_camera//examples/multi_camera_synced_verification_tool/multicamera_sync/output/20250218102900/results-2025-02-25_163648/matchFrames/2_ir_left_SNCP1E5420006D_Index0_1739874543461_[1].jpg
[35.376s] -- Symlinking: /home/dgx_allex_one/allex2head/install/orbbec_camera/share/orbbec_camera//examples/multi_camera_synced_verification_tool/multicamera_sync/output/20250218102900/results-2025-02-25_163648/matchFrames/2_ir_left_SNCP1L44P00051_Index1_1739874543460_[0].jpg
[35.380s] -- Symlinking: /home/dgx_allex_one/allex2head/install/orbbec_camera/share/orbbec_camera//examples/multi_camera_synced_verification_tool/multicamera_sync/output/20250218102900/results-2025-02-25_163648/matchFrames/3_color_SNCP1E5420006D_Index0_1739874543260_[0].jpg
[35.386s] -- Symlinking: /home/dgx_allex_one/allex2head/install/orbbec_camera/share/orbbec_camera//examples/multi_camera_synced_verification_tool/multicamera_sync/output/20250218102900/results-2025-02-25_163648/matchFrames/3_color_SNCP1L44P00051_Index1_1739874543260_[0].jpg
[35.392s] -- Symlinking: /home/dgx_allex_one/allex2head/install/orbbec_camera/share/orbbec_camera//examples/multi_camera_synced_verification_tool/multicamera_sync/output/20250218102900/results-2025-02-25_163648/matchFrames/3_ir_left_SNCP1E5420006D_Index0_1739874543260_[0].jpg
[35.396s] -- Symlinking: /home/dgx_allex_one/allex2head/install/orbbec_camera/share/orbbec_camera//examples/multi_camera_synced_verification_tool/multicamera_sync/output/20250218102900/results-2025-02-25_163648/matchFrames/3_ir_left_SNCP1L44P00051_Index1_1739874543260_[0].jpg
[35.404s] -- Symlinking: /home/dgx_allex_one/allex2head/install/orbbec_camera/share/orbbec_camera//examples/multi_camera_synced_verification_tool/multicamera_sync/output/20250218102900/results-2025-02-25_163648/matchFrames/4_color_SNCP1E5420006D_Index0_1739874543360_[0].jpg
[35.411s] -- Symlinking: /home/dgx_allex_one/allex2head/install/orbbec_camera/share/orbbec_camera//examples/multi_camera_synced_verification_tool/multicamera_sync/output/20250218102900/results-2025-02-25_163648/matchFrames/4_color_SNCP1L44P00051_Index1_1739874543360_[0].jpg
[35.418s] -- Symlinking: /home/dgx_allex_one/allex2head/install/orbbec_camera/share/orbbec_camera//examples/multi_camera_synced_verification_tool/multicamera_sync/output/20250218102900/results-2025-02-25_163648/matchFrames/4_ir_left_SNCP1E5420006D_Index0_1739874543361_[1].jpg
[35.424s] -- Symlinking: /home/dgx_allex_one/allex2head/install/orbbec_camera/share/orbbec_camera//examples/multi_camera_synced_verification_tool/multicamera_sync/output/20250218102900/results-2025-02-25_163648/matchFrames/4_ir_left_SNCP1L44P00051_Index1_1739874543360_[0].jpg
[35.430s] -- Symlinking: /home/dgx_allex_one/allex2head/install/orbbec_camera/share/orbbec_camera//examples/multi_camera_synced_verification_tool/multicamera_sync/output/20250218102900/results-2025-02-25_163648/matchFrames/5_color_SNCP1E5420006D_Index0_1739874543327_[0].jpg
[35.435s] -- Symlinking: /home/dgx_allex_one/allex2head/install/orbbec_camera/share/orbbec_camera//examples/multi_camera_synced_verification_tool/multicamera_sync/output/20250218102900/results-2025-02-25_163648/matchFrames/5_color_SNCP1L44P00051_Index1_1739874543327_[0].jpg
[35.440s] -- Symlinking: /home/dgx_allex_one/allex2head/install/orbbec_camera/share/orbbec_camera//examples/multi_camera_synced_verification_tool/multicamera_sync/output/20250218102900/results-2025-02-25_163648/matchFrames/5_ir_left_SNCP1E5420006D_Index0_1739874543327_[0].jpg
[35.446s] -- Symlinking: /home/dgx_allex_one/allex2head/install/orbbec_camera/share/orbbec_camera//examples/multi_camera_synced_verification_tool/multicamera_sync/output/20250218102900/results-2025-02-25_163648/matchFrames/5_ir_left_SNCP1L44P00051_Index1_1739874543327_[0].jpg
[35.451s] -- Symlinking: /home/dgx_allex_one/allex2head/install/orbbec_camera/share/orbbec_camera//examples/multi_camera_synced_verification_tool/multicamera_sync/output/20250218102900/results-2025-02-25_163648/matchFrames/6_color_SNCP1E5420006D_Index0_1739874543561_[1].jpg
[35.459s] -- Symlinking: /home/dgx_allex_one/allex2head/install/orbbec_camera/share/orbbec_camera//examples/multi_camera_synced_verification_tool/multicamera_sync/output/20250218102900/results-2025-02-25_163648/matchFrames/6_color_SNCP1L44P00051_Index1_1739874543560_[0].jpg
[35.465s] -- Symlinking: /home/dgx_allex_one/allex2head/install/orbbec_camera/share/orbbec_camera//examples/multi_camera_synced_verification_tool/multicamera_sync/output/20250218102900/results-2025-02-25_163648/matchFrames/6_ir_left_SNCP1E5420006D_Index0_1739874543561_[1].jpg
[35.472s] -- Symlinking: /home/dgx_allex_one/allex2head/install/orbbec_camera/share/orbbec_camera//examples/multi_camera_synced_verification_tool/multicamera_sync/output/20250218102900/results-2025-02-25_163648/matchFrames/6_ir_left_SNCP1L44P00051_Index1_1739874543560_[0].jpg
[35.477s] -- Symlinking: /home/dgx_allex_one/allex2head/install/orbbec_camera/share/orbbec_camera//examples/multi_camera_synced_verification_tool/multicamera_sync/output/20250218102900/results-2025-02-25_163648/matchFrames/7_color_SNCP1E5420006D_Index0_1739874543427_[0].jpg
[35.483s] -- Symlinking: /home/dgx_allex_one/allex2head/install/orbbec_camera/share/orbbec_camera//examples/multi_camera_synced_verification_tool/multicamera_sync/output/20250218102900/results-2025-02-25_163648/matchFrames/7_color_SNCP1L44P00051_Index1_1739874543427_[0].jpg
[35.488s] -- Symlinking: /home/dgx_allex_one/allex2head/install/orbbec_camera/share/orbbec_camera//examples/multi_camera_synced_verification_tool/multicamera_sync/output/20250218102900/results-2025-02-25_163648/matchFrames/7_ir_left_SNCP1E5420006D_Index0_1739874543427_[0].jpg
[35.493s] -- Symlinking: /home/dgx_allex_one/allex2head/install/orbbec_camera/share/orbbec_camera//examples/multi_camera_synced_verification_tool/multicamera_sync/output/20250218102900/results-2025-02-25_163648/matchFrames/7_ir_left_SNCP1L44P00051_Index1_1739874543427_[0].jpg
[35.501s] -- Symlinking: /home/dgx_allex_one/allex2head/install/orbbec_camera/share/orbbec_camera//examples/multi_camera_synced_verification_tool/multicamera_sync/output/20250218102900/results-2025-02-25_163648/matchFrames/8_color_SNCP1E5420006D_Index0_1739874543294_[1].jpg
[35.508s] -- Symlinking: /home/dgx_allex_one/allex2head/install/orbbec_camera/share/orbbec_camera//examples/multi_camera_synced_verification_tool/multicamera_sync/output/20250218102900/results-2025-02-25_163648/matchFrames/8_color_SNCP1L44P00051_Index1_1739874543293_[0].jpg
[35.513s] -- Symlinking: /home/dgx_allex_one/allex2head/install/orbbec_camera/share/orbbec_camera//examples/multi_camera_synced_verification_tool/multicamera_sync/output/20250218102900/results-2025-02-25_163648/matchFrames/8_ir_left_SNCP1E5420006D_Index0_1739874543294_[1].jpg
[35.519s] -- Symlinking: /home/dgx_allex_one/allex2head/install/orbbec_camera/share/orbbec_camera//examples/multi_camera_synced_verification_tool/multicamera_sync/output/20250218102900/results-2025-02-25_163648/matchFrames/8_ir_left_SNCP1L44P00051_Index1_1739874543294_[1].jpg
[35.524s] -- Symlinking: /home/dgx_allex_one/allex2head/install/orbbec_camera/share/orbbec_camera//examples/multi_camera_synced_verification_tool/multicamera_sync/output/20250218102900/results-2025-02-25_163648/matchFrames/9_color_SNCP1E5420006D_Index0_1739874543394_[1].jpg
[35.529s] -- Symlinking: /home/dgx_allex_one/allex2head/install/orbbec_camera/share/orbbec_camera//examples/multi_camera_synced_verification_tool/multicamera_sync/output/20250218102900/results-2025-02-25_163648/matchFrames/9_color_SNCP1L44P00051_Index1_1739874543393_[0].jpg
[35.535s] -- Symlinking: /home/dgx_allex_one/allex2head/install/orbbec_camera/share/orbbec_camera//examples/multi_camera_synced_verification_tool/multicamera_sync/output/20250218102900/results-2025-02-25_163648/matchFrames/9_ir_left_SNCP1E5420006D_Index0_1739874543394_[1].jpg
[35.539s] -- Symlinking: /home/dgx_allex_one/allex2head/install/orbbec_camera/share/orbbec_camera//examples/multi_camera_synced_verification_tool/multicamera_sync/output/20250218102900/results-2025-02-25_163648/matchFrames/9_ir_left_SNCP1L44P00051_Index1_1739874543394_[1].jpg
[35.544s] -- Symlinking: /home/dgx_allex_one/allex2head/install/orbbec_camera/share/orbbec_camera//examples/net_camera/README.MD
[35.550s] -- Symlinking: /home/dgx_allex_one/allex2head/install/orbbec_camera/share/orbbec_camera//examples/net_camera/multi_net_camera.launch.py
[35.555s] -- Symlinking: /home/dgx_allex_one/allex2head/install/orbbec_camera/share/orbbec_camera//examples/point_cloud/README.MD
[35.561s] -- Symlinking: /home/dgx_allex_one/allex2head/install/orbbec_camera/share/orbbec_camera//examples/point_cloud/image/image5.jpg
[35.567s] -- Symlinking: /home/dgx_allex_one/allex2head/install/orbbec_camera/share/orbbec_camera//examples/point_cloud/image/image6.jpg
[35.572s] -- Symlinking: /home/dgx_allex_one/allex2head/install/orbbec_camera/share/orbbec_camera//examples/start_camera_node/README.MD
[35.577s] -- Symlinking: /home/dgx_allex_one/allex2head/install/orbbec_camera/share/orbbec_camera//examples/start_camera_node/image/image1.jpg
[35.585s] -- Symlinking: /home/dgx_allex_one/allex2head/install/orbbec_camera/share/orbbec_camera//examples/start_camera_node/image/image2.jpg
[35.593s] -- Symlinking: /home/dgx_allex_one/allex2head/install/orbbec_camera/include/libobsensor/ObSensor.h
[35.601s] -- Symlinking: /home/dgx_allex_one/allex2head/install/orbbec_camera/include/libobsensor/ObSensor.hpp
[35.610s] -- Symlinking: /home/dgx_allex_one/allex2head/install/orbbec_camera/include/libobsensor/h/Advanced.h
[35.616s] -- Symlinking: /home/dgx_allex_one/allex2head/install/orbbec_camera/include/libobsensor/h/Context.h
[35.624s] -- Symlinking: /home/dgx_allex_one/allex2head/install/orbbec_camera/include/libobsensor/h/Device.h
[35.629s] -- Symlinking: /home/dgx_allex_one/allex2head/install/orbbec_camera/include/libobsensor/h/Error.h
[35.637s] -- Symlinking: /home/dgx_allex_one/allex2head/install/orbbec_camera/include/libobsensor/h/Export.h
[35.644s] -- Symlinking: /home/dgx_allex_one/allex2head/install/orbbec_camera/include/libobsensor/h/Filter.h
[35.653s] -- Symlinking: /home/dgx_allex_one/allex2head/install/orbbec_camera/include/libobsensor/h/Frame.h
[35.658s] -- Symlinking: /home/dgx_allex_one/allex2head/install/orbbec_camera/include/libobsensor/h/MultipleDevices.h
[35.662s] -- Symlinking: /home/dgx_allex_one/allex2head/install/orbbec_camera/include/libobsensor/h/ObTypes.h
[35.668s] -- Symlinking: /home/dgx_allex_one/allex2head/install/orbbec_camera/include/libobsensor/h/Pipeline.h
[35.673s] -- Symlinking: /home/dgx_allex_one/allex2head/install/orbbec_camera/include/libobsensor/h/Property.h
[35.679s] -- Symlinking: /home/dgx_allex_one/allex2head/install/orbbec_camera/include/libobsensor/h/RecordPlayback.h
[35.685s] -- Symlinking: /home/dgx_allex_one/allex2head/install/orbbec_camera/include/libobsensor/h/Sensor.h
[35.690s] -- Symlinking: /home/dgx_allex_one/allex2head/install/orbbec_camera/include/libobsensor/h/StreamProfile.h
[35.696s] -- Symlinking: /home/dgx_allex_one/allex2head/install/orbbec_camera/include/libobsensor/h/TypeHelper.h
[35.704s] -- Symlinking: /home/dgx_allex_one/allex2head/install/orbbec_camera/include/libobsensor/h/Utils.h
[35.709s] -- Symlinking: /home/dgx_allex_one/allex2head/install/orbbec_camera/include/libobsensor/h/Version.h
[35.714s] -- Symlinking: /home/dgx_allex_one/allex2head/install/orbbec_camera/include/libobsensor/hpp/Context.hpp
[35.719s] -- Symlinking: /home/dgx_allex_one/allex2head/install/orbbec_camera/include/libobsensor/hpp/Device.hpp
[35.727s] -- Symlinking: /home/dgx_allex_one/allex2head/install/orbbec_camera/include/libobsensor/hpp/Error.hpp
[35.736s] -- Symlinking: /home/dgx_allex_one/allex2head/install/orbbec_camera/include/libobsensor/hpp/Filter.hpp
[35.743s] -- Symlinking: /home/dgx_allex_one/allex2head/install/orbbec_camera/include/libobsensor/hpp/Frame.hpp
[35.751s] -- Symlinking: /home/dgx_allex_one/allex2head/install/orbbec_camera/include/libobsensor/hpp/Pipeline.hpp
[35.758s] -- Symlinking: /home/dgx_allex_one/allex2head/install/orbbec_camera/include/libobsensor/hpp/RecordPlayback.hpp
[35.763s] -- Symlinking: /home/dgx_allex_one/allex2head/install/orbbec_camera/include/libobsensor/hpp/Sensor.hpp
[35.771s] -- Symlinking: /home/dgx_allex_one/allex2head/install/orbbec_camera/include/libobsensor/hpp/StreamProfile.hpp
[35.777s] -- Symlinking: /home/dgx_allex_one/allex2head/install/orbbec_camera/include/libobsensor/hpp/TypeHelper.hpp
[35.784s] -- Symlinking: /home/dgx_allex_one/allex2head/install/orbbec_camera/include/libobsensor/hpp/Types.hpp
[35.792s] -- Symlinking: /home/dgx_allex_one/allex2head/install/orbbec_camera/include/libobsensor/hpp/Utils.hpp
[35.799s] -- Symlinking: /home/dgx_allex_one/allex2head/install/orbbec_camera/include/libobsensor/hpp/Version.hpp
[35.805s] -- Symlinking: /home/dgx_allex_one/allex2head/install/orbbec_camera/lib/extensions//libdepthengine.so
[35.813s] -- Symlinking: /home/dgx_allex_one/allex2head/install/orbbec_camera/lib/extensions//libdepthengine.so.2.0
[35.822s] -- Symlinking: /home/dgx_allex_one/allex2head/install/orbbec_camera/lib/extensions//libFilterProcessor.so
[35.829s] -- Symlinking: /home/dgx_allex_one/allex2head/install/orbbec_camera/lib/extensions//libob_priv_filter.so
[35.834s] -- Symlinking: /home/dgx_allex_one/allex2head/install/orbbec_camera/lib/extensions//libfirmwareupdater.so
[35.840s] -- Symlinking: /home/dgx_allex_one/allex2head/install/orbbec_camera/lib/extensions//libob_frame_processor.so
[35.845s] -- Symlinking: /home/dgx_allex_one/allex2head/install/orbbec_camera/lib/orbbec_camera//list_depth_work_mode_node
[35.853s] -- Symlinking: /home/dgx_allex_one/allex2head/install/orbbec_camera/lib/orbbec_camera//topic_statistics_node
[35.861s] -- Symlinking: /home/dgx_allex_one/allex2head/install/orbbec_camera/lib/orbbec_camera//ob_benchmark_node
[35.869s] -- Symlinking: /home/dgx_allex_one/allex2head/install/orbbec_camera/share/orbbec_camera/environment/library_path.sh
[35.877s] -- Symlinking: /home/dgx_allex_one/allex2head/install/orbbec_camera/share/orbbec_camera/environment/library_path.dsv
[35.884s] -- Symlinking: /home/dgx_allex_one/allex2head/install/orbbec_camera/share/ament_index/resource_index/package_run_dependencies/orbbec_camera
[35.893s] -- Symlinking: /home/dgx_allex_one/allex2head/install/orbbec_camera/share/ament_index/resource_index/parent_prefix_path/orbbec_camera
[35.901s] -- Symlinking: /home/dgx_allex_one/allex2head/install/orbbec_camera/share/orbbec_camera/environment/ament_prefix_path.sh
[35.906s] -- Symlinking: /home/dgx_allex_one/allex2head/install/orbbec_camera/share/orbbec_camera/environment/ament_prefix_path.dsv
[35.914s] -- Symlinking: /home/dgx_allex_one/allex2head/install/orbbec_camera/share/orbbec_camera/environment/path.sh
[35.921s] -- Symlinking: /home/dgx_allex_one/allex2head/install/orbbec_camera/share/orbbec_camera/environment/path.dsv
[35.926s] -- Symlinking: /home/dgx_allex_one/allex2head/install/orbbec_camera/share/orbbec_camera/local_setup.bash
[35.934s] -- Symlinking: /home/dgx_allex_one/allex2head/install/orbbec_camera/share/orbbec_camera/local_setup.sh
[35.941s] -- Symlinking: /home/dgx_allex_one/allex2head/install/orbbec_camera/share/orbbec_camera/local_setup.zsh
[35.949s] -- Symlinking: /home/dgx_allex_one/allex2head/install/orbbec_camera/share/orbbec_camera/local_setup.dsv
[35.956s] -- Symlinking: /home/dgx_allex_one/allex2head/install/orbbec_camera/share/orbbec_camera/package.dsv
[35.964s] -- Symlinking: /home/dgx_allex_one/allex2head/install/orbbec_camera/share/ament_index/resource_index/packages/orbbec_camera
[35.972s] -- Symlinking: /home/dgx_allex_one/allex2head/install/orbbec_camera/share/ament_index/resource_index/rclcpp_components/orbbec_camera
[35.979s] -- Symlinking: /home/dgx_allex_one/allex2head/install/orbbec_camera/share/orbbec_camera/cmake/ament_cmake_export_include_directories-extras.cmake
[35.986s] -- Symlinking: /home/dgx_allex_one/allex2head/install/orbbec_camera/share/orbbec_camera/cmake/ament_cmake_export_libraries-extras.cmake
[35.994s] -- Symlinking: /home/dgx_allex_one/allex2head/install/orbbec_camera/share/orbbec_camera/cmake/ament_cmake_export_dependencies-extras.cmake
[36.002s] -- Symlinking: /home/dgx_allex_one/allex2head/install/orbbec_camera/share/orbbec_camera/cmake/orbbec_cameraConfig.cmake
[36.009s] -- Symlinking: /home/dgx_allex_one/allex2head/install/orbbec_camera/share/orbbec_camera/cmake/orbbec_cameraConfig-version.cmake
[36.016s] -- Symlinking: /home/dgx_allex_one/allex2head/install/orbbec_camera/share/orbbec_camera/package.xml
[36.024s] -- Up-to-date: /home/dgx_allex_one/allex2head/install/orbbec_camera/lib/
[36.024s] -- Installing: /home/dgx_allex_one/allex2head/install/orbbec_camera/lib//libOrbbecSDK.so
[36.024s] -- Up-to-date: /home/dgx_allex_one/allex2head/install/orbbec_camera/lib//extensions
[36.024s] -- Installing: /home/dgx_allex_one/allex2head/install/orbbec_camera/lib//extensions/firmwareupdater
[36.024s] -- Installing: /home/dgx_allex_one/allex2head/install/orbbec_camera/lib//extensions/firmwareupdater/libfirmwareupdater.so
[36.034s] -- Installing: /home/dgx_allex_one/allex2head/install/orbbec_camera/lib//extensions/filters
[36.034s] -- Installing: /home/dgx_allex_one/allex2head/install/orbbec_camera/lib//extensions/filters/libFilterProcessor.so
[36.035s] -- Installing: /home/dgx_allex_one/allex2head/install/orbbec_camera/lib//extensions/filters/libob_priv_filter.so
[36.036s] -- Installing: /home/dgx_allex_one/allex2head/install/orbbec_camera/lib//extensions/depthengine
[36.036s] -- Installing: /home/dgx_allex_one/allex2head/install/orbbec_camera/lib//extensions/depthengine/libdepthengine.so
[36.036s] -- Installing: /home/dgx_allex_one/allex2head/install/orbbec_camera/lib//extensions/depthengine/libdepthengine.so.2.0
[36.036s] -- Installing: /home/dgx_allex_one/allex2head/install/orbbec_camera/lib//extensions/frameprocessor
[36.036s] -- Installing: /home/dgx_allex_one/allex2head/install/orbbec_camera/lib//extensions/frameprocessor/libob_frame_processor.so
[36.037s] -- Installing: /home/dgx_allex_one/allex2head/install/orbbec_camera/lib//libOrbbecSDK.so.2
[36.037s] -- Installing: /home/dgx_allex_one/allex2head/install/orbbec_camera/lib//libOrbbecSDK.so.2.4.11
[36.054s] Invoked command in '/home/dgx_allex_one/allex2head/build/orbbec_camera' returned '0': CMAKE_PREFIX_PATH=/home/dgx_allex_one/allex2head/install/orbbec_camera_msgs:/home/dgx_allex_one/allex2head/install/orbbec_description:/home/dgx_allex_one/allex2head/install/orbbec_camera:/opt/ros/jazzy/opt/gz_math_vendor:/opt/ros/jazzy/opt/gz_utils_vendor:/opt/ros/jazzy/opt/gz_cmake_vendor:/home/dgx_allex_one/allex2head/install/camera_node:/opt/ros/jazzy DEBUGINFOD_URLS=https://debuginfod.ubuntu.com LD_LIBRARY_PATH=/home/dgx_allex_one/allex2head/install/orbbec_camera_msgs/lib:/home/dgx_allex_one/allex2head/install/orbbec_camera/lib:/opt/ros/jazzy/opt/rviz_ogre_vendor/lib:/opt/ros/jazzy/lib/aarch64-linux-gnu:/opt/ros/jazzy/opt/gz_math_vendor/lib:/opt/ros/jazzy/opt/gz_utils_vendor/lib:/opt/ros/jazzy/opt/gz_cmake_vendor/lib:/opt/ros/jazzy/lib /usr/bin/cmake --install /home/dgx_allex_one/allex2head/build/orbbec_camera
