[0.044s] DEBUG:colcon:Command line arguments: ['/usr/bin/colcon', 'build', '--symlink-install']
[0.044s] DEBUG:colcon:Parsed command line arguments: Namespace(log_base=None, log_level=None, verb_name='build', build_base='build', install_base='install', merge_install=False, symlink_install=True, test_result_base=None, continue_on_error=False, executor='parallel', parallel_workers=20, event_handlers=None, ignore_user_meta=False, metas=['./colcon.meta'], base_paths=['.'], packages_ignore=None, packages_ignore_regex=None, paths=None, packages_up_to=None, packages_up_to_regex=None, packages_above=None, packages_above_and_dependencies=None, packages_above_depth=None, packages_select_by_dep=None, packages_skip_by_dep=None, packages_skip_up_to=None, packages_select_build_failed=False, packages_skip_build_finished=False, packages_select_test_failures=False, packages_skip_test_passed=False, packages_select=None, packages_skip=None, packages_select_regex=None, packages_skip_regex=None, packages_start=None, packages_end=None, allow_overriding=[], cmake_args=None, cmake_target=None, cmake_target_skip_unavailable=False, cmake_clean_cache=False, cmake_clean_first=False, cmake_force_configure=False, ament_cmake_args=None, catkin_cmake_args=None, catkin_skip_building_tests=False, mixin_files=None, mixin=None, verb_parser=<colcon_mixin.mixin.mixin_argument.MixinArgumentDecorator object at 0xf6ac87b3bcb0>, verb_extension=<colcon_core.verb.build.BuildVerb object at 0xf6ac87ad9b20>, main=<bound method BuildVerb.main of <colcon_core.verb.build.BuildVerb object at 0xf6ac87ad9b20>>, mixin_verb=('build',))
[0.061s] Level 1:colcon.colcon_core.package_discovery:discover_packages(colcon_meta) check parameters
[0.061s] Level 1:colcon.colcon_core.package_discovery:discover_packages(recursive) check parameters
[0.061s] Level 1:colcon.colcon_core.package_discovery:discover_packages(ignore) check parameters
[0.061s] Level 1:colcon.colcon_core.package_discovery:discover_packages(path) check parameters
[0.061s] Level 1:colcon.colcon_core.package_discovery:discover_packages(colcon_meta) discover
[0.061s] Level 1:colcon.colcon_core.package_discovery:discover_packages(recursive) discover
[0.061s] INFO:colcon.colcon_core.package_discovery:Crawling recursively for packages in '/home/dgx_allex_one/allex2head'
[0.061s] Level 1:colcon.colcon_core.package_identification:_identify(.) by extensions ['ignore', 'ignore_ament_install']
[0.061s] Level 1:colcon.colcon_core.package_identification:_identify(.) by extension 'ignore'
[0.061s] Level 1:colcon.colcon_core.package_identification:_identify(.) by extension 'ignore_ament_install'
[0.061s] Level 1:colcon.colcon_core.package_identification:_identify(.) by extensions ['colcon_pkg']
[0.061s] Level 1:colcon.colcon_core.package_identification:_identify(.) by extension 'colcon_pkg'
[0.061s] Level 1:colcon.colcon_core.package_identification:_identify(.) by extensions ['colcon_meta']
[0.061s] Level 1:colcon.colcon_core.package_identification:_identify(.) by extension 'colcon_meta'
[0.061s] Level 1:colcon.colcon_core.package_identification:_identify(.) by extensions ['ros']
[0.061s] Level 1:colcon.colcon_core.package_identification:_identify(.) by extension 'ros'
[0.072s] Level 1:colcon.colcon_core.package_identification:_identify(.) by extensions ['cmake', 'python']
[0.072s] Level 1:colcon.colcon_core.package_identification:_identify(.) by extension 'cmake'
[0.072s] Level 1:colcon.colcon_core.package_identification:_identify(.) by extension 'python'
[0.072s] Level 1:colcon.colcon_core.package_identification:_identify(.) by extensions ['python_setup_py']
[0.072s] Level 1:colcon.colcon_core.package_identification:_identify(.) by extension 'python_setup_py'
[0.072s] Level 1:colcon.colcon_core.package_identification:_identify(build) by extensions ['ignore', 'ignore_ament_install']
[0.072s] Level 1:colcon.colcon_core.package_identification:_identify(build) by extension 'ignore'
[0.072s] Level 1:colcon.colcon_core.package_identification:_identify(build) ignored
[0.072s] Level 1:colcon.colcon_core.package_identification:_identify(config) by extensions ['ignore', 'ignore_ament_install']
[0.072s] Level 1:colcon.colcon_core.package_identification:_identify(config) by extension 'ignore'
[0.072s] Level 1:colcon.colcon_core.package_identification:_identify(config) by extension 'ignore_ament_install'
[0.072s] Level 1:colcon.colcon_core.package_identification:_identify(config) by extensions ['colcon_pkg']
[0.072s] Level 1:colcon.colcon_core.package_identification:_identify(config) by extension 'colcon_pkg'
[0.072s] Level 1:colcon.colcon_core.package_identification:_identify(config) by extensions ['colcon_meta']
[0.072s] Level 1:colcon.colcon_core.package_identification:_identify(config) by extension 'colcon_meta'
[0.072s] Level 1:colcon.colcon_core.package_identification:_identify(config) by extensions ['ros']
[0.072s] Level 1:colcon.colcon_core.package_identification:_identify(config) by extension 'ros'
[0.072s] Level 1:colcon.colcon_core.package_identification:_identify(config) by extensions ['cmake', 'python']
[0.072s] Level 1:colcon.colcon_core.package_identification:_identify(config) by extension 'cmake'
[0.072s] Level 1:colcon.colcon_core.package_identification:_identify(config) by extension 'python'
[0.073s] Level 1:colcon.colcon_core.package_identification:_identify(config) by extensions ['python_setup_py']
[0.073s] Level 1:colcon.colcon_core.package_identification:_identify(config) by extension 'python_setup_py'
[0.073s] Level 1:colcon.colcon_core.package_identification:_identify(install) by extensions ['ignore', 'ignore_ament_install']
[0.073s] Level 1:colcon.colcon_core.package_identification:_identify(install) by extension 'ignore'
[0.073s] Level 1:colcon.colcon_core.package_identification:_identify(install) ignored
[0.073s] Level 1:colcon.colcon_core.package_identification:_identify(log) by extensions ['ignore', 'ignore_ament_install']
[0.073s] Level 1:colcon.colcon_core.package_identification:_identify(log) by extension 'ignore'
[0.073s] Level 1:colcon.colcon_core.package_identification:_identify(log) ignored
[0.073s] Level 1:colcon.colcon_core.package_identification:_identify(rosbag) by extensions ['ignore', 'ignore_ament_install']
[0.073s] Level 1:colcon.colcon_core.package_identification:_identify(rosbag) by extension 'ignore'
[0.073s] Level 1:colcon.colcon_core.package_identification:_identify(rosbag) by extension 'ignore_ament_install'
[0.073s] Level 1:colcon.colcon_core.package_identification:_identify(rosbag) by extensions ['colcon_pkg']
[0.073s] Level 1:colcon.colcon_core.package_identification:_identify(rosbag) by extension 'colcon_pkg'
[0.073s] Level 1:colcon.colcon_core.package_identification:_identify(rosbag) by extensions ['colcon_meta']
[0.073s] Level 1:colcon.colcon_core.package_identification:_identify(rosbag) by extension 'colcon_meta'
[0.073s] Level 1:colcon.colcon_core.package_identification:_identify(rosbag) by extensions ['ros']
[0.073s] Level 1:colcon.colcon_core.package_identification:_identify(rosbag) by extension 'ros'
[0.073s] Level 1:colcon.colcon_core.package_identification:_identify(rosbag) by extensions ['cmake', 'python']
[0.073s] Level 1:colcon.colcon_core.package_identification:_identify(rosbag) by extension 'cmake'
[0.073s] Level 1:colcon.colcon_core.package_identification:_identify(rosbag) by extension 'python'
[0.073s] Level 1:colcon.colcon_core.package_identification:_identify(rosbag) by extensions ['python_setup_py']
[0.073s] Level 1:colcon.colcon_core.package_identification:_identify(rosbag) by extension 'python_setup_py'
[0.073s] Level 1:colcon.colcon_core.package_identification:_identify(src) by extensions ['ignore', 'ignore_ament_install']
[0.073s] Level 1:colcon.colcon_core.package_identification:_identify(src) by extension 'ignore'
[0.073s] Level 1:colcon.colcon_core.package_identification:_identify(src) by extension 'ignore_ament_install'
[0.073s] Level 1:colcon.colcon_core.package_identification:_identify(src) by extensions ['colcon_pkg']
[0.073s] Level 1:colcon.colcon_core.package_identification:_identify(src) by extension 'colcon_pkg'
[0.073s] Level 1:colcon.colcon_core.package_identification:_identify(src) by extensions ['colcon_meta']
[0.073s] Level 1:colcon.colcon_core.package_identification:_identify(src) by extension 'colcon_meta'
[0.073s] Level 1:colcon.colcon_core.package_identification:_identify(src) by extensions ['ros']
[0.073s] Level 1:colcon.colcon_core.package_identification:_identify(src) by extension 'ros'
[0.073s] Level 1:colcon.colcon_core.package_identification:_identify(src) by extensions ['cmake', 'python']
[0.073s] Level 1:colcon.colcon_core.package_identification:_identify(src) by extension 'cmake'
[0.073s] Level 1:colcon.colcon_core.package_identification:_identify(src) by extension 'python'
[0.073s] Level 1:colcon.colcon_core.package_identification:_identify(src) by extensions ['python_setup_py']
[0.073s] Level 1:colcon.colcon_core.package_identification:_identify(src) by extension 'python_setup_py'
[0.073s] Level 1:colcon.colcon_core.package_identification:_identify(src/OrbbecSDK_ROS2) by extensions ['ignore', 'ignore_ament_install']
[0.073s] Level 1:colcon.colcon_core.package_identification:_identify(src/OrbbecSDK_ROS2) by extension 'ignore'
[0.073s] Level 1:colcon.colcon_core.package_identification:_identify(src/OrbbecSDK_ROS2) by extension 'ignore_ament_install'
[0.073s] Level 1:colcon.colcon_core.package_identification:_identify(src/OrbbecSDK_ROS2) by extensions ['colcon_pkg']
[0.073s] Level 1:colcon.colcon_core.package_identification:_identify(src/OrbbecSDK_ROS2) by extension 'colcon_pkg'
[0.073s] Level 1:colcon.colcon_core.package_identification:_identify(src/OrbbecSDK_ROS2) by extensions ['colcon_meta']
[0.073s] Level 1:colcon.colcon_core.package_identification:_identify(src/OrbbecSDK_ROS2) by extension 'colcon_meta'
[0.073s] Level 1:colcon.colcon_core.package_identification:_identify(src/OrbbecSDK_ROS2) by extensions ['ros']
[0.073s] Level 1:colcon.colcon_core.package_identification:_identify(src/OrbbecSDK_ROS2) by extension 'ros'
[0.073s] Level 1:colcon.colcon_core.package_identification:_identify(src/OrbbecSDK_ROS2) by extensions ['cmake', 'python']
[0.073s] Level 1:colcon.colcon_core.package_identification:_identify(src/OrbbecSDK_ROS2) by extension 'cmake'
[0.073s] Level 1:colcon.colcon_core.package_identification:_identify(src/OrbbecSDK_ROS2) by extension 'python'
[0.073s] Level 1:colcon.colcon_core.package_identification:_identify(src/OrbbecSDK_ROS2) by extensions ['python_setup_py']
[0.073s] Level 1:colcon.colcon_core.package_identification:_identify(src/OrbbecSDK_ROS2) by extension 'python_setup_py'
[0.073s] Level 1:colcon.colcon_core.package_identification:_identify(src/OrbbecSDK_ROS2/docs) by extensions ['ignore', 'ignore_ament_install']
[0.073s] Level 1:colcon.colcon_core.package_identification:_identify(src/OrbbecSDK_ROS2/docs) by extension 'ignore'
[0.073s] Level 1:colcon.colcon_core.package_identification:_identify(src/OrbbecSDK_ROS2/docs) by extension 'ignore_ament_install'
[0.073s] Level 1:colcon.colcon_core.package_identification:_identify(src/OrbbecSDK_ROS2/docs) by extensions ['colcon_pkg']
[0.073s] Level 1:colcon.colcon_core.package_identification:_identify(src/OrbbecSDK_ROS2/docs) by extension 'colcon_pkg'
[0.073s] Level 1:colcon.colcon_core.package_identification:_identify(src/OrbbecSDK_ROS2/docs) by extensions ['colcon_meta']
[0.073s] Level 1:colcon.colcon_core.package_identification:_identify(src/OrbbecSDK_ROS2/docs) by extension 'colcon_meta'
[0.073s] Level 1:colcon.colcon_core.package_identification:_identify(src/OrbbecSDK_ROS2/docs) by extensions ['ros']
[0.073s] Level 1:colcon.colcon_core.package_identification:_identify(src/OrbbecSDK_ROS2/docs) by extension 'ros'
[0.073s] Level 1:colcon.colcon_core.package_identification:_identify(src/OrbbecSDK_ROS2/docs) by extensions ['cmake', 'python']
[0.073s] Level 1:colcon.colcon_core.package_identification:_identify(src/OrbbecSDK_ROS2/docs) by extension 'cmake'
[0.073s] Level 1:colcon.colcon_core.package_identification:_identify(src/OrbbecSDK_ROS2/docs) by extension 'python'
[0.073s] Level 1:colcon.colcon_core.package_identification:_identify(src/OrbbecSDK_ROS2/docs) by extensions ['python_setup_py']
[0.073s] Level 1:colcon.colcon_core.package_identification:_identify(src/OrbbecSDK_ROS2/docs) by extension 'python_setup_py'
[0.073s] Level 1:colcon.colcon_core.package_identification:_identify(src/OrbbecSDK_ROS2/docs/images) by extensions ['ignore', 'ignore_ament_install']
[0.073s] Level 1:colcon.colcon_core.package_identification:_identify(src/OrbbecSDK_ROS2/docs/images) by extension 'ignore'
[0.073s] Level 1:colcon.colcon_core.package_identification:_identify(src/OrbbecSDK_ROS2/docs/images) by extension 'ignore_ament_install'
[0.073s] Level 1:colcon.colcon_core.package_identification:_identify(src/OrbbecSDK_ROS2/docs/images) by extensions ['colcon_pkg']
[0.073s] Level 1:colcon.colcon_core.package_identification:_identify(src/OrbbecSDK_ROS2/docs/images) by extension 'colcon_pkg'
[0.073s] Level 1:colcon.colcon_core.package_identification:_identify(src/OrbbecSDK_ROS2/docs/images) by extensions ['colcon_meta']
[0.073s] Level 1:colcon.colcon_core.package_identification:_identify(src/OrbbecSDK_ROS2/docs/images) by extension 'colcon_meta'
[0.073s] Level 1:colcon.colcon_core.package_identification:_identify(src/OrbbecSDK_ROS2/docs/images) by extensions ['ros']
[0.073s] Level 1:colcon.colcon_core.package_identification:_identify(src/OrbbecSDK_ROS2/docs/images) by extension 'ros'
[0.074s] Level 1:colcon.colcon_core.package_identification:_identify(src/OrbbecSDK_ROS2/docs/images) by extensions ['cmake', 'python']
[0.074s] Level 1:colcon.colcon_core.package_identification:_identify(src/OrbbecSDK_ROS2/docs/images) by extension 'cmake'
[0.074s] Level 1:colcon.colcon_core.package_identification:_identify(src/OrbbecSDK_ROS2/docs/images) by extension 'python'
[0.074s] Level 1:colcon.colcon_core.package_identification:_identify(src/OrbbecSDK_ROS2/docs/images) by extensions ['python_setup_py']
[0.074s] Level 1:colcon.colcon_core.package_identification:_identify(src/OrbbecSDK_ROS2/docs/images) by extension 'python_setup_py'
[0.074s] Level 1:colcon.colcon_core.package_identification:_identify(src/OrbbecSDK_ROS2/orbbec_camera) by extensions ['ignore', 'ignore_ament_install']
[0.074s] Level 1:colcon.colcon_core.package_identification:_identify(src/OrbbecSDK_ROS2/orbbec_camera) by extension 'ignore'
[0.074s] Level 1:colcon.colcon_core.package_identification:_identify(src/OrbbecSDK_ROS2/orbbec_camera) by extension 'ignore_ament_install'
[0.074s] Level 1:colcon.colcon_core.package_identification:_identify(src/OrbbecSDK_ROS2/orbbec_camera) by extensions ['colcon_pkg']
[0.074s] Level 1:colcon.colcon_core.package_identification:_identify(src/OrbbecSDK_ROS2/orbbec_camera) by extension 'colcon_pkg'
[0.074s] Level 1:colcon.colcon_core.package_identification:_identify(src/OrbbecSDK_ROS2/orbbec_camera) by extensions ['colcon_meta']
[0.074s] Level 1:colcon.colcon_core.package_identification:_identify(src/OrbbecSDK_ROS2/orbbec_camera) by extension 'colcon_meta'
[0.074s] Level 1:colcon.colcon_core.package_identification:_identify(src/OrbbecSDK_ROS2/orbbec_camera) by extensions ['ros']
[0.074s] Level 1:colcon.colcon_core.package_identification:_identify(src/OrbbecSDK_ROS2/orbbec_camera) by extension 'ros'
[0.075s] DEBUG:colcon.colcon_core.package_identification:Package 'src/OrbbecSDK_ROS2/orbbec_camera' with type 'ros.ament_cmake' and name 'orbbec_camera'
[0.075s] Level 1:colcon.colcon_core.package_identification:_identify(src/OrbbecSDK_ROS2/orbbec_camera_msgs) by extensions ['ignore', 'ignore_ament_install']
[0.075s] Level 1:colcon.colcon_core.package_identification:_identify(src/OrbbecSDK_ROS2/orbbec_camera_msgs) by extension 'ignore'
[0.075s] Level 1:colcon.colcon_core.package_identification:_identify(src/OrbbecSDK_ROS2/orbbec_camera_msgs) by extension 'ignore_ament_install'
[0.075s] Level 1:colcon.colcon_core.package_identification:_identify(src/OrbbecSDK_ROS2/orbbec_camera_msgs) by extensions ['colcon_pkg']
[0.075s] Level 1:colcon.colcon_core.package_identification:_identify(src/OrbbecSDK_ROS2/orbbec_camera_msgs) by extension 'colcon_pkg'
[0.075s] Level 1:colcon.colcon_core.package_identification:_identify(src/OrbbecSDK_ROS2/orbbec_camera_msgs) by extensions ['colcon_meta']
[0.075s] Level 1:colcon.colcon_core.package_identification:_identify(src/OrbbecSDK_ROS2/orbbec_camera_msgs) by extension 'colcon_meta'
[0.075s] Level 1:colcon.colcon_core.package_identification:_identify(src/OrbbecSDK_ROS2/orbbec_camera_msgs) by extensions ['ros']
[0.075s] Level 1:colcon.colcon_core.package_identification:_identify(src/OrbbecSDK_ROS2/orbbec_camera_msgs) by extension 'ros'
[0.076s] DEBUG:colcon.colcon_core.package_identification:Package 'src/OrbbecSDK_ROS2/orbbec_camera_msgs' with type 'ros.ament_cmake' and name 'orbbec_camera_msgs'
[0.076s] Level 1:colcon.colcon_core.package_identification:_identify(src/OrbbecSDK_ROS2/orbbec_description) by extensions ['ignore', 'ignore_ament_install']
[0.076s] Level 1:colcon.colcon_core.package_identification:_identify(src/OrbbecSDK_ROS2/orbbec_description) by extension 'ignore'
[0.076s] Level 1:colcon.colcon_core.package_identification:_identify(src/OrbbecSDK_ROS2/orbbec_description) by extension 'ignore_ament_install'
[0.076s] Level 1:colcon.colcon_core.package_identification:_identify(src/OrbbecSDK_ROS2/orbbec_description) by extensions ['colcon_pkg']
[0.076s] Level 1:colcon.colcon_core.package_identification:_identify(src/OrbbecSDK_ROS2/orbbec_description) by extension 'colcon_pkg'
[0.076s] Level 1:colcon.colcon_core.package_identification:_identify(src/OrbbecSDK_ROS2/orbbec_description) by extensions ['colcon_meta']
[0.076s] Level 1:colcon.colcon_core.package_identification:_identify(src/OrbbecSDK_ROS2/orbbec_description) by extension 'colcon_meta'
[0.076s] Level 1:colcon.colcon_core.package_identification:_identify(src/OrbbecSDK_ROS2/orbbec_description) by extensions ['ros']
[0.076s] Level 1:colcon.colcon_core.package_identification:_identify(src/OrbbecSDK_ROS2/orbbec_description) by extension 'ros'
[0.076s] DEBUG:colcon.colcon_core.package_identification:Package 'src/OrbbecSDK_ROS2/orbbec_description' with type 'ros.ament_cmake' and name 'orbbec_description'
[0.076s] Level 1:colcon.colcon_core.package_identification:_identify(src/camera_node) by extensions ['ignore', 'ignore_ament_install']
[0.076s] Level 1:colcon.colcon_core.package_identification:_identify(src/camera_node) by extension 'ignore'
[0.076s] Level 1:colcon.colcon_core.package_identification:_identify(src/camera_node) by extension 'ignore_ament_install'
[0.076s] Level 1:colcon.colcon_core.package_identification:_identify(src/camera_node) by extensions ['colcon_pkg']
[0.076s] Level 1:colcon.colcon_core.package_identification:_identify(src/camera_node) by extension 'colcon_pkg'
[0.076s] Level 1:colcon.colcon_core.package_identification:_identify(src/camera_node) by extensions ['colcon_meta']
[0.076s] Level 1:colcon.colcon_core.package_identification:_identify(src/camera_node) by extension 'colcon_meta'
[0.076s] Level 1:colcon.colcon_core.package_identification:_identify(src/camera_node) by extensions ['ros']
[0.076s] Level 1:colcon.colcon_core.package_identification:_identify(src/camera_node) by extension 'ros'
[0.076s] DEBUG:colcon.colcon_core.package_identification:Package 'src/camera_node' with type 'ros.ament_python' and name 'camera_node'
[0.076s] Level 1:colcon.colcon_core.package_discovery:discover_packages(recursive) using defaults
[0.076s] Level 1:colcon.colcon_core.package_discovery:discover_packages(ignore) discover
[0.076s] Level 1:colcon.colcon_core.package_discovery:discover_packages(ignore) using defaults
[0.076s] Level 1:colcon.colcon_core.package_discovery:discover_packages(path) discover
[0.076s] Level 1:colcon.colcon_core.package_discovery:discover_packages(path) using defaults
[0.084s] Level 1:colcon.colcon_core.package_discovery:discover_packages(prefix_path) check parameters
[0.084s] Level 1:colcon.colcon_core.package_discovery:discover_packages(prefix_path) discover
[0.084s] WARNING:colcon.colcon_ros.prefix_path.ament:The path '/home/dgx_allex_one/allex2head/install/orbbec_description' in the environment variable AMENT_PREFIX_PATH doesn't exist
[0.084s] WARNING:colcon.colcon_ros.prefix_path.ament:The path '/home/dgx_allex_one/allex2head/install/orbbec_camera' in the environment variable AMENT_PREFIX_PATH doesn't exist
[0.084s] WARNING:colcon.colcon_ros.prefix_path.ament:The path '/home/dgx_allex_one/allex2head/install/orbbec_camera_msgs' in the environment variable AMENT_PREFIX_PATH doesn't exist
[0.084s] WARNING:colcon.colcon_ros.prefix_path.ament:The path '/home/dgx_allex_one/allex2head/install/camera_node' in the environment variable AMENT_PREFIX_PATH doesn't exist
[0.084s] WARNING:colcon.colcon_ros.prefix_path.catkin:The path '/home/dgx_allex_one/allex2head/install/orbbec_description' in the environment variable CMAKE_PREFIX_PATH doesn't exist
[0.084s] WARNING:colcon.colcon_ros.prefix_path.catkin:The path '/home/dgx_allex_one/allex2head/install/orbbec_camera' in the environment variable CMAKE_PREFIX_PATH doesn't exist
[0.084s] WARNING:colcon.colcon_ros.prefix_path.catkin:The path '/home/dgx_allex_one/allex2head/install/orbbec_camera_msgs' in the environment variable CMAKE_PREFIX_PATH doesn't exist
[0.085s] DEBUG:colcon.colcon_installed_package_information.package_discovery:Found 0 installed packages in /home/dgx_allex_one/allex2head/install
[0.085s] DEBUG:colcon.colcon_installed_package_information.package_discovery:Found 294 installed packages in /opt/ros/jazzy
[0.086s] Level 1:colcon.colcon_core.package_discovery:discover_packages(prefix_path) using defaults
[0.102s] Level 5:colcon.colcon_core.verb:set package 'camera_node' build argument 'cmake_args' from command line to 'None'
[0.102s] Level 5:colcon.colcon_core.verb:set package 'camera_node' build argument 'cmake_target' from command line to 'None'
[0.102s] Level 5:colcon.colcon_core.verb:set package 'camera_node' build argument 'cmake_target_skip_unavailable' from command line to 'False'
[0.102s] Level 5:colcon.colcon_core.verb:set package 'camera_node' build argument 'cmake_clean_cache' from command line to 'False'
[0.102s] Level 5:colcon.colcon_core.verb:set package 'camera_node' build argument 'cmake_clean_first' from command line to 'False'
[0.102s] Level 5:colcon.colcon_core.verb:set package 'camera_node' build argument 'cmake_force_configure' from command line to 'False'
[0.102s] Level 5:colcon.colcon_core.verb:set package 'camera_node' build argument 'ament_cmake_args' from command line to 'None'
[0.102s] Level 5:colcon.colcon_core.verb:set package 'camera_node' build argument 'catkin_cmake_args' from command line to 'None'
[0.102s] Level 5:colcon.colcon_core.verb:set package 'camera_node' build argument 'catkin_skip_building_tests' from command line to 'False'
[0.102s] DEBUG:colcon.colcon_core.verb:Building package 'camera_node' with the following arguments: {'ament_cmake_args': None, 'build_base': '/home/dgx_allex_one/allex2head/build/camera_node', 'catkin_cmake_args': None, 'catkin_skip_building_tests': False, 'cmake_args': None, 'cmake_clean_cache': False, 'cmake_clean_first': False, 'cmake_force_configure': False, 'cmake_target': None, 'cmake_target_skip_unavailable': False, 'install_base': '/home/dgx_allex_one/allex2head/install/camera_node', 'merge_install': False, 'path': '/home/dgx_allex_one/allex2head/src/camera_node', 'symlink_install': True, 'test_result_base': None}
[0.102s] Level 5:colcon.colcon_core.verb:set package 'orbbec_camera_msgs' build argument 'cmake_args' from command line to 'None'
[0.102s] Level 5:colcon.colcon_core.verb:set package 'orbbec_camera_msgs' build argument 'cmake_target' from command line to 'None'
[0.102s] Level 5:colcon.colcon_core.verb:set package 'orbbec_camera_msgs' build argument 'cmake_target_skip_unavailable' from command line to 'False'
[0.102s] Level 5:colcon.colcon_core.verb:set package 'orbbec_camera_msgs' build argument 'cmake_clean_cache' from command line to 'False'
[0.102s] Level 5:colcon.colcon_core.verb:set package 'orbbec_camera_msgs' build argument 'cmake_clean_first' from command line to 'False'
[0.102s] Level 5:colcon.colcon_core.verb:set package 'orbbec_camera_msgs' build argument 'cmake_force_configure' from command line to 'False'
[0.102s] Level 5:colcon.colcon_core.verb:set package 'orbbec_camera_msgs' build argument 'ament_cmake_args' from command line to 'None'
[0.102s] Level 5:colcon.colcon_core.verb:set package 'orbbec_camera_msgs' build argument 'catkin_cmake_args' from command line to 'None'
[0.102s] Level 5:colcon.colcon_core.verb:set package 'orbbec_camera_msgs' build argument 'catkin_skip_building_tests' from command line to 'False'
[0.103s] DEBUG:colcon.colcon_core.verb:Building package 'orbbec_camera_msgs' with the following arguments: {'ament_cmake_args': None, 'build_base': '/home/dgx_allex_one/allex2head/build/orbbec_camera_msgs', 'catkin_cmake_args': None, 'catkin_skip_building_tests': False, 'cmake_args': None, 'cmake_clean_cache': False, 'cmake_clean_first': False, 'cmake_force_configure': False, 'cmake_target': None, 'cmake_target_skip_unavailable': False, 'install_base': '/home/dgx_allex_one/allex2head/install/orbbec_camera_msgs', 'merge_install': False, 'path': '/home/dgx_allex_one/allex2head/src/OrbbecSDK_ROS2/orbbec_camera_msgs', 'symlink_install': True, 'test_result_base': None}
[0.103s] Level 5:colcon.colcon_core.verb:set package 'orbbec_description' build argument 'cmake_args' from command line to 'None'
[0.103s] Level 5:colcon.colcon_core.verb:set package 'orbbec_description' build argument 'cmake_target' from command line to 'None'
[0.103s] Level 5:colcon.colcon_core.verb:set package 'orbbec_description' build argument 'cmake_target_skip_unavailable' from command line to 'False'
[0.103s] Level 5:colcon.colcon_core.verb:set package 'orbbec_description' build argument 'cmake_clean_cache' from command line to 'False'
[0.103s] Level 5:colcon.colcon_core.verb:set package 'orbbec_description' build argument 'cmake_clean_first' from command line to 'False'
[0.103s] Level 5:colcon.colcon_core.verb:set package 'orbbec_description' build argument 'cmake_force_configure' from command line to 'False'
[0.103s] Level 5:colcon.colcon_core.verb:set package 'orbbec_description' build argument 'ament_cmake_args' from command line to 'None'
[0.103s] Level 5:colcon.colcon_core.verb:set package 'orbbec_description' build argument 'catkin_cmake_args' from command line to 'None'
[0.103s] Level 5:colcon.colcon_core.verb:set package 'orbbec_description' build argument 'catkin_skip_building_tests' from command line to 'False'
[0.103s] DEBUG:colcon.colcon_core.verb:Building package 'orbbec_description' with the following arguments: {'ament_cmake_args': None, 'build_base': '/home/dgx_allex_one/allex2head/build/orbbec_description', 'catkin_cmake_args': None, 'catkin_skip_building_tests': False, 'cmake_args': None, 'cmake_clean_cache': False, 'cmake_clean_first': False, 'cmake_force_configure': False, 'cmake_target': None, 'cmake_target_skip_unavailable': False, 'install_base': '/home/dgx_allex_one/allex2head/install/orbbec_description', 'merge_install': False, 'path': '/home/dgx_allex_one/allex2head/src/OrbbecSDK_ROS2/orbbec_description', 'symlink_install': True, 'test_result_base': None}
[0.103s] Level 5:colcon.colcon_core.verb:set package 'orbbec_camera' build argument 'cmake_args' from command line to 'None'
[0.103s] Level 5:colcon.colcon_core.verb:set package 'orbbec_camera' build argument 'cmake_target' from command line to 'None'
[0.103s] Level 5:colcon.colcon_core.verb:set package 'orbbec_camera' build argument 'cmake_target_skip_unavailable' from command line to 'False'
[0.103s] Level 5:colcon.colcon_core.verb:set package 'orbbec_camera' build argument 'cmake_clean_cache' from command line to 'False'
[0.103s] Level 5:colcon.colcon_core.verb:set package 'orbbec_camera' build argument 'cmake_clean_first' from command line to 'False'
[0.103s] Level 5:colcon.colcon_core.verb:set package 'orbbec_camera' build argument 'cmake_force_configure' from command line to 'False'
[0.103s] Level 5:colcon.colcon_core.verb:set package 'orbbec_camera' build argument 'ament_cmake_args' from command line to 'None'
[0.103s] Level 5:colcon.colcon_core.verb:set package 'orbbec_camera' build argument 'catkin_cmake_args' from command line to 'None'
[0.103s] Level 5:colcon.colcon_core.verb:set package 'orbbec_camera' build argument 'catkin_skip_building_tests' from command line to 'False'
[0.103s] DEBUG:colcon.colcon_core.verb:Building package 'orbbec_camera' with the following arguments: {'ament_cmake_args': None, 'build_base': '/home/dgx_allex_one/allex2head/build/orbbec_camera', 'catkin_cmake_args': None, 'catkin_skip_building_tests': False, 'cmake_args': None, 'cmake_clean_cache': False, 'cmake_clean_first': False, 'cmake_force_configure': False, 'cmake_target': None, 'cmake_target_skip_unavailable': False, 'install_base': '/home/dgx_allex_one/allex2head/install/orbbec_camera', 'merge_install': False, 'path': '/home/dgx_allex_one/allex2head/src/OrbbecSDK_ROS2/orbbec_camera', 'symlink_install': True, 'test_result_base': None}
[0.103s] INFO:colcon.colcon_core.executor:Executing jobs using 'parallel' executor
[0.104s] DEBUG:colcon.colcon_parallel_executor.executor.parallel:run_until_complete
[0.104s] INFO:colcon.colcon_ros.task.ament_cmake.build:Building ROS package in '/home/dgx_allex_one/allex2head/src/OrbbecSDK_ROS2/orbbec_camera_msgs' with build type 'ament_cmake'
[0.104s] INFO:colcon.colcon_cmake.task.cmake.build:Building CMake package in '/home/dgx_allex_one/allex2head/src/OrbbecSDK_ROS2/orbbec_camera_msgs'
[0.105s] INFO:colcon.colcon_core.plugin_system:Skipping extension 'colcon_core.shell.bat': Not used on non-Windows systems
[0.105s] INFO:colcon.colcon_core.shell:Skip shell extension 'powershell' for command environment: Not usable outside of PowerShell
[0.105s] DEBUG:colcon.colcon_core.shell:Skip shell extension 'dsv' for command environment
[0.107s] INFO:colcon.colcon_ros.task.ament_python.build:Building ROS package in '/home/dgx_allex_one/allex2head/src/camera_node' with build type 'ament_python'
[0.107s] Level 1:colcon.colcon_core.shell:create_environment_hook('camera_node', 'ament_prefix_path')
[0.107s] INFO:colcon.colcon_core.shell:Creating environment hook '/home/dgx_allex_one/allex2head/install/camera_node/share/camera_node/hook/ament_prefix_path.ps1'
[0.107s] INFO:colcon.colcon_core.shell:Creating environment descriptor '/home/dgx_allex_one/allex2head/install/camera_node/share/camera_node/hook/ament_prefix_path.dsv'
[0.107s] INFO:colcon.colcon_core.shell:Creating environment hook '/home/dgx_allex_one/allex2head/install/camera_node/share/camera_node/hook/ament_prefix_path.sh'
[0.108s] INFO:colcon.colcon_core.shell:Skip shell extension 'powershell' for command environment: Not usable outside of PowerShell
[0.108s] DEBUG:colcon.colcon_core.shell:Skip shell extension 'dsv' for command environment
[0.109s] INFO:colcon.colcon_ros.task.ament_cmake.build:Building ROS package in '/home/dgx_allex_one/allex2head/src/OrbbecSDK_ROS2/orbbec_description' with build type 'ament_cmake'
[0.109s] INFO:colcon.colcon_cmake.task.cmake.build:Building CMake package in '/home/dgx_allex_one/allex2head/src/OrbbecSDK_ROS2/orbbec_description'
[0.109s] INFO:colcon.colcon_core.shell:Skip shell extension 'powershell' for command environment: Not usable outside of PowerShell
[0.109s] DEBUG:colcon.colcon_core.shell:Skip shell extension 'dsv' for command environment
[0.113s] DEBUG:colcon.colcon_core.event_handler.log_command:Invoking command in '/home/dgx_allex_one/allex2head/build/orbbec_camera_msgs': CMAKE_PREFIX_PATH=${CMAKE_PREFIX_PATH}:/home/dgx_allex_one/allex2head/install/camera_node:/opt/ros/jazzy DEBUGINFOD_URLS=https://debuginfod.ubuntu.com /usr/bin/cmake /home/dgx_allex_one/allex2head/src/OrbbecSDK_ROS2/orbbec_camera_msgs -DAMENT_CMAKE_SYMLINK_INSTALL=1 -DCMAKE_INSTALL_PREFIX=/home/dgx_allex_one/allex2head/install/orbbec_camera_msgs
[0.238s] INFO:colcon.colcon_core.task.python.build:Building Python package in '/home/dgx_allex_one/allex2head/src/camera_node'
[0.238s] INFO:colcon.colcon_core.shell:Skip shell extension 'powershell' for command environment: Not usable outside of PowerShell
[0.238s] DEBUG:colcon.colcon_core.shell:Skip shell extension 'dsv' for command environment
[0.242s] DEBUG:colcon.colcon_core.event_handler.log_command:Invoking command in '/home/dgx_allex_one/allex2head/build/orbbec_description': CMAKE_PREFIX_PATH=${CMAKE_PREFIX_PATH}:/home/dgx_allex_one/allex2head/install/camera_node:/opt/ros/jazzy DEBUGINFOD_URLS=https://debuginfod.ubuntu.com /usr/bin/cmake /home/dgx_allex_one/allex2head/src/OrbbecSDK_ROS2/orbbec_description -DAMENT_CMAKE_SYMLINK_INSTALL=1 -DCMAKE_INSTALL_PREFIX=/home/dgx_allex_one/allex2head/install/orbbec_description
[0.539s] DEBUG:colcon.colcon_core.event_handler.log_command:Invoking command in '/home/dgx_allex_one/allex2head/build/camera_node': DEBUGINFOD_URLS=https://debuginfod.ubuntu.com PYTHONPATH=/home/dgx_allex_one/allex2head/build/camera_node/prefix_override:/usr/lib/python3/dist-packages/colcon_core/task/python/colcon_distutils_commands:/home/dgx_allex_one/allex2head/install/camera_node/lib/python3.12/site-packages:${PYTHONPATH} /usr/bin/python3 -W ignore:setup.py install is deprecated -W ignore:easy_install command is deprecated setup.py develop --editable --build-directory /home/dgx_allex_one/allex2head/build/camera_node/build --no-deps symlink_data
[0.714s] DEBUG:colcon.colcon_core.event_handler.log_command:Invoked command in '/home/dgx_allex_one/allex2head/build/orbbec_description' returned '0': CMAKE_PREFIX_PATH=${CMAKE_PREFIX_PATH}:/home/dgx_allex_one/allex2head/install/camera_node:/opt/ros/jazzy DEBUGINFOD_URLS=https://debuginfod.ubuntu.com /usr/bin/cmake /home/dgx_allex_one/allex2head/src/OrbbecSDK_ROS2/orbbec_description -DAMENT_CMAKE_SYMLINK_INSTALL=1 -DCMAKE_INSTALL_PREFIX=/home/dgx_allex_one/allex2head/install/orbbec_description
[0.715s] DEBUG:colcon.colcon_core.event_handler.log_command:Invoking command in '/home/dgx_allex_one/allex2head/build/orbbec_description': CMAKE_PREFIX_PATH=${CMAKE_PREFIX_PATH}:/home/dgx_allex_one/allex2head/install/camera_node:/opt/ros/jazzy DEBUGINFOD_URLS=https://debuginfod.ubuntu.com /usr/bin/cmake --build /home/dgx_allex_one/allex2head/build/orbbec_description -- -j20 -l20
[0.748s] DEBUG:colcon.colcon_core.event_handler.log_command:Invoked command in '/home/dgx_allex_one/allex2head/build/orbbec_description' returned '0': CMAKE_PREFIX_PATH=${CMAKE_PREFIX_PATH}:/home/dgx_allex_one/allex2head/install/camera_node:/opt/ros/jazzy DEBUGINFOD_URLS=https://debuginfod.ubuntu.com /usr/bin/cmake --build /home/dgx_allex_one/allex2head/build/orbbec_description -- -j20 -l20
[0.757s] DEBUG:colcon.colcon_core.event_handler.log_command:Invoking command in '/home/dgx_allex_one/allex2head/build/orbbec_description': CMAKE_PREFIX_PATH=${CMAKE_PREFIX_PATH}:/home/dgx_allex_one/allex2head/install/camera_node:/opt/ros/jazzy DEBUGINFOD_URLS=https://debuginfod.ubuntu.com /usr/bin/cmake --install /home/dgx_allex_one/allex2head/build/orbbec_description
[0.827s] Level 1:colcon.colcon_core.shell:create_environment_hook('camera_node', 'pythonpath_develop')
[0.827s] DEBUG:colcon.colcon_core.event_handler.log_command:Invoked command in '/home/dgx_allex_one/allex2head/build/camera_node' returned '0': DEBUGINFOD_URLS=https://debuginfod.ubuntu.com PYTHONPATH=/home/dgx_allex_one/allex2head/build/camera_node/prefix_override:/usr/lib/python3/dist-packages/colcon_core/task/python/colcon_distutils_commands:/home/dgx_allex_one/allex2head/install/camera_node/lib/python3.12/site-packages:${PYTHONPATH} /usr/bin/python3 -W ignore:setup.py install is deprecated -W ignore:easy_install command is deprecated setup.py develop --editable --build-directory /home/dgx_allex_one/allex2head/build/camera_node/build --no-deps symlink_data
[0.827s] INFO:colcon.colcon_core.shell:Creating environment hook '/home/dgx_allex_one/allex2head/build/camera_node/share/camera_node/hook/pythonpath_develop.ps1'
[0.828s] INFO:colcon.colcon_core.shell:Creating environment descriptor '/home/dgx_allex_one/allex2head/build/camera_node/share/camera_node/hook/pythonpath_develop.dsv'
[0.828s] INFO:colcon.colcon_core.shell:Creating environment hook '/home/dgx_allex_one/allex2head/build/camera_node/share/camera_node/hook/pythonpath_develop.sh'
[0.831s] Level 1:colcon.colcon_core.environment:checking '/home/dgx_allex_one/allex2head/install/camera_node' for CMake module files
[0.831s] Level 1:colcon.colcon_core.environment:checking '/home/dgx_allex_one/allex2head/install/camera_node' for CMake config files
[0.832s] Level 1:colcon.colcon_core.environment:checking '/home/dgx_allex_one/allex2head/install/camera_node/lib'
[0.832s] Level 1:colcon.colcon_core.environment:checking '/home/dgx_allex_one/allex2head/install/camera_node/bin'
[0.832s] Level 1:colcon.colcon_core.environment:checking '/home/dgx_allex_one/allex2head/install/camera_node/lib/pkgconfig/camera_node.pc'
[0.832s] Level 1:colcon.colcon_core.environment:checking '/home/dgx_allex_one/allex2head/install/camera_node/lib/python3.12/site-packages'
[0.833s] Level 1:colcon.colcon_core.shell:create_environment_hook('camera_node', 'pythonpath')
[0.833s] INFO:colcon.colcon_core.shell:Creating environment hook '/home/dgx_allex_one/allex2head/install/camera_node/share/camera_node/hook/pythonpath.ps1'
[0.833s] INFO:colcon.colcon_core.shell:Creating environment descriptor '/home/dgx_allex_one/allex2head/install/camera_node/share/camera_node/hook/pythonpath.dsv'
[0.833s] INFO:colcon.colcon_core.shell:Creating environment hook '/home/dgx_allex_one/allex2head/install/camera_node/share/camera_node/hook/pythonpath.sh'
[0.834s] Level 1:colcon.colcon_core.environment:checking '/home/dgx_allex_one/allex2head/install/camera_node/bin'
[0.834s] Level 1:colcon.colcon_core.environment:create_environment_scripts_only(camera_node)
[0.834s] INFO:colcon.colcon_core.shell:Creating package script '/home/dgx_allex_one/allex2head/install/camera_node/share/camera_node/package.ps1'
[0.835s] INFO:colcon.colcon_core.shell:Creating package descriptor '/home/dgx_allex_one/allex2head/install/camera_node/share/camera_node/package.dsv'
[0.836s] INFO:colcon.colcon_core.shell:Creating package script '/home/dgx_allex_one/allex2head/install/camera_node/share/camera_node/package.sh'
[0.836s] INFO:colcon.colcon_core.shell:Creating package script '/home/dgx_allex_one/allex2head/install/camera_node/share/camera_node/package.bash'
[0.837s] INFO:colcon.colcon_core.shell:Creating package script '/home/dgx_allex_one/allex2head/install/camera_node/share/camera_node/package.zsh'
[0.837s] Level 1:colcon.colcon_core.environment:create_file_with_runtime_dependencies(/home/dgx_allex_one/allex2head/install/camera_node/share/colcon-core/packages/camera_node)
[1.401s] Level 1:colcon.colcon_core.environment:create_environment_scripts_only(orbbec_description)
[1.401s] Level 1:colcon.colcon_core.environment:checking '/home/dgx_allex_one/allex2head/install/orbbec_description' for CMake module files
[1.401s] DEBUG:colcon.colcon_core.event_handler.log_command:Invoked command in '/home/dgx_allex_one/allex2head/build/orbbec_description' returned '0': CMAKE_PREFIX_PATH=${CMAKE_PREFIX_PATH}:/home/dgx_allex_one/allex2head/install/camera_node:/opt/ros/jazzy DEBUGINFOD_URLS=https://debuginfod.ubuntu.com /usr/bin/cmake --install /home/dgx_allex_one/allex2head/build/orbbec_description
[1.402s] Level 1:colcon.colcon_core.environment:checking '/home/dgx_allex_one/allex2head/install/orbbec_description' for CMake config files
[1.402s] Level 1:colcon.colcon_core.shell:create_environment_hook('orbbec_description', 'cmake_prefix_path')
[1.402s] INFO:colcon.colcon_core.shell:Creating environment hook '/home/dgx_allex_one/allex2head/install/orbbec_description/share/orbbec_description/hook/cmake_prefix_path.ps1'
[1.402s] INFO:colcon.colcon_core.shell:Creating environment descriptor '/home/dgx_allex_one/allex2head/install/orbbec_description/share/orbbec_description/hook/cmake_prefix_path.dsv'
[1.403s] INFO:colcon.colcon_core.shell:Creating environment hook '/home/dgx_allex_one/allex2head/install/orbbec_description/share/orbbec_description/hook/cmake_prefix_path.sh'
[1.403s] Level 1:colcon.colcon_core.environment:checking '/home/dgx_allex_one/allex2head/install/orbbec_description/bin'
[1.403s] Level 1:colcon.colcon_core.environment:checking '/home/dgx_allex_one/allex2head/install/orbbec_description/lib/pkgconfig/orbbec_description.pc'
[1.404s] Level 1:colcon.colcon_core.environment:checking '/home/dgx_allex_one/allex2head/install/orbbec_description/lib/python3.12/site-packages'
[1.404s] Level 1:colcon.colcon_core.environment:checking '/home/dgx_allex_one/allex2head/install/orbbec_description/bin'
[1.404s] INFO:colcon.colcon_core.shell:Creating package script '/home/dgx_allex_one/allex2head/install/orbbec_description/share/orbbec_description/package.ps1'
[1.405s] INFO:colcon.colcon_core.shell:Creating package descriptor '/home/dgx_allex_one/allex2head/install/orbbec_description/share/orbbec_description/package.dsv'
[1.405s] INFO:colcon.colcon_core.shell:Creating package script '/home/dgx_allex_one/allex2head/install/orbbec_description/share/orbbec_description/package.sh'
[1.406s] INFO:colcon.colcon_core.shell:Creating package script '/home/dgx_allex_one/allex2head/install/orbbec_description/share/orbbec_description/package.bash'
[1.406s] INFO:colcon.colcon_core.shell:Creating package script '/home/dgx_allex_one/allex2head/install/orbbec_description/share/orbbec_description/package.zsh'
[1.406s] Level 1:colcon.colcon_core.environment:create_file_with_runtime_dependencies(/home/dgx_allex_one/allex2head/install/orbbec_description/share/colcon-core/packages/orbbec_description)
[1.407s] Level 1:colcon.colcon_core.environment:create_environment_scripts_only(orbbec_description)
[1.407s] Level 1:colcon.colcon_core.environment:checking '/home/dgx_allex_one/allex2head/install/orbbec_description' for CMake module files
[1.407s] Level 1:colcon.colcon_core.environment:checking '/home/dgx_allex_one/allex2head/install/orbbec_description' for CMake config files
[1.408s] Level 1:colcon.colcon_core.shell:create_environment_hook('orbbec_description', 'cmake_prefix_path')
[1.408s] INFO:colcon.colcon_core.shell:Creating environment hook '/home/dgx_allex_one/allex2head/install/orbbec_description/share/orbbec_description/hook/cmake_prefix_path.ps1'
[1.408s] INFO:colcon.colcon_core.shell:Creating environment descriptor '/home/dgx_allex_one/allex2head/install/orbbec_description/share/orbbec_description/hook/cmake_prefix_path.dsv'
[1.409s] INFO:colcon.colcon_core.shell:Creating environment hook '/home/dgx_allex_one/allex2head/install/orbbec_description/share/orbbec_description/hook/cmake_prefix_path.sh'
[1.409s] Level 1:colcon.colcon_core.environment:checking '/home/dgx_allex_one/allex2head/install/orbbec_description/bin'
[1.409s] Level 1:colcon.colcon_core.environment:checking '/home/dgx_allex_one/allex2head/install/orbbec_description/lib/pkgconfig/orbbec_description.pc'
[1.409s] Level 1:colcon.colcon_core.environment:checking '/home/dgx_allex_one/allex2head/install/orbbec_description/lib/python3.12/site-packages'
[1.410s] Level 1:colcon.colcon_core.environment:checking '/home/dgx_allex_one/allex2head/install/orbbec_description/bin'
[1.410s] INFO:colcon.colcon_core.shell:Creating package script '/home/dgx_allex_one/allex2head/install/orbbec_description/share/orbbec_description/package.ps1'
[1.411s] INFO:colcon.colcon_core.shell:Creating package descriptor '/home/dgx_allex_one/allex2head/install/orbbec_description/share/orbbec_description/package.dsv'
[1.411s] INFO:colcon.colcon_core.shell:Creating package script '/home/dgx_allex_one/allex2head/install/orbbec_description/share/orbbec_description/package.sh'
[1.411s] INFO:colcon.colcon_core.shell:Creating package script '/home/dgx_allex_one/allex2head/install/orbbec_description/share/orbbec_description/package.bash'
[1.412s] INFO:colcon.colcon_core.shell:Creating package script '/home/dgx_allex_one/allex2head/install/orbbec_description/share/orbbec_description/package.zsh'
[1.412s] Level 1:colcon.colcon_core.environment:create_file_with_runtime_dependencies(/home/dgx_allex_one/allex2head/install/orbbec_description/share/colcon-core/packages/orbbec_description)
[2.491s] DEBUG:colcon.colcon_core.event_handler.log_command:Invoked command in '/home/dgx_allex_one/allex2head/build/orbbec_camera_msgs' returned '0': CMAKE_PREFIX_PATH=${CMAKE_PREFIX_PATH}:/home/dgx_allex_one/allex2head/install/camera_node:/opt/ros/jazzy DEBUGINFOD_URLS=https://debuginfod.ubuntu.com /usr/bin/cmake /home/dgx_allex_one/allex2head/src/OrbbecSDK_ROS2/orbbec_camera_msgs -DAMENT_CMAKE_SYMLINK_INSTALL=1 -DCMAKE_INSTALL_PREFIX=/home/dgx_allex_one/allex2head/install/orbbec_camera_msgs
[2.491s] DEBUG:colcon.colcon_core.event_handler.log_command:Invoking command in '/home/dgx_allex_one/allex2head/build/orbbec_camera_msgs': CMAKE_PREFIX_PATH=${CMAKE_PREFIX_PATH}:/home/dgx_allex_one/allex2head/install/camera_node:/opt/ros/jazzy DEBUGINFOD_URLS=https://debuginfod.ubuntu.com /usr/bin/cmake --build /home/dgx_allex_one/allex2head/build/orbbec_camera_msgs -- -j20 -l20
[6.145s] DEBUG:colcon.colcon_core.event_handler.log_command:Invoked command in '/home/dgx_allex_one/allex2head/build/orbbec_camera_msgs' returned '0': CMAKE_PREFIX_PATH=${CMAKE_PREFIX_PATH}:/home/dgx_allex_one/allex2head/install/camera_node:/opt/ros/jazzy DEBUGINFOD_URLS=https://debuginfod.ubuntu.com /usr/bin/cmake --build /home/dgx_allex_one/allex2head/build/orbbec_camera_msgs -- -j20 -l20
[6.146s] DEBUG:colcon.colcon_core.event_handler.log_command:Invoking command in '/home/dgx_allex_one/allex2head/build/orbbec_camera_msgs': CMAKE_PREFIX_PATH=${CMAKE_PREFIX_PATH}:/home/dgx_allex_one/allex2head/install/camera_node:/opt/ros/jazzy DEBUGINFOD_URLS=https://debuginfod.ubuntu.com /usr/bin/cmake --install /home/dgx_allex_one/allex2head/build/orbbec_camera_msgs
[8.203s] Level 1:colcon.colcon_core.environment:create_environment_scripts_only(orbbec_camera_msgs)
[8.204s] Level 1:colcon.colcon_core.environment:checking '/home/dgx_allex_one/allex2head/install/orbbec_camera_msgs' for CMake module files
[8.204s] DEBUG:colcon.colcon_core.event_handler.log_command:Invoked command in '/home/dgx_allex_one/allex2head/build/orbbec_camera_msgs' returned '0': CMAKE_PREFIX_PATH=${CMAKE_PREFIX_PATH}:/home/dgx_allex_one/allex2head/install/camera_node:/opt/ros/jazzy DEBUGINFOD_URLS=https://debuginfod.ubuntu.com /usr/bin/cmake --install /home/dgx_allex_one/allex2head/build/orbbec_camera_msgs
[8.205s] Level 1:colcon.colcon_core.environment:checking '/home/dgx_allex_one/allex2head/install/orbbec_camera_msgs' for CMake config files
[8.205s] Level 1:colcon.colcon_core.shell:create_environment_hook('orbbec_camera_msgs', 'cmake_prefix_path')
[8.206s] INFO:colcon.colcon_core.shell:Creating environment hook '/home/dgx_allex_one/allex2head/install/orbbec_camera_msgs/share/orbbec_camera_msgs/hook/cmake_prefix_path.ps1'
[8.206s] INFO:colcon.colcon_core.shell:Creating environment descriptor '/home/dgx_allex_one/allex2head/install/orbbec_camera_msgs/share/orbbec_camera_msgs/hook/cmake_prefix_path.dsv'
[8.206s] INFO:colcon.colcon_core.shell:Creating environment hook '/home/dgx_allex_one/allex2head/install/orbbec_camera_msgs/share/orbbec_camera_msgs/hook/cmake_prefix_path.sh'
[8.207s] Level 1:colcon.colcon_core.environment:checking '/home/dgx_allex_one/allex2head/install/orbbec_camera_msgs/lib'
[8.207s] Level 1:colcon.colcon_core.shell:create_environment_hook('orbbec_camera_msgs', 'ld_library_path_lib')
[8.207s] INFO:colcon.colcon_core.shell:Creating environment hook '/home/dgx_allex_one/allex2head/install/orbbec_camera_msgs/share/orbbec_camera_msgs/hook/ld_library_path_lib.ps1'
[8.208s] INFO:colcon.colcon_core.shell:Creating environment descriptor '/home/dgx_allex_one/allex2head/install/orbbec_camera_msgs/share/orbbec_camera_msgs/hook/ld_library_path_lib.dsv'
[8.208s] INFO:colcon.colcon_core.shell:Creating environment hook '/home/dgx_allex_one/allex2head/install/orbbec_camera_msgs/share/orbbec_camera_msgs/hook/ld_library_path_lib.sh'
[8.208s] Level 1:colcon.colcon_core.environment:checking '/home/dgx_allex_one/allex2head/install/orbbec_camera_msgs/bin'
[8.208s] Level 1:colcon.colcon_core.environment:checking '/home/dgx_allex_one/allex2head/install/orbbec_camera_msgs/lib/pkgconfig/orbbec_camera_msgs.pc'
[8.208s] Level 1:colcon.colcon_core.environment:checking '/home/dgx_allex_one/allex2head/install/orbbec_camera_msgs/lib/python3.12/site-packages'
[8.209s] Level 1:colcon.colcon_core.shell:create_environment_hook('orbbec_camera_msgs', 'pythonpath')
[8.209s] INFO:colcon.colcon_core.shell:Creating environment hook '/home/dgx_allex_one/allex2head/install/orbbec_camera_msgs/share/orbbec_camera_msgs/hook/pythonpath.ps1'
[8.209s] INFO:colcon.colcon_core.shell:Creating environment descriptor '/home/dgx_allex_one/allex2head/install/orbbec_camera_msgs/share/orbbec_camera_msgs/hook/pythonpath.dsv'
[8.209s] INFO:colcon.colcon_core.shell:Creating environment hook '/home/dgx_allex_one/allex2head/install/orbbec_camera_msgs/share/orbbec_camera_msgs/hook/pythonpath.sh'
[8.210s] Level 1:colcon.colcon_core.environment:checking '/home/dgx_allex_one/allex2head/install/orbbec_camera_msgs/bin'
[8.210s] INFO:colcon.colcon_core.shell:Creating package script '/home/dgx_allex_one/allex2head/install/orbbec_camera_msgs/share/orbbec_camera_msgs/package.ps1'
[8.211s] INFO:colcon.colcon_core.shell:Creating package descriptor '/home/dgx_allex_one/allex2head/install/orbbec_camera_msgs/share/orbbec_camera_msgs/package.dsv'
[8.211s] INFO:colcon.colcon_core.shell:Creating package script '/home/dgx_allex_one/allex2head/install/orbbec_camera_msgs/share/orbbec_camera_msgs/package.sh'
[8.212s] INFO:colcon.colcon_core.shell:Creating package script '/home/dgx_allex_one/allex2head/install/orbbec_camera_msgs/share/orbbec_camera_msgs/package.bash'
[8.212s] INFO:colcon.colcon_core.shell:Creating package script '/home/dgx_allex_one/allex2head/install/orbbec_camera_msgs/share/orbbec_camera_msgs/package.zsh'
[8.212s] Level 1:colcon.colcon_core.environment:create_file_with_runtime_dependencies(/home/dgx_allex_one/allex2head/install/orbbec_camera_msgs/share/colcon-core/packages/orbbec_camera_msgs)
[8.213s] Level 1:colcon.colcon_core.environment:create_environment_scripts_only(orbbec_camera_msgs)
[8.213s] Level 1:colcon.colcon_core.environment:checking '/home/dgx_allex_one/allex2head/install/orbbec_camera_msgs' for CMake module files
[8.213s] Level 1:colcon.colcon_core.environment:checking '/home/dgx_allex_one/allex2head/install/orbbec_camera_msgs' for CMake config files
[8.214s] Level 1:colcon.colcon_core.shell:create_environment_hook('orbbec_camera_msgs', 'cmake_prefix_path')
[8.214s] INFO:colcon.colcon_core.shell:Creating environment hook '/home/dgx_allex_one/allex2head/install/orbbec_camera_msgs/share/orbbec_camera_msgs/hook/cmake_prefix_path.ps1'
[8.215s] INFO:colcon.colcon_core.shell:Creating environment descriptor '/home/dgx_allex_one/allex2head/install/orbbec_camera_msgs/share/orbbec_camera_msgs/hook/cmake_prefix_path.dsv'
[8.215s] INFO:colcon.colcon_core.shell:Creating environment hook '/home/dgx_allex_one/allex2head/install/orbbec_camera_msgs/share/orbbec_camera_msgs/hook/cmake_prefix_path.sh'
[8.215s] Level 1:colcon.colcon_core.environment:checking '/home/dgx_allex_one/allex2head/install/orbbec_camera_msgs/lib'
[8.215s] Level 1:colcon.colcon_core.shell:create_environment_hook('orbbec_camera_msgs', 'ld_library_path_lib')
[8.216s] INFO:colcon.colcon_core.shell:Creating environment hook '/home/dgx_allex_one/allex2head/install/orbbec_camera_msgs/share/orbbec_camera_msgs/hook/ld_library_path_lib.ps1'
[8.216s] INFO:colcon.colcon_core.shell:Creating environment descriptor '/home/dgx_allex_one/allex2head/install/orbbec_camera_msgs/share/orbbec_camera_msgs/hook/ld_library_path_lib.dsv'
[8.216s] INFO:colcon.colcon_core.shell:Creating environment hook '/home/dgx_allex_one/allex2head/install/orbbec_camera_msgs/share/orbbec_camera_msgs/hook/ld_library_path_lib.sh'
[8.216s] Level 1:colcon.colcon_core.environment:checking '/home/dgx_allex_one/allex2head/install/orbbec_camera_msgs/bin'
[8.216s] Level 1:colcon.colcon_core.environment:checking '/home/dgx_allex_one/allex2head/install/orbbec_camera_msgs/lib/pkgconfig/orbbec_camera_msgs.pc'
[8.217s] Level 1:colcon.colcon_core.environment:checking '/home/dgx_allex_one/allex2head/install/orbbec_camera_msgs/lib/python3.12/site-packages'
[8.217s] Level 1:colcon.colcon_core.shell:create_environment_hook('orbbec_camera_msgs', 'pythonpath')
[8.217s] INFO:colcon.colcon_core.shell:Creating environment hook '/home/dgx_allex_one/allex2head/install/orbbec_camera_msgs/share/orbbec_camera_msgs/hook/pythonpath.ps1'
[8.217s] INFO:colcon.colcon_core.shell:Creating environment descriptor '/home/dgx_allex_one/allex2head/install/orbbec_camera_msgs/share/orbbec_camera_msgs/hook/pythonpath.dsv'
[8.218s] INFO:colcon.colcon_core.shell:Creating environment hook '/home/dgx_allex_one/allex2head/install/orbbec_camera_msgs/share/orbbec_camera_msgs/hook/pythonpath.sh'
[8.218s] Level 1:colcon.colcon_core.environment:checking '/home/dgx_allex_one/allex2head/install/orbbec_camera_msgs/bin'
[8.219s] INFO:colcon.colcon_core.shell:Creating package script '/home/dgx_allex_one/allex2head/install/orbbec_camera_msgs/share/orbbec_camera_msgs/package.ps1'
[8.219s] INFO:colcon.colcon_core.shell:Creating package descriptor '/home/dgx_allex_one/allex2head/install/orbbec_camera_msgs/share/orbbec_camera_msgs/package.dsv'
[8.219s] INFO:colcon.colcon_core.shell:Creating package script '/home/dgx_allex_one/allex2head/install/orbbec_camera_msgs/share/orbbec_camera_msgs/package.sh'
[8.220s] INFO:colcon.colcon_core.shell:Creating package script '/home/dgx_allex_one/allex2head/install/orbbec_camera_msgs/share/orbbec_camera_msgs/package.bash'
[8.220s] INFO:colcon.colcon_core.shell:Creating package script '/home/dgx_allex_one/allex2head/install/orbbec_camera_msgs/share/orbbec_camera_msgs/package.zsh'
[8.221s] Level 1:colcon.colcon_core.environment:create_file_with_runtime_dependencies(/home/dgx_allex_one/allex2head/install/orbbec_camera_msgs/share/colcon-core/packages/orbbec_camera_msgs)
[8.221s] INFO:colcon.colcon_ros.task.ament_cmake.build:Building ROS package in '/home/dgx_allex_one/allex2head/src/OrbbecSDK_ROS2/orbbec_camera' with build type 'ament_cmake'
[8.221s] INFO:colcon.colcon_cmake.task.cmake.build:Building CMake package in '/home/dgx_allex_one/allex2head/src/OrbbecSDK_ROS2/orbbec_camera'
[8.221s] INFO:colcon.colcon_core.shell:Skip shell extension 'powershell' for command environment: Not usable outside of PowerShell
[8.221s] DEBUG:colcon.colcon_core.shell:Skip shell extension 'dsv' for command environment
[8.230s] DEBUG:colcon.colcon_core.event_handler.log_command:Invoking command in '/home/dgx_allex_one/allex2head/build/orbbec_camera': CMAKE_PREFIX_PATH=/home/dgx_allex_one/allex2head/install/orbbec_camera_msgs:/home/dgx_allex_one/allex2head/install/orbbec_description:/home/dgx_allex_one/allex2head/install/orbbec_camera:/opt/ros/jazzy/opt/gz_math_vendor:/opt/ros/jazzy/opt/gz_utils_vendor:/opt/ros/jazzy/opt/gz_cmake_vendor:/home/dgx_allex_one/allex2head/install/camera_node:/opt/ros/jazzy DEBUGINFOD_URLS=https://debuginfod.ubuntu.com LD_LIBRARY_PATH=/home/dgx_allex_one/allex2head/install/orbbec_camera_msgs/lib:/home/dgx_allex_one/allex2head/install/orbbec_camera/lib:/opt/ros/jazzy/opt/rviz_ogre_vendor/lib:/opt/ros/jazzy/lib/aarch64-linux-gnu:/opt/ros/jazzy/opt/gz_math_vendor/lib:/opt/ros/jazzy/opt/gz_utils_vendor/lib:/opt/ros/jazzy/opt/gz_cmake_vendor/lib:/opt/ros/jazzy/lib /usr/bin/cmake /home/dgx_allex_one/allex2head/src/OrbbecSDK_ROS2/orbbec_camera -DAMENT_CMAKE_SYMLINK_INSTALL=1 -DCMAKE_INSTALL_PREFIX=/home/dgx_allex_one/allex2head/install/orbbec_camera
[9.401s] DEBUG:colcon.colcon_core.event_handler.log_command:Invoked command in '/home/dgx_allex_one/allex2head/build/orbbec_camera' returned '0': CMAKE_PREFIX_PATH=/home/dgx_allex_one/allex2head/install/orbbec_camera_msgs:/home/dgx_allex_one/allex2head/install/orbbec_description:/home/dgx_allex_one/allex2head/install/orbbec_camera:/opt/ros/jazzy/opt/gz_math_vendor:/opt/ros/jazzy/opt/gz_utils_vendor:/opt/ros/jazzy/opt/gz_cmake_vendor:/home/dgx_allex_one/allex2head/install/camera_node:/opt/ros/jazzy DEBUGINFOD_URLS=https://debuginfod.ubuntu.com LD_LIBRARY_PATH=/home/dgx_allex_one/allex2head/install/orbbec_camera_msgs/lib:/home/dgx_allex_one/allex2head/install/orbbec_camera/lib:/opt/ros/jazzy/opt/rviz_ogre_vendor/lib:/opt/ros/jazzy/lib/aarch64-linux-gnu:/opt/ros/jazzy/opt/gz_math_vendor/lib:/opt/ros/jazzy/opt/gz_utils_vendor/lib:/opt/ros/jazzy/opt/gz_cmake_vendor/lib:/opt/ros/jazzy/lib /usr/bin/cmake /home/dgx_allex_one/allex2head/src/OrbbecSDK_ROS2/orbbec_camera -DAMENT_CMAKE_SYMLINK_INSTALL=1 -DCMAKE_INSTALL_PREFIX=/home/dgx_allex_one/allex2head/install/orbbec_camera
[9.402s] DEBUG:colcon.colcon_core.event_handler.log_command:Invoking command in '/home/dgx_allex_one/allex2head/build/orbbec_camera': CMAKE_PREFIX_PATH=/home/dgx_allex_one/allex2head/install/orbbec_camera_msgs:/home/dgx_allex_one/allex2head/install/orbbec_description:/home/dgx_allex_one/allex2head/install/orbbec_camera:/opt/ros/jazzy/opt/gz_math_vendor:/opt/ros/jazzy/opt/gz_utils_vendor:/opt/ros/jazzy/opt/gz_cmake_vendor:/home/dgx_allex_one/allex2head/install/camera_node:/opt/ros/jazzy DEBUGINFOD_URLS=https://debuginfod.ubuntu.com LD_LIBRARY_PATH=/home/dgx_allex_one/allex2head/install/orbbec_camera_msgs/lib:/home/dgx_allex_one/allex2head/install/orbbec_camera/lib:/opt/ros/jazzy/opt/rviz_ogre_vendor/lib:/opt/ros/jazzy/lib/aarch64-linux-gnu:/opt/ros/jazzy/opt/gz_math_vendor/lib:/opt/ros/jazzy/opt/gz_utils_vendor/lib:/opt/ros/jazzy/opt/gz_cmake_vendor/lib:/opt/ros/jazzy/lib /usr/bin/cmake --build /home/dgx_allex_one/allex2head/build/orbbec_camera -- -j20 -l20
[42.580s] DEBUG:colcon.colcon_core.event_handler.log_command:Invoked command in '/home/dgx_allex_one/allex2head/build/orbbec_camera' returned '0': CMAKE_PREFIX_PATH=/home/dgx_allex_one/allex2head/install/orbbec_camera_msgs:/home/dgx_allex_one/allex2head/install/orbbec_description:/home/dgx_allex_one/allex2head/install/orbbec_camera:/opt/ros/jazzy/opt/gz_math_vendor:/opt/ros/jazzy/opt/gz_utils_vendor:/opt/ros/jazzy/opt/gz_cmake_vendor:/home/dgx_allex_one/allex2head/install/camera_node:/opt/ros/jazzy DEBUGINFOD_URLS=https://debuginfod.ubuntu.com LD_LIBRARY_PATH=/home/dgx_allex_one/allex2head/install/orbbec_camera_msgs/lib:/home/dgx_allex_one/allex2head/install/orbbec_camera/lib:/opt/ros/jazzy/opt/rviz_ogre_vendor/lib:/opt/ros/jazzy/lib/aarch64-linux-gnu:/opt/ros/jazzy/opt/gz_math_vendor/lib:/opt/ros/jazzy/opt/gz_utils_vendor/lib:/opt/ros/jazzy/opt/gz_cmake_vendor/lib:/opt/ros/jazzy/lib /usr/bin/cmake --build /home/dgx_allex_one/allex2head/build/orbbec_camera -- -j20 -l20
[42.581s] DEBUG:colcon.colcon_core.event_handler.log_command:Invoking command in '/home/dgx_allex_one/allex2head/build/orbbec_camera': CMAKE_PREFIX_PATH=/home/dgx_allex_one/allex2head/install/orbbec_camera_msgs:/home/dgx_allex_one/allex2head/install/orbbec_description:/home/dgx_allex_one/allex2head/install/orbbec_camera:/opt/ros/jazzy/opt/gz_math_vendor:/opt/ros/jazzy/opt/gz_utils_vendor:/opt/ros/jazzy/opt/gz_cmake_vendor:/home/dgx_allex_one/allex2head/install/camera_node:/opt/ros/jazzy DEBUGINFOD_URLS=https://debuginfod.ubuntu.com LD_LIBRARY_PATH=/home/dgx_allex_one/allex2head/install/orbbec_camera_msgs/lib:/home/dgx_allex_one/allex2head/install/orbbec_camera/lib:/opt/ros/jazzy/opt/rviz_ogre_vendor/lib:/opt/ros/jazzy/lib/aarch64-linux-gnu:/opt/ros/jazzy/opt/gz_math_vendor/lib:/opt/ros/jazzy/opt/gz_utils_vendor/lib:/opt/ros/jazzy/opt/gz_cmake_vendor/lib:/opt/ros/jazzy/lib /usr/bin/cmake --install /home/dgx_allex_one/allex2head/build/orbbec_camera
[44.275s] Level 1:colcon.colcon_core.environment:create_environment_scripts_only(orbbec_camera)
[44.275s] Level 1:colcon.colcon_core.environment:checking '/home/dgx_allex_one/allex2head/install/orbbec_camera' for CMake module files
[44.276s] DEBUG:colcon.colcon_core.event_handler.log_command:Invoked command in '/home/dgx_allex_one/allex2head/build/orbbec_camera' returned '0': CMAKE_PREFIX_PATH=/home/dgx_allex_one/allex2head/install/orbbec_camera_msgs:/home/dgx_allex_one/allex2head/install/orbbec_description:/home/dgx_allex_one/allex2head/install/orbbec_camera:/opt/ros/jazzy/opt/gz_math_vendor:/opt/ros/jazzy/opt/gz_utils_vendor:/opt/ros/jazzy/opt/gz_cmake_vendor:/home/dgx_allex_one/allex2head/install/camera_node:/opt/ros/jazzy DEBUGINFOD_URLS=https://debuginfod.ubuntu.com LD_LIBRARY_PATH=/home/dgx_allex_one/allex2head/install/orbbec_camera_msgs/lib:/home/dgx_allex_one/allex2head/install/orbbec_camera/lib:/opt/ros/jazzy/opt/rviz_ogre_vendor/lib:/opt/ros/jazzy/lib/aarch64-linux-gnu:/opt/ros/jazzy/opt/gz_math_vendor/lib:/opt/ros/jazzy/opt/gz_utils_vendor/lib:/opt/ros/jazzy/opt/gz_cmake_vendor/lib:/opt/ros/jazzy/lib /usr/bin/cmake --install /home/dgx_allex_one/allex2head/build/orbbec_camera
[44.276s] Level 1:colcon.colcon_core.environment:checking '/home/dgx_allex_one/allex2head/install/orbbec_camera' for CMake config files
[44.278s] Level 1:colcon.colcon_core.shell:create_environment_hook('orbbec_camera', 'cmake_prefix_path')
[44.278s] INFO:colcon.colcon_core.shell:Creating environment hook '/home/dgx_allex_one/allex2head/install/orbbec_camera/share/orbbec_camera/hook/cmake_prefix_path.ps1'
[44.279s] INFO:colcon.colcon_core.shell:Creating environment descriptor '/home/dgx_allex_one/allex2head/install/orbbec_camera/share/orbbec_camera/hook/cmake_prefix_path.dsv'
[44.279s] INFO:colcon.colcon_core.shell:Creating environment hook '/home/dgx_allex_one/allex2head/install/orbbec_camera/share/orbbec_camera/hook/cmake_prefix_path.sh'
[44.279s] Level 1:colcon.colcon_core.environment:checking '/home/dgx_allex_one/allex2head/install/orbbec_camera/lib'
[44.280s] Level 1:colcon.colcon_core.shell:create_environment_hook('orbbec_camera', 'ld_library_path_lib')
[44.280s] INFO:colcon.colcon_core.shell:Creating environment hook '/home/dgx_allex_one/allex2head/install/orbbec_camera/share/orbbec_camera/hook/ld_library_path_lib.ps1'
[44.280s] INFO:colcon.colcon_core.shell:Creating environment descriptor '/home/dgx_allex_one/allex2head/install/orbbec_camera/share/orbbec_camera/hook/ld_library_path_lib.dsv'
[44.280s] INFO:colcon.colcon_core.shell:Creating environment hook '/home/dgx_allex_one/allex2head/install/orbbec_camera/share/orbbec_camera/hook/ld_library_path_lib.sh'
[44.281s] Level 1:colcon.colcon_core.environment:checking '/home/dgx_allex_one/allex2head/install/orbbec_camera/bin'
[44.281s] Level 1:colcon.colcon_core.environment:checking '/home/dgx_allex_one/allex2head/install/orbbec_camera/lib/pkgconfig/orbbec_camera.pc'
[44.281s] Level 1:colcon.colcon_core.environment:checking '/home/dgx_allex_one/allex2head/install/orbbec_camera/lib/python3.12/site-packages'
[44.281s] Level 1:colcon.colcon_core.environment:checking '/home/dgx_allex_one/allex2head/install/orbbec_camera/bin'
[44.281s] INFO:colcon.colcon_core.shell:Creating package script '/home/dgx_allex_one/allex2head/install/orbbec_camera/share/orbbec_camera/package.ps1'
[44.282s] INFO:colcon.colcon_core.shell:Creating package descriptor '/home/dgx_allex_one/allex2head/install/orbbec_camera/share/orbbec_camera/package.dsv'
[44.282s] INFO:colcon.colcon_core.shell:Creating package script '/home/dgx_allex_one/allex2head/install/orbbec_camera/share/orbbec_camera/package.sh'
[44.283s] INFO:colcon.colcon_core.shell:Creating package script '/home/dgx_allex_one/allex2head/install/orbbec_camera/share/orbbec_camera/package.bash'
[44.283s] INFO:colcon.colcon_core.shell:Creating package script '/home/dgx_allex_one/allex2head/install/orbbec_camera/share/orbbec_camera/package.zsh'
[44.283s] Level 1:colcon.colcon_core.environment:create_file_with_runtime_dependencies(/home/dgx_allex_one/allex2head/install/orbbec_camera/share/colcon-core/packages/orbbec_camera)
[44.284s] Level 1:colcon.colcon_core.environment:create_environment_scripts_only(orbbec_camera)
[44.284s] Level 1:colcon.colcon_core.environment:checking '/home/dgx_allex_one/allex2head/install/orbbec_camera' for CMake module files
[44.285s] Level 1:colcon.colcon_core.environment:checking '/home/dgx_allex_one/allex2head/install/orbbec_camera' for CMake config files
[44.286s] Level 1:colcon.colcon_core.shell:create_environment_hook('orbbec_camera', 'cmake_prefix_path')
[44.286s] INFO:colcon.colcon_core.shell:Creating environment hook '/home/dgx_allex_one/allex2head/install/orbbec_camera/share/orbbec_camera/hook/cmake_prefix_path.ps1'
[44.287s] INFO:colcon.colcon_core.shell:Creating environment descriptor '/home/dgx_allex_one/allex2head/install/orbbec_camera/share/orbbec_camera/hook/cmake_prefix_path.dsv'
[44.287s] INFO:colcon.colcon_core.shell:Creating environment hook '/home/dgx_allex_one/allex2head/install/orbbec_camera/share/orbbec_camera/hook/cmake_prefix_path.sh'
[44.287s] Level 1:colcon.colcon_core.environment:checking '/home/dgx_allex_one/allex2head/install/orbbec_camera/lib'
[44.288s] Level 1:colcon.colcon_core.shell:create_environment_hook('orbbec_camera', 'ld_library_path_lib')
[44.288s] INFO:colcon.colcon_core.shell:Creating environment hook '/home/dgx_allex_one/allex2head/install/orbbec_camera/share/orbbec_camera/hook/ld_library_path_lib.ps1'
[44.288s] INFO:colcon.colcon_core.shell:Creating environment descriptor '/home/dgx_allex_one/allex2head/install/orbbec_camera/share/orbbec_camera/hook/ld_library_path_lib.dsv'
[44.288s] INFO:colcon.colcon_core.shell:Creating environment hook '/home/dgx_allex_one/allex2head/install/orbbec_camera/share/orbbec_camera/hook/ld_library_path_lib.sh'
[44.289s] Level 1:colcon.colcon_core.environment:checking '/home/dgx_allex_one/allex2head/install/orbbec_camera/bin'
[44.289s] Level 1:colcon.colcon_core.environment:checking '/home/dgx_allex_one/allex2head/install/orbbec_camera/lib/pkgconfig/orbbec_camera.pc'
[44.289s] Level 1:colcon.colcon_core.environment:checking '/home/dgx_allex_one/allex2head/install/orbbec_camera/lib/python3.12/site-packages'
[44.289s] Level 1:colcon.colcon_core.environment:checking '/home/dgx_allex_one/allex2head/install/orbbec_camera/bin'
[44.289s] INFO:colcon.colcon_core.shell:Creating package script '/home/dgx_allex_one/allex2head/install/orbbec_camera/share/orbbec_camera/package.ps1'
[44.290s] INFO:colcon.colcon_core.shell:Creating package descriptor '/home/dgx_allex_one/allex2head/install/orbbec_camera/share/orbbec_camera/package.dsv'
[44.290s] INFO:colcon.colcon_core.shell:Creating package script '/home/dgx_allex_one/allex2head/install/orbbec_camera/share/orbbec_camera/package.sh'
[44.291s] INFO:colcon.colcon_core.shell:Creating package script '/home/dgx_allex_one/allex2head/install/orbbec_camera/share/orbbec_camera/package.bash'
[44.291s] INFO:colcon.colcon_core.shell:Creating package script '/home/dgx_allex_one/allex2head/install/orbbec_camera/share/orbbec_camera/package.zsh'
[44.291s] Level 1:colcon.colcon_core.environment:create_file_with_runtime_dependencies(/home/dgx_allex_one/allex2head/install/orbbec_camera/share/colcon-core/packages/orbbec_camera)
[44.291s] DEBUG:colcon.colcon_parallel_executor.executor.parallel:closing loop
[44.292s] DEBUG:colcon.colcon_parallel_executor.executor.parallel:loop closed
[44.292s] DEBUG:colcon.colcon_parallel_executor.executor.parallel:run_until_complete finished with '0'
[44.292s] DEBUG:colcon.colcon_core.event_reactor:joining thread
[44.297s] INFO:colcon.colcon_core.plugin_system:Skipping extension 'colcon_notification.desktop_notification.terminal_notifier': Not used on non-Darwin systems
[44.297s] INFO:colcon.colcon_core.plugin_system:Skipping extension 'colcon_notification.desktop_notification.win32': Not used on non-Windows systems
[44.297s] INFO:colcon.colcon_notification.desktop_notification:Sending desktop notification using 'notify2'
[44.313s] DEBUG:colcon.colcon_core.event_reactor:joined thread
[44.313s] INFO:colcon.colcon_core.shell:Creating prefix script '/home/dgx_allex_one/allex2head/install/local_setup.ps1'
[44.314s] INFO:colcon.colcon_core.shell:Creating prefix util module '/home/dgx_allex_one/allex2head/install/_local_setup_util_ps1.py'
[44.315s] INFO:colcon.colcon_core.shell:Creating prefix chain script '/home/dgx_allex_one/allex2head/install/setup.ps1'
[44.315s] INFO:colcon.colcon_core.shell:Creating prefix script '/home/dgx_allex_one/allex2head/install/local_setup.sh'
[44.316s] INFO:colcon.colcon_core.shell:Creating prefix util module '/home/dgx_allex_one/allex2head/install/_local_setup_util_sh.py'
[44.316s] INFO:colcon.colcon_core.shell:Creating prefix chain script '/home/dgx_allex_one/allex2head/install/setup.sh'
[44.317s] INFO:colcon.colcon_core.shell:Creating prefix script '/home/dgx_allex_one/allex2head/install/local_setup.bash'
[44.318s] INFO:colcon.colcon_core.shell:Creating prefix chain script '/home/dgx_allex_one/allex2head/install/setup.bash'
[44.318s] INFO:colcon.colcon_core.shell:Creating prefix script '/home/dgx_allex_one/allex2head/install/local_setup.zsh'
[44.319s] INFO:colcon.colcon_core.shell:Creating prefix chain script '/home/dgx_allex_one/allex2head/install/setup.zsh'
