[0.043s] DEBUG:colcon:Command line arguments: ['/usr/bin/colcon', 'build', '--symlink-install']
[0.043s] DEBUG:colcon:Parsed command line arguments: Namespace(log_base=None, log_level=None, verb_name='build', build_base='build', install_base='install', merge_install=False, symlink_install=True, test_result_base=None, continue_on_error=False, executor='parallel', parallel_workers=20, event_handlers=None, ignore_user_meta=False, metas=['./colcon.meta'], base_paths=['.'], packages_ignore=None, packages_ignore_regex=None, paths=None, packages_up_to=None, packages_up_to_regex=None, packages_above=None, packages_above_and_dependencies=None, packages_above_depth=None, packages_select_by_dep=None, packages_skip_by_dep=None, packages_skip_up_to=None, packages_select_build_failed=False, packages_skip_build_finished=False, packages_select_test_failures=False, packages_skip_test_passed=False, packages_select=None, packages_skip=None, packages_select_regex=None, packages_skip_regex=None, packages_start=None, packages_end=None, allow_overriding=[], cmake_args=None, cmake_target=None, cmake_target_skip_unavailable=False, cmake_clean_cache=False, cmake_clean_first=False, cmake_force_configure=False, ament_cmake_args=None, catkin_cmake_args=None, catkin_skip_building_tests=False, mixin_files=None, mixin=None, verb_parser=<colcon_mixin.mixin.mixin_argument.MixinArgumentDecorator object at 0xf1f867d7e6c0>, verb_extension=<colcon_core.verb.build.BuildVerb object at 0xf1f867d28320>, main=<bound method BuildVerb.main of <colcon_core.verb.build.BuildVerb object at 0xf1f867d28320>>, mixin_verb=('build',))
[0.110s] Level 1:colcon.colcon_core.package_discovery:discover_packages(colcon_meta) check parameters
[0.110s] Level 1:colcon.colcon_core.package_discovery:discover_packages(recursive) check parameters
[0.110s] Level 1:colcon.colcon_core.package_discovery:discover_packages(ignore) check parameters
[0.110s] Level 1:colcon.colcon_core.package_discovery:discover_packages(path) check parameters
[0.110s] Level 1:colcon.colcon_core.package_discovery:discover_packages(colcon_meta) discover
[0.110s] Level 1:colcon.colcon_core.package_discovery:discover_packages(recursive) discover
[0.110s] INFO:colcon.colcon_core.package_discovery:Crawling recursively for packages in '/home/dgx_allex_one/allex2head'
[0.110s] Level 1:colcon.colcon_core.package_identification:_identify(.) by extensions ['ignore', 'ignore_ament_install']
[0.110s] Level 1:colcon.colcon_core.package_identification:_identify(.) by extension 'ignore'
[0.110s] Level 1:colcon.colcon_core.package_identification:_identify(.) by extension 'ignore_ament_install'
[0.110s] Level 1:colcon.colcon_core.package_identification:_identify(.) by extensions ['colcon_pkg']
[0.110s] Level 1:colcon.colcon_core.package_identification:_identify(.) by extension 'colcon_pkg'
[0.110s] Level 1:colcon.colcon_core.package_identification:_identify(.) by extensions ['colcon_meta']
[0.110s] Level 1:colcon.colcon_core.package_identification:_identify(.) by extension 'colcon_meta'
[0.110s] Level 1:colcon.colcon_core.package_identification:_identify(.) by extensions ['ros']
[0.110s] Level 1:colcon.colcon_core.package_identification:_identify(.) by extension 'ros'
[0.121s] Level 1:colcon.colcon_core.package_identification:_identify(.) by extensions ['cmake', 'python']
[0.121s] Level 1:colcon.colcon_core.package_identification:_identify(.) by extension 'cmake'
[0.121s] Level 1:colcon.colcon_core.package_identification:_identify(.) by extension 'python'
[0.121s] Level 1:colcon.colcon_core.package_identification:_identify(.) by extensions ['python_setup_py']
[0.121s] Level 1:colcon.colcon_core.package_identification:_identify(.) by extension 'python_setup_py'
[0.121s] Level 1:colcon.colcon_core.package_identification:_identify(build) by extensions ['ignore', 'ignore_ament_install']
[0.121s] Level 1:colcon.colcon_core.package_identification:_identify(build) by extension 'ignore'
[0.121s] Level 1:colcon.colcon_core.package_identification:_identify(build) ignored
[0.121s] Level 1:colcon.colcon_core.package_identification:_identify(config) by extensions ['ignore', 'ignore_ament_install']
[0.121s] Level 1:colcon.colcon_core.package_identification:_identify(config) by extension 'ignore'
[0.121s] Level 1:colcon.colcon_core.package_identification:_identify(config) by extension 'ignore_ament_install'
[0.121s] Level 1:colcon.colcon_core.package_identification:_identify(config) by extensions ['colcon_pkg']
[0.121s] Level 1:colcon.colcon_core.package_identification:_identify(config) by extension 'colcon_pkg'
[0.121s] Level 1:colcon.colcon_core.package_identification:_identify(config) by extensions ['colcon_meta']
[0.121s] Level 1:colcon.colcon_core.package_identification:_identify(config) by extension 'colcon_meta'
[0.121s] Level 1:colcon.colcon_core.package_identification:_identify(config) by extensions ['ros']
[0.122s] Level 1:colcon.colcon_core.package_identification:_identify(config) by extension 'ros'
[0.122s] Level 1:colcon.colcon_core.package_identification:_identify(config) by extensions ['cmake', 'python']
[0.122s] Level 1:colcon.colcon_core.package_identification:_identify(config) by extension 'cmake'
[0.122s] Level 1:colcon.colcon_core.package_identification:_identify(config) by extension 'python'
[0.122s] Level 1:colcon.colcon_core.package_identification:_identify(config) by extensions ['python_setup_py']
[0.122s] Level 1:colcon.colcon_core.package_identification:_identify(config) by extension 'python_setup_py'
[0.122s] Level 1:colcon.colcon_core.package_identification:_identify(install) by extensions ['ignore', 'ignore_ament_install']
[0.122s] Level 1:colcon.colcon_core.package_identification:_identify(install) by extension 'ignore'
[0.122s] Level 1:colcon.colcon_core.package_identification:_identify(install) ignored
[0.122s] Level 1:colcon.colcon_core.package_identification:_identify(log) by extensions ['ignore', 'ignore_ament_install']
[0.122s] Level 1:colcon.colcon_core.package_identification:_identify(log) by extension 'ignore'
[0.122s] Level 1:colcon.colcon_core.package_identification:_identify(log) ignored
[0.122s] Level 1:colcon.colcon_core.package_identification:_identify(rosbag) by extensions ['ignore', 'ignore_ament_install']
[0.122s] Level 1:colcon.colcon_core.package_identification:_identify(rosbag) by extension 'ignore'
[0.122s] Level 1:colcon.colcon_core.package_identification:_identify(rosbag) by extension 'ignore_ament_install'
[0.122s] Level 1:colcon.colcon_core.package_identification:_identify(rosbag) by extensions ['colcon_pkg']
[0.122s] Level 1:colcon.colcon_core.package_identification:_identify(rosbag) by extension 'colcon_pkg'
[0.122s] Level 1:colcon.colcon_core.package_identification:_identify(rosbag) by extensions ['colcon_meta']
[0.122s] Level 1:colcon.colcon_core.package_identification:_identify(rosbag) by extension 'colcon_meta'
[0.122s] Level 1:colcon.colcon_core.package_identification:_identify(rosbag) by extensions ['ros']
[0.122s] Level 1:colcon.colcon_core.package_identification:_identify(rosbag) by extension 'ros'
[0.122s] Level 1:colcon.colcon_core.package_identification:_identify(rosbag) by extensions ['cmake', 'python']
[0.122s] Level 1:colcon.colcon_core.package_identification:_identify(rosbag) by extension 'cmake'
[0.122s] Level 1:colcon.colcon_core.package_identification:_identify(rosbag) by extension 'python'
[0.122s] Level 1:colcon.colcon_core.package_identification:_identify(rosbag) by extensions ['python_setup_py']
[0.122s] Level 1:colcon.colcon_core.package_identification:_identify(rosbag) by extension 'python_setup_py'
[0.122s] Level 1:colcon.colcon_core.package_identification:_identify(src) by extensions ['ignore', 'ignore_ament_install']
[0.122s] Level 1:colcon.colcon_core.package_identification:_identify(src) by extension 'ignore'
[0.122s] Level 1:colcon.colcon_core.package_identification:_identify(src) by extension 'ignore_ament_install'
[0.122s] Level 1:colcon.colcon_core.package_identification:_identify(src) by extensions ['colcon_pkg']
[0.122s] Level 1:colcon.colcon_core.package_identification:_identify(src) by extension 'colcon_pkg'
[0.122s] Level 1:colcon.colcon_core.package_identification:_identify(src) by extensions ['colcon_meta']
[0.122s] Level 1:colcon.colcon_core.package_identification:_identify(src) by extension 'colcon_meta'
[0.122s] Level 1:colcon.colcon_core.package_identification:_identify(src) by extensions ['ros']
[0.122s] Level 1:colcon.colcon_core.package_identification:_identify(src) by extension 'ros'
[0.122s] Level 1:colcon.colcon_core.package_identification:_identify(src) by extensions ['cmake', 'python']
[0.122s] Level 1:colcon.colcon_core.package_identification:_identify(src) by extension 'cmake'
[0.122s] Level 1:colcon.colcon_core.package_identification:_identify(src) by extension 'python'
[0.122s] Level 1:colcon.colcon_core.package_identification:_identify(src) by extensions ['python_setup_py']
[0.122s] Level 1:colcon.colcon_core.package_identification:_identify(src) by extension 'python_setup_py'
[0.122s] Level 1:colcon.colcon_core.package_identification:_identify(src/OrbbecSDK_ROS2) by extensions ['ignore', 'ignore_ament_install']
[0.122s] Level 1:colcon.colcon_core.package_identification:_identify(src/OrbbecSDK_ROS2) by extension 'ignore'
[0.122s] Level 1:colcon.colcon_core.package_identification:_identify(src/OrbbecSDK_ROS2) by extension 'ignore_ament_install'
[0.122s] Level 1:colcon.colcon_core.package_identification:_identify(src/OrbbecSDK_ROS2) by extensions ['colcon_pkg']
[0.122s] Level 1:colcon.colcon_core.package_identification:_identify(src/OrbbecSDK_ROS2) by extension 'colcon_pkg'
[0.122s] Level 1:colcon.colcon_core.package_identification:_identify(src/OrbbecSDK_ROS2) by extensions ['colcon_meta']
[0.122s] Level 1:colcon.colcon_core.package_identification:_identify(src/OrbbecSDK_ROS2) by extension 'colcon_meta'
[0.122s] Level 1:colcon.colcon_core.package_identification:_identify(src/OrbbecSDK_ROS2) by extensions ['ros']
[0.122s] Level 1:colcon.colcon_core.package_identification:_identify(src/OrbbecSDK_ROS2) by extension 'ros'
[0.122s] Level 1:colcon.colcon_core.package_identification:_identify(src/OrbbecSDK_ROS2) by extensions ['cmake', 'python']
[0.122s] Level 1:colcon.colcon_core.package_identification:_identify(src/OrbbecSDK_ROS2) by extension 'cmake'
[0.122s] Level 1:colcon.colcon_core.package_identification:_identify(src/OrbbecSDK_ROS2) by extension 'python'
[0.122s] Level 1:colcon.colcon_core.package_identification:_identify(src/OrbbecSDK_ROS2) by extensions ['python_setup_py']
[0.122s] Level 1:colcon.colcon_core.package_identification:_identify(src/OrbbecSDK_ROS2) by extension 'python_setup_py'
[0.122s] Level 1:colcon.colcon_core.package_identification:_identify(src/OrbbecSDK_ROS2/docs) by extensions ['ignore', 'ignore_ament_install']
[0.122s] Level 1:colcon.colcon_core.package_identification:_identify(src/OrbbecSDK_ROS2/docs) by extension 'ignore'
[0.122s] Level 1:colcon.colcon_core.package_identification:_identify(src/OrbbecSDK_ROS2/docs) by extension 'ignore_ament_install'
[0.122s] Level 1:colcon.colcon_core.package_identification:_identify(src/OrbbecSDK_ROS2/docs) by extensions ['colcon_pkg']
[0.122s] Level 1:colcon.colcon_core.package_identification:_identify(src/OrbbecSDK_ROS2/docs) by extension 'colcon_pkg'
[0.122s] Level 1:colcon.colcon_core.package_identification:_identify(src/OrbbecSDK_ROS2/docs) by extensions ['colcon_meta']
[0.122s] Level 1:colcon.colcon_core.package_identification:_identify(src/OrbbecSDK_ROS2/docs) by extension 'colcon_meta'
[0.122s] Level 1:colcon.colcon_core.package_identification:_identify(src/OrbbecSDK_ROS2/docs) by extensions ['ros']
[0.122s] Level 1:colcon.colcon_core.package_identification:_identify(src/OrbbecSDK_ROS2/docs) by extension 'ros'
[0.122s] Level 1:colcon.colcon_core.package_identification:_identify(src/OrbbecSDK_ROS2/docs) by extensions ['cmake', 'python']
[0.122s] Level 1:colcon.colcon_core.package_identification:_identify(src/OrbbecSDK_ROS2/docs) by extension 'cmake'
[0.122s] Level 1:colcon.colcon_core.package_identification:_identify(src/OrbbecSDK_ROS2/docs) by extension 'python'
[0.122s] Level 1:colcon.colcon_core.package_identification:_identify(src/OrbbecSDK_ROS2/docs) by extensions ['python_setup_py']
[0.122s] Level 1:colcon.colcon_core.package_identification:_identify(src/OrbbecSDK_ROS2/docs) by extension 'python_setup_py'
[0.122s] Level 1:colcon.colcon_core.package_identification:_identify(src/OrbbecSDK_ROS2/docs/images) by extensions ['ignore', 'ignore_ament_install']
[0.122s] Level 1:colcon.colcon_core.package_identification:_identify(src/OrbbecSDK_ROS2/docs/images) by extension 'ignore'
[0.122s] Level 1:colcon.colcon_core.package_identification:_identify(src/OrbbecSDK_ROS2/docs/images) by extension 'ignore_ament_install'
[0.122s] Level 1:colcon.colcon_core.package_identification:_identify(src/OrbbecSDK_ROS2/docs/images) by extensions ['colcon_pkg']
[0.122s] Level 1:colcon.colcon_core.package_identification:_identify(src/OrbbecSDK_ROS2/docs/images) by extension 'colcon_pkg'
[0.122s] Level 1:colcon.colcon_core.package_identification:_identify(src/OrbbecSDK_ROS2/docs/images) by extensions ['colcon_meta']
[0.123s] Level 1:colcon.colcon_core.package_identification:_identify(src/OrbbecSDK_ROS2/docs/images) by extension 'colcon_meta'
[0.123s] Level 1:colcon.colcon_core.package_identification:_identify(src/OrbbecSDK_ROS2/docs/images) by extensions ['ros']
[0.123s] Level 1:colcon.colcon_core.package_identification:_identify(src/OrbbecSDK_ROS2/docs/images) by extension 'ros'
[0.123s] Level 1:colcon.colcon_core.package_identification:_identify(src/OrbbecSDK_ROS2/docs/images) by extensions ['cmake', 'python']
[0.123s] Level 1:colcon.colcon_core.package_identification:_identify(src/OrbbecSDK_ROS2/docs/images) by extension 'cmake'
[0.123s] Level 1:colcon.colcon_core.package_identification:_identify(src/OrbbecSDK_ROS2/docs/images) by extension 'python'
[0.123s] Level 1:colcon.colcon_core.package_identification:_identify(src/OrbbecSDK_ROS2/docs/images) by extensions ['python_setup_py']
[0.123s] Level 1:colcon.colcon_core.package_identification:_identify(src/OrbbecSDK_ROS2/docs/images) by extension 'python_setup_py'
[0.123s] Level 1:colcon.colcon_core.package_identification:_identify(src/OrbbecSDK_ROS2/orbbec_camera) by extensions ['ignore', 'ignore_ament_install']
[0.123s] Level 1:colcon.colcon_core.package_identification:_identify(src/OrbbecSDK_ROS2/orbbec_camera) by extension 'ignore'
[0.123s] Level 1:colcon.colcon_core.package_identification:_identify(src/OrbbecSDK_ROS2/orbbec_camera) by extension 'ignore_ament_install'
[0.123s] Level 1:colcon.colcon_core.package_identification:_identify(src/OrbbecSDK_ROS2/orbbec_camera) by extensions ['colcon_pkg']
[0.123s] Level 1:colcon.colcon_core.package_identification:_identify(src/OrbbecSDK_ROS2/orbbec_camera) by extension 'colcon_pkg'
[0.123s] Level 1:colcon.colcon_core.package_identification:_identify(src/OrbbecSDK_ROS2/orbbec_camera) by extensions ['colcon_meta']
[0.123s] Level 1:colcon.colcon_core.package_identification:_identify(src/OrbbecSDK_ROS2/orbbec_camera) by extension 'colcon_meta'
[0.123s] Level 1:colcon.colcon_core.package_identification:_identify(src/OrbbecSDK_ROS2/orbbec_camera) by extensions ['ros']
[0.123s] Level 1:colcon.colcon_core.package_identification:_identify(src/OrbbecSDK_ROS2/orbbec_camera) by extension 'ros'
[0.124s] DEBUG:colcon.colcon_core.package_identification:Package 'src/OrbbecSDK_ROS2/orbbec_camera' with type 'ros.ament_cmake' and name 'orbbec_camera'
[0.124s] Level 1:colcon.colcon_core.package_identification:_identify(src/OrbbecSDK_ROS2/orbbec_camera_msgs) by extensions ['ignore', 'ignore_ament_install']
[0.124s] Level 1:colcon.colcon_core.package_identification:_identify(src/OrbbecSDK_ROS2/orbbec_camera_msgs) by extension 'ignore'
[0.124s] Level 1:colcon.colcon_core.package_identification:_identify(src/OrbbecSDK_ROS2/orbbec_camera_msgs) by extension 'ignore_ament_install'
[0.124s] Level 1:colcon.colcon_core.package_identification:_identify(src/OrbbecSDK_ROS2/orbbec_camera_msgs) by extensions ['colcon_pkg']
[0.124s] Level 1:colcon.colcon_core.package_identification:_identify(src/OrbbecSDK_ROS2/orbbec_camera_msgs) by extension 'colcon_pkg'
[0.124s] Level 1:colcon.colcon_core.package_identification:_identify(src/OrbbecSDK_ROS2/orbbec_camera_msgs) by extensions ['colcon_meta']
[0.124s] Level 1:colcon.colcon_core.package_identification:_identify(src/OrbbecSDK_ROS2/orbbec_camera_msgs) by extension 'colcon_meta'
[0.124s] Level 1:colcon.colcon_core.package_identification:_identify(src/OrbbecSDK_ROS2/orbbec_camera_msgs) by extensions ['ros']
[0.124s] Level 1:colcon.colcon_core.package_identification:_identify(src/OrbbecSDK_ROS2/orbbec_camera_msgs) by extension 'ros'
[0.125s] DEBUG:colcon.colcon_core.package_identification:Package 'src/OrbbecSDK_ROS2/orbbec_camera_msgs' with type 'ros.ament_cmake' and name 'orbbec_camera_msgs'
[0.125s] Level 1:colcon.colcon_core.package_identification:_identify(src/OrbbecSDK_ROS2/orbbec_description) by extensions ['ignore', 'ignore_ament_install']
[0.125s] Level 1:colcon.colcon_core.package_identification:_identify(src/OrbbecSDK_ROS2/orbbec_description) by extension 'ignore'
[0.125s] Level 1:colcon.colcon_core.package_identification:_identify(src/OrbbecSDK_ROS2/orbbec_description) by extension 'ignore_ament_install'
[0.125s] Level 1:colcon.colcon_core.package_identification:_identify(src/OrbbecSDK_ROS2/orbbec_description) by extensions ['colcon_pkg']
[0.125s] Level 1:colcon.colcon_core.package_identification:_identify(src/OrbbecSDK_ROS2/orbbec_description) by extension 'colcon_pkg'
[0.125s] Level 1:colcon.colcon_core.package_identification:_identify(src/OrbbecSDK_ROS2/orbbec_description) by extensions ['colcon_meta']
[0.125s] Level 1:colcon.colcon_core.package_identification:_identify(src/OrbbecSDK_ROS2/orbbec_description) by extension 'colcon_meta'
[0.125s] Level 1:colcon.colcon_core.package_identification:_identify(src/OrbbecSDK_ROS2/orbbec_description) by extensions ['ros']
[0.125s] Level 1:colcon.colcon_core.package_identification:_identify(src/OrbbecSDK_ROS2/orbbec_description) by extension 'ros'
[0.125s] DEBUG:colcon.colcon_core.package_identification:Package 'src/OrbbecSDK_ROS2/orbbec_description' with type 'ros.ament_cmake' and name 'orbbec_description'
[0.125s] Level 1:colcon.colcon_core.package_identification:_identify(src/camera_node) by extensions ['ignore', 'ignore_ament_install']
[0.125s] Level 1:colcon.colcon_core.package_identification:_identify(src/camera_node) by extension 'ignore'
[0.125s] Level 1:colcon.colcon_core.package_identification:_identify(src/camera_node) by extension 'ignore_ament_install'
[0.125s] Level 1:colcon.colcon_core.package_identification:_identify(src/camera_node) by extensions ['colcon_pkg']
[0.125s] Level 1:colcon.colcon_core.package_identification:_identify(src/camera_node) by extension 'colcon_pkg'
[0.125s] Level 1:colcon.colcon_core.package_identification:_identify(src/camera_node) by extensions ['colcon_meta']
[0.125s] Level 1:colcon.colcon_core.package_identification:_identify(src/camera_node) by extension 'colcon_meta'
[0.125s] Level 1:colcon.colcon_core.package_identification:_identify(src/camera_node) by extensions ['ros']
[0.125s] Level 1:colcon.colcon_core.package_identification:_identify(src/camera_node) by extension 'ros'
[0.125s] DEBUG:colcon.colcon_core.package_identification:Package 'src/camera_node' with type 'ros.ament_python' and name 'camera_node'
[0.125s] Level 1:colcon.colcon_core.package_discovery:discover_packages(recursive) using defaults
[0.125s] Level 1:colcon.colcon_core.package_discovery:discover_packages(ignore) discover
[0.125s] Level 1:colcon.colcon_core.package_discovery:discover_packages(ignore) using defaults
[0.125s] Level 1:colcon.colcon_core.package_discovery:discover_packages(path) discover
[0.125s] Level 1:colcon.colcon_core.package_discovery:discover_packages(path) using defaults
[0.133s] Level 1:colcon.colcon_core.package_discovery:discover_packages(prefix_path) check parameters
[0.133s] Level 1:colcon.colcon_core.package_discovery:discover_packages(prefix_path) discover
[0.134s] DEBUG:colcon.colcon_installed_package_information.package_discovery:Found 285 installed packages in /opt/ros/jazzy
[0.135s] Level 1:colcon.colcon_core.package_discovery:discover_packages(prefix_path) using defaults
[0.152s] Level 5:colcon.colcon_core.verb:set package 'camera_node' build argument 'cmake_args' from command line to 'None'
[0.152s] Level 5:colcon.colcon_core.verb:set package 'camera_node' build argument 'cmake_target' from command line to 'None'
[0.152s] Level 5:colcon.colcon_core.verb:set package 'camera_node' build argument 'cmake_target_skip_unavailable' from command line to 'False'
[0.152s] Level 5:colcon.colcon_core.verb:set package 'camera_node' build argument 'cmake_clean_cache' from command line to 'False'
[0.152s] Level 5:colcon.colcon_core.verb:set package 'camera_node' build argument 'cmake_clean_first' from command line to 'False'
[0.152s] Level 5:colcon.colcon_core.verb:set package 'camera_node' build argument 'cmake_force_configure' from command line to 'False'
[0.152s] Level 5:colcon.colcon_core.verb:set package 'camera_node' build argument 'ament_cmake_args' from command line to 'None'
[0.152s] Level 5:colcon.colcon_core.verb:set package 'camera_node' build argument 'catkin_cmake_args' from command line to 'None'
[0.152s] Level 5:colcon.colcon_core.verb:set package 'camera_node' build argument 'catkin_skip_building_tests' from command line to 'False'
[0.152s] DEBUG:colcon.colcon_core.verb:Building package 'camera_node' with the following arguments: {'ament_cmake_args': None, 'build_base': '/home/dgx_allex_one/allex2head/build/camera_node', 'catkin_cmake_args': None, 'catkin_skip_building_tests': False, 'cmake_args': None, 'cmake_clean_cache': False, 'cmake_clean_first': False, 'cmake_force_configure': False, 'cmake_target': None, 'cmake_target_skip_unavailable': False, 'install_base': '/home/dgx_allex_one/allex2head/install/camera_node', 'merge_install': False, 'path': '/home/dgx_allex_one/allex2head/src/camera_node', 'symlink_install': True, 'test_result_base': None}
[0.152s] Level 5:colcon.colcon_core.verb:set package 'orbbec_camera_msgs' build argument 'cmake_args' from command line to 'None'
[0.152s] Level 5:colcon.colcon_core.verb:set package 'orbbec_camera_msgs' build argument 'cmake_target' from command line to 'None'
[0.152s] Level 5:colcon.colcon_core.verb:set package 'orbbec_camera_msgs' build argument 'cmake_target_skip_unavailable' from command line to 'False'
[0.152s] Level 5:colcon.colcon_core.verb:set package 'orbbec_camera_msgs' build argument 'cmake_clean_cache' from command line to 'False'
[0.152s] Level 5:colcon.colcon_core.verb:set package 'orbbec_camera_msgs' build argument 'cmake_clean_first' from command line to 'False'
[0.152s] Level 5:colcon.colcon_core.verb:set package 'orbbec_camera_msgs' build argument 'cmake_force_configure' from command line to 'False'
[0.152s] Level 5:colcon.colcon_core.verb:set package 'orbbec_camera_msgs' build argument 'ament_cmake_args' from command line to 'None'
[0.152s] Level 5:colcon.colcon_core.verb:set package 'orbbec_camera_msgs' build argument 'catkin_cmake_args' from command line to 'None'
[0.152s] Level 5:colcon.colcon_core.verb:set package 'orbbec_camera_msgs' build argument 'catkin_skip_building_tests' from command line to 'False'
[0.152s] DEBUG:colcon.colcon_core.verb:Building package 'orbbec_camera_msgs' with the following arguments: {'ament_cmake_args': None, 'build_base': '/home/dgx_allex_one/allex2head/build/orbbec_camera_msgs', 'catkin_cmake_args': None, 'catkin_skip_building_tests': False, 'cmake_args': None, 'cmake_clean_cache': False, 'cmake_clean_first': False, 'cmake_force_configure': False, 'cmake_target': None, 'cmake_target_skip_unavailable': False, 'install_base': '/home/dgx_allex_one/allex2head/install/orbbec_camera_msgs', 'merge_install': False, 'path': '/home/dgx_allex_one/allex2head/src/OrbbecSDK_ROS2/orbbec_camera_msgs', 'symlink_install': True, 'test_result_base': None}
[0.152s] Level 5:colcon.colcon_core.verb:set package 'orbbec_description' build argument 'cmake_args' from command line to 'None'
[0.152s] Level 5:colcon.colcon_core.verb:set package 'orbbec_description' build argument 'cmake_target' from command line to 'None'
[0.152s] Level 5:colcon.colcon_core.verb:set package 'orbbec_description' build argument 'cmake_target_skip_unavailable' from command line to 'False'
[0.152s] Level 5:colcon.colcon_core.verb:set package 'orbbec_description' build argument 'cmake_clean_cache' from command line to 'False'
[0.152s] Level 5:colcon.colcon_core.verb:set package 'orbbec_description' build argument 'cmake_clean_first' from command line to 'False'
[0.152s] Level 5:colcon.colcon_core.verb:set package 'orbbec_description' build argument 'cmake_force_configure' from command line to 'False'
[0.152s] Level 5:colcon.colcon_core.verb:set package 'orbbec_description' build argument 'ament_cmake_args' from command line to 'None'
[0.152s] Level 5:colcon.colcon_core.verb:set package 'orbbec_description' build argument 'catkin_cmake_args' from command line to 'None'
[0.152s] Level 5:colcon.colcon_core.verb:set package 'orbbec_description' build argument 'catkin_skip_building_tests' from command line to 'False'
[0.152s] DEBUG:colcon.colcon_core.verb:Building package 'orbbec_description' with the following arguments: {'ament_cmake_args': None, 'build_base': '/home/dgx_allex_one/allex2head/build/orbbec_description', 'catkin_cmake_args': None, 'catkin_skip_building_tests': False, 'cmake_args': None, 'cmake_clean_cache': False, 'cmake_clean_first': False, 'cmake_force_configure': False, 'cmake_target': None, 'cmake_target_skip_unavailable': False, 'install_base': '/home/dgx_allex_one/allex2head/install/orbbec_description', 'merge_install': False, 'path': '/home/dgx_allex_one/allex2head/src/OrbbecSDK_ROS2/orbbec_description', 'symlink_install': True, 'test_result_base': None}
[0.152s] Level 5:colcon.colcon_core.verb:set package 'orbbec_camera' build argument 'cmake_args' from command line to 'None'
[0.152s] Level 5:colcon.colcon_core.verb:set package 'orbbec_camera' build argument 'cmake_target' from command line to 'None'
[0.152s] Level 5:colcon.colcon_core.verb:set package 'orbbec_camera' build argument 'cmake_target_skip_unavailable' from command line to 'False'
[0.152s] Level 5:colcon.colcon_core.verb:set package 'orbbec_camera' build argument 'cmake_clean_cache' from command line to 'False'
[0.152s] Level 5:colcon.colcon_core.verb:set package 'orbbec_camera' build argument 'cmake_clean_first' from command line to 'False'
[0.152s] Level 5:colcon.colcon_core.verb:set package 'orbbec_camera' build argument 'cmake_force_configure' from command line to 'False'
[0.152s] Level 5:colcon.colcon_core.verb:set package 'orbbec_camera' build argument 'ament_cmake_args' from command line to 'None'
[0.152s] Level 5:colcon.colcon_core.verb:set package 'orbbec_camera' build argument 'catkin_cmake_args' from command line to 'None'
[0.152s] Level 5:colcon.colcon_core.verb:set package 'orbbec_camera' build argument 'catkin_skip_building_tests' from command line to 'False'
[0.152s] DEBUG:colcon.colcon_core.verb:Building package 'orbbec_camera' with the following arguments: {'ament_cmake_args': None, 'build_base': '/home/dgx_allex_one/allex2head/build/orbbec_camera', 'catkin_cmake_args': None, 'catkin_skip_building_tests': False, 'cmake_args': None, 'cmake_clean_cache': False, 'cmake_clean_first': False, 'cmake_force_configure': False, 'cmake_target': None, 'cmake_target_skip_unavailable': False, 'install_base': '/home/dgx_allex_one/allex2head/install/orbbec_camera', 'merge_install': False, 'path': '/home/dgx_allex_one/allex2head/src/OrbbecSDK_ROS2/orbbec_camera', 'symlink_install': True, 'test_result_base': None}
[0.152s] INFO:colcon.colcon_core.executor:Executing jobs using 'parallel' executor
[0.153s] DEBUG:colcon.colcon_parallel_executor.executor.parallel:run_until_complete
[0.154s] INFO:colcon.colcon_ros.task.ament_cmake.build:Building ROS package in '/home/dgx_allex_one/allex2head/src/OrbbecSDK_ROS2/orbbec_camera_msgs' with build type 'ament_cmake'
[0.154s] INFO:colcon.colcon_cmake.task.cmake.build:Building CMake package in '/home/dgx_allex_one/allex2head/src/OrbbecSDK_ROS2/orbbec_camera_msgs'
[0.154s] INFO:colcon.colcon_core.plugin_system:Skipping extension 'colcon_core.shell.bat': Not used on non-Windows systems
[0.154s] INFO:colcon.colcon_core.shell:Skip shell extension 'powershell' for command environment: Not usable outside of PowerShell
[0.154s] DEBUG:colcon.colcon_core.shell:Skip shell extension 'dsv' for command environment
[0.157s] INFO:colcon.colcon_ros.task.ament_python.build:Building ROS package in '/home/dgx_allex_one/allex2head/src/camera_node' with build type 'ament_python'
[0.157s] Level 1:colcon.colcon_core.shell:create_environment_hook('camera_node', 'ament_prefix_path')
[0.157s] INFO:colcon.colcon_core.shell:Creating environment hook '/home/dgx_allex_one/allex2head/install/camera_node/share/camera_node/hook/ament_prefix_path.ps1'
[0.157s] INFO:colcon.colcon_core.shell:Creating environment descriptor '/home/dgx_allex_one/allex2head/install/camera_node/share/camera_node/hook/ament_prefix_path.dsv'
[0.157s] INFO:colcon.colcon_core.shell:Creating environment hook '/home/dgx_allex_one/allex2head/install/camera_node/share/camera_node/hook/ament_prefix_path.sh'
[0.157s] INFO:colcon.colcon_core.shell:Skip shell extension 'powershell' for command environment: Not usable outside of PowerShell
[0.157s] DEBUG:colcon.colcon_core.shell:Skip shell extension 'dsv' for command environment
[0.159s] INFO:colcon.colcon_ros.task.ament_cmake.build:Building ROS package in '/home/dgx_allex_one/allex2head/src/OrbbecSDK_ROS2/orbbec_description' with build type 'ament_cmake'
[0.159s] INFO:colcon.colcon_cmake.task.cmake.build:Building CMake package in '/home/dgx_allex_one/allex2head/src/OrbbecSDK_ROS2/orbbec_description'
[0.159s] INFO:colcon.colcon_core.shell:Skip shell extension 'powershell' for command environment: Not usable outside of PowerShell
[0.159s] DEBUG:colcon.colcon_core.shell:Skip shell extension 'dsv' for command environment
[0.162s] DEBUG:colcon.colcon_core.event_handler.log_command:Invoking command in '/home/dgx_allex_one/allex2head/build/orbbec_camera_msgs': CMAKE_PREFIX_PATH=${CMAKE_PREFIX_PATH}:/opt/ros/jazzy CONDA_PROMPT_MODIFIER=(allex_camera) DEBUGINFOD_URLS=https://debuginfod.ubuntu.com /usr/bin/cmake /home/dgx_allex_one/allex2head/src/OrbbecSDK_ROS2/orbbec_camera_msgs -DAMENT_CMAKE_SYMLINK_INSTALL=1 -DCMAKE_INSTALL_PREFIX=/home/dgx_allex_one/allex2head/install/orbbec_camera_msgs
[0.325s] INFO:colcon.colcon_core.task.python.build:Building Python package in '/home/dgx_allex_one/allex2head/src/camera_node'
[0.325s] INFO:colcon.colcon_core.shell:Skip shell extension 'powershell' for command environment: Not usable outside of PowerShell
[0.325s] DEBUG:colcon.colcon_core.shell:Skip shell extension 'dsv' for command environment
[0.330s] DEBUG:colcon.colcon_core.event_handler.log_command:Invoking command in '/home/dgx_allex_one/allex2head/build/orbbec_description': CMAKE_PREFIX_PATH=${CMAKE_PREFIX_PATH}:/opt/ros/jazzy CONDA_PROMPT_MODIFIER=(allex_camera) DEBUGINFOD_URLS=https://debuginfod.ubuntu.com /usr/bin/cmake --build /home/dgx_allex_one/allex2head/build/orbbec_description -- -j20 -l20
[0.360s] DEBUG:colcon.colcon_core.event_handler.log_command:Invoked command in '/home/dgx_allex_one/allex2head/build/orbbec_description' returned '0': CMAKE_PREFIX_PATH=${CMAKE_PREFIX_PATH}:/opt/ros/jazzy CONDA_PROMPT_MODIFIER=(allex_camera) DEBUGINFOD_URLS=https://debuginfod.ubuntu.com /usr/bin/cmake --build /home/dgx_allex_one/allex2head/build/orbbec_description -- -j20 -l20
[0.369s] DEBUG:colcon.colcon_core.event_handler.log_command:Invoking command in '/home/dgx_allex_one/allex2head/build/orbbec_description': CMAKE_PREFIX_PATH=${CMAKE_PREFIX_PATH}:/opt/ros/jazzy CONDA_PROMPT_MODIFIER=(allex_camera) DEBUGINFOD_URLS=https://debuginfod.ubuntu.com /usr/bin/cmake --install /home/dgx_allex_one/allex2head/build/orbbec_description
[0.381s] Level 1:colcon.colcon_core.environment:create_environment_scripts_only(orbbec_description)
[0.382s] DEBUG:colcon.colcon_core.event_handler.log_command:Invoked command in '/home/dgx_allex_one/allex2head/build/orbbec_description' returned '0': CMAKE_PREFIX_PATH=${CMAKE_PREFIX_PATH}:/opt/ros/jazzy CONDA_PROMPT_MODIFIER=(allex_camera) DEBUGINFOD_URLS=https://debuginfod.ubuntu.com /usr/bin/cmake --install /home/dgx_allex_one/allex2head/build/orbbec_description
[0.383s] Level 1:colcon.colcon_core.environment:checking '/home/dgx_allex_one/allex2head/install/orbbec_description' for CMake module files
[0.383s] Level 1:colcon.colcon_core.environment:checking '/home/dgx_allex_one/allex2head/install/orbbec_description' for CMake config files
[0.383s] Level 1:colcon.colcon_core.shell:create_environment_hook('orbbec_description', 'cmake_prefix_path')
[0.383s] INFO:colcon.colcon_core.shell:Creating environment hook '/home/dgx_allex_one/allex2head/install/orbbec_description/share/orbbec_description/hook/cmake_prefix_path.ps1'
[0.384s] INFO:colcon.colcon_core.shell:Creating environment descriptor '/home/dgx_allex_one/allex2head/install/orbbec_description/share/orbbec_description/hook/cmake_prefix_path.dsv'
[0.384s] INFO:colcon.colcon_core.shell:Creating environment hook '/home/dgx_allex_one/allex2head/install/orbbec_description/share/orbbec_description/hook/cmake_prefix_path.sh'
[0.384s] Level 1:colcon.colcon_core.environment:checking '/home/dgx_allex_one/allex2head/install/orbbec_description/bin'
[0.384s] Level 1:colcon.colcon_core.environment:checking '/home/dgx_allex_one/allex2head/install/orbbec_description/lib/pkgconfig/orbbec_description.pc'
[0.384s] Level 1:colcon.colcon_core.environment:checking '/home/dgx_allex_one/allex2head/install/orbbec_description/lib/python3.12/site-packages'
[0.384s] Level 1:colcon.colcon_core.environment:checking '/home/dgx_allex_one/allex2head/install/orbbec_description/bin'
[0.384s] INFO:colcon.colcon_core.shell:Creating package script '/home/dgx_allex_one/allex2head/install/orbbec_description/share/orbbec_description/package.ps1'
[0.385s] INFO:colcon.colcon_core.shell:Creating package descriptor '/home/dgx_allex_one/allex2head/install/orbbec_description/share/orbbec_description/package.dsv'
[0.385s] INFO:colcon.colcon_core.shell:Creating package script '/home/dgx_allex_one/allex2head/install/orbbec_description/share/orbbec_description/package.sh'
[0.385s] INFO:colcon.colcon_core.shell:Creating package script '/home/dgx_allex_one/allex2head/install/orbbec_description/share/orbbec_description/package.bash'
[0.385s] INFO:colcon.colcon_core.shell:Creating package script '/home/dgx_allex_one/allex2head/install/orbbec_description/share/orbbec_description/package.zsh'
[0.385s] Level 1:colcon.colcon_core.environment:create_file_with_runtime_dependencies(/home/dgx_allex_one/allex2head/install/orbbec_description/share/colcon-core/packages/orbbec_description)
[0.386s] Level 1:colcon.colcon_core.environment:create_environment_scripts_only(orbbec_description)
[0.386s] Level 1:colcon.colcon_core.environment:checking '/home/dgx_allex_one/allex2head/install/orbbec_description' for CMake module files
[0.386s] Level 1:colcon.colcon_core.environment:checking '/home/dgx_allex_one/allex2head/install/orbbec_description' for CMake config files
[0.386s] Level 1:colcon.colcon_core.shell:create_environment_hook('orbbec_description', 'cmake_prefix_path')
[0.386s] INFO:colcon.colcon_core.shell:Creating environment hook '/home/dgx_allex_one/allex2head/install/orbbec_description/share/orbbec_description/hook/cmake_prefix_path.ps1'
[0.386s] INFO:colcon.colcon_core.shell:Creating environment descriptor '/home/dgx_allex_one/allex2head/install/orbbec_description/share/orbbec_description/hook/cmake_prefix_path.dsv'
[0.386s] INFO:colcon.colcon_core.shell:Creating environment hook '/home/dgx_allex_one/allex2head/install/orbbec_description/share/orbbec_description/hook/cmake_prefix_path.sh'
[0.386s] Level 1:colcon.colcon_core.environment:checking '/home/dgx_allex_one/allex2head/install/orbbec_description/bin'
[0.386s] Level 1:colcon.colcon_core.environment:checking '/home/dgx_allex_one/allex2head/install/orbbec_description/lib/pkgconfig/orbbec_description.pc'
[0.386s] Level 1:colcon.colcon_core.environment:checking '/home/dgx_allex_one/allex2head/install/orbbec_description/lib/python3.12/site-packages'
[0.387s] Level 1:colcon.colcon_core.environment:checking '/home/dgx_allex_one/allex2head/install/orbbec_description/bin'
[0.387s] INFO:colcon.colcon_core.shell:Creating package script '/home/dgx_allex_one/allex2head/install/orbbec_description/share/orbbec_description/package.ps1'
[0.387s] INFO:colcon.colcon_core.shell:Creating package descriptor '/home/dgx_allex_one/allex2head/install/orbbec_description/share/orbbec_description/package.dsv'
[0.387s] INFO:colcon.colcon_core.shell:Creating package script '/home/dgx_allex_one/allex2head/install/orbbec_description/share/orbbec_description/package.sh'
[0.387s] INFO:colcon.colcon_core.shell:Creating package script '/home/dgx_allex_one/allex2head/install/orbbec_description/share/orbbec_description/package.bash'
[0.387s] INFO:colcon.colcon_core.shell:Creating package script '/home/dgx_allex_one/allex2head/install/orbbec_description/share/orbbec_description/package.zsh'
[0.387s] Level 1:colcon.colcon_core.environment:create_file_with_runtime_dependencies(/home/dgx_allex_one/allex2head/install/orbbec_description/share/colcon-core/packages/orbbec_description)
[0.649s] DEBUG:colcon.colcon_core.event_handler.log_command:Invoking command in '/home/dgx_allex_one/allex2head/build/camera_node': CONDA_PROMPT_MODIFIER=(allex_camera) DEBUGINFOD_URLS=https://debuginfod.ubuntu.com PYTHONPATH=/home/dgx_allex_one/allex2head/build/camera_node/prefix_override:/usr/lib/python3/dist-packages/colcon_core/task/python/colcon_distutils_commands:/home/dgx_allex_one/allex2head/install/camera_node/lib/python3.12/site-packages:${PYTHONPATH} /usr/bin/python3 -W ignore:setup.py install is deprecated -W ignore:easy_install command is deprecated setup.py develop --editable --build-directory /home/dgx_allex_one/allex2head/build/camera_node/build --no-deps symlink_data
[0.993s] Level 1:colcon.colcon_core.shell:create_environment_hook('camera_node', 'pythonpath_develop')
[0.993s] INFO:colcon.colcon_core.shell:Creating environment hook '/home/dgx_allex_one/allex2head/build/camera_node/share/camera_node/hook/pythonpath_develop.ps1'
[0.993s] INFO:colcon.colcon_core.shell:Creating environment descriptor '/home/dgx_allex_one/allex2head/build/camera_node/share/camera_node/hook/pythonpath_develop.dsv'
[0.994s] INFO:colcon.colcon_core.shell:Creating environment hook '/home/dgx_allex_one/allex2head/build/camera_node/share/camera_node/hook/pythonpath_develop.sh'
[0.994s] DEBUG:colcon.colcon_core.event_handler.log_command:Invoked command in '/home/dgx_allex_one/allex2head/build/camera_node' returned '0': CONDA_PROMPT_MODIFIER=(allex_camera) DEBUGINFOD_URLS=https://debuginfod.ubuntu.com PYTHONPATH=/home/dgx_allex_one/allex2head/build/camera_node/prefix_override:/usr/lib/python3/dist-packages/colcon_core/task/python/colcon_distutils_commands:/home/dgx_allex_one/allex2head/install/camera_node/lib/python3.12/site-packages:${PYTHONPATH} /usr/bin/python3 -W ignore:setup.py install is deprecated -W ignore:easy_install command is deprecated setup.py develop --editable --build-directory /home/dgx_allex_one/allex2head/build/camera_node/build --no-deps symlink_data
[0.994s] Level 1:colcon.colcon_core.environment:checking '/home/dgx_allex_one/allex2head/install/camera_node' for CMake module files
[0.995s] Level 1:colcon.colcon_core.environment:checking '/home/dgx_allex_one/allex2head/install/camera_node' for CMake config files
[0.995s] Level 1:colcon.colcon_core.environment:checking '/home/dgx_allex_one/allex2head/install/camera_node/lib'
[0.995s] Level 1:colcon.colcon_core.environment:checking '/home/dgx_allex_one/allex2head/install/camera_node/bin'
[0.995s] Level 1:colcon.colcon_core.environment:checking '/home/dgx_allex_one/allex2head/install/camera_node/lib/pkgconfig/camera_node.pc'
[0.995s] Level 1:colcon.colcon_core.environment:checking '/home/dgx_allex_one/allex2head/install/camera_node/lib/python3.12/site-packages'
[0.995s] Level 1:colcon.colcon_core.shell:create_environment_hook('camera_node', 'pythonpath')
[0.995s] INFO:colcon.colcon_core.shell:Creating environment hook '/home/dgx_allex_one/allex2head/install/camera_node/share/camera_node/hook/pythonpath.ps1'
[0.995s] INFO:colcon.colcon_core.shell:Creating environment descriptor '/home/dgx_allex_one/allex2head/install/camera_node/share/camera_node/hook/pythonpath.dsv'
[0.995s] INFO:colcon.colcon_core.shell:Creating environment hook '/home/dgx_allex_one/allex2head/install/camera_node/share/camera_node/hook/pythonpath.sh'
[0.996s] Level 1:colcon.colcon_core.environment:checking '/home/dgx_allex_one/allex2head/install/camera_node/bin'
[0.996s] Level 1:colcon.colcon_core.environment:create_environment_scripts_only(camera_node)
[0.996s] INFO:colcon.colcon_core.shell:Creating package script '/home/dgx_allex_one/allex2head/install/camera_node/share/camera_node/package.ps1'
[0.996s] INFO:colcon.colcon_core.shell:Creating package descriptor '/home/dgx_allex_one/allex2head/install/camera_node/share/camera_node/package.dsv'
[0.996s] INFO:colcon.colcon_core.shell:Creating package script '/home/dgx_allex_one/allex2head/install/camera_node/share/camera_node/package.sh'
[0.996s] INFO:colcon.colcon_core.shell:Creating package script '/home/dgx_allex_one/allex2head/install/camera_node/share/camera_node/package.bash'
[0.996s] INFO:colcon.colcon_core.shell:Creating package script '/home/dgx_allex_one/allex2head/install/camera_node/share/camera_node/package.zsh'
[0.996s] Level 1:colcon.colcon_core.environment:create_file_with_runtime_dependencies(/home/dgx_allex_one/allex2head/install/camera_node/share/colcon-core/packages/camera_node)
[1.912s] DEBUG:colcon.colcon_core.event_handler.log_command:Invoked command in '/home/dgx_allex_one/allex2head/build/orbbec_camera_msgs' returned '0': CMAKE_PREFIX_PATH=${CMAKE_PREFIX_PATH}:/opt/ros/jazzy CONDA_PROMPT_MODIFIER=(allex_camera) DEBUGINFOD_URLS=https://debuginfod.ubuntu.com /usr/bin/cmake /home/dgx_allex_one/allex2head/src/OrbbecSDK_ROS2/orbbec_camera_msgs -DAMENT_CMAKE_SYMLINK_INSTALL=1 -DCMAKE_INSTALL_PREFIX=/home/dgx_allex_one/allex2head/install/orbbec_camera_msgs
[1.912s] DEBUG:colcon.colcon_core.event_handler.log_command:Invoking command in '/home/dgx_allex_one/allex2head/build/orbbec_camera_msgs': CMAKE_PREFIX_PATH=${CMAKE_PREFIX_PATH}:/opt/ros/jazzy CONDA_PROMPT_MODIFIER=(allex_camera) DEBUGINFOD_URLS=https://debuginfod.ubuntu.com /usr/bin/cmake --build /home/dgx_allex_one/allex2head/build/orbbec_camera_msgs -- -j20 -l20
[2.083s] Level 1:colcon.colcon_core.environment:create_environment_scripts_only(orbbec_camera_msgs)
[2.084s] Level 1:colcon.colcon_core.environment:checking '/home/dgx_allex_one/allex2head/install/orbbec_camera_msgs' for CMake module files
[2.084s] DEBUG:colcon.colcon_core.event_handler.log_command:Invoked command in '/home/dgx_allex_one/allex2head/build/orbbec_camera_msgs' returned '2': CMAKE_PREFIX_PATH=${CMAKE_PREFIX_PATH}:/opt/ros/jazzy CONDA_PROMPT_MODIFIER=(allex_camera) DEBUGINFOD_URLS=https://debuginfod.ubuntu.com /usr/bin/cmake --build /home/dgx_allex_one/allex2head/build/orbbec_camera_msgs -- -j20 -l20
[2.084s] Level 1:colcon.colcon_core.environment:checking '/home/dgx_allex_one/allex2head/install/orbbec_camera_msgs' for CMake config files
[2.084s] Level 1:colcon.colcon_core.environment:checking '/home/dgx_allex_one/allex2head/install/orbbec_camera_msgs/bin'
[2.084s] Level 1:colcon.colcon_core.environment:checking '/home/dgx_allex_one/allex2head/install/orbbec_camera_msgs/lib/pkgconfig/orbbec_camera_msgs.pc'
[2.084s] Level 1:colcon.colcon_core.environment:checking '/home/dgx_allex_one/allex2head/install/orbbec_camera_msgs/lib/python3.12/site-packages'
[2.084s] Level 1:colcon.colcon_core.environment:checking '/home/dgx_allex_one/allex2head/install/orbbec_camera_msgs/bin'
[2.084s] INFO:colcon.colcon_core.shell:Creating package script '/home/dgx_allex_one/allex2head/install/orbbec_camera_msgs/share/orbbec_camera_msgs/package.ps1'
[2.085s] INFO:colcon.colcon_core.shell:Creating package descriptor '/home/dgx_allex_one/allex2head/install/orbbec_camera_msgs/share/orbbec_camera_msgs/package.dsv'
[2.085s] INFO:colcon.colcon_core.shell:Creating package script '/home/dgx_allex_one/allex2head/install/orbbec_camera_msgs/share/orbbec_camera_msgs/package.sh'
[2.085s] INFO:colcon.colcon_core.shell:Creating package script '/home/dgx_allex_one/allex2head/install/orbbec_camera_msgs/share/orbbec_camera_msgs/package.bash'
[2.085s] INFO:colcon.colcon_core.shell:Creating package script '/home/dgx_allex_one/allex2head/install/orbbec_camera_msgs/share/orbbec_camera_msgs/package.zsh'
[2.085s] Level 1:colcon.colcon_core.environment:create_file_with_runtime_dependencies(/home/dgx_allex_one/allex2head/install/orbbec_camera_msgs/share/colcon-core/packages/orbbec_camera_msgs)
[2.095s] DEBUG:colcon.colcon_parallel_executor.executor.parallel:closing loop
[2.096s] DEBUG:colcon.colcon_parallel_executor.executor.parallel:loop closed
[2.096s] DEBUG:colcon.colcon_parallel_executor.executor.parallel:run_until_complete finished with '2'
[2.096s] DEBUG:colcon.colcon_core.event_reactor:joining thread
[2.098s] INFO:colcon.colcon_core.plugin_system:Skipping extension 'colcon_notification.desktop_notification.terminal_notifier': Not used on non-Darwin systems
[2.098s] INFO:colcon.colcon_core.plugin_system:Skipping extension 'colcon_notification.desktop_notification.win32': Not used on non-Windows systems
[2.099s] INFO:colcon.colcon_notification.desktop_notification:Sending desktop notification using 'notify2'
[2.110s] DEBUG:colcon.colcon_core.event_reactor:joined thread
[2.110s] INFO:colcon.colcon_core.shell:Creating prefix script '/home/dgx_allex_one/allex2head/install/local_setup.ps1'
[2.111s] INFO:colcon.colcon_core.shell:Creating prefix util module '/home/dgx_allex_one/allex2head/install/_local_setup_util_ps1.py'
[2.111s] INFO:colcon.colcon_core.shell:Creating prefix chain script '/home/dgx_allex_one/allex2head/install/setup.ps1'
[2.111s] INFO:colcon.colcon_core.shell:Creating prefix script '/home/dgx_allex_one/allex2head/install/local_setup.sh'
[2.111s] INFO:colcon.colcon_core.shell:Creating prefix util module '/home/dgx_allex_one/allex2head/install/_local_setup_util_sh.py'
[2.112s] INFO:colcon.colcon_core.shell:Creating prefix chain script '/home/dgx_allex_one/allex2head/install/setup.sh'
[2.112s] INFO:colcon.colcon_core.shell:Creating prefix script '/home/dgx_allex_one/allex2head/install/local_setup.bash'
[2.112s] INFO:colcon.colcon_core.shell:Creating prefix chain script '/home/dgx_allex_one/allex2head/install/setup.bash'
[2.113s] INFO:colcon.colcon_core.shell:Creating prefix script '/home/dgx_allex_one/allex2head/install/local_setup.zsh'
[2.113s] INFO:colcon.colcon_core.shell:Creating prefix chain script '/home/dgx_allex_one/allex2head/install/setup.zsh'
