[0.006s] Invoking command in '/home/yeah2/allex_ces_idle_interaction_gui/build/orbbec_camera': CMAKE_PREFIX_PATH=/home/yeah2/allex_ces_idle_interaction_gui/install/orbbec_camera_msgs:/home/yeah2/allex_ces_idle_interaction_gui/install/orbbec_description:/home/yeah2/allex_ces_idle_interaction_gui/install/allex_ces_idle_interaction:/home/yeah2/ros2_ws/install/trajectory_recorder:/home/yeah2/ros2_ws/install/joy_traj_param:/home/yeah2/ros2_ws/install/irim_control_panel_n_dashboard:/home/yeah2/ros2_ws/install/iri_zmq_ros2_bridge:/opt/ros/humble PYTHONPATH=/home/yeah2/allex_ces_idle_interaction_gui/install/orbbec_camera_msgs/local/lib/python3.10/dist-packages:${PYTHONPATH} /usr/bin/cmake /home/yeah2/allex_ces_idle_interaction_gui/src/OrbbecSDK_ROS2/orbbec_camera -DAMENT_CMAKE_SYMLINK_INSTALL=1 -DCMAKE_INSTALL_PREFIX=/home/yeah2/allex_ces_idle_interaction_gui/install/orbbec_camera
[0.042s] -- The C compiler identification is GNU 11.4.0
[0.077s] -- The CXX compiler identification is GNU 11.4.0
[0.081s] -- Detecting C compiler ABI info
[0.123s] -- Detecting C compiler ABI info - done
[0.128s] -- Check for working C compiler: /usr/bin/cc - skipped
[0.128s] -- Detecting C compile features
[0.128s] -- Detecting C compile features - done
[0.130s] -- Detecting CXX compiler ABI info
[0.179s] -- Detecting CXX compiler ABI info - done
[0.183s] -- Check for working CXX compiler: /usr/bin/c++ - skipped
[0.184s] -- Detecting CXX compile features
[0.184s] -- Detecting CXX compile features - done
[0.185s] -- Found ament_cmake: 1.3.12 (/opt/ros/humble/share/ament_cmake/cmake)
[0.290s] -- Found Python3: /usr/bin/python3 (found version "3.10.12") found components: Interpreter 
[0.332s] -- Override CMake install command with custom implementation using symlinks instead of copying resources
[0.347s] -- Found ament_index_cpp: 1.4.0 (/opt/ros/humble/share/ament_index_cpp/cmake)
[0.352s] -- Found builtin_interfaces: 1.2.2 (/opt/ros/humble/share/builtin_interfaces/cmake)
[0.370s] -- Found rosidl_generator_c: 3.1.7 (/opt/ros/humble/share/rosidl_generator_c/cmake)
[0.373s] -- Found rosidl_adapter: 3.1.7 (/opt/ros/humble/share/rosidl_adapter/cmake)
[0.377s] -- Found rosidl_generator_cpp: 3.1.7 (/opt/ros/humble/share/rosidl_generator_cpp/cmake)
[0.384s] -- Using all available rosidl_typesupport_c: rosidl_typesupport_fastrtps_c;rosidl_typesupport_introspection_c
[0.392s] -- Using all available rosidl_typesupport_cpp: rosidl_typesupport_fastrtps_cpp;rosidl_typesupport_introspection_cpp
[0.400s] -- Found cv_bridge: 3.2.1 (/opt/ros/humble/share/cv_bridge/cmake)
[0.434s] -- Found camera_info_manager: 3.1.12 (/opt/ros/humble/share/camera_info_manager/cmake)
[0.456s] -- Found rmw_implementation_cmake: 6.1.2 (/opt/ros/humble/share/rmw_implementation_cmake/cmake)
[0.458s] -- Found rmw_cyclonedds_cpp: 1.3.4 (/opt/ros/humble/share/rmw_cyclonedds_cpp/cmake)
[0.469s] -- Using RMW implementation 'rmw_cyclonedds_cpp' as default
[0.523s] -- Looking for pthread.h
[0.587s] -- Looking for pthread.h - found
[0.587s] -- Performing Test CMAKE_HAVE_LIBC_PTHREAD
[0.653s] -- Performing Test CMAKE_HAVE_LIBC_PTHREAD - Success
[0.653s] -- Found Threads: TRUE  
[0.700s] -- Found image_transport: 3.1.12 (/opt/ros/humble/share/image_transport/cmake)
[0.719s] -- Found image_publisher: 3.0.8 (/opt/ros/humble/share/image_publisher/cmake)
[0.736s] -- Found OpenCV: /usr (found version "4.5.4") 
[0.736s] -- Found orbbec_camera_msgs: 2.5.5 (/home/yeah2/allex_ces_idle_interaction_gui/install/orbbec_camera_msgs/share/orbbec_camera_msgs/cmake)
[0.745s] -- Found std_srvs: 4.9.0 (/opt/ros/humble/share/std_srvs/cmake)
[0.750s] -- Found tf2: 0.25.16 (/opt/ros/humble/share/tf2/cmake)
[0.753s] -- Found tf2_msgs: 0.25.16 (/opt/ros/humble/share/tf2_msgs/cmake)
[0.775s] -- Found tf2_ros: 0.25.16 (/opt/ros/humble/share/tf2_ros/cmake)
[0.785s] -- Found tf2_sensor_msgs: 0.25.16 (/opt/ros/humble/share/tf2_sensor_msgs/cmake)
[0.790s] -- Found diagnostic_updater: 4.0.6 (/opt/ros/humble/share/diagnostic_updater/cmake)
[0.804s] -- Found PkgConfig: /usr/bin/pkg-config (found version "0.29.2") 
[0.807s] -- ORRBEC Machine : x86_64
[0.807s] 
[0.807s] -- ORRBEC Machine Bits : 64
[0.807s] 
[0.923s] -- Found ament_lint_auto: 0.12.14 (/opt/ros/humble/share/ament_lint_auto/cmake)
[0.977s] -- Configuring done
[1.092s] -- Generating done
[1.120s] -- Build files have been written to: /home/yeah2/allex_ces_idle_interaction_gui/build/orbbec_camera
[1.129s] Invoked command in '/home/yeah2/allex_ces_idle_interaction_gui/build/orbbec_camera' returned '0': CMAKE_PREFIX_PATH=/home/yeah2/allex_ces_idle_interaction_gui/install/orbbec_camera_msgs:/home/yeah2/allex_ces_idle_interaction_gui/install/orbbec_description:/home/yeah2/allex_ces_idle_interaction_gui/install/allex_ces_idle_interaction:/home/yeah2/ros2_ws/install/trajectory_recorder:/home/yeah2/ros2_ws/install/joy_traj_param:/home/yeah2/ros2_ws/install/irim_control_panel_n_dashboard:/home/yeah2/ros2_ws/install/iri_zmq_ros2_bridge:/opt/ros/humble PYTHONPATH=/home/yeah2/allex_ces_idle_interaction_gui/install/orbbec_camera_msgs/local/lib/python3.10/dist-packages:${PYTHONPATH} /usr/bin/cmake /home/yeah2/allex_ces_idle_interaction_gui/src/OrbbecSDK_ROS2/orbbec_camera -DAMENT_CMAKE_SYMLINK_INSTALL=1 -DCMAKE_INSTALL_PREFIX=/home/yeah2/allex_ces_idle_interaction_gui/install/orbbec_camera
[1.130s] Invoking command in '/home/yeah2/allex_ces_idle_interaction_gui/build/orbbec_camera': CMAKE_PREFIX_PATH=/home/yeah2/allex_ces_idle_interaction_gui/install/orbbec_camera_msgs:/home/yeah2/allex_ces_idle_interaction_gui/install/orbbec_description:/home/yeah2/allex_ces_idle_interaction_gui/install/allex_ces_idle_interaction:/home/yeah2/ros2_ws/install/trajectory_recorder:/home/yeah2/ros2_ws/install/joy_traj_param:/home/yeah2/ros2_ws/install/irim_control_panel_n_dashboard:/home/yeah2/ros2_ws/install/iri_zmq_ros2_bridge:/opt/ros/humble PYTHONPATH=/home/yeah2/allex_ces_idle_interaction_gui/install/orbbec_camera_msgs/local/lib/python3.10/dist-packages:${PYTHONPATH} /usr/bin/cmake --build /home/yeah2/allex_ces_idle_interaction_gui/build/orbbec_camera -- -j20 -l20
[1.166s] [  4%] [32mBuilding CXX object CMakeFiles/orbbec_camera.dir/src/dynamic_params.cpp.o[0m
[1.166s] [  4%] [32mBuilding CXX object CMakeFiles/orbbec_camera.dir/src/d2c_viewer.cpp.o[0m
[1.167s] [  6%] [32mBuilding CXX object CMakeFiles/frame_latency_node.dir/rclcpp_components/node_main_frame_latency_node.cpp.o[0m
[1.167s] [  9%] [32mBuilding CXX object CMakeFiles/orbbec_camera.dir/src/image_publisher.cpp.o[0m
[1.167s] [ 13%] [32mBuilding CXX object CMakeFiles/start_benchmark_node.dir/rclcpp_components/node_main_start_benchmark_node.cpp.o[0m
[1.167s] [ 13%] [32mBuilding CXX object CMakeFiles/orbbec_camera.dir/src/ros_param_backend.cpp.o[0m
[1.167s] [ 15%] [32mBuilding CXX object CMakeFiles/multi_save_rgbir.dir/src/utils.cpp.o[0m
[1.167s] [ 18%] [32mBuilding CXX object CMakeFiles/orbbec_camera.dir/src/ob_camera_node.cpp.o[0m
[1.167s] [ 20%] [32mBuilding CXX object CMakeFiles/orbbec_camera.dir/src/ros_service.cpp.o[0m
[1.167s] [ 25%] [32mBuilding CXX object CMakeFiles/multi_save_rgbir.dir/tools/multi_save_rgbir.cpp.o[0m
[1.167s] [ 25%] [32mBuilding CXX object CMakeFiles/orbbec_camera.dir/src/synced_imu_publisher.cpp.o[0m
[1.167s] [ 29%] [32mBuilding CXX object CMakeFiles/orbbec_camera.dir/src/utils.cpp.o[0m
[1.167s] [ 29%] [32mBuilding CXX object CMakeFiles/orbbec_camera.dir/src/ob_camera_node_driver.cpp.o[0m
[1.167s] [ 31%] [32mBuilding CXX object CMakeFiles/orbbec_camera.dir/src/jpeg_decoder.cpp.o[0m
[1.167s] [ 34%] [32mBuilding CXX object CMakeFiles/orbbec_camera_node.dir/rclcpp_components/node_main_orbbec_camera_node.cpp.o[0m
[1.168s] [ 36%] [32mBuilding CXX object CMakeFiles/start_benchmark.dir/tools/start_benchmark.cpp.o[0m
[1.172s] [ 38%] [32mBuilding CXX object CMakeFiles/multi_save_rgbir_node.dir/rclcpp_components/node_main_multi_save_rgbir_node.cpp.o[0m
[1.173s] [ 40%] [32mBuilding CXX object CMakeFiles/frame_latency.dir/tools/frame_latency.cpp.o[0m
[4.376s] [ 45%] [32m[1mLinking CXX executable multi_save_rgbir_node[0m
[4.376s] [ 45%] [32m[1mLinking CXX executable start_benchmark_node[0m
[4.405s] [ 47%] [32m[1mLinking CXX executable orbbec_camera_node[0m
[4.444s] [ 50%] [32m[1mLinking CXX executable frame_latency_node[0m
[4.498s] [ 50%] Built target multi_save_rgbir_node
[4.505s] [ 50%] Built target orbbec_camera_node
[4.507s] [ 50%] Built target start_benchmark_node
[4.540s] [ 50%] Built target frame_latency_node
[16.718s] [ 52%] [32m[1mLinking CXX shared library libstart_benchmark.so[0m
[16.874s] [ 52%] Built target start_benchmark
[17.816s] [ 54%] [32m[1mLinking CXX shared library libmulti_save_rgbir.so[0m
[18.035s] [ 54%] Built target multi_save_rgbir
[25.315s] [ 56%] [32m[1mLinking CXX shared library libframe_latency.so[0m
[25.357s] [ 59%] [32m[1mLinking CXX shared library liborbbec_camera.so[0m
[25.563s] [ 59%] Built target frame_latency
[25.635s] [ 59%] Built target orbbec_camera
[25.647s] [ 72%] [32mBuilding CXX object CMakeFiles/list_devices_node.dir/tools/list_devices_node.cpp.o[0m
[25.647s] [ 72%] [32mBuilding CXX object CMakeFiles/set_device_ip.dir/tools/set_device_ip.cpp.o[0m
[25.647s] [ 72%] [32mBuilding CXX object CMakeFiles/image_sync_example_node.dir/examples/multi_camera_time_sync/image_sync_example_node.cpp.o[0m
[25.647s] [ 72%] [32mBuilding CXX object CMakeFiles/topic_statistics_node.dir/tools/topic_statistics.cpp.o[0m
[25.647s] [ 72%] [32mBuilding CXX object CMakeFiles/435le_example_node.dir/examples/435le_new_interface/camera_example_node.cpp.o[0m
[25.647s] [ 72%] [32mBuilding CXX object CMakeFiles/ob_benchmark_node.dir/tools/ob_benchmark.cpp.o[0m
[25.648s] [ 75%] [32mBuilding CXX object CMakeFiles/service_benchmark_node.dir/scripts/service_benchmark_node.cpp.o[0m
[25.651s] [ 77%] [32mBuilding CXX object CMakeFiles/list_camera_profile_mode_node.dir/tools/list_camera_profile.cpp.o[0m
[25.651s] [ 79%] [32mBuilding CXX object CMakeFiles/list_depth_work_mode_node.dir/tools/list_depth_work_mode.cpp.o[0m
[30.896s] [ 81%] [32m[1mLinking CXX executable list_depth_work_mode_node[0m
[30.998s] [ 81%] Built target list_depth_work_mode_node
[31.175s] [ 84%] [32m[1mLinking CXX executable set_device_ip[0m
[31.327s] [ 84%] Built target set_device_ip
[31.330s] [ 86%] [32m[1mLinking CXX executable list_devices_node[0m
[31.880s] [ 86%] Built target list_devices_node
[32.700s] [ 88%] [32m[1mLinking CXX executable ob_benchmark_node[0m
[32.818s] [ 88%] Built target ob_benchmark_node
[33.409s] [ 90%] [32m[1mLinking CXX executable list_camera_profile_mode_node[0m
[33.723s] [ 90%] Built target list_camera_profile_mode_node
[33.859s] [ 93%] [32m[1mLinking CXX executable topic_statistics_node[0m
[34.017s] [ 93%] Built target topic_statistics_node
[34.375s] [ 95%] [32m[1mLinking CXX executable 435le_example_node[0m
[34.519s] [ 95%] Built target 435le_example_node
[35.513s] [ 97%] [32m[1mLinking CXX executable image_sync_example_node[0m
[36.001s] [ 97%] Built target image_sync_example_node
[37.802s] [100%] [32m[1mLinking CXX executable service_benchmark_node[0m
[37.925s] [100%] Built target service_benchmark_node
[37.933s] Invoked command in '/home/yeah2/allex_ces_idle_interaction_gui/build/orbbec_camera' returned '0': CMAKE_PREFIX_PATH=/home/yeah2/allex_ces_idle_interaction_gui/install/orbbec_camera_msgs:/home/yeah2/allex_ces_idle_interaction_gui/install/orbbec_description:/home/yeah2/allex_ces_idle_interaction_gui/install/allex_ces_idle_interaction:/home/yeah2/ros2_ws/install/trajectory_recorder:/home/yeah2/ros2_ws/install/joy_traj_param:/home/yeah2/ros2_ws/install/irim_control_panel_n_dashboard:/home/yeah2/ros2_ws/install/iri_zmq_ros2_bridge:/opt/ros/humble PYTHONPATH=/home/yeah2/allex_ces_idle_interaction_gui/install/orbbec_camera_msgs/local/lib/python3.10/dist-packages:${PYTHONPATH} /usr/bin/cmake --build /home/yeah2/allex_ces_idle_interaction_gui/build/orbbec_camera -- -j20 -l20
[37.934s] Invoking command in '/home/yeah2/allex_ces_idle_interaction_gui/build/orbbec_camera': CMAKE_PREFIX_PATH=/home/yeah2/allex_ces_idle_interaction_gui/install/orbbec_camera_msgs:/home/yeah2/allex_ces_idle_interaction_gui/install/orbbec_description:/home/yeah2/allex_ces_idle_interaction_gui/install/allex_ces_idle_interaction:/home/yeah2/ros2_ws/install/trajectory_recorder:/home/yeah2/ros2_ws/install/joy_traj_param:/home/yeah2/ros2_ws/install/irim_control_panel_n_dashboard:/home/yeah2/ros2_ws/install/iri_zmq_ros2_bridge:/opt/ros/humble PYTHONPATH=/home/yeah2/allex_ces_idle_interaction_gui/install/orbbec_camera_msgs/local/lib/python3.10/dist-packages:${PYTHONPATH} /usr/bin/cmake --install /home/yeah2/allex_ces_idle_interaction_gui/build/orbbec_camera
[37.940s] -- Install configuration: ""
[37.940s] -- Execute custom install script
[37.940s] -- Symlinking: /home/yeah2/allex_ces_idle_interaction_gui/install/orbbec_camera/lib/orbbec_camera/orbbec_camera_node
[37.945s] -- Symlinking: /home/yeah2/allex_ces_idle_interaction_gui/install/orbbec_camera/lib/orbbec_camera/common_benchmark_node.py
[37.950s] -- Symlinking: /home/yeah2/allex_ces_idle_interaction_gui/install/orbbec_camera/lib/orbbec_camera/service_benchmark_node.py
[37.956s] -- Symlinking: /home/yeah2/allex_ces_idle_interaction_gui/install/orbbec_camera/lib/orbbec_camera/frame_latency_node
[37.961s] -- Symlinking: /home/yeah2/allex_ces_idle_interaction_gui/install/orbbec_camera/lib/orbbec_camera/start_benchmark_node
[37.965s] -- Symlinking: /home/yeah2/allex_ces_idle_interaction_gui/install/orbbec_camera/lib/orbbec_camera/multi_save_rgbir_node
[37.970s] -- Symlinking: /home/yeah2/allex_ces_idle_interaction_gui/install/orbbec_camera/lib/liborbbec_camera.so
[37.974s] -- Symlinking: /home/yeah2/allex_ces_idle_interaction_gui/install/orbbec_camera/lib/libframe_latency.so
[37.979s] -- Symlinking: /home/yeah2/allex_ces_idle_interaction_gui/install/orbbec_camera/lib/libstart_benchmark.so
[37.983s] -- Symlinking: /home/yeah2/allex_ces_idle_interaction_gui/install/orbbec_camera/lib/libmulti_save_rgbir.so
[37.988s] -- Symlinking: /home/yeah2/allex_ces_idle_interaction_gui/install/orbbec_camera/include/magic_enum/magic_enum.hpp
[37.994s] -- Symlinking: /home/yeah2/allex_ces_idle_interaction_gui/install/orbbec_camera/include/orbbec_camera/constants.h
[37.998s] -- Symlinking: /home/yeah2/allex_ces_idle_interaction_gui/install/orbbec_camera/include/orbbec_camera/d2c_viewer.h
[38.003s] -- Symlinking: /home/yeah2/allex_ces_idle_interaction_gui/install/orbbec_camera/include/orbbec_camera/dynamic_params.h
[38.007s] -- Symlinking: /home/yeah2/allex_ces_idle_interaction_gui/install/orbbec_camera/include/orbbec_camera/fps_counter.hpp
[38.013s] -- Symlinking: /home/yeah2/allex_ces_idle_interaction_gui/install/orbbec_camera/include/orbbec_camera/fps_delay_status.hpp
[38.018s] -- Symlinking: /home/yeah2/allex_ces_idle_interaction_gui/install/orbbec_camera/include/orbbec_camera/image_publisher.h
[38.023s] -- Symlinking: /home/yeah2/allex_ces_idle_interaction_gui/install/orbbec_camera/include/orbbec_camera/jetson_nv_decoder.h
[38.028s] -- Symlinking: /home/yeah2/allex_ces_idle_interaction_gui/install/orbbec_camera/include/orbbec_camera/jpeg_decoder.h
[38.034s] -- Symlinking: /home/yeah2/allex_ces_idle_interaction_gui/install/orbbec_camera/include/orbbec_camera/ob_camera_node.h
[38.038s] -- Symlinking: /home/yeah2/allex_ces_idle_interaction_gui/install/orbbec_camera/include/orbbec_camera/ob_camera_node_driver.h
[38.042s] -- Symlinking: /home/yeah2/allex_ces_idle_interaction_gui/install/orbbec_camera/include/orbbec_camera/rk_mpp_decoder.h
[38.047s] -- Symlinking: /home/yeah2/allex_ces_idle_interaction_gui/install/orbbec_camera/include/orbbec_camera/ros_param_backend.h
[38.053s] -- Symlinking: /home/yeah2/allex_ces_idle_interaction_gui/install/orbbec_camera/include/orbbec_camera/synced_imu_publisher.h
[38.058s] -- Symlinking: /home/yeah2/allex_ces_idle_interaction_gui/install/orbbec_camera/include/orbbec_camera/utils.h
[38.063s] -- Symlinking: /home/yeah2/allex_ces_idle_interaction_gui/install/orbbec_camera/share/orbbec_camera//launch/astra.launch.py
[38.068s] -- Symlinking: /home/yeah2/allex_ces_idle_interaction_gui/install/orbbec_camera/share/orbbec_camera//launch/astra2.launch.py
[38.074s] -- Symlinking: /home/yeah2/allex_ces_idle_interaction_gui/install/orbbec_camera/share/orbbec_camera//launch/dabai_a.launch.py
[38.078s] -- Symlinking: /home/yeah2/allex_ces_idle_interaction_gui/install/orbbec_camera/share/orbbec_camera//launch/dabai_al.launch.py
[38.082s] -- Symlinking: /home/yeah2/allex_ces_idle_interaction_gui/install/orbbec_camera/share/orbbec_camera//launch/femto.launch.py
[38.087s] -- Symlinking: /home/yeah2/allex_ces_idle_interaction_gui/install/orbbec_camera/share/orbbec_camera//launch/femto_bolt.launch.py
[38.093s] -- Symlinking: /home/yeah2/allex_ces_idle_interaction_gui/install/orbbec_camera/share/orbbec_camera//launch/femto_mega.launch.py
[38.098s] -- Symlinking: /home/yeah2/allex_ces_idle_interaction_gui/install/orbbec_camera/share/orbbec_camera//launch/gemini2.launch.py
[38.102s] -- Symlinking: /home/yeah2/allex_ces_idle_interaction_gui/install/orbbec_camera/share/orbbec_camera//launch/gemini210.launch.py
[38.107s] -- Symlinking: /home/yeah2/allex_ces_idle_interaction_gui/install/orbbec_camera/share/orbbec_camera//launch/gemini2L.launch.py
[38.112s] -- Symlinking: /home/yeah2/allex_ces_idle_interaction_gui/install/orbbec_camera/share/orbbec_camera//launch/gemini345.launch.py
[38.118s] -- Symlinking: /home/yeah2/allex_ces_idle_interaction_gui/install/orbbec_camera/share/orbbec_camera//launch/gemini345_lg.launch.py
[38.123s] -- Symlinking: /home/yeah2/allex_ces_idle_interaction_gui/install/orbbec_camera/share/orbbec_camera//launch/gemini435_le.launch.py
[38.128s] -- Symlinking: /home/yeah2/allex_ces_idle_interaction_gui/install/orbbec_camera/share/orbbec_camera//launch/gemini_330_series.launch.py
[38.133s] -- Symlinking: /home/yeah2/allex_ces_idle_interaction_gui/install/orbbec_camera/share/orbbec_camera//launch/gemini_330_series_low_cpu.launch.py
[38.139s] -- Symlinking: /home/yeah2/allex_ces_idle_interaction_gui/install/orbbec_camera/share/orbbec_camera//launch/gemini_intra_process_demo_launch.py
[38.143s] -- Symlinking: /home/yeah2/allex_ces_idle_interaction_gui/install/orbbec_camera/share/orbbec_camera//launch/multi_camera.launch.py
[38.148s] -- Symlinking: /home/yeah2/allex_ces_idle_interaction_gui/install/orbbec_camera/share/orbbec_camera//launch/multi_camera_synced.launch.py
[38.153s] -- Symlinking: /home/yeah2/allex_ces_idle_interaction_gui/install/orbbec_camera/share/orbbec_camera//launch/orbbec_camera.launch.py
[38.158s] -- Symlinking: /home/yeah2/allex_ces_idle_interaction_gui/install/orbbec_camera/share/orbbec_camera//launch/orbbec_multicamera.launch.py
[38.162s] -- Symlinking: /home/yeah2/allex_ces_idle_interaction_gui/install/orbbec_camera/share/orbbec_camera//launch/utils_yaml.py
[38.167s] -- Symlinking: /home/yeah2/allex_ces_idle_interaction_gui/install/orbbec_camera/share/orbbec_camera//config/.gitkeep
[38.172s] -- Symlinking: /home/yeah2/allex_ces_idle_interaction_gui/install/orbbec_camera/share/orbbec_camera//config/OrbbecSDKConfig_v2.0.xml
[38.177s] -- Symlinking: /home/yeah2/allex_ces_idle_interaction_gui/install/orbbec_camera/share/orbbec_camera//config/astra2.yaml
[38.182s] -- Symlinking: /home/yeah2/allex_ces_idle_interaction_gui/install/orbbec_camera/share/orbbec_camera//config/camera_params.yaml
[38.187s] -- Symlinking: /home/yeah2/allex_ces_idle_interaction_gui/install/orbbec_camera/share/orbbec_camera//config/camera_secondary_params.yaml
[38.192s] -- Symlinking: /home/yeah2/allex_ces_idle_interaction_gui/install/orbbec_camera/share/orbbec_camera//config/common.yaml
[38.197s] -- Symlinking: /home/yeah2/allex_ces_idle_interaction_gui/install/orbbec_camera/share/orbbec_camera//config/depthfilter/Gemini2_v1.7.json
[38.202s] -- Symlinking: /home/yeah2/allex_ces_idle_interaction_gui/install/orbbec_camera/share/orbbec_camera//config/depthfilter/Openni_device.json
[38.206s] -- Symlinking: /home/yeah2/allex_ces_idle_interaction_gui/install/orbbec_camera/share/orbbec_camera//config/femto.yaml
[38.211s] -- Symlinking: /home/yeah2/allex_ces_idle_interaction_gui/install/orbbec_camera/share/orbbec_camera//config/femto_bolt.yaml
[38.216s] -- Symlinking: /home/yeah2/allex_ces_idle_interaction_gui/install/orbbec_camera/share/orbbec_camera//config/femto_mega.yaml
[38.222s] -- Symlinking: /home/yeah2/allex_ces_idle_interaction_gui/install/orbbec_camera/share/orbbec_camera//config/gemini2.yaml
[38.227s] -- Symlinking: /home/yeah2/allex_ces_idle_interaction_gui/install/orbbec_camera/share/orbbec_camera//config/gemini2L.yaml
[38.232s] -- Symlinking: /home/yeah2/allex_ces_idle_interaction_gui/install/orbbec_camera/share/orbbec_camera//config/gemini330Lg_series.yaml
[38.238s] -- Symlinking: /home/yeah2/allex_ces_idle_interaction_gui/install/orbbec_camera/share/orbbec_camera//config/gemini330_series.yaml
[38.243s] -- Symlinking: /home/yeah2/allex_ces_idle_interaction_gui/install/orbbec_camera/share/orbbec_camera//config/tools/multisavergbir/multi_save_rgbir_params.json
[38.248s] -- Symlinking: /home/yeah2/allex_ces_idle_interaction_gui/install/orbbec_camera/share/orbbec_camera//config/tools/startbenchmark/start_benchmark_params.json
[38.254s] -- Symlinking: /home/yeah2/allex_ces_idle_interaction_gui/install/orbbec_camera/share/orbbec_camera//examples/435le_new_interface/README.MD
[38.258s] -- Symlinking: /home/yeah2/allex_ces_idle_interaction_gui/install/orbbec_camera/share/orbbec_camera//examples/435le_new_interface/camera_example_node.cpp
[38.263s] -- Symlinking: /home/yeah2/allex_ces_idle_interaction_gui/install/orbbec_camera/share/orbbec_camera//examples/README.MD
[38.268s] -- Symlinking: /home/yeah2/allex_ces_idle_interaction_gui/install/orbbec_camera/share/orbbec_camera//examples/benchmark/gemini_330_series_benchmark.launch.py
[38.273s] -- Symlinking: /home/yeah2/allex_ces_idle_interaction_gui/install/orbbec_camera/share/orbbec_camera//examples/benchmark/ob_benchmark_0.launch.py
[38.278s] -- Symlinking: /home/yeah2/allex_ces_idle_interaction_gui/install/orbbec_camera/share/orbbec_camera//examples/benchmark/ob_benchmark_1.launch.py
[38.282s] -- Symlinking: /home/yeah2/allex_ces_idle_interaction_gui/install/orbbec_camera/share/orbbec_camera//examples/gmsl_camera/gemini_330_gmsl.launch.py
[38.286s] -- Symlinking: /home/yeah2/allex_ces_idle_interaction_gui/install/orbbec_camera/share/orbbec_camera//examples/gmsl_camera/multi_gmsl_camera.launch.py
[38.292s] -- Symlinking: /home/yeah2/allex_ces_idle_interaction_gui/install/orbbec_camera/share/orbbec_camera//examples/gmsl_camera/multi_gmsl_camera_synced.launch.py
[38.296s] -- Symlinking: /home/yeah2/allex_ces_idle_interaction_gui/install/orbbec_camera/share/orbbec_camera//examples/lower_cpu_usage/gemini_330_series_lower_cpu_usage.launch.py
[38.300s] -- Symlinking: /home/yeah2/allex_ces_idle_interaction_gui/install/orbbec_camera/share/orbbec_camera//examples/lower_cpu_usage/multi_camera_lower_cpu_usage.launch.py
[38.306s] -- Symlinking: /home/yeah2/allex_ces_idle_interaction_gui/install/orbbec_camera/share/orbbec_camera//examples/multi_camera_synced_verification_tool/gemini_330_series_synced_verify.launch.py
[38.311s] -- Symlinking: /home/yeah2/allex_ces_idle_interaction_gui/install/orbbec_camera/share/orbbec_camera//examples/multi_camera_synced_verification_tool/gemini_synced_verify.launch.py
[38.315s] -- Symlinking: /home/yeah2/allex_ces_idle_interaction_gui/install/orbbec_camera/share/orbbec_camera//examples/multi_camera_synced_verification_tool/multi_camera_synced_verify.launch.py
[38.320s] -- Symlinking: /home/yeah2/allex_ces_idle_interaction_gui/install/orbbec_camera/share/orbbec_camera//examples/multi_camera_synced_verification_tool/multicamera_sync/Python/Config.ini
[38.327s] -- Symlinking: /home/yeah2/allex_ces_idle_interaction_gui/install/orbbec_camera/share/orbbec_camera//examples/multi_camera_synced_verification_tool/multicamera_sync/Python/README.md
[38.333s] -- Symlinking: /home/yeah2/allex_ces_idle_interaction_gui/install/orbbec_camera/share/orbbec_camera//examples/multi_camera_synced_verification_tool/multicamera_sync/Python/SyncFramesMain.py
[38.338s] -- Symlinking: /home/yeah2/allex_ces_idle_interaction_gui/install/orbbec_camera/share/orbbec_camera//examples/multi_camera_synced_verification_tool/multicamera_sync/Python/script/config_frameMatch-Astra2_new.py
[38.342s] -- Symlinking: /home/yeah2/allex_ces_idle_interaction_gui/install/orbbec_camera/share/orbbec_camera//examples/multi_camera_synced_verification_tool/multicamera_sync/Python/script/config_frameMatch-systemTimestamp.py
[38.348s] -- Symlinking: /home/yeah2/allex_ces_idle_interaction_gui/install/orbbec_camera/share/orbbec_camera//examples/multi_camera_synced_verification_tool/multicamera_sync/Python/script/config_frameMatch.py
[38.353s] -- Symlinking: /home/yeah2/allex_ces_idle_interaction_gui/install/orbbec_camera/share/orbbec_camera//examples/multi_camera_synced_verification_tool/multicamera_sync/Python/script/config_frameMatch_Gemini2VL.py
[38.359s] -- Symlinking: /home/yeah2/allex_ces_idle_interaction_gui/install/orbbec_camera/share/orbbec_camera//examples/multi_camera_synced_verification_tool/multicamera_sync/Python/script/config_frameMatch_g330.py
[38.363s] -- Symlinking: /home/yeah2/allex_ces_idle_interaction_gui/install/orbbec_camera/share/orbbec_camera//examples/multi_camera_synced_verification_tool/multicamera_sync/output/20250218102900/DevicesInfo.txt
[38.368s] -- Symlinking: /home/yeah2/allex_ces_idle_interaction_gui/install/orbbec_camera/share/orbbec_camera//examples/multi_camera_synced_verification_tool/multicamera_sync/output/20250218102900/StreamProfileInfo.txt
[38.373s] -- Symlinking: /home/yeah2/allex_ces_idle_interaction_gui/install/orbbec_camera/share/orbbec_camera//examples/multi_camera_synced_verification_tool/multicamera_sync/output/20250218102900/TotalModeFrames/SNCP1E5420006D_Index0/color_SNCP1E5420006D_Index0_g1739874543227_f0_s1739874543327_e50_d16_.jpg
[38.379s] -- Symlinking: /home/yeah2/allex_ces_idle_interaction_gui/install/orbbec_camera/share/orbbec_camera//examples/multi_camera_synced_verification_tool/multicamera_sync/output/20250218102900/TotalModeFrames/SNCP1E5420006D_Index0/color_SNCP1E5420006D_Index0_g1739874543260_f1_s1739874543351_e50_d16_.jpg
[38.383s] -- Symlinking: /home/yeah2/allex_ces_idle_interaction_gui/install/orbbec_camera/share/orbbec_camera//examples/multi_camera_synced_verification_tool/multicamera_sync/output/20250218102900/TotalModeFrames/SNCP1E5420006D_Index0/color_SNCP1E5420006D_Index0_g1739874543294_f2_s1739874543359_e50_d16_.jpg
[38.388s] -- Symlinking: /home/yeah2/allex_ces_idle_interaction_gui/install/orbbec_camera/share/orbbec_camera//examples/multi_camera_synced_verification_tool/multicamera_sync/output/20250218102900/TotalModeFrames/SNCP1E5420006D_Index0/color_SNCP1E5420006D_Index0_g1739874543327_f3_s1739874543441_e50_d16_.jpg
[38.393s] -- Symlinking: /home/yeah2/allex_ces_idle_interaction_gui/install/orbbec_camera/share/orbbec_camera//examples/multi_camera_synced_verification_tool/multicamera_sync/output/20250218102900/TotalModeFrames/SNCP1E5420006D_Index0/color_SNCP1E5420006D_Index0_g1739874543360_f4_s1739874543442_e50_d16_.jpg
[38.398s] -- Symlinking: /home/yeah2/allex_ces_idle_interaction_gui/install/orbbec_camera/share/orbbec_camera//examples/multi_camera_synced_verification_tool/multicamera_sync/output/20250218102900/TotalModeFrames/SNCP1E5420006D_Index0/color_SNCP1E5420006D_Index0_g1739874543394_f5_s1739874543506_e50_d16_.jpg
[38.403s] -- Symlinking: /home/yeah2/allex_ces_idle_interaction_gui/install/orbbec_camera/share/orbbec_camera//examples/multi_camera_synced_verification_tool/multicamera_sync/output/20250218102900/TotalModeFrames/SNCP1E5420006D_Index0/color_SNCP1E5420006D_Index0_g1739874543427_f6_s1739874543518_e50_d16_.jpg
[38.409s] -- Symlinking: /home/yeah2/allex_ces_idle_interaction_gui/install/orbbec_camera/share/orbbec_camera//examples/multi_camera_synced_verification_tool/multicamera_sync/output/20250218102900/TotalModeFrames/SNCP1E5420006D_Index0/color_SNCP1E5420006D_Index0_g1739874543461_f7_s1739874543520_e50_d16_.jpg
[38.413s] -- Symlinking: /home/yeah2/allex_ces_idle_interaction_gui/install/orbbec_camera/share/orbbec_camera//examples/multi_camera_synced_verification_tool/multicamera_sync/output/20250218102900/TotalModeFrames/SNCP1E5420006D_Index0/color_SNCP1E5420006D_Index0_g1739874543494_f8_s1739874543548_e50_d16_.jpg
[38.419s] -- Symlinking: /home/yeah2/allex_ces_idle_interaction_gui/install/orbbec_camera/share/orbbec_camera//examples/multi_camera_synced_verification_tool/multicamera_sync/output/20250218102900/TotalModeFrames/SNCP1E5420006D_Index0/color_SNCP1E5420006D_Index0_g1739874543527_f9_s1739874543603_e50_d16_.jpg
[38.424s] -- Symlinking: /home/yeah2/allex_ces_idle_interaction_gui/install/orbbec_camera/share/orbbec_camera//examples/multi_camera_synced_verification_tool/multicamera_sync/output/20250218102900/TotalModeFrames/SNCP1E5420006D_Index0/color_SNCP1E5420006D_Index0_g1739874543561_f10_s1739874543648_e50_d16_.jpg
[38.428s] -- Symlinking: /home/yeah2/allex_ces_idle_interaction_gui/install/orbbec_camera/share/orbbec_camera//examples/multi_camera_synced_verification_tool/multicamera_sync/output/20250218102900/TotalModeFrames/SNCP1E5420006D_Index0/ir#left_SNCP1E5420006D_Index0_g1739874543227_f0_s1739874543250_e5000_d16_.jpg
[38.432s] -- Symlinking: /home/yeah2/allex_ces_idle_interaction_gui/install/orbbec_camera/share/orbbec_camera//examples/multi_camera_synced_verification_tool/multicamera_sync/output/20250218102900/TotalModeFrames/SNCP1E5420006D_Index0/ir#left_SNCP1E5420006D_Index0_g1739874543260_f1_s1739874543310_e5000_d16_.jpg
[38.437s] -- Symlinking: /home/yeah2/allex_ces_idle_interaction_gui/install/orbbec_camera/share/orbbec_camera//examples/multi_camera_synced_verification_tool/multicamera_sync/output/20250218102900/TotalModeFrames/SNCP1E5420006D_Index0/ir#left_SNCP1E5420006D_Index0_g1739874543294_f2_s1739874543329_e5000_d16_.jpg
[38.441s] -- Symlinking: /home/yeah2/allex_ces_idle_interaction_gui/install/orbbec_camera/share/orbbec_camera//examples/multi_camera_synced_verification_tool/multicamera_sync/output/20250218102900/TotalModeFrames/SNCP1E5420006D_Index0/ir#left_SNCP1E5420006D_Index0_g1739874543327_f3_s1739874543393_e5000_d16_.jpg
[38.447s] -- Symlinking: /home/yeah2/allex_ces_idle_interaction_gui/install/orbbec_camera/share/orbbec_camera//examples/multi_camera_synced_verification_tool/multicamera_sync/output/20250218102900/TotalModeFrames/SNCP1E5420006D_Index0/ir#left_SNCP1E5420006D_Index0_g1739874543361_f4_s1739874543405_e5000_d16_.jpg
[38.453s] -- Symlinking: /home/yeah2/allex_ces_idle_interaction_gui/install/orbbec_camera/share/orbbec_camera//examples/multi_camera_synced_verification_tool/multicamera_sync/output/20250218102900/TotalModeFrames/SNCP1E5420006D_Index0/ir#left_SNCP1E5420006D_Index0_g1739874543394_f5_s1739874543473_e5000_d16_.jpg
[38.458s] -- Symlinking: /home/yeah2/allex_ces_idle_interaction_gui/install/orbbec_camera/share/orbbec_camera//examples/multi_camera_synced_verification_tool/multicamera_sync/output/20250218102900/TotalModeFrames/SNCP1E5420006D_Index0/ir#left_SNCP1E5420006D_Index0_g1739874543427_f6_s1739874543474_e5000_d16_.jpg
[38.462s] -- Symlinking: /home/yeah2/allex_ces_idle_interaction_gui/install/orbbec_camera/share/orbbec_camera//examples/multi_camera_synced_verification_tool/multicamera_sync/output/20250218102900/TotalModeFrames/SNCP1E5420006D_Index0/ir#left_SNCP1E5420006D_Index0_g1739874543461_f7_s1739874543493_e5000_d16_.jpg
[38.467s] -- Symlinking: /home/yeah2/allex_ces_idle_interaction_gui/install/orbbec_camera/share/orbbec_camera//examples/multi_camera_synced_verification_tool/multicamera_sync/output/20250218102900/TotalModeFrames/SNCP1E5420006D_Index0/ir#left_SNCP1E5420006D_Index0_g1739874543494_f8_s1739874543528_e5000_d16_.jpg
[38.471s] -- Symlinking: /home/yeah2/allex_ces_idle_interaction_gui/install/orbbec_camera/share/orbbec_camera//examples/multi_camera_synced_verification_tool/multicamera_sync/output/20250218102900/TotalModeFrames/SNCP1E5420006D_Index0/ir#left_SNCP1E5420006D_Index0_g1739874543527_f9_s1739874543627_e5000_d16_.jpg
[38.477s] -- Symlinking: /home/yeah2/allex_ces_idle_interaction_gui/install/orbbec_camera/share/orbbec_camera//examples/multi_camera_synced_verification_tool/multicamera_sync/output/20250218102900/TotalModeFrames/SNCP1E5420006D_Index0/ir#left_SNCP1E5420006D_Index0_g1739874543561_f10_s1739874543628_e5000_d16_.jpg
[38.482s] -- Symlinking: /home/yeah2/allex_ces_idle_interaction_gui/install/orbbec_camera/share/orbbec_camera//examples/multi_camera_synced_verification_tool/multicamera_sync/output/20250218102900/TotalModeFrames/SNCP1L44P00051_Index1/color_SNCP1L44P00051_Index1_g1739874543227_f0_s1739874543304_e50_d16_.jpg
[38.487s] -- Symlinking: /home/yeah2/allex_ces_idle_interaction_gui/install/orbbec_camera/share/orbbec_camera//examples/multi_camera_synced_verification_tool/multicamera_sync/output/20250218102900/TotalModeFrames/SNCP1L44P00051_Index1/color_SNCP1L44P00051_Index1_g1739874543260_f1_s1739874543345_e50_d16_.jpg
[38.491s] -- Symlinking: /home/yeah2/allex_ces_idle_interaction_gui/install/orbbec_camera/share/orbbec_camera//examples/multi_camera_synced_verification_tool/multicamera_sync/output/20250218102900/TotalModeFrames/SNCP1L44P00051_Index1/color_SNCP1L44P00051_Index1_g1739874543293_f2_s1739874543446_e50_d16_.jpg
[38.496s] -- Symlinking: /home/yeah2/allex_ces_idle_interaction_gui/install/orbbec_camera/share/orbbec_camera//examples/multi_camera_synced_verification_tool/multicamera_sync/output/20250218102900/TotalModeFrames/SNCP1L44P00051_Index1/color_SNCP1L44P00051_Index1_g1739874543327_f3_s1739874543458_e50_d16_.jpg
[38.500s] -- Symlinking: /home/yeah2/allex_ces_idle_interaction_gui/install/orbbec_camera/share/orbbec_camera//examples/multi_camera_synced_verification_tool/multicamera_sync/output/20250218102900/TotalModeFrames/SNCP1L44P00051_Index1/color_SNCP1L44P00051_Index1_g1739874543360_f4_s1739874543468_e50_d16_.jpg
[38.505s] -- Symlinking: /home/yeah2/allex_ces_idle_interaction_gui/install/orbbec_camera/share/orbbec_camera//examples/multi_camera_synced_verification_tool/multicamera_sync/output/20250218102900/TotalModeFrames/SNCP1L44P00051_Index1/color_SNCP1L44P00051_Index1_g1739874543393_f5_s1739874543470_e50_d16_.jpg
[38.510s] -- Symlinking: /home/yeah2/allex_ces_idle_interaction_gui/install/orbbec_camera/share/orbbec_camera//examples/multi_camera_synced_verification_tool/multicamera_sync/output/20250218102900/TotalModeFrames/SNCP1L44P00051_Index1/color_SNCP1L44P00051_Index1_g1739874543427_f6_s1739874543485_e50_d16_.jpg
[38.515s] -- Symlinking: /home/yeah2/allex_ces_idle_interaction_gui/install/orbbec_camera/share/orbbec_camera//examples/multi_camera_synced_verification_tool/multicamera_sync/output/20250218102900/TotalModeFrames/SNCP1L44P00051_Index1/color_SNCP1L44P00051_Index1_g1739874543460_f7_s1739874543505_e50_d16_.jpg
[38.520s] -- Symlinking: /home/yeah2/allex_ces_idle_interaction_gui/install/orbbec_camera/share/orbbec_camera//examples/multi_camera_synced_verification_tool/multicamera_sync/output/20250218102900/TotalModeFrames/SNCP1L44P00051_Index1/color_SNCP1L44P00051_Index1_g1739874543494_f8_s1739874543540_e50_d16_.jpg
[38.525s] -- Symlinking: /home/yeah2/allex_ces_idle_interaction_gui/install/orbbec_camera/share/orbbec_camera//examples/multi_camera_synced_verification_tool/multicamera_sync/output/20250218102900/TotalModeFrames/SNCP1L44P00051_Index1/color_SNCP1L44P00051_Index1_g1739874543527_f9_s1739874543616_e50_d16_.jpg
[38.529s] -- Symlinking: /home/yeah2/allex_ces_idle_interaction_gui/install/orbbec_camera/share/orbbec_camera//examples/multi_camera_synced_verification_tool/multicamera_sync/output/20250218102900/TotalModeFrames/SNCP1L44P00051_Index1/color_SNCP1L44P00051_Index1_g1739874543560_f10_s1739874543618_e50_d16_.jpg
[38.534s] -- Symlinking: /home/yeah2/allex_ces_idle_interaction_gui/install/orbbec_camera/share/orbbec_camera//examples/multi_camera_synced_verification_tool/multicamera_sync/output/20250218102900/TotalModeFrames/SNCP1L44P00051_Index1/ir#left_SNCP1L44P00051_Index1_g1739874543227_f0_s1739874543250_e5000_d16_.jpg
[38.539s] -- Symlinking: /home/yeah2/allex_ces_idle_interaction_gui/install/orbbec_camera/share/orbbec_camera//examples/multi_camera_synced_verification_tool/multicamera_sync/output/20250218102900/TotalModeFrames/SNCP1L44P00051_Index1/ir#left_SNCP1L44P00051_Index1_g1739874543260_f1_s1739874543294_e5000_d16_.jpg
[38.544s] -- Symlinking: /home/yeah2/allex_ces_idle_interaction_gui/install/orbbec_camera/share/orbbec_camera//examples/multi_camera_synced_verification_tool/multicamera_sync/output/20250218102900/TotalModeFrames/SNCP1L44P00051_Index1/ir#left_SNCP1L44P00051_Index1_g1739874543294_f2_s1739874543319_e5000_d16_.jpg
[38.548s] -- Symlinking: /home/yeah2/allex_ces_idle_interaction_gui/install/orbbec_camera/share/orbbec_camera//examples/multi_camera_synced_verification_tool/multicamera_sync/output/20250218102900/TotalModeFrames/SNCP1L44P00051_Index1/ir#left_SNCP1L44P00051_Index1_g1739874543327_f3_s1739874543460_e5000_d16_.jpg
[38.553s] -- Symlinking: /home/yeah2/allex_ces_idle_interaction_gui/install/orbbec_camera/share/orbbec_camera//examples/multi_camera_synced_verification_tool/multicamera_sync/output/20250218102900/TotalModeFrames/SNCP1L44P00051_Index1/ir#left_SNCP1L44P00051_Index1_g1739874543360_f4_s1739874543460_e5000_d16_.jpg
[38.557s] -- Symlinking: /home/yeah2/allex_ces_idle_interaction_gui/install/orbbec_camera/share/orbbec_camera//examples/multi_camera_synced_verification_tool/multicamera_sync/output/20250218102900/TotalModeFrames/SNCP1L44P00051_Index1/ir#left_SNCP1L44P00051_Index1_g1739874543394_f5_s1739874543661_e5000_d16_.jpg
[38.561s] -- Symlinking: /home/yeah2/allex_ces_idle_interaction_gui/install/orbbec_camera/share/orbbec_camera//examples/multi_camera_synced_verification_tool/multicamera_sync/output/20250218102900/TotalModeFrames/SNCP1L44P00051_Index1/ir#left_SNCP1L44P00051_Index1_g1739874543427_f6_s1739874543684_e5000_d16_.jpg
[38.567s] -- Symlinking: /home/yeah2/allex_ces_idle_interaction_gui/install/orbbec_camera/share/orbbec_camera//examples/multi_camera_synced_verification_tool/multicamera_sync/output/20250218102900/TotalModeFrames/SNCP1L44P00051_Index1/ir#left_SNCP1L44P00051_Index1_g1739874543460_f7_s1739874543685_e5000_d16_.jpg
[38.573s] -- Symlinking: /home/yeah2/allex_ces_idle_interaction_gui/install/orbbec_camera/share/orbbec_camera//examples/multi_camera_synced_verification_tool/multicamera_sync/output/20250218102900/TotalModeFrames/SNCP1L44P00051_Index1/ir#left_SNCP1L44P00051_Index1_g1739874543494_f8_s1739874543687_e5000_d16_.jpg
[38.577s] -- Symlinking: /home/yeah2/allex_ces_idle_interaction_gui/install/orbbec_camera/share/orbbec_camera//examples/multi_camera_synced_verification_tool/multicamera_sync/output/20250218102900/TotalModeFrames/SNCP1L44P00051_Index1/ir#left_SNCP1L44P00051_Index1_g1739874543527_f10_s1739874543687_e5000_d16_.jpg
[38.584s] -- Symlinking: /home/yeah2/allex_ces_idle_interaction_gui/install/orbbec_camera/share/orbbec_camera//examples/multi_camera_synced_verification_tool/multicamera_sync/output/20250218102900/TotalModeFrames/SNCP1L44P00051_Index1/ir#left_SNCP1L44P00051_Index1_g1739874543560_f11_s1739874543687_e5000_d16_.jpg
[38.588s] -- Symlinking: /home/yeah2/allex_ces_idle_interaction_gui/install/orbbec_camera/share/orbbec_camera//examples/multi_camera_synced_verification_tool/multicamera_sync/output/20250218102900/results-2025-02-25_163648/frameMatchLog.txt
[38.595s] -- Symlinking: /home/yeah2/allex_ces_idle_interaction_gui/install/orbbec_camera/share/orbbec_camera//examples/multi_camera_synced_verification_tool/multicamera_sync/output/20250218102900/results-2025-02-25_163648/matchFrames/0_color_SNCP1E5420006D_Index0_1739874543527_[0].jpg
[38.599s] -- Symlinking: /home/yeah2/allex_ces_idle_interaction_gui/install/orbbec_camera/share/orbbec_camera//examples/multi_camera_synced_verification_tool/multicamera_sync/output/20250218102900/results-2025-02-25_163648/matchFrames/0_color_SNCP1L44P00051_Index1_1739874543527_[0].jpg
[38.604s] -- Symlinking: /home/yeah2/allex_ces_idle_interaction_gui/install/orbbec_camera/share/orbbec_camera//examples/multi_camera_synced_verification_tool/multicamera_sync/output/20250218102900/results-2025-02-25_163648/matchFrames/0_ir_left_SNCP1E5420006D_Index0_1739874543527_[0].jpg
[38.609s] -- Symlinking: /home/yeah2/allex_ces_idle_interaction_gui/install/orbbec_camera/share/orbbec_camera//examples/multi_camera_synced_verification_tool/multicamera_sync/output/20250218102900/results-2025-02-25_163648/matchFrames/0_ir_left_SNCP1L44P00051_Index1_1739874543527_[0].jpg
[38.613s] -- Symlinking: /home/yeah2/allex_ces_idle_interaction_gui/install/orbbec_camera/share/orbbec_camera//examples/multi_camera_synced_verification_tool/multicamera_sync/output/20250218102900/results-2025-02-25_163648/matchFrames/10_color_SNCP1E5420006D_Index0_1739874543227_[0].jpg
[38.619s] -- Symlinking: /home/yeah2/allex_ces_idle_interaction_gui/install/orbbec_camera/share/orbbec_camera//examples/multi_camera_synced_verification_tool/multicamera_sync/output/20250218102900/results-2025-02-25_163648/matchFrames/10_color_SNCP1L44P00051_Index1_1739874543227_[0].jpg
[38.624s] -- Symlinking: /home/yeah2/allex_ces_idle_interaction_gui/install/orbbec_camera/share/orbbec_camera//examples/multi_camera_synced_verification_tool/multicamera_sync/output/20250218102900/results-2025-02-25_163648/matchFrames/10_ir_left_SNCP1E5420006D_Index0_1739874543227_[0].jpg
[38.628s] -- Symlinking: /home/yeah2/allex_ces_idle_interaction_gui/install/orbbec_camera/share/orbbec_camera//examples/multi_camera_synced_verification_tool/multicamera_sync/output/20250218102900/results-2025-02-25_163648/matchFrames/10_ir_left_SNCP1L44P00051_Index1_1739874543227_[0].jpg
[38.633s] -- Symlinking: /home/yeah2/allex_ces_idle_interaction_gui/install/orbbec_camera/share/orbbec_camera//examples/multi_camera_synced_verification_tool/multicamera_sync/output/20250218102900/results-2025-02-25_163648/matchFrames/1_color_SNCP1E5420006D_Index0_1739874543494_[0].jpg
[38.639s] -- Symlinking: /home/yeah2/allex_ces_idle_interaction_gui/install/orbbec_camera/share/orbbec_camera//examples/multi_camera_synced_verification_tool/multicamera_sync/output/20250218102900/results-2025-02-25_163648/matchFrames/1_color_SNCP1L44P00051_Index1_1739874543494_[0].jpg
[38.644s] -- Symlinking: /home/yeah2/allex_ces_idle_interaction_gui/install/orbbec_camera/share/orbbec_camera//examples/multi_camera_synced_verification_tool/multicamera_sync/output/20250218102900/results-2025-02-25_163648/matchFrames/1_ir_left_SNCP1E5420006D_Index0_1739874543494_[0].jpg
[38.649s] -- Symlinking: /home/yeah2/allex_ces_idle_interaction_gui/install/orbbec_camera/share/orbbec_camera//examples/multi_camera_synced_verification_tool/multicamera_sync/output/20250218102900/results-2025-02-25_163648/matchFrames/1_ir_left_SNCP1L44P00051_Index1_1739874543494_[0].jpg
[38.653s] -- Symlinking: /home/yeah2/allex_ces_idle_interaction_gui/install/orbbec_camera/share/orbbec_camera//examples/multi_camera_synced_verification_tool/multicamera_sync/output/20250218102900/results-2025-02-25_163648/matchFrames/2_color_SNCP1E5420006D_Index0_1739874543461_[1].jpg
[38.657s] -- Symlinking: /home/yeah2/allex_ces_idle_interaction_gui/install/orbbec_camera/share/orbbec_camera//examples/multi_camera_synced_verification_tool/multicamera_sync/output/20250218102900/results-2025-02-25_163648/matchFrames/2_color_SNCP1L44P00051_Index1_1739874543460_[0].jpg
[38.663s] -- Symlinking: /home/yeah2/allex_ces_idle_interaction_gui/install/orbbec_camera/share/orbbec_camera//examples/multi_camera_synced_verification_tool/multicamera_sync/output/20250218102900/results-2025-02-25_163648/matchFrames/2_ir_left_SNCP1E5420006D_Index0_1739874543461_[1].jpg
[38.668s] -- Symlinking: /home/yeah2/allex_ces_idle_interaction_gui/install/orbbec_camera/share/orbbec_camera//examples/multi_camera_synced_verification_tool/multicamera_sync/output/20250218102900/results-2025-02-25_163648/matchFrames/2_ir_left_SNCP1L44P00051_Index1_1739874543460_[0].jpg
[38.673s] -- Symlinking: /home/yeah2/allex_ces_idle_interaction_gui/install/orbbec_camera/share/orbbec_camera//examples/multi_camera_synced_verification_tool/multicamera_sync/output/20250218102900/results-2025-02-25_163648/matchFrames/3_color_SNCP1E5420006D_Index0_1739874543260_[0].jpg
[38.678s] -- Symlinking: /home/yeah2/allex_ces_idle_interaction_gui/install/orbbec_camera/share/orbbec_camera//examples/multi_camera_synced_verification_tool/multicamera_sync/output/20250218102900/results-2025-02-25_163648/matchFrames/3_color_SNCP1L44P00051_Index1_1739874543260_[0].jpg
[38.682s] -- Symlinking: /home/yeah2/allex_ces_idle_interaction_gui/install/orbbec_camera/share/orbbec_camera//examples/multi_camera_synced_verification_tool/multicamera_sync/output/20250218102900/results-2025-02-25_163648/matchFrames/3_ir_left_SNCP1E5420006D_Index0_1739874543260_[0].jpg
[38.688s] -- Symlinking: /home/yeah2/allex_ces_idle_interaction_gui/install/orbbec_camera/share/orbbec_camera//examples/multi_camera_synced_verification_tool/multicamera_sync/output/20250218102900/results-2025-02-25_163648/matchFrames/3_ir_left_SNCP1L44P00051_Index1_1739874543260_[0].jpg
[38.692s] -- Symlinking: /home/yeah2/allex_ces_idle_interaction_gui/install/orbbec_camera/share/orbbec_camera//examples/multi_camera_synced_verification_tool/multicamera_sync/output/20250218102900/results-2025-02-25_163648/matchFrames/4_color_SNCP1E5420006D_Index0_1739874543360_[0].jpg
[38.699s] -- Symlinking: /home/yeah2/allex_ces_idle_interaction_gui/install/orbbec_camera/share/orbbec_camera//examples/multi_camera_synced_verification_tool/multicamera_sync/output/20250218102900/results-2025-02-25_163648/matchFrames/4_color_SNCP1L44P00051_Index1_1739874543360_[0].jpg
[38.704s] -- Symlinking: /home/yeah2/allex_ces_idle_interaction_gui/install/orbbec_camera/share/orbbec_camera//examples/multi_camera_synced_verification_tool/multicamera_sync/output/20250218102900/results-2025-02-25_163648/matchFrames/4_ir_left_SNCP1E5420006D_Index0_1739874543361_[1].jpg
[38.710s] -- Symlinking: /home/yeah2/allex_ces_idle_interaction_gui/install/orbbec_camera/share/orbbec_camera//examples/multi_camera_synced_verification_tool/multicamera_sync/output/20250218102900/results-2025-02-25_163648/matchFrames/4_ir_left_SNCP1L44P00051_Index1_1739874543360_[0].jpg
[38.716s] -- Symlinking: /home/yeah2/allex_ces_idle_interaction_gui/install/orbbec_camera/share/orbbec_camera//examples/multi_camera_synced_verification_tool/multicamera_sync/output/20250218102900/results-2025-02-25_163648/matchFrames/5_color_SNCP1E5420006D_Index0_1739874543327_[0].jpg
[38.721s] -- Symlinking: /home/yeah2/allex_ces_idle_interaction_gui/install/orbbec_camera/share/orbbec_camera//examples/multi_camera_synced_verification_tool/multicamera_sync/output/20250218102900/results-2025-02-25_163648/matchFrames/5_color_SNCP1L44P00051_Index1_1739874543327_[0].jpg
[38.725s] -- Symlinking: /home/yeah2/allex_ces_idle_interaction_gui/install/orbbec_camera/share/orbbec_camera//examples/multi_camera_synced_verification_tool/multicamera_sync/output/20250218102900/results-2025-02-25_163648/matchFrames/5_ir_left_SNCP1E5420006D_Index0_1739874543327_[0].jpg
[38.730s] -- Symlinking: /home/yeah2/allex_ces_idle_interaction_gui/install/orbbec_camera/share/orbbec_camera//examples/multi_camera_synced_verification_tool/multicamera_sync/output/20250218102900/results-2025-02-25_163648/matchFrames/5_ir_left_SNCP1L44P00051_Index1_1739874543327_[0].jpg
[38.735s] -- Symlinking: /home/yeah2/allex_ces_idle_interaction_gui/install/orbbec_camera/share/orbbec_camera//examples/multi_camera_synced_verification_tool/multicamera_sync/output/20250218102900/results-2025-02-25_163648/matchFrames/6_color_SNCP1E5420006D_Index0_1739874543561_[1].jpg
[38.740s] -- Symlinking: /home/yeah2/allex_ces_idle_interaction_gui/install/orbbec_camera/share/orbbec_camera//examples/multi_camera_synced_verification_tool/multicamera_sync/output/20250218102900/results-2025-02-25_163648/matchFrames/6_color_SNCP1L44P00051_Index1_1739874543560_[0].jpg
[38.745s] -- Symlinking: /home/yeah2/allex_ces_idle_interaction_gui/install/orbbec_camera/share/orbbec_camera//examples/multi_camera_synced_verification_tool/multicamera_sync/output/20250218102900/results-2025-02-25_163648/matchFrames/6_ir_left_SNCP1E5420006D_Index0_1739874543561_[1].jpg
[38.749s] -- Symlinking: /home/yeah2/allex_ces_idle_interaction_gui/install/orbbec_camera/share/orbbec_camera//examples/multi_camera_synced_verification_tool/multicamera_sync/output/20250218102900/results-2025-02-25_163648/matchFrames/6_ir_left_SNCP1L44P00051_Index1_1739874543560_[0].jpg
[38.754s] -- Symlinking: /home/yeah2/allex_ces_idle_interaction_gui/install/orbbec_camera/share/orbbec_camera//examples/multi_camera_synced_verification_tool/multicamera_sync/output/20250218102900/results-2025-02-25_163648/matchFrames/7_color_SNCP1E5420006D_Index0_1739874543427_[0].jpg
[38.760s] -- Symlinking: /home/yeah2/allex_ces_idle_interaction_gui/install/orbbec_camera/share/orbbec_camera//examples/multi_camera_synced_verification_tool/multicamera_sync/output/20250218102900/results-2025-02-25_163648/matchFrames/7_color_SNCP1L44P00051_Index1_1739874543427_[0].jpg
[38.764s] -- Symlinking: /home/yeah2/allex_ces_idle_interaction_gui/install/orbbec_camera/share/orbbec_camera//examples/multi_camera_synced_verification_tool/multicamera_sync/output/20250218102900/results-2025-02-25_163648/matchFrames/7_ir_left_SNCP1E5420006D_Index0_1739874543427_[0].jpg
[38.769s] -- Symlinking: /home/yeah2/allex_ces_idle_interaction_gui/install/orbbec_camera/share/orbbec_camera//examples/multi_camera_synced_verification_tool/multicamera_sync/output/20250218102900/results-2025-02-25_163648/matchFrames/7_ir_left_SNCP1L44P00051_Index1_1739874543427_[0].jpg
[38.773s] -- Symlinking: /home/yeah2/allex_ces_idle_interaction_gui/install/orbbec_camera/share/orbbec_camera//examples/multi_camera_synced_verification_tool/multicamera_sync/output/20250218102900/results-2025-02-25_163648/matchFrames/8_color_SNCP1E5420006D_Index0_1739874543294_[1].jpg
[38.777s] -- Symlinking: /home/yeah2/allex_ces_idle_interaction_gui/install/orbbec_camera/share/orbbec_camera//examples/multi_camera_synced_verification_tool/multicamera_sync/output/20250218102900/results-2025-02-25_163648/matchFrames/8_color_SNCP1L44P00051_Index1_1739874543293_[0].jpg
[38.781s] -- Symlinking: /home/yeah2/allex_ces_idle_interaction_gui/install/orbbec_camera/share/orbbec_camera//examples/multi_camera_synced_verification_tool/multicamera_sync/output/20250218102900/results-2025-02-25_163648/matchFrames/8_ir_left_SNCP1E5420006D_Index0_1739874543294_[1].jpg
[38.785s] -- Symlinking: /home/yeah2/allex_ces_idle_interaction_gui/install/orbbec_camera/share/orbbec_camera//examples/multi_camera_synced_verification_tool/multicamera_sync/output/20250218102900/results-2025-02-25_163648/matchFrames/8_ir_left_SNCP1L44P00051_Index1_1739874543294_[1].jpg
[38.790s] -- Symlinking: /home/yeah2/allex_ces_idle_interaction_gui/install/orbbec_camera/share/orbbec_camera//examples/multi_camera_synced_verification_tool/multicamera_sync/output/20250218102900/results-2025-02-25_163648/matchFrames/9_color_SNCP1E5420006D_Index0_1739874543394_[1].jpg
[38.794s] -- Symlinking: /home/yeah2/allex_ces_idle_interaction_gui/install/orbbec_camera/share/orbbec_camera//examples/multi_camera_synced_verification_tool/multicamera_sync/output/20250218102900/results-2025-02-25_163648/matchFrames/9_color_SNCP1L44P00051_Index1_1739874543393_[0].jpg
[38.798s] -- Symlinking: /home/yeah2/allex_ces_idle_interaction_gui/install/orbbec_camera/share/orbbec_camera//examples/multi_camera_synced_verification_tool/multicamera_sync/output/20250218102900/results-2025-02-25_163648/matchFrames/9_ir_left_SNCP1E5420006D_Index0_1739874543394_[1].jpg
[38.802s] -- Symlinking: /home/yeah2/allex_ces_idle_interaction_gui/install/orbbec_camera/share/orbbec_camera//examples/multi_camera_synced_verification_tool/multicamera_sync/output/20250218102900/results-2025-02-25_163648/matchFrames/9_ir_left_SNCP1L44P00051_Index1_1739874543394_[1].jpg
[38.808s] -- Symlinking: /home/yeah2/allex_ces_idle_interaction_gui/install/orbbec_camera/share/orbbec_camera//examples/multi_camera_time_sync/image_sync_example_node.cpp
[38.813s] -- Symlinking: /home/yeah2/allex_ces_idle_interaction_gui/install/orbbec_camera/share/orbbec_camera//examples/net_camera/multi_net_camera.launch.py
[38.818s] -- Symlinking: /home/yeah2/allex_ces_idle_interaction_gui/install/orbbec_camera/include/libobsensor/ObSensor.h
[38.825s] -- Symlinking: /home/yeah2/allex_ces_idle_interaction_gui/install/orbbec_camera/include/libobsensor/ObSensor.hpp
[38.830s] -- Symlinking: /home/yeah2/allex_ces_idle_interaction_gui/install/orbbec_camera/include/libobsensor/h/Advanced.h
[38.834s] -- Symlinking: /home/yeah2/allex_ces_idle_interaction_gui/install/orbbec_camera/include/libobsensor/h/Context.h
[38.840s] -- Symlinking: /home/yeah2/allex_ces_idle_interaction_gui/install/orbbec_camera/include/libobsensor/h/Device.h
[38.846s] -- Symlinking: /home/yeah2/allex_ces_idle_interaction_gui/install/orbbec_camera/include/libobsensor/h/Error.h
[38.852s] -- Symlinking: /home/yeah2/allex_ces_idle_interaction_gui/install/orbbec_camera/include/libobsensor/h/Export.h
[38.857s] -- Symlinking: /home/yeah2/allex_ces_idle_interaction_gui/install/orbbec_camera/include/libobsensor/h/Filter.h
[38.862s] -- Symlinking: /home/yeah2/allex_ces_idle_interaction_gui/install/orbbec_camera/include/libobsensor/h/Frame.h
[38.867s] -- Symlinking: /home/yeah2/allex_ces_idle_interaction_gui/install/orbbec_camera/include/libobsensor/h/MultipleDevices.h
[38.872s] -- Symlinking: /home/yeah2/allex_ces_idle_interaction_gui/install/orbbec_camera/include/libobsensor/h/ObTypes.h
[38.877s] -- Symlinking: /home/yeah2/allex_ces_idle_interaction_gui/install/orbbec_camera/include/libobsensor/h/Pipeline.h
[38.882s] -- Symlinking: /home/yeah2/allex_ces_idle_interaction_gui/install/orbbec_camera/include/libobsensor/h/Property.h
[38.887s] -- Symlinking: /home/yeah2/allex_ces_idle_interaction_gui/install/orbbec_camera/include/libobsensor/h/RecordPlayback.h
[38.892s] -- Symlinking: /home/yeah2/allex_ces_idle_interaction_gui/install/orbbec_camera/include/libobsensor/h/Sensor.h
[38.897s] -- Symlinking: /home/yeah2/allex_ces_idle_interaction_gui/install/orbbec_camera/include/libobsensor/h/StreamProfile.h
[38.902s] -- Symlinking: /home/yeah2/allex_ces_idle_interaction_gui/install/orbbec_camera/include/libobsensor/h/TypeHelper.h
[38.907s] -- Symlinking: /home/yeah2/allex_ces_idle_interaction_gui/install/orbbec_camera/include/libobsensor/h/Utils.h
[38.912s] -- Symlinking: /home/yeah2/allex_ces_idle_interaction_gui/install/orbbec_camera/include/libobsensor/h/Version.h
[38.916s] -- Symlinking: /home/yeah2/allex_ces_idle_interaction_gui/install/orbbec_camera/include/libobsensor/hpp/Context.hpp
[38.920s] -- Symlinking: /home/yeah2/allex_ces_idle_interaction_gui/install/orbbec_camera/include/libobsensor/hpp/Device.hpp
[38.925s] -- Symlinking: /home/yeah2/allex_ces_idle_interaction_gui/install/orbbec_camera/include/libobsensor/hpp/Error.hpp
[38.929s] -- Symlinking: /home/yeah2/allex_ces_idle_interaction_gui/install/orbbec_camera/include/libobsensor/hpp/Filter.hpp
[38.934s] -- Symlinking: /home/yeah2/allex_ces_idle_interaction_gui/install/orbbec_camera/include/libobsensor/hpp/Frame.hpp
[38.939s] -- Symlinking: /home/yeah2/allex_ces_idle_interaction_gui/install/orbbec_camera/include/libobsensor/hpp/Pipeline.hpp
[38.945s] -- Symlinking: /home/yeah2/allex_ces_idle_interaction_gui/install/orbbec_camera/include/libobsensor/hpp/RecordPlayback.hpp
[38.949s] -- Symlinking: /home/yeah2/allex_ces_idle_interaction_gui/install/orbbec_camera/include/libobsensor/hpp/Sensor.hpp
[38.954s] -- Symlinking: /home/yeah2/allex_ces_idle_interaction_gui/install/orbbec_camera/include/libobsensor/hpp/StreamProfile.hpp
[38.959s] -- Symlinking: /home/yeah2/allex_ces_idle_interaction_gui/install/orbbec_camera/include/libobsensor/hpp/TypeHelper.hpp
[38.963s] -- Symlinking: /home/yeah2/allex_ces_idle_interaction_gui/install/orbbec_camera/include/libobsensor/hpp/Types.hpp
[38.968s] -- Symlinking: /home/yeah2/allex_ces_idle_interaction_gui/install/orbbec_camera/include/libobsensor/hpp/Utils.hpp
[38.972s] -- Symlinking: /home/yeah2/allex_ces_idle_interaction_gui/install/orbbec_camera/include/libobsensor/hpp/Version.hpp
[38.976s] -- Symlinking: /home/yeah2/allex_ces_idle_interaction_gui/install/orbbec_camera/lib/extensions//libdepthengine.so
[38.981s] -- Symlinking: /home/yeah2/allex_ces_idle_interaction_gui/install/orbbec_camera/lib/extensions//libdepthengine.so.2.0
[38.987s] -- Symlinking: /home/yeah2/allex_ces_idle_interaction_gui/install/orbbec_camera/lib/extensions//libFilterProcessor.so
[38.992s] -- Symlinking: /home/yeah2/allex_ces_idle_interaction_gui/install/orbbec_camera/lib/extensions//libob_priv_filter.so
[38.996s] -- Symlinking: /home/yeah2/allex_ces_idle_interaction_gui/install/orbbec_camera/lib/extensions//libfirmwareupdater.so
[39.002s] -- Symlinking: /home/yeah2/allex_ces_idle_interaction_gui/install/orbbec_camera/lib/extensions//libob_frame_processor.so
[39.007s] -- Symlinking: /home/yeah2/allex_ces_idle_interaction_gui/install/orbbec_camera/share/orbbec_camera/udev/99-obsensor-libusb.rules
[39.012s] -- Symlinking: /home/yeah2/allex_ces_idle_interaction_gui/install/orbbec_camera/lib/orbbec_camera//list_devices_node
[39.017s] -- Symlinking: /home/yeah2/allex_ces_idle_interaction_gui/install/orbbec_camera/lib/orbbec_camera//list_depth_work_mode_node
[39.022s] -- Symlinking: /home/yeah2/allex_ces_idle_interaction_gui/install/orbbec_camera/lib/orbbec_camera//list_camera_profile_mode_node
[39.027s] -- Symlinking: /home/yeah2/allex_ces_idle_interaction_gui/install/orbbec_camera/lib/orbbec_camera//topic_statistics_node
[39.031s] -- Symlinking: /home/yeah2/allex_ces_idle_interaction_gui/install/orbbec_camera/lib/orbbec_camera//service_benchmark_node
[39.037s] -- Symlinking: /home/yeah2/allex_ces_idle_interaction_gui/install/orbbec_camera/lib/orbbec_camera//ob_benchmark_node
[39.042s] -- Symlinking: /home/yeah2/allex_ces_idle_interaction_gui/install/orbbec_camera/lib/orbbec_camera//435le_example_node
[39.048s] -- Symlinking: /home/yeah2/allex_ces_idle_interaction_gui/install/orbbec_camera/lib/orbbec_camera//set_device_ip
[39.052s] -- Symlinking: /home/yeah2/allex_ces_idle_interaction_gui/install/orbbec_camera/lib/orbbec_camera//image_sync_example_node
[39.056s] -- Symlinking: /home/yeah2/allex_ces_idle_interaction_gui/install/orbbec_camera/share/orbbec_camera/environment/library_path.sh
[39.060s] -- Symlinking: /home/yeah2/allex_ces_idle_interaction_gui/install/orbbec_camera/share/orbbec_camera/environment/library_path.dsv
[39.064s] -- Symlinking: /home/yeah2/allex_ces_idle_interaction_gui/install/orbbec_camera/share/ament_index/resource_index/package_run_dependencies/orbbec_camera
[39.069s] -- Symlinking: /home/yeah2/allex_ces_idle_interaction_gui/install/orbbec_camera/share/ament_index/resource_index/parent_prefix_path/orbbec_camera
[39.074s] -- Symlinking: /home/yeah2/allex_ces_idle_interaction_gui/install/orbbec_camera/share/orbbec_camera/environment/ament_prefix_path.sh
[39.079s] -- Symlinking: /home/yeah2/allex_ces_idle_interaction_gui/install/orbbec_camera/share/orbbec_camera/environment/ament_prefix_path.dsv
[39.083s] -- Symlinking: /home/yeah2/allex_ces_idle_interaction_gui/install/orbbec_camera/share/orbbec_camera/environment/path.sh
[39.088s] -- Symlinking: /home/yeah2/allex_ces_idle_interaction_gui/install/orbbec_camera/share/orbbec_camera/environment/path.dsv
[39.092s] -- Symlinking: /home/yeah2/allex_ces_idle_interaction_gui/install/orbbec_camera/share/orbbec_camera/local_setup.bash
[39.098s] -- Symlinking: /home/yeah2/allex_ces_idle_interaction_gui/install/orbbec_camera/share/orbbec_camera/local_setup.sh
[39.103s] -- Symlinking: /home/yeah2/allex_ces_idle_interaction_gui/install/orbbec_camera/share/orbbec_camera/local_setup.zsh
[39.108s] -- Symlinking: /home/yeah2/allex_ces_idle_interaction_gui/install/orbbec_camera/share/orbbec_camera/local_setup.dsv
[39.112s] -- Symlinking: /home/yeah2/allex_ces_idle_interaction_gui/install/orbbec_camera/share/orbbec_camera/package.dsv
[39.118s] -- Symlinking: /home/yeah2/allex_ces_idle_interaction_gui/install/orbbec_camera/share/ament_index/resource_index/packages/orbbec_camera
[39.123s] -- Symlinking: /home/yeah2/allex_ces_idle_interaction_gui/install/orbbec_camera/share/ament_index/resource_index/rclcpp_components/orbbec_camera
[39.128s] -- Symlinking: /home/yeah2/allex_ces_idle_interaction_gui/install/orbbec_camera/share/orbbec_camera/cmake/ament_cmake_export_include_directories-extras.cmake
[39.133s] -- Symlinking: /home/yeah2/allex_ces_idle_interaction_gui/install/orbbec_camera/share/orbbec_camera/cmake/ament_cmake_export_libraries-extras.cmake
[39.138s] -- Symlinking: /home/yeah2/allex_ces_idle_interaction_gui/install/orbbec_camera/share/orbbec_camera/cmake/ament_cmake_export_dependencies-extras.cmake
[39.142s] -- Symlinking: /home/yeah2/allex_ces_idle_interaction_gui/install/orbbec_camera/share/orbbec_camera/cmake/orbbec_cameraConfig.cmake
[39.147s] -- Symlinking: /home/yeah2/allex_ces_idle_interaction_gui/install/orbbec_camera/share/orbbec_camera/cmake/orbbec_cameraConfig-version.cmake
[39.152s] -- Symlinking: /home/yeah2/allex_ces_idle_interaction_gui/install/orbbec_camera/share/orbbec_camera/package.xml
[39.156s] -- Up-to-date: /home/yeah2/allex_ces_idle_interaction_gui/install/orbbec_camera/lib/
[39.156s] -- Up-to-date: /home/yeah2/allex_ces_idle_interaction_gui/install/orbbec_camera/lib//extensions
[39.156s] -- Installing: /home/yeah2/allex_ces_idle_interaction_gui/install/orbbec_camera/lib//extensions/firmwareupdater
[39.156s] -- Installing: /home/yeah2/allex_ces_idle_interaction_gui/install/orbbec_camera/lib//extensions/firmwareupdater/libfirmwareupdater.so
[39.156s] -- Installing: /home/yeah2/allex_ces_idle_interaction_gui/install/orbbec_camera/lib//extensions/depthengine
[39.156s] -- Installing: /home/yeah2/allex_ces_idle_interaction_gui/install/orbbec_camera/lib//extensions/depthengine/libdepthengine.so
[39.156s] -- Installing: /home/yeah2/allex_ces_idle_interaction_gui/install/orbbec_camera/lib//extensions/depthengine/libdepthengine.so.2.0
[39.157s] -- Installing: /home/yeah2/allex_ces_idle_interaction_gui/install/orbbec_camera/lib//extensions/filters
[39.157s] -- Installing: /home/yeah2/allex_ces_idle_interaction_gui/install/orbbec_camera/lib//extensions/filters/libob_priv_filter.so
[39.157s] -- Installing: /home/yeah2/allex_ces_idle_interaction_gui/install/orbbec_camera/lib//extensions/filters/libFilterProcessor.so
[39.157s] -- Installing: /home/yeah2/allex_ces_idle_interaction_gui/install/orbbec_camera/lib//extensions/frameprocessor
[39.157s] -- Installing: /home/yeah2/allex_ces_idle_interaction_gui/install/orbbec_camera/lib//extensions/frameprocessor/libob_frame_processor.so
[39.157s] -- Installing: /home/yeah2/allex_ces_idle_interaction_gui/install/orbbec_camera/lib//libOrbbecSDK.so
[39.157s] -- Installing: /home/yeah2/allex_ces_idle_interaction_gui/install/orbbec_camera/lib//libOrbbecSDK.so.2.5.5
[39.163s] -- Installing: /home/yeah2/allex_ces_idle_interaction_gui/install/orbbec_camera/lib//libOrbbecSDK.so.2
[39.164s] Invoked command in '/home/yeah2/allex_ces_idle_interaction_gui/build/orbbec_camera' returned '0': CMAKE_PREFIX_PATH=/home/yeah2/allex_ces_idle_interaction_gui/install/orbbec_camera_msgs:/home/yeah2/allex_ces_idle_interaction_gui/install/orbbec_description:/home/yeah2/allex_ces_idle_interaction_gui/install/allex_ces_idle_interaction:/home/yeah2/ros2_ws/install/trajectory_recorder:/home/yeah2/ros2_ws/install/joy_traj_param:/home/yeah2/ros2_ws/install/irim_control_panel_n_dashboard:/home/yeah2/ros2_ws/install/iri_zmq_ros2_bridge:/opt/ros/humble PYTHONPATH=/home/yeah2/allex_ces_idle_interaction_gui/install/orbbec_camera_msgs/local/lib/python3.10/dist-packages:${PYTHONPATH} /usr/bin/cmake --install /home/yeah2/allex_ces_idle_interaction_gui/build/orbbec_camera
