[0.528s] Invoking command in '/home/dgx_allex_one/allex2head/build/camera_node': DEBUGINFOD_URLS=https://debuginfod.ubuntu.com PS1=\[\e]0;\u@\h: \w\a\]${debian_chroot:+($debian_chroot)}\[\033[01;32m\]\u@\h\[\033[00m\]:\[\033[01;34m\]\w\[\033[00m\]\$ PYTHONPATH=/home/dgx_allex_one/allex2head/build/camera_node/prefix_override:/usr/lib/python3/dist-packages/colcon_core/task/python/colcon_distutils_commands:/home/dgx_allex_one/allex2head/install/camera_node/lib/python3.12/site-packages:${PYTHONPATH} /usr/bin/python3 -W ignore:setup.py install is deprecated -W ignore:easy_install command is deprecated setup.py develop --editable --build-directory /home/dgx_allex_one/allex2head/build/camera_node/build --no-deps symlink_data
[0.733s] running develop
[0.812s] running egg_info
[0.819s] writing camera_node.egg-info/PKG-INFO
[0.819s] writing dependency_links to camera_node.egg-info/dependency_links.txt
[0.819s] writing entry points to camera_node.egg-info/entry_points.txt
[0.819s] writing requirements to camera_node.egg-info/requires.txt
[0.819s] writing top-level names to camera_node.egg-info/top_level.txt
[0.835s] reading manifest file 'camera_node.egg-info/SOURCES.txt'
[0.835s] writing manifest file 'camera_node.egg-info/SOURCES.txt'
[0.849s] running build_ext
[0.849s] Creating /home/dgx_allex_one/allex2head/install/camera_node/lib/python3.12/site-packages/camera-node.egg-link (link to .)
[0.849s] Installing camera_publisher script to /home/dgx_allex_one/allex2head/install/camera_node/lib/camera_node
[0.849s] Installing gui_node script to /home/dgx_allex_one/allex2head/install/camera_node/lib/camera_node
[0.849s] Installing image_publisher script to /home/dgx_allex_one/allex2head/install/camera_node/lib/camera_node
[0.849s] Installing video_publisher script to /home/dgx_allex_one/allex2head/install/camera_node/lib/camera_node
[0.849s] 
[0.849s] Installed /home/dgx_allex_one/allex2head/build/camera_node
[0.849s] running symlink_data
[0.871s] Invoked command in '/home/dgx_allex_one/allex2head/build/camera_node' returned '0': DEBUGINFOD_URLS=https://debuginfod.ubuntu.com PS1=\[\e]0;\u@\h: \w\a\]${debian_chroot:+($debian_chroot)}\[\033[01;32m\]\u@\h\[\033[00m\]:\[\033[01;34m\]\w\[\033[00m\]\$ PYTHONPATH=/home/dgx_allex_one/allex2head/build/camera_node/prefix_override:/usr/lib/python3/dist-packages/colcon_core/task/python/colcon_distutils_commands:/home/dgx_allex_one/allex2head/install/camera_node/lib/python3.12/site-packages:${PYTHONPATH} /usr/bin/python3 -W ignore:setup.py install is deprecated -W ignore:easy_install command is deprecated setup.py develop --editable --build-directory /home/dgx_allex_one/allex2head/build/camera_node/build --no-deps symlink_data
