[0.464s] Invoking command in '/home/yeah2/allex_ces_idle_interaction_gui/build/camera_node': CONDA_PROMPT_MODIFIER=(base) PYTHONPATH=/home/yeah2/allex_ces_idle_interaction_gui/build/camera_node/prefix_override:/usr/lib/python3/dist-packages/colcon_core/task/python/colcon_distutils_commands:/home/yeah2/allex_ces_idle_interaction_gui/install/camera_node/lib/python3.10/site-packages:${PYTHONPATH} /usr/bin/python3 -W ignore:setup.py install is deprecated -W ignore:easy_install command is deprecated setup.py develop --editable --build-directory /home/yeah2/allex_ces_idle_interaction_gui/build/camera_node/build --no-deps symlink_data
[0.604s] running develop
[0.693s] running egg_info
[0.693s] writing camera_node.egg-info/PKG-INFO
[0.693s] writing dependency_links to camera_node.egg-info/dependency_links.txt
[0.693s] writing entry points to camera_node.egg-info/entry_points.txt
[0.694s] writing requirements to camera_node.egg-info/requires.txt
[0.694s] writing top-level names to camera_node.egg-info/top_level.txt
[0.694s] reading manifest file 'camera_node.egg-info/SOURCES.txt'
[0.695s] writing manifest file 'camera_node.egg-info/SOURCES.txt'
[0.696s] running build_ext
[0.696s] Creating /home/yeah2/allex_ces_idle_interaction_gui/install/camera_node/lib/python3.10/site-packages/camera-node.egg-link (link to .)
[0.696s] Installing camera_publisher script to /home/yeah2/allex_ces_idle_interaction_gui/install/camera_node/lib/camera_node
[0.696s] Installing face_detection_test script to /home/yeah2/allex_ces_idle_interaction_gui/install/camera_node/lib/camera_node
[0.696s] Installing gui_node script to /home/yeah2/allex_ces_idle_interaction_gui/install/camera_node/lib/camera_node
[0.696s] Installing image_publisher script to /home/yeah2/allex_ces_idle_interaction_gui/install/camera_node/lib/camera_node
[0.696s] Installing video_publisher script to /home/yeah2/allex_ces_idle_interaction_gui/install/camera_node/lib/camera_node
[0.696s] Installing zed_publisher script to /home/yeah2/allex_ces_idle_interaction_gui/install/camera_node/lib/camera_node
[0.696s] 
[0.696s] Installed /home/yeah2/allex_ces_idle_interaction_gui/build/camera_node
[0.696s] running symlink_data
[0.718s] Invoked command in '/home/yeah2/allex_ces_idle_interaction_gui/build/camera_node' returned '0': CONDA_PROMPT_MODIFIER=(base) PYTHONPATH=/home/yeah2/allex_ces_idle_interaction_gui/build/camera_node/prefix_override:/usr/lib/python3/dist-packages/colcon_core/task/python/colcon_distutils_commands:/home/yeah2/allex_ces_idle_interaction_gui/install/camera_node/lib/python3.10/site-packages:${PYTHONPATH} /usr/bin/python3 -W ignore:setup.py install is deprecated -W ignore:easy_install command is deprecated setup.py develop --editable --build-directory /home/yeah2/allex_ces_idle_interaction_gui/build/camera_node/build --no-deps symlink_data
