[0.008s] Invoking command in '/home/dgx_allex_one/allex2head/build/orbbec_camera': CMAKE_PREFIX_PATH=/home/dgx_allex_one/allex2head/install/orbbec_camera_msgs:/home/dgx_allex_one/allex2head/install/orbbec_description:/home/dgx_allex_one/allex2head/install/orbbec_camera:/opt/ros/jazzy/opt/gz_math_vendor:/opt/ros/jazzy/opt/gz_utils_vendor:/opt/ros/jazzy/opt/gz_cmake_vendor:/home/dgx_allex_one/allex2head/install/camera_node:/opt/ros/jazzy DEBUGINFOD_URLS=https://debuginfod.ubuntu.com LD_LIBRARY_PATH=/home/dgx_allex_one/allex2head/install/orbbec_camera_msgs/lib:/home/dgx_allex_one/allex2head/install/orbbec_camera/lib:/opt/ros/jazzy/opt/rviz_ogre_vendor/lib:/opt/ros/jazzy/lib/aarch64-linux-gnu:/opt/ros/jazzy/opt/gz_math_vendor/lib:/opt/ros/jazzy/opt/gz_utils_vendor/lib:/opt/ros/jazzy/opt/gz_cmake_vendor/lib:/opt/ros/jazzy/lib PYTHONPATH=/home/dgx_allex_one/allex2head/install/orbbec_camera_msgs/lib/python3.12/site-packages:${PYTHONPATH} /usr/bin/cmake /home/dgx_allex_one/allex2head/src/OrbbecSDK_ROS2/orbbec_camera -DAMENT_CMAKE_SYMLINK_INSTALL=1 -DCMAKE_INSTALL_PREFIX=/home/dgx_allex_one/allex2head/install/orbbec_camera
[0.057s] -- The C compiler identification is GNU 13.3.0
[0.109s] -- The CXX compiler identification is GNU 13.3.0
[0.124s] -- Detecting C compiler ABI info
[0.188s] -- Detecting C compiler ABI info - done
[0.192s] -- Check for working C compiler: /usr/bin/cc - skipped
[0.192s] -- Detecting C compile features
[0.192s] -- Detecting C compile features - done
[0.198s] -- Detecting CXX compiler ABI info
[0.260s] -- Detecting CXX compiler ABI info - done
[0.264s] -- Check for working CXX compiler: /usr/bin/c++ - skipped
[0.264s] -- Detecting CXX compile features
[0.265s] -- Detecting CXX compile features - done
[0.266s] -- Found ament_cmake: 2.5.4 (/opt/ros/jazzy/share/ament_cmake/cmake)
[0.344s] -- Found Python3: /usr/bin/python3 (found version "3.12.3") found components: Interpreter 
[0.379s] -- Override CMake install command with custom implementation using symlinks instead of copying resources
[0.402s] -- Found ament_index_cpp: 1.8.1 (/opt/ros/jazzy/share/ament_index_cpp/cmake)
[0.408s] -- Found builtin_interfaces: 2.0.3 (/opt/ros/jazzy/share/builtin_interfaces/cmake)
[0.423s] -- Found rosidl_generator_c: 4.6.6 (/opt/ros/jazzy/share/rosidl_generator_c/cmake)
[0.429s] -- Found rosidl_generator_cpp: 4.6.6 (/opt/ros/jazzy/share/rosidl_generator_cpp/cmake)
[0.435s] -- Using all available rosidl_typesupport_c: rosidl_typesupport_fastrtps_c;rosidl_typesupport_introspection_c
[0.442s] -- Using all available rosidl_typesupport_cpp: rosidl_typesupport_fastrtps_cpp;rosidl_typesupport_introspection_cpp
[0.450s] -- Found cv_bridge: 4.1.0 (/opt/ros/jazzy/share/cv_bridge/cmake)
[0.517s] -- Found rmw_implementation_cmake: 7.3.2 (/opt/ros/jazzy/share/rmw_implementation_cmake/cmake)
[0.519s] -- Found rmw_fastrtps_cpp: 8.4.3 (/opt/ros/jazzy/share/rmw_fastrtps_cpp/cmake)
[0.590s] -- Found OpenSSL: /usr/lib/aarch64-linux-gnu/libcrypto.so (found version "3.0.13")  
[0.610s] -- Found FastRTPS: /opt/ros/jazzy/include (Required is at least version "2.13") 
[0.631s] -- Using RMW implementation 'rmw_fastrtps_cpp' as default
[0.681s] -- Found camera_info_manager: 5.1.7 (/opt/ros/jazzy/share/camera_info_manager/cmake)
[0.686s] -- Setting yaml-cpp_DIR to: '/opt/ros/jazzy/share/yaml_cpp_vendor/cmake/../../../opt/yaml_cpp_vendor/share/cmake/yaml-cpp'
[0.710s] -- Found image_transport: 5.1.7 (/opt/ros/jazzy/share/image_transport/cmake)
[0.729s] -- Found image_publisher: 5.0.11 (/opt/ros/jazzy/share/image_publisher/cmake)
[0.750s] -- Found OpenCV: /usr (found version "4.6.0") 
[0.751s] -- Found orbbec_camera_msgs: 1.2.2 (/home/dgx_allex_one/allex2head/install/orbbec_camera_msgs/share/orbbec_camera_msgs/cmake)
[0.764s] -- Found std_srvs: 5.3.6 (/opt/ros/jazzy/share/std_srvs/cmake)
[0.776s] -- Found tf2: 0.36.16 (/opt/ros/jazzy/share/tf2/cmake)
[0.781s] -- Found tf2_msgs: 0.36.16 (/opt/ros/jazzy/share/tf2_msgs/cmake)
[0.818s] -- Found tf2_ros: 0.36.16 (/opt/ros/jazzy/share/tf2_ros/cmake)
[0.832s] -- Found tf2_sensor_msgs: 0.36.16 (/opt/ros/jazzy/share/tf2_sensor_msgs/cmake)
[0.836s] -- Performing Test CMAKE_HAVE_LIBC_PTHREAD
[0.906s] -- Performing Test CMAKE_HAVE_LIBC_PTHREAD - Success
[0.907s] -- Found Threads: TRUE  
[0.908s] -- Found diagnostic_updater: 4.2.6 (/opt/ros/jazzy/share/diagnostic_updater/cmake)
[0.930s] -- Found PkgConfig: /usr/bin/pkg-config (found version "1.8.1") 
[0.936s] -- ORRBEC Machine : aarch64
[0.936s] 
[0.936s] -- ORRBEC Machine Bits : 64
[0.936s] 
[0.976s] -- Found ament_lint_auto: 0.17.3 (/opt/ros/jazzy/share/ament_lint_auto/cmake)
[1.026s] -- Configuring done (1.0s)
[1.109s] -- Generating done (0.1s)
[1.120s] -- Build files have been written to: /home/dgx_allex_one/allex2head/build/orbbec_camera
[1.131s] Invoked command in '/home/dgx_allex_one/allex2head/build/orbbec_camera' returned '0': CMAKE_PREFIX_PATH=/home/dgx_allex_one/allex2head/install/orbbec_camera_msgs:/home/dgx_allex_one/allex2head/install/orbbec_description:/home/dgx_allex_one/allex2head/install/orbbec_camera:/opt/ros/jazzy/opt/gz_math_vendor:/opt/ros/jazzy/opt/gz_utils_vendor:/opt/ros/jazzy/opt/gz_cmake_vendor:/home/dgx_allex_one/allex2head/install/camera_node:/opt/ros/jazzy DEBUGINFOD_URLS=https://debuginfod.ubuntu.com LD_LIBRARY_PATH=/home/dgx_allex_one/allex2head/install/orbbec_camera_msgs/lib:/home/dgx_allex_one/allex2head/install/orbbec_camera/lib:/opt/ros/jazzy/opt/rviz_ogre_vendor/lib:/opt/ros/jazzy/lib/aarch64-linux-gnu:/opt/ros/jazzy/opt/gz_math_vendor/lib:/opt/ros/jazzy/opt/gz_utils_vendor/lib:/opt/ros/jazzy/opt/gz_cmake_vendor/lib:/opt/ros/jazzy/lib PYTHONPATH=/home/dgx_allex_one/allex2head/install/orbbec_camera_msgs/lib/python3.12/site-packages:${PYTHONPATH} /usr/bin/cmake /home/dgx_allex_one/allex2head/src/OrbbecSDK_ROS2/orbbec_camera -DAMENT_CMAKE_SYMLINK_INSTALL=1 -DCMAKE_INSTALL_PREFIX=/home/dgx_allex_one/allex2head/install/orbbec_camera
[1.132s] Invoking command in '/home/dgx_allex_one/allex2head/build/orbbec_camera': CMAKE_PREFIX_PATH=/home/dgx_allex_one/allex2head/install/orbbec_camera_msgs:/home/dgx_allex_one/allex2head/install/orbbec_description:/home/dgx_allex_one/allex2head/install/orbbec_camera:/opt/ros/jazzy/opt/gz_math_vendor:/opt/ros/jazzy/opt/gz_utils_vendor:/opt/ros/jazzy/opt/gz_cmake_vendor:/home/dgx_allex_one/allex2head/install/camera_node:/opt/ros/jazzy DEBUGINFOD_URLS=https://debuginfod.ubuntu.com LD_LIBRARY_PATH=/home/dgx_allex_one/allex2head/install/orbbec_camera_msgs/lib:/home/dgx_allex_one/allex2head/install/orbbec_camera/lib:/opt/ros/jazzy/opt/rviz_ogre_vendor/lib:/opt/ros/jazzy/lib/aarch64-linux-gnu:/opt/ros/jazzy/opt/gz_math_vendor/lib:/opt/ros/jazzy/opt/gz_utils_vendor/lib:/opt/ros/jazzy/opt/gz_cmake_vendor/lib:/opt/ros/jazzy/lib PYTHONPATH=/home/dgx_allex_one/allex2head/install/orbbec_camera_msgs/lib/python3.12/site-packages:${PYTHONPATH} /usr/bin/cmake --build /home/dgx_allex_one/allex2head/build/orbbec_camera -- -j20 -l20
[1.173s] [  3%] [32mBuilding CXX object CMakeFiles/start_benchmark_node.dir/rclcpp_components/node_main_start_benchmark_node.cpp.o[0m
[1.175s] [  6%] [32mBuilding CXX object CMakeFiles/multi_save_rgbir.dir/src/utils.cpp.o[0m
[1.176s] [ 12%] [32mBuilding CXX object CMakeFiles/start_benchmark.dir/tools/start_benchmark.cpp.o[0m
[1.176s] [ 12%] [32mBuilding CXX object CMakeFiles/orbbec_camera.dir/src/dynamic_params.cpp.o[0m
[1.176s] [ 21%] [32mBuilding CXX object CMakeFiles/orbbec_camera.dir/src/image_publisher.cpp.o[0m
[1.176s] [ 21%] [32mBuilding CXX object CMakeFiles/frame_latency_node.dir/rclcpp_components/node_main_frame_latency_node.cpp.o[0m
[1.176s] [ 21%] [32mBuilding CXX object CMakeFiles/orbbec_camera.dir/src/ob_camera_node_driver.cpp.o[0m
[1.176s] [ 25%] [32mBuilding CXX object CMakeFiles/multi_save_rgbir.dir/tools/multi_save_rgbir.cpp.o[0m
[1.176s] [ 31%] [32mBuilding CXX object CMakeFiles/frame_latency.dir/tools/frame_latency.cpp.o[0m
[1.177s] [ 31%] [32mBuilding CXX object CMakeFiles/orbbec_camera.dir/src/ob_camera_node.cpp.o[0m
[1.177s] [ 34%] [32mBuilding CXX object CMakeFiles/orbbec_camera.dir/src/utils.cpp.o[0m
[1.178s] [ 37%] [32mBuilding CXX object CMakeFiles/orbbec_camera.dir/src/jpeg_decoder.cpp.o[0m
[1.178s] [ 40%] [32mBuilding CXX object CMakeFiles/orbbec_camera.dir/src/d2c_viewer.cpp.o[0m
[1.180s] [ 46%] [32mBuilding CXX object CMakeFiles/orbbec_camera_node.dir/rclcpp_components/node_main_orbbec_camera_node.cpp.o[0m
[1.180s] [ 46%] [32mBuilding CXX object CMakeFiles/orbbec_camera.dir/src/ros_param_backend.cpp.o[0m
[1.180s] [ 50%] [32mBuilding CXX object CMakeFiles/orbbec_camera.dir/src/synced_imu_publisher.cpp.o[0m
[1.180s] [ 53%] [32mBuilding CXX object CMakeFiles/multi_save_rgbir_node.dir/rclcpp_components/node_main_multi_save_rgbir_node.cpp.o[0m
[1.180s] [ 56%] [32mBuilding CXX object CMakeFiles/orbbec_camera.dir/src/ros_service.cpp.o[0m
[3.337s] [ 59%] [32m[1mLinking CXX executable start_benchmark_node[0m
[3.364s] [ 62%] [32m[1mLinking CXX executable frame_latency_node[0m
[3.465s] [ 62%] Built target start_benchmark_node
[3.473s] [ 62%] Built target frame_latency_node
[4.444s] [ 65%] [32m[1mLinking CXX executable multi_save_rgbir_node[0m
[4.487s] [ 68%] [32m[1mLinking CXX executable orbbec_camera_node[0m
[4.551s] [ 68%] Built target multi_save_rgbir_node
[4.597s] [ 68%] Built target orbbec_camera_node
[14.039s] [ 71%] [32m[1mLinking CXX shared library libstart_benchmark.so[0m
[14.232s] [ 71%] Built target start_benchmark
[16.858s] [ 75%] [32m[1mLinking CXX shared library libmulti_save_rgbir.so[0m
[17.026s] [ 75%] Built target multi_save_rgbir
[21.136s] [ 78%] [32m[1mLinking CXX shared library libframe_latency.so[0m
[21.325s] [ 78%] Built target frame_latency
[27.177s] [ 81%] [32m[1mLinking CXX shared library liborbbec_camera.so[0m
[27.396s] [ 81%] Built target orbbec_camera
[27.409s] [ 84%] [32mBuilding CXX object CMakeFiles/list_depth_work_mode_node.dir/tools/list_depth_work_mode.cpp.o[0m
[27.413s] [ 90%] [32mBuilding CXX object CMakeFiles/ob_benchmark_node.dir/tools/ob_benchmark.cpp.o[0m
[27.413s] [ 90%] [32mBuilding CXX object CMakeFiles/topic_statistics_node.dir/tools/topic_statistics.cpp.o[0m
[32.429s] [ 93%] [32m[1mLinking CXX executable list_depth_work_mode_node[0m
[32.524s] [ 93%] Built target list_depth_work_mode_node
[33.443s] [ 96%] [32m[1mLinking CXX executable topic_statistics_node[0m
[33.569s] [ 96%] Built target topic_statistics_node
[34.546s] [100%] [32m[1mLinking CXX executable ob_benchmark_node[0m
[34.663s] [100%] Built target ob_benchmark_node
[34.676s] Invoked command in '/home/dgx_allex_one/allex2head/build/orbbec_camera' returned '0': CMAKE_PREFIX_PATH=/home/dgx_allex_one/allex2head/install/orbbec_camera_msgs:/home/dgx_allex_one/allex2head/install/orbbec_description:/home/dgx_allex_one/allex2head/install/orbbec_camera:/opt/ros/jazzy/opt/gz_math_vendor:/opt/ros/jazzy/opt/gz_utils_vendor:/opt/ros/jazzy/opt/gz_cmake_vendor:/home/dgx_allex_one/allex2head/install/camera_node:/opt/ros/jazzy DEBUGINFOD_URLS=https://debuginfod.ubuntu.com LD_LIBRARY_PATH=/home/dgx_allex_one/allex2head/install/orbbec_camera_msgs/lib:/home/dgx_allex_one/allex2head/install/orbbec_camera/lib:/opt/ros/jazzy/opt/rviz_ogre_vendor/lib:/opt/ros/jazzy/lib/aarch64-linux-gnu:/opt/ros/jazzy/opt/gz_math_vendor/lib:/opt/ros/jazzy/opt/gz_utils_vendor/lib:/opt/ros/jazzy/opt/gz_cmake_vendor/lib:/opt/ros/jazzy/lib PYTHONPATH=/home/dgx_allex_one/allex2head/install/orbbec_camera_msgs/lib/python3.12/site-packages:${PYTHONPATH} /usr/bin/cmake --build /home/dgx_allex_one/allex2head/build/orbbec_camera -- -j20 -l20
[34.677s] Invoking command in '/home/dgx_allex_one/allex2head/build/orbbec_camera': CMAKE_PREFIX_PATH=/home/dgx_allex_one/allex2head/install/orbbec_camera_msgs:/home/dgx_allex_one/allex2head/install/orbbec_description:/home/dgx_allex_one/allex2head/install/orbbec_camera:/opt/ros/jazzy/opt/gz_math_vendor:/opt/ros/jazzy/opt/gz_utils_vendor:/opt/ros/jazzy/opt/gz_cmake_vendor:/home/dgx_allex_one/allex2head/install/camera_node:/opt/ros/jazzy DEBUGINFOD_URLS=https://debuginfod.ubuntu.com LD_LIBRARY_PATH=/home/dgx_allex_one/allex2head/install/orbbec_camera_msgs/lib:/home/dgx_allex_one/allex2head/install/orbbec_camera/lib:/opt/ros/jazzy/opt/rviz_ogre_vendor/lib:/opt/ros/jazzy/lib/aarch64-linux-gnu:/opt/ros/jazzy/opt/gz_math_vendor/lib:/opt/ros/jazzy/opt/gz_utils_vendor/lib:/opt/ros/jazzy/opt/gz_cmake_vendor/lib:/opt/ros/jazzy/lib PYTHONPATH=/home/dgx_allex_one/allex2head/install/orbbec_camera_msgs/lib/python3.12/site-packages:${PYTHONPATH} /usr/bin/cmake --install /home/dgx_allex_one/allex2head/build/orbbec_camera
[34.681s] -- Install configuration: ""
[34.681s] -- Execute custom install script
[34.681s] -- Symlinking: /home/dgx_allex_one/allex2head/install/orbbec_camera/lib/orbbec_camera/orbbec_camera_node
[34.690s] -- Symlinking: /home/dgx_allex_one/allex2head/install/orbbec_camera/lib/orbbec_camera/frame_latency_node
[34.695s] -- Symlinking: /home/dgx_allex_one/allex2head/install/orbbec_camera/lib/orbbec_camera/start_benchmark_node
[34.700s] -- Symlinking: /home/dgx_allex_one/allex2head/install/orbbec_camera/lib/orbbec_camera/multi_save_rgbir_node
[34.708s] -- Symlinking: /home/dgx_allex_one/allex2head/install/orbbec_camera/lib/liborbbec_camera.so
[34.713s] -- Symlinking: /home/dgx_allex_one/allex2head/install/orbbec_camera/lib/libframe_latency.so
[34.718s] -- Symlinking: /home/dgx_allex_one/allex2head/install/orbbec_camera/lib/libstart_benchmark.so
[34.723s] -- Symlinking: /home/dgx_allex_one/allex2head/install/orbbec_camera/lib/libmulti_save_rgbir.so
[34.729s] -- Symlinking: /home/dgx_allex_one/allex2head/install/orbbec_camera/include/magic_enum/magic_enum.hpp
[34.734s] -- Symlinking: /home/dgx_allex_one/allex2head/install/orbbec_camera/include/orbbec_camera/constants.h
[34.739s] -- Symlinking: /home/dgx_allex_one/allex2head/install/orbbec_camera/include/orbbec_camera/d2c_viewer.h
[34.744s] -- Symlinking: /home/dgx_allex_one/allex2head/install/orbbec_camera/include/orbbec_camera/dynamic_params.h
[34.751s] -- Symlinking: /home/dgx_allex_one/allex2head/install/orbbec_camera/include/orbbec_camera/fps_counter.hpp
[34.756s] -- Symlinking: /home/dgx_allex_one/allex2head/install/orbbec_camera/include/orbbec_camera/image_publisher.h
[34.761s] -- Symlinking: /home/dgx_allex_one/allex2head/install/orbbec_camera/include/orbbec_camera/jetson_nv_decoder.h
[34.765s] -- Symlinking: /home/dgx_allex_one/allex2head/install/orbbec_camera/include/orbbec_camera/jpeg_decoder.h
[34.770s] -- Symlinking: /home/dgx_allex_one/allex2head/install/orbbec_camera/include/orbbec_camera/ob_camera_node.h
[34.776s] -- Symlinking: /home/dgx_allex_one/allex2head/install/orbbec_camera/include/orbbec_camera/ob_camera_node_driver.h
[34.781s] -- Symlinking: /home/dgx_allex_one/allex2head/install/orbbec_camera/include/orbbec_camera/rk_mpp_decoder.h
[34.786s] -- Symlinking: /home/dgx_allex_one/allex2head/install/orbbec_camera/include/orbbec_camera/ros_param_backend.h
[34.790s] -- Symlinking: /home/dgx_allex_one/allex2head/install/orbbec_camera/include/orbbec_camera/synced_imu_publisher.h
[34.795s] -- Symlinking: /home/dgx_allex_one/allex2head/install/orbbec_camera/include/orbbec_camera/utils.h
[34.800s] -- Symlinking: /home/dgx_allex_one/allex2head/install/orbbec_camera/share/orbbec_camera//launch/astra2.launch.py
[34.805s] -- Symlinking: /home/dgx_allex_one/allex2head/install/orbbec_camera/share/orbbec_camera//launch/dabai_a.launch.py
[34.810s] -- Symlinking: /home/dgx_allex_one/allex2head/install/orbbec_camera/share/orbbec_camera//launch/dabai_al.launch.py
[34.815s] -- Symlinking: /home/dgx_allex_one/allex2head/install/orbbec_camera/share/orbbec_camera//launch/femto.launch.py
[34.820s] -- Symlinking: /home/dgx_allex_one/allex2head/install/orbbec_camera/share/orbbec_camera//launch/femto_bolt.launch.py
[34.825s] -- Symlinking: /home/dgx_allex_one/allex2head/install/orbbec_camera/share/orbbec_camera//launch/femto_mega.launch.py
[34.830s] -- Symlinking: /home/dgx_allex_one/allex2head/install/orbbec_camera/share/orbbec_camera//launch/gemini2.launch.py
[34.834s] -- Symlinking: /home/dgx_allex_one/allex2head/install/orbbec_camera/share/orbbec_camera//launch/gemini210.launch.py
[34.839s] -- Symlinking: /home/dgx_allex_one/allex2head/install/orbbec_camera/share/orbbec_camera//launch/gemini2L.launch.py
[34.844s] -- Symlinking: /home/dgx_allex_one/allex2head/install/orbbec_camera/share/orbbec_camera//launch/gemini435_le.launch.py
[34.849s] -- Symlinking: /home/dgx_allex_one/allex2head/install/orbbec_camera/share/orbbec_camera//launch/gemini_330_series.launch.py
[34.854s] -- Symlinking: /home/dgx_allex_one/allex2head/install/orbbec_camera/share/orbbec_camera//launch/gemini_intra_process_demo_launch.py
[34.859s] -- Symlinking: /home/dgx_allex_one/allex2head/install/orbbec_camera/share/orbbec_camera//launch/multi_camera.launch.py
[34.864s] -- Symlinking: /home/dgx_allex_one/allex2head/install/orbbec_camera/share/orbbec_camera//launch/multi_camera_synced.launch.py
[34.870s] -- Symlinking: /home/dgx_allex_one/allex2head/install/orbbec_camera/share/orbbec_camera//launch/orbbec_camera.launch.py
[34.875s] -- Symlinking: /home/dgx_allex_one/allex2head/install/orbbec_camera/share/orbbec_camera//launch/orbbec_multicamera.launch.py
[34.880s] -- Symlinking: /home/dgx_allex_one/allex2head/install/orbbec_camera/share/orbbec_camera//launch/utils_yaml.py
[34.886s] -- Symlinking: /home/dgx_allex_one/allex2head/install/orbbec_camera/share/orbbec_camera//config/.gitkeep
[34.891s] -- Symlinking: /home/dgx_allex_one/allex2head/install/orbbec_camera/share/orbbec_camera//config/OrbbecSDKConfig_v2.0.xml
[34.895s] -- Symlinking: /home/dgx_allex_one/allex2head/install/orbbec_camera/share/orbbec_camera//config/astra2.yaml
[34.901s] -- Symlinking: /home/dgx_allex_one/allex2head/install/orbbec_camera/share/orbbec_camera//config/camera_params.yaml
[34.906s] -- Symlinking: /home/dgx_allex_one/allex2head/install/orbbec_camera/share/orbbec_camera//config/camera_secondary_params.yaml
[34.911s] -- Symlinking: /home/dgx_allex_one/allex2head/install/orbbec_camera/share/orbbec_camera//config/common.yaml
[34.916s] -- Symlinking: /home/dgx_allex_one/allex2head/install/orbbec_camera/share/orbbec_camera//config/depthfilter/Gemini2_v1.7.json
[34.922s] -- Symlinking: /home/dgx_allex_one/allex2head/install/orbbec_camera/share/orbbec_camera//config/depthfilter/Openni_device.json
[34.927s] -- Symlinking: /home/dgx_allex_one/allex2head/install/orbbec_camera/share/orbbec_camera//config/femto.yaml
[34.932s] -- Symlinking: /home/dgx_allex_one/allex2head/install/orbbec_camera/share/orbbec_camera//config/femto_bolt.yaml
[34.937s] -- Symlinking: /home/dgx_allex_one/allex2head/install/orbbec_camera/share/orbbec_camera//config/femto_mega.yaml
[34.942s] -- Symlinking: /home/dgx_allex_one/allex2head/install/orbbec_camera/share/orbbec_camera//config/gemini2.yaml
[34.947s] -- Symlinking: /home/dgx_allex_one/allex2head/install/orbbec_camera/share/orbbec_camera//config/gemini2L.yaml
[34.952s] -- Symlinking: /home/dgx_allex_one/allex2head/install/orbbec_camera/share/orbbec_camera//config/gemini330Lg_series.yaml
[34.957s] -- Symlinking: /home/dgx_allex_one/allex2head/install/orbbec_camera/share/orbbec_camera//config/gemini330_series.yaml
[34.962s] -- Symlinking: /home/dgx_allex_one/allex2head/install/orbbec_camera/share/orbbec_camera//config/tools/multisavergbir/multi_save_rgbir_params.json
[34.967s] -- Symlinking: /home/dgx_allex_one/allex2head/install/orbbec_camera/share/orbbec_camera//config/tools/startbenchmark/start_benchmark_params.json
[34.974s] -- Symlinking: /home/dgx_allex_one/allex2head/install/orbbec_camera/share/orbbec_camera//examples/README.MD
[34.979s] -- Symlinking: /home/dgx_allex_one/allex2head/install/orbbec_camera/share/orbbec_camera//examples/align_depth_color/README.MD
[34.984s] -- Symlinking: /home/dgx_allex_one/allex2head/install/orbbec_camera/share/orbbec_camera//examples/align_depth_color/image/image3.png
[34.990s] -- Symlinking: /home/dgx_allex_one/allex2head/install/orbbec_camera/share/orbbec_camera//examples/align_depth_color/image/image4.jpg
[34.995s] -- Symlinking: /home/dgx_allex_one/allex2head/install/orbbec_camera/share/orbbec_camera//examples/benchmark/README.MD
[35.000s] -- Symlinking: /home/dgx_allex_one/allex2head/install/orbbec_camera/share/orbbec_camera//examples/benchmark/gemini_330_series_benchmark.launch.py
[35.005s] -- Symlinking: /home/dgx_allex_one/allex2head/install/orbbec_camera/share/orbbec_camera//examples/benchmark/ob_benchmark_0.launch.py
[35.010s] -- Symlinking: /home/dgx_allex_one/allex2head/install/orbbec_camera/share/orbbec_camera//examples/benchmark/ob_benchmark_1.launch.py
[35.015s] -- Symlinking: /home/dgx_allex_one/allex2head/install/orbbec_camera/share/orbbec_camera//examples/disparity_search_offset/README.MD
[35.020s] -- Symlinking: /home/dgx_allex_one/allex2head/install/orbbec_camera/share/orbbec_camera//examples/disparity_search_offset/image/search_offset0.png
[35.025s] -- Symlinking: /home/dgx_allex_one/allex2head/install/orbbec_camera/share/orbbec_camera//examples/gmsl_camera/README.MD
[35.030s] -- Symlinking: /home/dgx_allex_one/allex2head/install/orbbec_camera/share/orbbec_camera//examples/gmsl_camera/gemini_330_gmsl.launch.py
[35.036s] -- Symlinking: /home/dgx_allex_one/allex2head/install/orbbec_camera/share/orbbec_camera//examples/gmsl_camera/multi_gmsl_camera.launch.py
[35.041s] -- Symlinking: /home/dgx_allex_one/allex2head/install/orbbec_camera/share/orbbec_camera//examples/gmsl_camera/multi_gmsl_camera_synced.launch.py
[35.046s] -- Symlinking: /home/dgx_allex_one/allex2head/install/orbbec_camera/share/orbbec_camera//examples/interleave_ae_mode/README.MD
[35.052s] -- Symlinking: /home/dgx_allex_one/allex2head/install/orbbec_camera/share/orbbec_camera//examples/interleave_ae_mode/image/interleave_ae0.jpeg
[35.057s] -- Symlinking: /home/dgx_allex_one/allex2head/install/orbbec_camera/share/orbbec_camera//examples/interleave_ae_mode/image/interleave_ae1.jpeg
[35.062s] -- Symlinking: /home/dgx_allex_one/allex2head/install/orbbec_camera/share/orbbec_camera//examples/lower_cpu_usage/README.MD
[35.068s] -- Symlinking: /home/dgx_allex_one/allex2head/install/orbbec_camera/share/orbbec_camera//examples/lower_cpu_usage/gemini_330_series_lower_cpu_usage.launch.py
[35.073s] -- Symlinking: /home/dgx_allex_one/allex2head/install/orbbec_camera/share/orbbec_camera//examples/lower_cpu_usage/multi_camera_lower_cpu_usage.launch.py
[35.078s] -- Symlinking: /home/dgx_allex_one/allex2head/install/orbbec_camera/share/orbbec_camera//examples/multi_camera/README.MD
[35.083s] -- Symlinking: /home/dgx_allex_one/allex2head/install/orbbec_camera/share/orbbec_camera//examples/multi_camera_synced/README.MD
[35.089s] -- Symlinking: /home/dgx_allex_one/allex2head/install/orbbec_camera/share/orbbec_camera//examples/multi_camera_synced/image/multi_camera_synced1.png
[35.094s] -- Symlinking: /home/dgx_allex_one/allex2head/install/orbbec_camera/share/orbbec_camera//examples/multi_camera_synced/image/multi_camera_synced2.png
[35.099s] -- Symlinking: /home/dgx_allex_one/allex2head/install/orbbec_camera/share/orbbec_camera//examples/multi_camera_synced_verification_tool/README.MD
[35.104s] -- Symlinking: /home/dgx_allex_one/allex2head/install/orbbec_camera/share/orbbec_camera//examples/multi_camera_synced_verification_tool/gemini_330_series_synced_verify.launch.py
[35.109s] -- Symlinking: /home/dgx_allex_one/allex2head/install/orbbec_camera/share/orbbec_camera//examples/multi_camera_synced_verification_tool/gemini_synced_verify.launch.py
[35.114s] -- Symlinking: /home/dgx_allex_one/allex2head/install/orbbec_camera/share/orbbec_camera//examples/multi_camera_synced_verification_tool/multi_camera_synced_verify.launch.py
[35.120s] -- Symlinking: /home/dgx_allex_one/allex2head/install/orbbec_camera/share/orbbec_camera//examples/multi_camera_synced_verification_tool/multicamera_sync/Python/Analysis_script.md
[35.125s] -- Symlinking: /home/dgx_allex_one/allex2head/install/orbbec_camera/share/orbbec_camera//examples/multi_camera_synced_verification_tool/multicamera_sync/Python/Config.ini
[35.130s] -- Symlinking: /home/dgx_allex_one/allex2head/install/orbbec_camera/share/orbbec_camera//examples/multi_camera_synced_verification_tool/multicamera_sync/Python/SyncFramesMain.py
[35.135s] -- Symlinking: /home/dgx_allex_one/allex2head/install/orbbec_camera/share/orbbec_camera//examples/multi_camera_synced_verification_tool/multicamera_sync/Python/script/config_frameMatch-Astra2_new.py
[35.140s] -- Symlinking: /home/dgx_allex_one/allex2head/install/orbbec_camera/share/orbbec_camera//examples/multi_camera_synced_verification_tool/multicamera_sync/Python/script/config_frameMatch-systemTimestamp.py
[35.145s] -- Symlinking: /home/dgx_allex_one/allex2head/install/orbbec_camera/share/orbbec_camera//examples/multi_camera_synced_verification_tool/multicamera_sync/Python/script/config_frameMatch.py
[35.152s] -- Symlinking: /home/dgx_allex_one/allex2head/install/orbbec_camera/share/orbbec_camera//examples/multi_camera_synced_verification_tool/multicamera_sync/Python/script/config_frameMatch_Gemini2VL.py
[35.156s] -- Symlinking: /home/dgx_allex_one/allex2head/install/orbbec_camera/share/orbbec_camera//examples/multi_camera_synced_verification_tool/multicamera_sync/Python/script/config_frameMatch_g330.py
[35.161s] -- Symlinking: /home/dgx_allex_one/allex2head/install/orbbec_camera/share/orbbec_camera//examples/multi_camera_synced_verification_tool/multicamera_sync/output/20250218102900/DevicesInfo.txt
[35.168s] -- Symlinking: /home/dgx_allex_one/allex2head/install/orbbec_camera/share/orbbec_camera//examples/multi_camera_synced_verification_tool/multicamera_sync/output/20250218102900/StreamProfileInfo.txt
[35.173s] -- Symlinking: /home/dgx_allex_one/allex2head/install/orbbec_camera/share/orbbec_camera//examples/multi_camera_synced_verification_tool/multicamera_sync/output/20250218102900/TotalModeFrames/SNCP1E5420006D_Index0/color_SNCP1E5420006D_Index0_g1739874543227_f0_s1739874543327_e50_d16_.jpg
[35.178s] -- Symlinking: /home/dgx_allex_one/allex2head/install/orbbec_camera/share/orbbec_camera//examples/multi_camera_synced_verification_tool/multicamera_sync/output/20250218102900/TotalModeFrames/SNCP1E5420006D_Index0/color_SNCP1E5420006D_Index0_g1739874543260_f1_s1739874543351_e50_d16_.jpg
[35.182s] -- Symlinking: /home/dgx_allex_one/allex2head/install/orbbec_camera/share/orbbec_camera//examples/multi_camera_synced_verification_tool/multicamera_sync/output/20250218102900/TotalModeFrames/SNCP1E5420006D_Index0/color_SNCP1E5420006D_Index0_g1739874543294_f2_s1739874543359_e50_d16_.jpg
[35.187s] -- Symlinking: /home/dgx_allex_one/allex2head/install/orbbec_camera/share/orbbec_camera//examples/multi_camera_synced_verification_tool/multicamera_sync/output/20250218102900/TotalModeFrames/SNCP1E5420006D_Index0/color_SNCP1E5420006D_Index0_g1739874543327_f3_s1739874543441_e50_d16_.jpg
[35.191s] -- Symlinking: /home/dgx_allex_one/allex2head/install/orbbec_camera/share/orbbec_camera//examples/multi_camera_synced_verification_tool/multicamera_sync/output/20250218102900/TotalModeFrames/SNCP1E5420006D_Index0/color_SNCP1E5420006D_Index0_g1739874543360_f4_s1739874543442_e50_d16_.jpg
[35.196s] -- Symlinking: /home/dgx_allex_one/allex2head/install/orbbec_camera/share/orbbec_camera//examples/multi_camera_synced_verification_tool/multicamera_sync/output/20250218102900/TotalModeFrames/SNCP1E5420006D_Index0/color_SNCP1E5420006D_Index0_g1739874543394_f5_s1739874543506_e50_d16_.jpg
[35.202s] -- Symlinking: /home/dgx_allex_one/allex2head/install/orbbec_camera/share/orbbec_camera//examples/multi_camera_synced_verification_tool/multicamera_sync/output/20250218102900/TotalModeFrames/SNCP1E5420006D_Index0/color_SNCP1E5420006D_Index0_g1739874543427_f6_s1739874543518_e50_d16_.jpg
[35.207s] -- Symlinking: /home/dgx_allex_one/allex2head/install/orbbec_camera/share/orbbec_camera//examples/multi_camera_synced_verification_tool/multicamera_sync/output/20250218102900/TotalModeFrames/SNCP1E5420006D_Index0/color_SNCP1E5420006D_Index0_g1739874543461_f7_s1739874543520_e50_d16_.jpg
[35.212s] -- Symlinking: /home/dgx_allex_one/allex2head/install/orbbec_camera/share/orbbec_camera//examples/multi_camera_synced_verification_tool/multicamera_sync/output/20250218102900/TotalModeFrames/SNCP1E5420006D_Index0/color_SNCP1E5420006D_Index0_g1739874543494_f8_s1739874543548_e50_d16_.jpg
[35.217s] -- Symlinking: /home/dgx_allex_one/allex2head/install/orbbec_camera/share/orbbec_camera//examples/multi_camera_synced_verification_tool/multicamera_sync/output/20250218102900/TotalModeFrames/SNCP1E5420006D_Index0/color_SNCP1E5420006D_Index0_g1739874543527_f9_s1739874543603_e50_d16_.jpg
[35.223s] -- Symlinking: /home/dgx_allex_one/allex2head/install/orbbec_camera/share/orbbec_camera//examples/multi_camera_synced_verification_tool/multicamera_sync/output/20250218102900/TotalModeFrames/SNCP1E5420006D_Index0/color_SNCP1E5420006D_Index0_g1739874543561_f10_s1739874543648_e50_d16_.jpg
[35.228s] -- Symlinking: /home/dgx_allex_one/allex2head/install/orbbec_camera/share/orbbec_camera//examples/multi_camera_synced_verification_tool/multicamera_sync/output/20250218102900/TotalModeFrames/SNCP1E5420006D_Index0/ir#left_SNCP1E5420006D_Index0_g1739874543227_f0_s1739874543250_e5000_d16_.jpg
[35.233s] -- Symlinking: /home/dgx_allex_one/allex2head/install/orbbec_camera/share/orbbec_camera//examples/multi_camera_synced_verification_tool/multicamera_sync/output/20250218102900/TotalModeFrames/SNCP1E5420006D_Index0/ir#left_SNCP1E5420006D_Index0_g1739874543260_f1_s1739874543310_e5000_d16_.jpg
[35.238s] -- Symlinking: /home/dgx_allex_one/allex2head/install/orbbec_camera/share/orbbec_camera//examples/multi_camera_synced_verification_tool/multicamera_sync/output/20250218102900/TotalModeFrames/SNCP1E5420006D_Index0/ir#left_SNCP1E5420006D_Index0_g1739874543294_f2_s1739874543329_e5000_d16_.jpg
[35.243s] -- Symlinking: /home/dgx_allex_one/allex2head/install/orbbec_camera/share/orbbec_camera//examples/multi_camera_synced_verification_tool/multicamera_sync/output/20250218102900/TotalModeFrames/SNCP1E5420006D_Index0/ir#left_SNCP1E5420006D_Index0_g1739874543327_f3_s1739874543393_e5000_d16_.jpg
[35.248s] -- Symlinking: /home/dgx_allex_one/allex2head/install/orbbec_camera/share/orbbec_camera//examples/multi_camera_synced_verification_tool/multicamera_sync/output/20250218102900/TotalModeFrames/SNCP1E5420006D_Index0/ir#left_SNCP1E5420006D_Index0_g1739874543361_f4_s1739874543405_e5000_d16_.jpg
[35.254s] -- Symlinking: /home/dgx_allex_one/allex2head/install/orbbec_camera/share/orbbec_camera//examples/multi_camera_synced_verification_tool/multicamera_sync/output/20250218102900/TotalModeFrames/SNCP1E5420006D_Index0/ir#left_SNCP1E5420006D_Index0_g1739874543394_f5_s1739874543473_e5000_d16_.jpg
[35.259s] -- Symlinking: /home/dgx_allex_one/allex2head/install/orbbec_camera/share/orbbec_camera//examples/multi_camera_synced_verification_tool/multicamera_sync/output/20250218102900/TotalModeFrames/SNCP1E5420006D_Index0/ir#left_SNCP1E5420006D_Index0_g1739874543427_f6_s1739874543474_e5000_d16_.jpg
[35.264s] -- Symlinking: /home/dgx_allex_one/allex2head/install/orbbec_camera/share/orbbec_camera//examples/multi_camera_synced_verification_tool/multicamera_sync/output/20250218102900/TotalModeFrames/SNCP1E5420006D_Index0/ir#left_SNCP1E5420006D_Index0_g1739874543461_f7_s1739874543493_e5000_d16_.jpg
[35.268s] -- Symlinking: /home/dgx_allex_one/allex2head/install/orbbec_camera/share/orbbec_camera//examples/multi_camera_synced_verification_tool/multicamera_sync/output/20250218102900/TotalModeFrames/SNCP1E5420006D_Index0/ir#left_SNCP1E5420006D_Index0_g1739874543494_f8_s1739874543528_e5000_d16_.jpg
[35.275s] -- Symlinking: /home/dgx_allex_one/allex2head/install/orbbec_camera/share/orbbec_camera//examples/multi_camera_synced_verification_tool/multicamera_sync/output/20250218102900/TotalModeFrames/SNCP1E5420006D_Index0/ir#left_SNCP1E5420006D_Index0_g1739874543527_f9_s1739874543627_e5000_d16_.jpg
[35.280s] -- Symlinking: /home/dgx_allex_one/allex2head/install/orbbec_camera/share/orbbec_camera//examples/multi_camera_synced_verification_tool/multicamera_sync/output/20250218102900/TotalModeFrames/SNCP1E5420006D_Index0/ir#left_SNCP1E5420006D_Index0_g1739874543561_f10_s1739874543628_e5000_d16_.jpg
[35.284s] -- Symlinking: /home/dgx_allex_one/allex2head/install/orbbec_camera/share/orbbec_camera//examples/multi_camera_synced_verification_tool/multicamera_sync/output/20250218102900/TotalModeFrames/SNCP1L44P00051_Index1/color_SNCP1L44P00051_Index1_g1739874543227_f0_s1739874543304_e50_d16_.jpg
[35.289s] -- Symlinking: /home/dgx_allex_one/allex2head/install/orbbec_camera/share/orbbec_camera//examples/multi_camera_synced_verification_tool/multicamera_sync/output/20250218102900/TotalModeFrames/SNCP1L44P00051_Index1/color_SNCP1L44P00051_Index1_g1739874543260_f1_s1739874543345_e50_d16_.jpg
[35.294s] -- Symlinking: /home/dgx_allex_one/allex2head/install/orbbec_camera/share/orbbec_camera//examples/multi_camera_synced_verification_tool/multicamera_sync/output/20250218102900/TotalModeFrames/SNCP1L44P00051_Index1/color_SNCP1L44P00051_Index1_g1739874543293_f2_s1739874543446_e50_d16_.jpg
[35.301s] -- Symlinking: /home/dgx_allex_one/allex2head/install/orbbec_camera/share/orbbec_camera//examples/multi_camera_synced_verification_tool/multicamera_sync/output/20250218102900/TotalModeFrames/SNCP1L44P00051_Index1/color_SNCP1L44P00051_Index1_g1739874543327_f3_s1739874543458_e50_d16_.jpg
[35.305s] -- Symlinking: /home/dgx_allex_one/allex2head/install/orbbec_camera/share/orbbec_camera//examples/multi_camera_synced_verification_tool/multicamera_sync/output/20250218102900/TotalModeFrames/SNCP1L44P00051_Index1/color_SNCP1L44P00051_Index1_g1739874543360_f4_s1739874543468_e50_d16_.jpg
[35.310s] -- Symlinking: /home/dgx_allex_one/allex2head/install/orbbec_camera/share/orbbec_camera//examples/multi_camera_synced_verification_tool/multicamera_sync/output/20250218102900/TotalModeFrames/SNCP1L44P00051_Index1/color_SNCP1L44P00051_Index1_g1739874543393_f5_s1739874543470_e50_d16_.jpg
[35.314s] -- Symlinking: /home/dgx_allex_one/allex2head/install/orbbec_camera/share/orbbec_camera//examples/multi_camera_synced_verification_tool/multicamera_sync/output/20250218102900/TotalModeFrames/SNCP1L44P00051_Index1/color_SNCP1L44P00051_Index1_g1739874543427_f6_s1739874543485_e50_d16_.jpg
[35.319s] -- Symlinking: /home/dgx_allex_one/allex2head/install/orbbec_camera/share/orbbec_camera//examples/multi_camera_synced_verification_tool/multicamera_sync/output/20250218102900/TotalModeFrames/SNCP1L44P00051_Index1/color_SNCP1L44P00051_Index1_g1739874543460_f7_s1739874543505_e50_d16_.jpg
[35.323s] -- Symlinking: /home/dgx_allex_one/allex2head/install/orbbec_camera/share/orbbec_camera//examples/multi_camera_synced_verification_tool/multicamera_sync/output/20250218102900/TotalModeFrames/SNCP1L44P00051_Index1/color_SNCP1L44P00051_Index1_g1739874543494_f8_s1739874543540_e50_d16_.jpg
[35.328s] -- Symlinking: /home/dgx_allex_one/allex2head/install/orbbec_camera/share/orbbec_camera//examples/multi_camera_synced_verification_tool/multicamera_sync/output/20250218102900/TotalModeFrames/SNCP1L44P00051_Index1/color_SNCP1L44P00051_Index1_g1739874543527_f9_s1739874543616_e50_d16_.jpg
[35.333s] -- Symlinking: /home/dgx_allex_one/allex2head/install/orbbec_camera/share/orbbec_camera//examples/multi_camera_synced_verification_tool/multicamera_sync/output/20250218102900/TotalModeFrames/SNCP1L44P00051_Index1/color_SNCP1L44P00051_Index1_g1739874543560_f10_s1739874543618_e50_d16_.jpg
[35.337s] -- Symlinking: /home/dgx_allex_one/allex2head/install/orbbec_camera/share/orbbec_camera//examples/multi_camera_synced_verification_tool/multicamera_sync/output/20250218102900/TotalModeFrames/SNCP1L44P00051_Index1/ir#left_SNCP1L44P00051_Index1_g1739874543227_f0_s1739874543250_e5000_d16_.jpg
[35.345s] -- Symlinking: /home/dgx_allex_one/allex2head/install/orbbec_camera/share/orbbec_camera//examples/multi_camera_synced_verification_tool/multicamera_sync/output/20250218102900/TotalModeFrames/SNCP1L44P00051_Index1/ir#left_SNCP1L44P00051_Index1_g1739874543260_f1_s1739874543294_e5000_d16_.jpg
[35.353s] -- Symlinking: /home/dgx_allex_one/allex2head/install/orbbec_camera/share/orbbec_camera//examples/multi_camera_synced_verification_tool/multicamera_sync/output/20250218102900/TotalModeFrames/SNCP1L44P00051_Index1/ir#left_SNCP1L44P00051_Index1_g1739874543294_f2_s1739874543319_e5000_d16_.jpg
[35.361s] -- Symlinking: /home/dgx_allex_one/allex2head/install/orbbec_camera/share/orbbec_camera//examples/multi_camera_synced_verification_tool/multicamera_sync/output/20250218102900/TotalModeFrames/SNCP1L44P00051_Index1/ir#left_SNCP1L44P00051_Index1_g1739874543327_f3_s1739874543460_e5000_d16_.jpg
[35.367s] -- Symlinking: /home/dgx_allex_one/allex2head/install/orbbec_camera/share/orbbec_camera//examples/multi_camera_synced_verification_tool/multicamera_sync/output/20250218102900/TotalModeFrames/SNCP1L44P00051_Index1/ir#left_SNCP1L44P00051_Index1_g1739874543360_f4_s1739874543460_e5000_d16_.jpg
[35.372s] -- Symlinking: /home/dgx_allex_one/allex2head/install/orbbec_camera/share/orbbec_camera//examples/multi_camera_synced_verification_tool/multicamera_sync/output/20250218102900/TotalModeFrames/SNCP1L44P00051_Index1/ir#left_SNCP1L44P00051_Index1_g1739874543394_f5_s1739874543661_e5000_d16_.jpg
[35.380s] -- Symlinking: /home/dgx_allex_one/allex2head/install/orbbec_camera/share/orbbec_camera//examples/multi_camera_synced_verification_tool/multicamera_sync/output/20250218102900/TotalModeFrames/SNCP1L44P00051_Index1/ir#left_SNCP1L44P00051_Index1_g1739874543427_f6_s1739874543684_e5000_d16_.jpg
[35.387s] -- Symlinking: /home/dgx_allex_one/allex2head/install/orbbec_camera/share/orbbec_camera//examples/multi_camera_synced_verification_tool/multicamera_sync/output/20250218102900/TotalModeFrames/SNCP1L44P00051_Index1/ir#left_SNCP1L44P00051_Index1_g1739874543460_f7_s1739874543685_e5000_d16_.jpg
[35.392s] -- Symlinking: /home/dgx_allex_one/allex2head/install/orbbec_camera/share/orbbec_camera//examples/multi_camera_synced_verification_tool/multicamera_sync/output/20250218102900/TotalModeFrames/SNCP1L44P00051_Index1/ir#left_SNCP1L44P00051_Index1_g1739874543494_f8_s1739874543687_e5000_d16_.jpg
[35.397s] -- Symlinking: /home/dgx_allex_one/allex2head/install/orbbec_camera/share/orbbec_camera//examples/multi_camera_synced_verification_tool/multicamera_sync/output/20250218102900/TotalModeFrames/SNCP1L44P00051_Index1/ir#left_SNCP1L44P00051_Index1_g1739874543527_f10_s1739874543687_e5000_d16_.jpg
[35.405s] -- Symlinking: /home/dgx_allex_one/allex2head/install/orbbec_camera/share/orbbec_camera//examples/multi_camera_synced_verification_tool/multicamera_sync/output/20250218102900/TotalModeFrames/SNCP1L44P00051_Index1/ir#left_SNCP1L44P00051_Index1_g1739874543560_f11_s1739874543687_e5000_d16_.jpg
[35.412s] -- Symlinking: /home/dgx_allex_one/allex2head/install/orbbec_camera/share/orbbec_camera//examples/multi_camera_synced_verification_tool/multicamera_sync/output/20250218102900/results-2025-02-25_163648/frameMatchLog.txt
[35.420s] -- Symlinking: /home/dgx_allex_one/allex2head/install/orbbec_camera/share/orbbec_camera//examples/multi_camera_synced_verification_tool/multicamera_sync/output/20250218102900/results-2025-02-25_163648/matchFrames/0_color_SNCP1E5420006D_Index0_1739874543527_[0].jpg
[35.425s] -- Symlinking: /home/dgx_allex_one/allex2head/install/orbbec_camera/share/orbbec_camera//examples/multi_camera_synced_verification_tool/multicamera_sync/output/20250218102900/results-2025-02-25_163648/matchFrames/0_color_SNCP1L44P00051_Index1_1739874543527_[0].jpg
[35.430s] -- Symlinking: /home/dgx_allex_one/allex2head/install/orbbec_camera/share/orbbec_camera//examples/multi_camera_synced_verification_tool/multicamera_sync/output/20250218102900/results-2025-02-25_163648/matchFrames/0_ir_left_SNCP1E5420006D_Index0_1739874543527_[0].jpg
[35.434s] -- Symlinking: /home/dgx_allex_one/allex2head/install/orbbec_camera/share/orbbec_camera//examples/multi_camera_synced_verification_tool/multicamera_sync/output/20250218102900/results-2025-02-25_163648/matchFrames/0_ir_left_SNCP1L44P00051_Index1_1739874543527_[0].jpg
[35.439s] -- Symlinking: /home/dgx_allex_one/allex2head/install/orbbec_camera/share/orbbec_camera//examples/multi_camera_synced_verification_tool/multicamera_sync/output/20250218102900/results-2025-02-25_163648/matchFrames/10_color_SNCP1E5420006D_Index0_1739874543227_[0].jpg
[35.444s] -- Symlinking: /home/dgx_allex_one/allex2head/install/orbbec_camera/share/orbbec_camera//examples/multi_camera_synced_verification_tool/multicamera_sync/output/20250218102900/results-2025-02-25_163648/matchFrames/10_color_SNCP1L44P00051_Index1_1739874543227_[0].jpg
[35.452s] -- Symlinking: /home/dgx_allex_one/allex2head/install/orbbec_camera/share/orbbec_camera//examples/multi_camera_synced_verification_tool/multicamera_sync/output/20250218102900/results-2025-02-25_163648/matchFrames/10_ir_left_SNCP1E5420006D_Index0_1739874543227_[0].jpg
[35.456s] -- Symlinking: /home/dgx_allex_one/allex2head/install/orbbec_camera/share/orbbec_camera//examples/multi_camera_synced_verification_tool/multicamera_sync/output/20250218102900/results-2025-02-25_163648/matchFrames/10_ir_left_SNCP1L44P00051_Index1_1739874543227_[0].jpg
[35.464s] -- Symlinking: /home/dgx_allex_one/allex2head/install/orbbec_camera/share/orbbec_camera//examples/multi_camera_synced_verification_tool/multicamera_sync/output/20250218102900/results-2025-02-25_163648/matchFrames/1_color_SNCP1E5420006D_Index0_1739874543494_[0].jpg
[35.472s] -- Symlinking: /home/dgx_allex_one/allex2head/install/orbbec_camera/share/orbbec_camera//examples/multi_camera_synced_verification_tool/multicamera_sync/output/20250218102900/results-2025-02-25_163648/matchFrames/1_color_SNCP1L44P00051_Index1_1739874543494_[0].jpg
[35.480s] -- Symlinking: /home/dgx_allex_one/allex2head/install/orbbec_camera/share/orbbec_camera//examples/multi_camera_synced_verification_tool/multicamera_sync/output/20250218102900/results-2025-02-25_163648/matchFrames/1_ir_left_SNCP1E5420006D_Index0_1739874543494_[0].jpg
[35.485s] -- Symlinking: /home/dgx_allex_one/allex2head/install/orbbec_camera/share/orbbec_camera//examples/multi_camera_synced_verification_tool/multicamera_sync/output/20250218102900/results-2025-02-25_163648/matchFrames/1_ir_left_SNCP1L44P00051_Index1_1739874543494_[0].jpg
[35.490s] -- Symlinking: /home/dgx_allex_one/allex2head/install/orbbec_camera/share/orbbec_camera//examples/multi_camera_synced_verification_tool/multicamera_sync/output/20250218102900/results-2025-02-25_163648/matchFrames/2_color_SNCP1E5420006D_Index0_1739874543461_[1].jpg
[35.495s] -- Symlinking: /home/dgx_allex_one/allex2head/install/orbbec_camera/share/orbbec_camera//examples/multi_camera_synced_verification_tool/multicamera_sync/output/20250218102900/results-2025-02-25_163648/matchFrames/2_color_SNCP1L44P00051_Index1_1739874543460_[0].jpg
[35.501s] -- Symlinking: /home/dgx_allex_one/allex2head/install/orbbec_camera/share/orbbec_camera//examples/multi_camera_synced_verification_tool/multicamera_sync/output/20250218102900/results-2025-02-25_163648/matchFrames/2_ir_left_SNCP1E5420006D_Index0_1739874543461_[1].jpg
[35.505s] -- Symlinking: /home/dgx_allex_one/allex2head/install/orbbec_camera/share/orbbec_camera//examples/multi_camera_synced_verification_tool/multicamera_sync/output/20250218102900/results-2025-02-25_163648/matchFrames/2_ir_left_SNCP1L44P00051_Index1_1739874543460_[0].jpg
[35.510s] -- Symlinking: /home/dgx_allex_one/allex2head/install/orbbec_camera/share/orbbec_camera//examples/multi_camera_synced_verification_tool/multicamera_sync/output/20250218102900/results-2025-02-25_163648/matchFrames/3_color_SNCP1E5420006D_Index0_1739874543260_[0].jpg
[35.515s] -- Symlinking: /home/dgx_allex_one/allex2head/install/orbbec_camera/share/orbbec_camera//examples/multi_camera_synced_verification_tool/multicamera_sync/output/20250218102900/results-2025-02-25_163648/matchFrames/3_color_SNCP1L44P00051_Index1_1739874543260_[0].jpg
[35.520s] -- Symlinking: /home/dgx_allex_one/allex2head/install/orbbec_camera/share/orbbec_camera//examples/multi_camera_synced_verification_tool/multicamera_sync/output/20250218102900/results-2025-02-25_163648/matchFrames/3_ir_left_SNCP1E5420006D_Index0_1739874543260_[0].jpg
[35.525s] -- Symlinking: /home/dgx_allex_one/allex2head/install/orbbec_camera/share/orbbec_camera//examples/multi_camera_synced_verification_tool/multicamera_sync/output/20250218102900/results-2025-02-25_163648/matchFrames/3_ir_left_SNCP1L44P00051_Index1_1739874543260_[0].jpg
[35.530s] -- Symlinking: /home/dgx_allex_one/allex2head/install/orbbec_camera/share/orbbec_camera//examples/multi_camera_synced_verification_tool/multicamera_sync/output/20250218102900/results-2025-02-25_163648/matchFrames/4_color_SNCP1E5420006D_Index0_1739874543360_[0].jpg
[35.537s] -- Symlinking: /home/dgx_allex_one/allex2head/install/orbbec_camera/share/orbbec_camera//examples/multi_camera_synced_verification_tool/multicamera_sync/output/20250218102900/results-2025-02-25_163648/matchFrames/4_color_SNCP1L44P00051_Index1_1739874543360_[0].jpg
[35.544s] -- Symlinking: /home/dgx_allex_one/allex2head/install/orbbec_camera/share/orbbec_camera//examples/multi_camera_synced_verification_tool/multicamera_sync/output/20250218102900/results-2025-02-25_163648/matchFrames/4_ir_left_SNCP1E5420006D_Index0_1739874543361_[1].jpg
[35.551s] -- Symlinking: /home/dgx_allex_one/allex2head/install/orbbec_camera/share/orbbec_camera//examples/multi_camera_synced_verification_tool/multicamera_sync/output/20250218102900/results-2025-02-25_163648/matchFrames/4_ir_left_SNCP1L44P00051_Index1_1739874543360_[0].jpg
[35.556s] -- Symlinking: /home/dgx_allex_one/allex2head/install/orbbec_camera/share/orbbec_camera//examples/multi_camera_synced_verification_tool/multicamera_sync/output/20250218102900/results-2025-02-25_163648/matchFrames/5_color_SNCP1E5420006D_Index0_1739874543327_[0].jpg
[35.563s] -- Symlinking: /home/dgx_allex_one/allex2head/install/orbbec_camera/share/orbbec_camera//examples/multi_camera_synced_verification_tool/multicamera_sync/output/20250218102900/results-2025-02-25_163648/matchFrames/5_color_SNCP1L44P00051_Index1_1739874543327_[0].jpg
[35.571s] -- Symlinking: /home/dgx_allex_one/allex2head/install/orbbec_camera/share/orbbec_camera//examples/multi_camera_synced_verification_tool/multicamera_sync/output/20250218102900/results-2025-02-25_163648/matchFrames/5_ir_left_SNCP1E5420006D_Index0_1739874543327_[0].jpg
[35.578s] -- Symlinking: /home/dgx_allex_one/allex2head/install/orbbec_camera/share/orbbec_camera//examples/multi_camera_synced_verification_tool/multicamera_sync/output/20250218102900/results-2025-02-25_163648/matchFrames/5_ir_left_SNCP1L44P00051_Index1_1739874543327_[0].jpg
[35.586s] -- Symlinking: /home/dgx_allex_one/allex2head/install/orbbec_camera/share/orbbec_camera//examples/multi_camera_synced_verification_tool/multicamera_sync/output/20250218102900/results-2025-02-25_163648/matchFrames/6_color_SNCP1E5420006D_Index0_1739874543561_[1].jpg
[35.593s] -- Symlinking: /home/dgx_allex_one/allex2head/install/orbbec_camera/share/orbbec_camera//examples/multi_camera_synced_verification_tool/multicamera_sync/output/20250218102900/results-2025-02-25_163648/matchFrames/6_color_SNCP1L44P00051_Index1_1739874543560_[0].jpg
[35.602s] -- Symlinking: /home/dgx_allex_one/allex2head/install/orbbec_camera/share/orbbec_camera//examples/multi_camera_synced_verification_tool/multicamera_sync/output/20250218102900/results-2025-02-25_163648/matchFrames/6_ir_left_SNCP1E5420006D_Index0_1739874543561_[1].jpg
[35.609s] -- Symlinking: /home/dgx_allex_one/allex2head/install/orbbec_camera/share/orbbec_camera//examples/multi_camera_synced_verification_tool/multicamera_sync/output/20250218102900/results-2025-02-25_163648/matchFrames/6_ir_left_SNCP1L44P00051_Index1_1739874543560_[0].jpg
[35.616s] -- Symlinking: /home/dgx_allex_one/allex2head/install/orbbec_camera/share/orbbec_camera//examples/multi_camera_synced_verification_tool/multicamera_sync/output/20250218102900/results-2025-02-25_163648/matchFrames/7_color_SNCP1E5420006D_Index0_1739874543427_[0].jpg
[35.622s] -- Symlinking: /home/dgx_allex_one/allex2head/install/orbbec_camera/share/orbbec_camera//examples/multi_camera_synced_verification_tool/multicamera_sync/output/20250218102900/results-2025-02-25_163648/matchFrames/7_color_SNCP1L44P00051_Index1_1739874543427_[0].jpg
[35.627s] -- Symlinking: /home/dgx_allex_one/allex2head/install/orbbec_camera/share/orbbec_camera//examples/multi_camera_synced_verification_tool/multicamera_sync/output/20250218102900/results-2025-02-25_163648/matchFrames/7_ir_left_SNCP1E5420006D_Index0_1739874543427_[0].jpg
[35.635s] -- Symlinking: /home/dgx_allex_one/allex2head/install/orbbec_camera/share/orbbec_camera//examples/multi_camera_synced_verification_tool/multicamera_sync/output/20250218102900/results-2025-02-25_163648/matchFrames/7_ir_left_SNCP1L44P00051_Index1_1739874543427_[0].jpg
[35.643s] -- Symlinking: /home/dgx_allex_one/allex2head/install/orbbec_camera/share/orbbec_camera//examples/multi_camera_synced_verification_tool/multicamera_sync/output/20250218102900/results-2025-02-25_163648/matchFrames/8_color_SNCP1E5420006D_Index0_1739874543294_[1].jpg
[35.648s] -- Symlinking: /home/dgx_allex_one/allex2head/install/orbbec_camera/share/orbbec_camera//examples/multi_camera_synced_verification_tool/multicamera_sync/output/20250218102900/results-2025-02-25_163648/matchFrames/8_color_SNCP1L44P00051_Index1_1739874543293_[0].jpg
[35.653s] -- Symlinking: /home/dgx_allex_one/allex2head/install/orbbec_camera/share/orbbec_camera//examples/multi_camera_synced_verification_tool/multicamera_sync/output/20250218102900/results-2025-02-25_163648/matchFrames/8_ir_left_SNCP1E5420006D_Index0_1739874543294_[1].jpg
[35.661s] -- Symlinking: /home/dgx_allex_one/allex2head/install/orbbec_camera/share/orbbec_camera//examples/multi_camera_synced_verification_tool/multicamera_sync/output/20250218102900/results-2025-02-25_163648/matchFrames/8_ir_left_SNCP1L44P00051_Index1_1739874543294_[1].jpg
[35.667s] -- Symlinking: /home/dgx_allex_one/allex2head/install/orbbec_camera/share/orbbec_camera//examples/multi_camera_synced_verification_tool/multicamera_sync/output/20250218102900/results-2025-02-25_163648/matchFrames/9_color_SNCP1E5420006D_Index0_1739874543394_[1].jpg
[35.675s] -- Symlinking: /home/dgx_allex_one/allex2head/install/orbbec_camera/share/orbbec_camera//examples/multi_camera_synced_verification_tool/multicamera_sync/output/20250218102900/results-2025-02-25_163648/matchFrames/9_color_SNCP1L44P00051_Index1_1739874543393_[0].jpg
[35.680s] -- Symlinking: /home/dgx_allex_one/allex2head/install/orbbec_camera/share/orbbec_camera//examples/multi_camera_synced_verification_tool/multicamera_sync/output/20250218102900/results-2025-02-25_163648/matchFrames/9_ir_left_SNCP1E5420006D_Index0_1739874543394_[1].jpg
[35.686s] -- Symlinking: /home/dgx_allex_one/allex2head/install/orbbec_camera/share/orbbec_camera//examples/multi_camera_synced_verification_tool/multicamera_sync/output/20250218102900/results-2025-02-25_163648/matchFrames/9_ir_left_SNCP1L44P00051_Index1_1739874543394_[1].jpg
[35.694s] -- Symlinking: /home/dgx_allex_one/allex2head/install/orbbec_camera/share/orbbec_camera//examples/net_camera/README.MD
[35.699s] -- Symlinking: /home/dgx_allex_one/allex2head/install/orbbec_camera/share/orbbec_camera//examples/net_camera/multi_net_camera.launch.py
[35.706s] -- Symlinking: /home/dgx_allex_one/allex2head/install/orbbec_camera/share/orbbec_camera//examples/point_cloud/README.MD
[35.715s] -- Symlinking: /home/dgx_allex_one/allex2head/install/orbbec_camera/share/orbbec_camera//examples/point_cloud/image/image5.jpg
[35.722s] -- Symlinking: /home/dgx_allex_one/allex2head/install/orbbec_camera/share/orbbec_camera//examples/point_cloud/image/image6.jpg
[35.731s] -- Symlinking: /home/dgx_allex_one/allex2head/install/orbbec_camera/share/orbbec_camera//examples/start_camera_node/README.MD
[35.739s] -- Symlinking: /home/dgx_allex_one/allex2head/install/orbbec_camera/share/orbbec_camera//examples/start_camera_node/image/image1.jpg
[35.746s] -- Symlinking: /home/dgx_allex_one/allex2head/install/orbbec_camera/share/orbbec_camera//examples/start_camera_node/image/image2.jpg
[35.754s] -- Symlinking: /home/dgx_allex_one/allex2head/install/orbbec_camera/include/libobsensor/ObSensor.h
[35.762s] -- Symlinking: /home/dgx_allex_one/allex2head/install/orbbec_camera/include/libobsensor/ObSensor.hpp
[35.770s] -- Symlinking: /home/dgx_allex_one/allex2head/install/orbbec_camera/include/libobsensor/h/Advanced.h
[35.775s] -- Symlinking: /home/dgx_allex_one/allex2head/install/orbbec_camera/include/libobsensor/h/Context.h
[35.780s] -- Symlinking: /home/dgx_allex_one/allex2head/install/orbbec_camera/include/libobsensor/h/Device.h
[35.784s] -- Symlinking: /home/dgx_allex_one/allex2head/install/orbbec_camera/include/libobsensor/h/Error.h
[35.789s] -- Symlinking: /home/dgx_allex_one/allex2head/install/orbbec_camera/include/libobsensor/h/Export.h
[35.797s] -- Symlinking: /home/dgx_allex_one/allex2head/install/orbbec_camera/include/libobsensor/h/Filter.h
[35.803s] -- Symlinking: /home/dgx_allex_one/allex2head/install/orbbec_camera/include/libobsensor/h/Frame.h
[35.811s] -- Symlinking: /home/dgx_allex_one/allex2head/install/orbbec_camera/include/libobsensor/h/MultipleDevices.h
[35.819s] -- Symlinking: /home/dgx_allex_one/allex2head/install/orbbec_camera/include/libobsensor/h/ObTypes.h
[35.827s] -- Symlinking: /home/dgx_allex_one/allex2head/install/orbbec_camera/include/libobsensor/h/Pipeline.h
[35.834s] -- Symlinking: /home/dgx_allex_one/allex2head/install/orbbec_camera/include/libobsensor/h/Property.h
[35.841s] -- Symlinking: /home/dgx_allex_one/allex2head/install/orbbec_camera/include/libobsensor/h/RecordPlayback.h
[35.849s] -- Symlinking: /home/dgx_allex_one/allex2head/install/orbbec_camera/include/libobsensor/h/Sensor.h
[35.854s] -- Symlinking: /home/dgx_allex_one/allex2head/install/orbbec_camera/include/libobsensor/h/StreamProfile.h
[35.862s] -- Symlinking: /home/dgx_allex_one/allex2head/install/orbbec_camera/include/libobsensor/h/TypeHelper.h
[35.870s] -- Symlinking: /home/dgx_allex_one/allex2head/install/orbbec_camera/include/libobsensor/h/Utils.h
[35.878s] -- Symlinking: /home/dgx_allex_one/allex2head/install/orbbec_camera/include/libobsensor/h/Version.h
[35.885s] -- Symlinking: /home/dgx_allex_one/allex2head/install/orbbec_camera/include/libobsensor/hpp/Context.hpp
[35.893s] -- Symlinking: /home/dgx_allex_one/allex2head/install/orbbec_camera/include/libobsensor/hpp/Device.hpp
[35.901s] -- Symlinking: /home/dgx_allex_one/allex2head/install/orbbec_camera/include/libobsensor/hpp/Error.hpp
[35.905s] -- Symlinking: /home/dgx_allex_one/allex2head/install/orbbec_camera/include/libobsensor/hpp/Filter.hpp
[35.913s] -- Symlinking: /home/dgx_allex_one/allex2head/install/orbbec_camera/include/libobsensor/hpp/Frame.hpp
[35.921s] -- Symlinking: /home/dgx_allex_one/allex2head/install/orbbec_camera/include/libobsensor/hpp/Pipeline.hpp
[35.928s] -- Symlinking: /home/dgx_allex_one/allex2head/install/orbbec_camera/include/libobsensor/hpp/RecordPlayback.hpp
[35.933s] -- Symlinking: /home/dgx_allex_one/allex2head/install/orbbec_camera/include/libobsensor/hpp/Sensor.hpp
[35.941s] -- Symlinking: /home/dgx_allex_one/allex2head/install/orbbec_camera/include/libobsensor/hpp/StreamProfile.hpp
[35.946s] -- Symlinking: /home/dgx_allex_one/allex2head/install/orbbec_camera/include/libobsensor/hpp/TypeHelper.hpp
[35.954s] -- Symlinking: /home/dgx_allex_one/allex2head/install/orbbec_camera/include/libobsensor/hpp/Types.hpp
[35.959s] -- Symlinking: /home/dgx_allex_one/allex2head/install/orbbec_camera/include/libobsensor/hpp/Utils.hpp
[35.968s] -- Symlinking: /home/dgx_allex_one/allex2head/install/orbbec_camera/include/libobsensor/hpp/Version.hpp
[35.975s] -- Symlinking: /home/dgx_allex_one/allex2head/install/orbbec_camera/lib/extensions//libdepthengine.so
[35.981s] -- Symlinking: /home/dgx_allex_one/allex2head/install/orbbec_camera/lib/extensions//libdepthengine.so.2.0
[35.988s] -- Symlinking: /home/dgx_allex_one/allex2head/install/orbbec_camera/lib/extensions//libFilterProcessor.so
[35.996s] -- Symlinking: /home/dgx_allex_one/allex2head/install/orbbec_camera/lib/extensions//libob_priv_filter.so
[36.004s] -- Symlinking: /home/dgx_allex_one/allex2head/install/orbbec_camera/lib/extensions//libfirmwareupdater.so
[36.009s] -- Symlinking: /home/dgx_allex_one/allex2head/install/orbbec_camera/lib/extensions//libob_frame_processor.so
[36.017s] -- Symlinking: /home/dgx_allex_one/allex2head/install/orbbec_camera/lib/orbbec_camera//list_depth_work_mode_node
[36.025s] -- Symlinking: /home/dgx_allex_one/allex2head/install/orbbec_camera/lib/orbbec_camera//topic_statistics_node
[36.032s] -- Symlinking: /home/dgx_allex_one/allex2head/install/orbbec_camera/lib/orbbec_camera//ob_benchmark_node
[36.037s] -- Symlinking: /home/dgx_allex_one/allex2head/install/orbbec_camera/share/orbbec_camera/environment/library_path.sh
[36.045s] -- Symlinking: /home/dgx_allex_one/allex2head/install/orbbec_camera/share/orbbec_camera/environment/library_path.dsv
[36.050s] -- Symlinking: /home/dgx_allex_one/allex2head/install/orbbec_camera/share/ament_index/resource_index/package_run_dependencies/orbbec_camera
[36.058s] -- Symlinking: /home/dgx_allex_one/allex2head/install/orbbec_camera/share/ament_index/resource_index/parent_prefix_path/orbbec_camera
[36.066s] -- Symlinking: /home/dgx_allex_one/allex2head/install/orbbec_camera/share/orbbec_camera/environment/ament_prefix_path.sh
[36.074s] -- Symlinking: /home/dgx_allex_one/allex2head/install/orbbec_camera/share/orbbec_camera/environment/ament_prefix_path.dsv
[36.081s] -- Symlinking: /home/dgx_allex_one/allex2head/install/orbbec_camera/share/orbbec_camera/environment/path.sh
[36.089s] -- Symlinking: /home/dgx_allex_one/allex2head/install/orbbec_camera/share/orbbec_camera/environment/path.dsv
[36.097s] -- Symlinking: /home/dgx_allex_one/allex2head/install/orbbec_camera/share/orbbec_camera/local_setup.bash
[36.104s] -- Symlinking: /home/dgx_allex_one/allex2head/install/orbbec_camera/share/orbbec_camera/local_setup.sh
[36.111s] -- Symlinking: /home/dgx_allex_one/allex2head/install/orbbec_camera/share/orbbec_camera/local_setup.zsh
[36.119s] -- Symlinking: /home/dgx_allex_one/allex2head/install/orbbec_camera/share/orbbec_camera/local_setup.dsv
[36.126s] -- Symlinking: /home/dgx_allex_one/allex2head/install/orbbec_camera/share/orbbec_camera/package.dsv
[36.134s] -- Symlinking: /home/dgx_allex_one/allex2head/install/orbbec_camera/share/ament_index/resource_index/packages/orbbec_camera
[36.142s] -- Symlinking: /home/dgx_allex_one/allex2head/install/orbbec_camera/share/ament_index/resource_index/rclcpp_components/orbbec_camera
[36.150s] -- Symlinking: /home/dgx_allex_one/allex2head/install/orbbec_camera/share/orbbec_camera/cmake/ament_cmake_export_include_directories-extras.cmake
[36.157s] -- Symlinking: /home/dgx_allex_one/allex2head/install/orbbec_camera/share/orbbec_camera/cmake/ament_cmake_export_libraries-extras.cmake
[36.165s] -- Symlinking: /home/dgx_allex_one/allex2head/install/orbbec_camera/share/orbbec_camera/cmake/ament_cmake_export_dependencies-extras.cmake
[36.173s] -- Symlinking: /home/dgx_allex_one/allex2head/install/orbbec_camera/share/orbbec_camera/cmake/orbbec_cameraConfig.cmake
[36.180s] -- Symlinking: /home/dgx_allex_one/allex2head/install/orbbec_camera/share/orbbec_camera/cmake/orbbec_cameraConfig-version.cmake
[36.187s] -- Symlinking: /home/dgx_allex_one/allex2head/install/orbbec_camera/share/orbbec_camera/package.xml
[36.195s] -- Up-to-date: /home/dgx_allex_one/allex2head/install/orbbec_camera/lib/
[36.195s] -- Installing: /home/dgx_allex_one/allex2head/install/orbbec_camera/lib//libOrbbecSDK.so
[36.195s] -- Up-to-date: /home/dgx_allex_one/allex2head/install/orbbec_camera/lib//extensions
[36.195s] -- Installing: /home/dgx_allex_one/allex2head/install/orbbec_camera/lib//extensions/firmwareupdater
[36.195s] -- Installing: /home/dgx_allex_one/allex2head/install/orbbec_camera/lib//extensions/firmwareupdater/libfirmwareupdater.so
[36.206s] -- Installing: /home/dgx_allex_one/allex2head/install/orbbec_camera/lib//extensions/filters
[36.206s] -- Installing: /home/dgx_allex_one/allex2head/install/orbbec_camera/lib//extensions/filters/libFilterProcessor.so
[36.207s] -- Installing: /home/dgx_allex_one/allex2head/install/orbbec_camera/lib//extensions/filters/libob_priv_filter.so
[36.208s] -- Installing: /home/dgx_allex_one/allex2head/install/orbbec_camera/lib//extensions/depthengine
[36.209s] -- Installing: /home/dgx_allex_one/allex2head/install/orbbec_camera/lib//extensions/depthengine/libdepthengine.so
[36.209s] -- Installing: /home/dgx_allex_one/allex2head/install/orbbec_camera/lib//extensions/depthengine/libdepthengine.so.2.0
[36.209s] -- Installing: /home/dgx_allex_one/allex2head/install/orbbec_camera/lib//extensions/frameprocessor
[36.209s] -- Installing: /home/dgx_allex_one/allex2head/install/orbbec_camera/lib//extensions/frameprocessor/libob_frame_processor.so
[36.210s] -- Installing: /home/dgx_allex_one/allex2head/install/orbbec_camera/lib//libOrbbecSDK.so.2
[36.210s] -- Installing: /home/dgx_allex_one/allex2head/install/orbbec_camera/lib//libOrbbecSDK.so.2.4.11
[36.231s] Invoked command in '/home/dgx_allex_one/allex2head/build/orbbec_camera' returned '0': CMAKE_PREFIX_PATH=/home/dgx_allex_one/allex2head/install/orbbec_camera_msgs:/home/dgx_allex_one/allex2head/install/orbbec_description:/home/dgx_allex_one/allex2head/install/orbbec_camera:/opt/ros/jazzy/opt/gz_math_vendor:/opt/ros/jazzy/opt/gz_utils_vendor:/opt/ros/jazzy/opt/gz_cmake_vendor:/home/dgx_allex_one/allex2head/install/camera_node:/opt/ros/jazzy DEBUGINFOD_URLS=https://debuginfod.ubuntu.com LD_LIBRARY_PATH=/home/dgx_allex_one/allex2head/install/orbbec_camera_msgs/lib:/home/dgx_allex_one/allex2head/install/orbbec_camera/lib:/opt/ros/jazzy/opt/rviz_ogre_vendor/lib:/opt/ros/jazzy/lib/aarch64-linux-gnu:/opt/ros/jazzy/opt/gz_math_vendor/lib:/opt/ros/jazzy/opt/gz_utils_vendor/lib:/opt/ros/jazzy/opt/gz_cmake_vendor/lib:/opt/ros/jazzy/lib PYTHONPATH=/home/dgx_allex_one/allex2head/install/orbbec_camera_msgs/lib/python3.12/site-packages:${PYTHONPATH} /usr/bin/cmake --install /home/dgx_allex_one/allex2head/build/orbbec_camera
