[0.007s] Invoking command in '/home/dgx_allex_one/allex2head/build/orbbec_camera': AMENT_PREFIX_PATH=/home/dgx_allex_one/allex2head/install/orbbec_camera_msgs:${AMENT_PREFIX_PATH} CMAKE_PREFIX_PATH=/home/dgx_allex_one/allex2head/install/orbbec_camera_msgs:/opt/ros/jazzy/opt/gz_math_vendor:/opt/ros/jazzy/opt/gz_utils_vendor:/opt/ros/jazzy/opt/gz_cmake_vendor:/opt/ros/jazzy CONDA_PROMPT_MODIFIER=(allex_camera) DEBUGINFOD_URLS=https://debuginfod.ubuntu.com LD_LIBRARY_PATH=/home/dgx_allex_one/allex2head/install/orbbec_camera_msgs/lib:${LD_LIBRARY_PATH} PYTHONPATH=/home/dgx_allex_one/allex2head/install/orbbec_camera_msgs/lib/python3.10/site-packages:${PYTHONPATH} /usr/bin/cmake /home/dgx_allex_one/allex2head/src/OrbbecSDK_ROS2/orbbec_camera -DAMENT_CMAKE_SYMLINK_INSTALL=1 -DCMAKE_INSTALL_PREFIX=/home/dgx_allex_one/allex2head/install/orbbec_camera
[0.020s] -- Found ament_cmake: 2.5.4 (/opt/ros/jazzy/share/ament_cmake/cmake)
[0.121s] -- Override CMake install command with custom implementation using symlinks instead of copying resources
[0.127s] -- Found ament_index_cpp: 1.8.1 (/opt/ros/jazzy/share/ament_index_cpp/cmake)
[0.128s] -- Found builtin_interfaces: 2.0.3 (/opt/ros/jazzy/share/builtin_interfaces/cmake)
[0.149s] -- Found rosidl_generator_c: 4.6.6 (/opt/ros/jazzy/share/rosidl_generator_c/cmake)
[0.157s] -- Found rosidl_generator_cpp: 4.6.6 (/opt/ros/jazzy/share/rosidl_generator_cpp/cmake)
[0.166s] -- Using all available rosidl_typesupport_c: rosidl_typesupport_fastrtps_c;rosidl_typesupport_introspection_c
[0.177s] -- Using all available rosidl_typesupport_cpp: rosidl_typesupport_fastrtps_cpp;rosidl_typesupport_introspection_cpp
[0.182s] -- Found cv_bridge: 4.1.0 (/opt/ros/jazzy/share/cv_bridge/cmake)
[0.224s] -- Found rmw_implementation_cmake: 7.3.2 (/opt/ros/jazzy/share/rmw_implementation_cmake/cmake)
[0.224s] -- Found rmw_fastrtps_cpp: 8.4.3 (/opt/ros/jazzy/share/rmw_fastrtps_cpp/cmake)
[0.256s] -- Using RMW implementation 'rmw_fastrtps_cpp' as default
[0.281s] -- Found camera_info_manager: 5.1.7 (/opt/ros/jazzy/share/camera_info_manager/cmake)
[0.282s] -- Setting yaml-cpp_DIR to: '/opt/ros/jazzy/share/yaml_cpp_vendor/cmake/../../../opt/yaml_cpp_vendor/share/cmake/yaml-cpp'
[0.294s] -- Found image_transport: 5.1.7 (/opt/ros/jazzy/share/image_transport/cmake)
[0.299s] -- Found image_publisher: 5.0.11 (/opt/ros/jazzy/share/image_publisher/cmake)
[0.313s] -- Found OpenCV: /usr (found version "4.6.0") 
[0.313s] -- Found orbbec_camera_msgs: 1.2.2 (/home/dgx_allex_one/allex2head/install/orbbec_camera_msgs/share/orbbec_camera_msgs/cmake)
[0.326s] -- Found std_srvs: 5.3.6 (/opt/ros/jazzy/share/std_srvs/cmake)
[0.333s] -- Found tf2: 0.36.16 (/opt/ros/jazzy/share/tf2/cmake)
[0.334s] -- Found tf2_msgs: 0.36.16 (/opt/ros/jazzy/share/tf2_msgs/cmake)
[0.356s] -- Found tf2_ros: 0.36.16 (/opt/ros/jazzy/share/tf2_ros/cmake)
[0.364s] -- Found tf2_sensor_msgs: 0.36.16 (/opt/ros/jazzy/share/tf2_sensor_msgs/cmake)
[0.377s] -- Performing Test CMAKE_HAVE_LIBC_PTHREAD
[0.456s] -- Performing Test CMAKE_HAVE_LIBC_PTHREAD - Success
[0.456s] -- Found Threads: TRUE  
[0.461s] [31mCMake Error at CMakeLists.txt:46 (find_package):
[0.461s]   By not providing "Finddiagnostic_updater.cmake" in CMAKE_MODULE_PATH this
[0.461s]   project has asked CMake to find a package configuration file provided by
[0.461s]   "diagnostic_updater", but CMake did not find one.
[0.461s] 
[0.461s]   Could not find a package configuration file provided by
[0.461s]   "diagnostic_updater" with any of the following names:
[0.461s] 
[0.461s]     diagnostic_updaterConfig.cmake
[0.461s]     diagnostic_updater-config.cmake
[0.461s] 
[0.461s]   Add the installation prefix of "diagnostic_updater" to CMAKE_PREFIX_PATH or
[0.461s]   set "diagnostic_updater_DIR" to a directory containing one of the above
[0.461s]   files.  If "diagnostic_updater" provides a separate development package or
[0.461s]   SDK, be sure it has been installed.
[0.461s] 
[0.461s] [0m
[0.461s] -- Configuring incomplete, errors occurred!
[0.470s] Invoked command in '/home/dgx_allex_one/allex2head/build/orbbec_camera' returned '1': AMENT_PREFIX_PATH=/home/dgx_allex_one/allex2head/install/orbbec_camera_msgs:${AMENT_PREFIX_PATH} CMAKE_PREFIX_PATH=/home/dgx_allex_one/allex2head/install/orbbec_camera_msgs:/opt/ros/jazzy/opt/gz_math_vendor:/opt/ros/jazzy/opt/gz_utils_vendor:/opt/ros/jazzy/opt/gz_cmake_vendor:/opt/ros/jazzy CONDA_PROMPT_MODIFIER=(allex_camera) DEBUGINFOD_URLS=https://debuginfod.ubuntu.com LD_LIBRARY_PATH=/home/dgx_allex_one/allex2head/install/orbbec_camera_msgs/lib:${LD_LIBRARY_PATH} PYTHONPATH=/home/dgx_allex_one/allex2head/install/orbbec_camera_msgs/lib/python3.10/site-packages:${PYTHONPATH} /usr/bin/cmake /home/dgx_allex_one/allex2head/src/OrbbecSDK_ROS2/orbbec_camera -DAMENT_CMAKE_SYMLINK_INSTALL=1 -DCMAKE_INSTALL_PREFIX=/home/dgx_allex_one/allex2head/install/orbbec_camera
