-- Install configuration: ""
-- Execute custom install script
-- Symlinking: /home/dgx_allex_one/allex2head/install/orbbec_description/share/orbbec_description/launch/launch_utils.py
-- Symlinking: /home/dgx_allex_one/allex2head/install/orbbec_description/share/orbbec_description/launch/view_model.launch.py
-- Symlinking: /home/dgx_allex_one/allex2head/install/orbbec_description/share/orbbec_description/meshes/AstraPlus.stl
-- Symlinking: /home/dgx_allex_one/allex2head/install/orbbec_description/share/orbbec_description/meshes/astra2/base_link.STL
-- Symlinking: /home/dgx_allex_one/allex2head/install/orbbec_description/share/orbbec_description/meshes/astra2/camera_bottom_screw_frame.STL
-- Symlinking: /home/dgx_allex_one/allex2head/install/orbbec_description/share/orbbec_description/meshes/astra2/camera_color_optical_frame.STL
-- Symlinking: /home/dgx_allex_one/allex2head/install/orbbec_description/share/orbbec_description/meshes/astra2/camera_colorl_frame.STL
-- Symlinking: /home/dgx_allex_one/allex2head/install/orbbec_description/share/orbbec_description/meshes/astra2/camera_depth_frame.STL
-- Symlinking: /home/dgx_allex_one/allex2head/install/orbbec_description/share/orbbec_description/meshes/astra2/camera_depth_optical_frame.STL
-- Symlinking: /home/dgx_allex_one/allex2head/install/orbbec_description/share/orbbec_description/meshes/astra2/camera_infra1_frame.STL
-- Symlinking: /home/dgx_allex_one/allex2head/install/orbbec_description/share/orbbec_description/meshes/astra2/camera_infra1_optical_frame.STL
-- Symlinking: /home/dgx_allex_one/allex2head/install/orbbec_description/share/orbbec_description/meshes/femto_bolt/femto_bolt.stl
-- Symlinking: /home/dgx_allex_one/allex2head/install/orbbec_description/share/orbbec_description/meshes/gemini2/base_link.STL
-- Symlinking: /home/dgx_allex_one/allex2head/install/orbbec_description/share/orbbec_description/meshes/gemini2/camera_botter_screw_frame.STL
-- Symlinking: /home/dgx_allex_one/allex2head/install/orbbec_description/share/orbbec_description/meshes/gemini2/camera_color_frame.STL
-- Symlinking: /home/dgx_allex_one/allex2head/install/orbbec_description/share/orbbec_description/meshes/gemini2/camera_color_optical_frame.STL
-- Symlinking: /home/dgx_allex_one/allex2head/install/orbbec_description/share/orbbec_description/meshes/gemini2/camera_depth_frame.STL
-- Symlinking: /home/dgx_allex_one/allex2head/install/orbbec_description/share/orbbec_description/meshes/gemini2/camera_infra1_frame.STL
-- Symlinking: /home/dgx_allex_one/allex2head/install/orbbec_description/share/orbbec_description/meshes/gemini2/camera_infra1_optical_frame.STL
-- Symlinking: /home/dgx_allex_one/allex2head/install/orbbec_description/share/orbbec_description/meshes/gemini2/camera_infra2_frame.STL
-- Symlinking: /home/dgx_allex_one/allex2head/install/orbbec_description/share/orbbec_description/meshes/gemini2/camera_infra2_optical_frame.STL
-- Symlinking: /home/dgx_allex_one/allex2head/install/orbbec_description/share/orbbec_description/meshes/gemini2l/base_link.STL
-- Symlinking: /home/dgx_allex_one/allex2head/install/orbbec_description/share/orbbec_description/meshes/gemini2l/camera_IR1_frame.STL
-- Symlinking: /home/dgx_allex_one/allex2head/install/orbbec_description/share/orbbec_description/meshes/gemini2l/camera_IR1_optical_frame.STL
-- Symlinking: /home/dgx_allex_one/allex2head/install/orbbec_description/share/orbbec_description/meshes/gemini2l/camera_IR2_frame.STL
-- Symlinking: /home/dgx_allex_one/allex2head/install/orbbec_description/share/orbbec_description/meshes/gemini2l/camera_IR2_optical_frame.STL
-- Symlinking: /home/dgx_allex_one/allex2head/install/orbbec_description/share/orbbec_description/meshes/gemini2l/camera_bottom_screw_frame.STL
-- Symlinking: /home/dgx_allex_one/allex2head/install/orbbec_description/share/orbbec_description/meshes/gemini2l/camera_color_frame.STL
-- Symlinking: /home/dgx_allex_one/allex2head/install/orbbec_description/share/orbbec_description/meshes/gemini2l/camera_depth_frame.STL
-- Symlinking: /home/dgx_allex_one/allex2head/install/orbbec_description/share/orbbec_description/meshes/gemini2l/camera_imu_frame.STL
-- Symlinking: /home/dgx_allex_one/allex2head/install/orbbec_description/share/orbbec_description/meshes/gemini2l/camera_rgb_optical_frame.STL
-- Symlinking: /home/dgx_allex_one/allex2head/install/orbbec_description/share/orbbec_description/meshes/gemini335L_336L/base_link.STL
-- Symlinking: /home/dgx_allex_one/allex2head/install/orbbec_description/share/orbbec_description/meshes/gemini335L_336L/camera_IMU_frame.STL
-- Symlinking: /home/dgx_allex_one/allex2head/install/orbbec_description/share/orbbec_description/meshes/gemini335L_336L/camera_color_frame.STL
-- Symlinking: /home/dgx_allex_one/allex2head/install/orbbec_description/share/orbbec_description/meshes/gemini335L_336L/camera_color_optical_frame.STL
-- Symlinking: /home/dgx_allex_one/allex2head/install/orbbec_description/share/orbbec_description/meshes/gemini335L_336L/camera_color_screw_frame.STL
-- Symlinking: /home/dgx_allex_one/allex2head/install/orbbec_description/share/orbbec_description/meshes/gemini335L_336L/camera_depth_frame.STL
-- Symlinking: /home/dgx_allex_one/allex2head/install/orbbec_description/share/orbbec_description/meshes/gemini335L_336L/camera_infra1_frame.STL
-- Symlinking: /home/dgx_allex_one/allex2head/install/orbbec_description/share/orbbec_description/meshes/gemini335L_336L/camera_infra1_optical_frame.STL
-- Symlinking: /home/dgx_allex_one/allex2head/install/orbbec_description/share/orbbec_description/meshes/gemini335L_336L/camera_infra2_frame.STL
-- Symlinking: /home/dgx_allex_one/allex2head/install/orbbec_description/share/orbbec_description/meshes/gemini335L_336L/camera_infra2_optical_frame.STL
-- Symlinking: /home/dgx_allex_one/allex2head/install/orbbec_description/share/orbbec_description/meshes/gemini335Le/base_Link.STL
-- Symlinking: /home/dgx_allex_one/allex2head/install/orbbec_description/share/orbbec_description/meshes/gemini335Le/camera_botton_screw_frame.STL
-- Symlinking: /home/dgx_allex_one/allex2head/install/orbbec_description/share/orbbec_description/meshes/gemini335Le/canera_IMU_ROS_frame.STL
-- Symlinking: /home/dgx_allex_one/allex2head/install/orbbec_description/share/orbbec_description/meshes/gemini335Le/canera_RGB_ROS_frame.STL
-- Symlinking: /home/dgx_allex_one/allex2head/install/orbbec_description/share/orbbec_description/meshes/gemini335Le/canera_left_IR_ROS_frame.STL
-- Symlinking: /home/dgx_allex_one/allex2head/install/orbbec_description/share/orbbec_description/meshes/gemini335Le/canera_right_IR_ROS_frame.STL
-- Symlinking: /home/dgx_allex_one/allex2head/install/orbbec_description/share/orbbec_description/meshes/gemini335Lg/base_link.STL
-- Symlinking: /home/dgx_allex_one/allex2head/install/orbbec_description/share/orbbec_description/meshes/gemini335Lg/camera_IMU_frame.STL
-- Symlinking: /home/dgx_allex_one/allex2head/install/orbbec_description/share/orbbec_description/meshes/gemini335Lg/camera_bottom_screw_frame.STL
-- Symlinking: /home/dgx_allex_one/allex2head/install/orbbec_description/share/orbbec_description/meshes/gemini335Lg/camera_color_frame.STL
-- Symlinking: /home/dgx_allex_one/allex2head/install/orbbec_description/share/orbbec_description/meshes/gemini335Lg/camera_color_optical_frame.STL
-- Symlinking: /home/dgx_allex_one/allex2head/install/orbbec_description/share/orbbec_description/meshes/gemini335Lg/camera_depth_frame.STL
-- Symlinking: /home/dgx_allex_one/allex2head/install/orbbec_description/share/orbbec_description/meshes/gemini335Lg/camera_infra1_frame.STL
-- Symlinking: /home/dgx_allex_one/allex2head/install/orbbec_description/share/orbbec_description/meshes/gemini335Lg/camera_infra1_optical_frame.STL
-- Symlinking: /home/dgx_allex_one/allex2head/install/orbbec_description/share/orbbec_description/meshes/gemini335Lg/camera_infra2_frame.STL
-- Symlinking: /home/dgx_allex_one/allex2head/install/orbbec_description/share/orbbec_description/meshes/gemini335Lg/camera_infra2_optical_frame.STL
-- Symlinking: /home/dgx_allex_one/allex2head/install/orbbec_description/share/orbbec_description/meshes/gemini335_336/camera_bottom_screw_frame.STL
-- Symlinking: /home/dgx_allex_one/allex2head/install/orbbec_description/share/orbbec_description/meshes/gemini335_336/camera_color_frame.STL
-- Symlinking: /home/dgx_allex_one/allex2head/install/orbbec_description/share/orbbec_description/meshes/gemini335_336/camera_color_optical_frame.STL
-- Symlinking: /home/dgx_allex_one/allex2head/install/orbbec_description/share/orbbec_description/meshes/gemini335_336/camera_depth_frame.STL
-- Symlinking: /home/dgx_allex_one/allex2head/install/orbbec_description/share/orbbec_description/meshes/gemini335_336/camera_depth_optical_frame.STL
-- Symlinking: /home/dgx_allex_one/allex2head/install/orbbec_description/share/orbbec_description/meshes/gemini335_336/camera_left_ir_frame.STL
-- Symlinking: /home/dgx_allex_one/allex2head/install/orbbec_description/share/orbbec_description/meshes/gemini335_336/camera_left_ir_optical_frame.STL
-- Symlinking: /home/dgx_allex_one/allex2head/install/orbbec_description/share/orbbec_description/meshes/gemini335_336/camera_link.STL
-- Symlinking: /home/dgx_allex_one/allex2head/install/orbbec_description/share/orbbec_description/meshes/gemini335_336/camera_right_ir_frame.STL
-- Symlinking: /home/dgx_allex_one/allex2head/install/orbbec_description/share/orbbec_description/meshes/gemini335_336/camera_right_ir_optical_frame.STL
-- Symlinking: /home/dgx_allex_one/allex2head/install/orbbec_description/share/orbbec_description/urdf/astra2.urdf.xarco
-- Symlinking: /home/dgx_allex_one/allex2head/install/orbbec_description/share/orbbec_description/urdf/femto_bolt.urdf.xacro
-- Symlinking: /home/dgx_allex_one/allex2head/install/orbbec_description/share/orbbec_description/urdf/gemini2.urdf.xarco
-- Symlinking: /home/dgx_allex_one/allex2head/install/orbbec_description/share/orbbec_description/urdf/gemini2L.urdf.xarco
-- Symlinking: /home/dgx_allex_one/allex2head/install/orbbec_description/share/orbbec_description/urdf/gemini335L_336L.urdf.xarco
-- Symlinking: /home/dgx_allex_one/allex2head/install/orbbec_description/share/orbbec_description/urdf/gemini335Le.urdf.xacro
-- Symlinking: /home/dgx_allex_one/allex2head/install/orbbec_description/share/orbbec_description/urdf/gemini335Lg.urdf.xacro
-- Symlinking: /home/dgx_allex_one/allex2head/install/orbbec_description/share/orbbec_description/urdf/gemini_335_336.urdf.xacro
-- Symlinking: /home/dgx_allex_one/allex2head/install/orbbec_description/share/orbbec_description/urdf/test_astra2.urdf.xarco
-- Symlinking: /home/dgx_allex_one/allex2head/install/orbbec_description/share/orbbec_description/urdf/test_gemini2.urdf.xarco
-- Symlinking: /home/dgx_allex_one/allex2head/install/orbbec_description/share/orbbec_description/urdf/test_gemini2L.urdf.xarco
-- Symlinking: /home/dgx_allex_one/allex2head/install/orbbec_description/share/orbbec_description/urdf/test_gemini335L.urdf.xarco
-- Symlinking: /home/dgx_allex_one/allex2head/install/orbbec_description/share/orbbec_description/urdf/test_gemini335Le.urdf.xarco
-- Symlinking: /home/dgx_allex_one/allex2head/install/orbbec_description/share/orbbec_description/urdf/test_gemini335Lg.urdf.xarco
-- Symlinking: /home/dgx_allex_one/allex2head/install/orbbec_description/share/orbbec_description/urdf/test_gemini336L.urdf.xarco
-- Symlinking: /home/dgx_allex_one/allex2head/install/orbbec_description/share/orbbec_description/urdf/test_gemini_335.urdf.xarco
-- Symlinking: /home/dgx_allex_one/allex2head/install/orbbec_description/share/orbbec_description/urdf/test_gemini_336.urdf.xarco
-- Symlinking: /home/dgx_allex_one/allex2head/install/orbbec_description/share/orbbec_description/rviz/urdf.rviz
-- Symlinking: /home/dgx_allex_one/allex2head/install/orbbec_description/share/ament_index/resource_index/package_run_dependencies/orbbec_description
-- Symlinking: /home/dgx_allex_one/allex2head/install/orbbec_description/share/ament_index/resource_index/parent_prefix_path/orbbec_description
-- Symlinking: /home/dgx_allex_one/allex2head/install/orbbec_description/share/orbbec_description/environment/ament_prefix_path.sh
-- Symlinking: /home/dgx_allex_one/allex2head/install/orbbec_description/share/orbbec_description/environment/ament_prefix_path.dsv
-- Symlinking: /home/dgx_allex_one/allex2head/install/orbbec_description/share/orbbec_description/environment/path.sh
-- Symlinking: /home/dgx_allex_one/allex2head/install/orbbec_description/share/orbbec_description/environment/path.dsv
-- Symlinking: /home/dgx_allex_one/allex2head/install/orbbec_description/share/orbbec_description/local_setup.bash
-- Symlinking: /home/dgx_allex_one/allex2head/install/orbbec_description/share/orbbec_description/local_setup.sh
-- Symlinking: /home/dgx_allex_one/allex2head/install/orbbec_description/share/orbbec_description/local_setup.zsh
-- Symlinking: /home/dgx_allex_one/allex2head/install/orbbec_description/share/orbbec_description/local_setup.dsv
-- Symlinking: /home/dgx_allex_one/allex2head/install/orbbec_description/share/orbbec_description/package.dsv
-- Symlinking: /home/dgx_allex_one/allex2head/install/orbbec_description/share/ament_index/resource_index/packages/orbbec_description
-- Symlinking: /home/dgx_allex_one/allex2head/install/orbbec_description/share/orbbec_description/cmake/orbbec_descriptionConfig.cmake
-- Symlinking: /home/dgx_allex_one/allex2head/install/orbbec_description/share/orbbec_description/cmake/orbbec_descriptionConfig-version.cmake
-- Symlinking: /home/dgx_allex_one/allex2head/install/orbbec_description/share/orbbec_description/package.xml
