[0.061s] DEBUG:colcon:Command line arguments: ['/usr/bin/colcon', 'build', '--symlink-install']
[0.061s] DEBUG:colcon:Parsed command line arguments: Namespace(log_base=None, log_level=None, verb_name='build', build_base='build', install_base='install', merge_install=False, symlink_install=True, test_result_base=None, continue_on_error=False, executor='parallel', parallel_workers=20, event_handlers=None, ignore_user_meta=False, metas=['./colcon.meta'], base_paths=['.'], packages_ignore=None, packages_ignore_regex=None, paths=None, packages_up_to=None, packages_up_to_regex=None, packages_above=None, packages_above_and_dependencies=None, packages_above_depth=None, packages_select_by_dep=None, packages_skip_by_dep=None, packages_skip_up_to=None, packages_select_build_failed=False, packages_skip_build_finished=False, packages_select_test_failures=False, packages_skip_test_passed=False, packages_select=None, packages_skip=None, packages_select_regex=None, packages_skip_regex=None, packages_start=None, packages_end=None, allow_overriding=[], cmake_args=None, cmake_target=None, cmake_target_skip_unavailable=False, cmake_clean_cache=False, cmake_clean_first=False, cmake_force_configure=False, ament_cmake_args=None, catkin_cmake_args=None, catkin_skip_building_tests=False, mixin_files=None, mixin=None, verb_parser=<colcon_mixin.mixin.mixin_argument.MixinArgumentDecorator object at 0x798f60e890f0>, verb_extension=<colcon_core.verb.build.BuildVerb object at 0x798f60e88b80>, main=<bound method BuildVerb.main of <colcon_core.verb.build.BuildVerb object at 0x798f60e88b80>>, mixin_verb=('build',))
[0.151s] Level 1:colcon.colcon_core.package_discovery:discover_packages(colcon_meta) check parameters
[0.152s] Level 1:colcon.colcon_core.package_discovery:discover_packages(recursive) check parameters
[0.152s] Level 1:colcon.colcon_core.package_discovery:discover_packages(ignore) check parameters
[0.152s] Level 1:colcon.colcon_core.package_discovery:discover_packages(path) check parameters
[0.152s] Level 1:colcon.colcon_core.package_discovery:discover_packages(colcon_meta) discover
[0.152s] Level 1:colcon.colcon_core.package_discovery:discover_packages(recursive) discover
[0.152s] INFO:colcon.colcon_core.package_discovery:Crawling recursively for packages in '/home/yeah2/allex_ces_idle_interaction_gui'
[0.152s] Level 1:colcon.colcon_core.package_identification:_identify(.) by extensions ['ignore', 'ignore_ament_install']
[0.152s] Level 1:colcon.colcon_core.package_identification:_identify(.) by extension 'ignore'
[0.152s] Level 1:colcon.colcon_core.package_identification:_identify(.) by extension 'ignore_ament_install'
[0.152s] Level 1:colcon.colcon_core.package_identification:_identify(.) by extensions ['colcon_pkg']
[0.152s] Level 1:colcon.colcon_core.package_identification:_identify(.) by extension 'colcon_pkg'
[0.152s] Level 1:colcon.colcon_core.package_identification:_identify(.) by extensions ['colcon_meta']
[0.152s] Level 1:colcon.colcon_core.package_identification:_identify(.) by extension 'colcon_meta'
[0.152s] Level 1:colcon.colcon_core.package_identification:_identify(.) by extensions ['ros']
[0.152s] Level 1:colcon.colcon_core.package_identification:_identify(.) by extension 'ros'
[0.173s] Level 1:colcon.colcon_core.package_identification:_identify(.) by extensions ['cmake', 'python']
[0.173s] Level 1:colcon.colcon_core.package_identification:_identify(.) by extension 'cmake'
[0.173s] Level 1:colcon.colcon_core.package_identification:_identify(.) by extension 'python'
[0.173s] Level 1:colcon.colcon_core.package_identification:_identify(.) by extensions ['python_setup_py']
[0.173s] Level 1:colcon.colcon_core.package_identification:_identify(.) by extension 'python_setup_py'
[0.173s] Level 1:colcon.colcon_core.package_identification:_identify(build) by extensions ['ignore', 'ignore_ament_install']
[0.173s] Level 1:colcon.colcon_core.package_identification:_identify(build) by extension 'ignore'
[0.173s] Level 1:colcon.colcon_core.package_identification:_identify(build) ignored
[0.173s] Level 1:colcon.colcon_core.package_identification:_identify(config) by extensions ['ignore', 'ignore_ament_install']
[0.173s] Level 1:colcon.colcon_core.package_identification:_identify(config) by extension 'ignore'
[0.173s] Level 1:colcon.colcon_core.package_identification:_identify(config) by extension 'ignore_ament_install'
[0.173s] Level 1:colcon.colcon_core.package_identification:_identify(config) by extensions ['colcon_pkg']
[0.173s] Level 1:colcon.colcon_core.package_identification:_identify(config) by extension 'colcon_pkg'
[0.173s] Level 1:colcon.colcon_core.package_identification:_identify(config) by extensions ['colcon_meta']
[0.173s] Level 1:colcon.colcon_core.package_identification:_identify(config) by extension 'colcon_meta'
[0.173s] Level 1:colcon.colcon_core.package_identification:_identify(config) by extensions ['ros']
[0.173s] Level 1:colcon.colcon_core.package_identification:_identify(config) by extension 'ros'
[0.173s] Level 1:colcon.colcon_core.package_identification:_identify(config) by extensions ['cmake', 'python']
[0.173s] Level 1:colcon.colcon_core.package_identification:_identify(config) by extension 'cmake'
[0.173s] Level 1:colcon.colcon_core.package_identification:_identify(config) by extension 'python'
[0.173s] Level 1:colcon.colcon_core.package_identification:_identify(config) by extensions ['python_setup_py']
[0.173s] Level 1:colcon.colcon_core.package_identification:_identify(config) by extension 'python_setup_py'
[0.173s] Level 1:colcon.colcon_core.package_identification:_identify(install) by extensions ['ignore', 'ignore_ament_install']
[0.173s] Level 1:colcon.colcon_core.package_identification:_identify(install) by extension 'ignore'
[0.173s] Level 1:colcon.colcon_core.package_identification:_identify(install) ignored
[0.173s] Level 1:colcon.colcon_core.package_identification:_identify(log) by extensions ['ignore', 'ignore_ament_install']
[0.174s] Level 1:colcon.colcon_core.package_identification:_identify(log) by extension 'ignore'
[0.174s] Level 1:colcon.colcon_core.package_identification:_identify(log) ignored
[0.174s] Level 1:colcon.colcon_core.package_identification:_identify(src) by extensions ['ignore', 'ignore_ament_install']
[0.174s] Level 1:colcon.colcon_core.package_identification:_identify(src) by extension 'ignore'
[0.174s] Level 1:colcon.colcon_core.package_identification:_identify(src) by extension 'ignore_ament_install'
[0.174s] Level 1:colcon.colcon_core.package_identification:_identify(src) by extensions ['colcon_pkg']
[0.174s] Level 1:colcon.colcon_core.package_identification:_identify(src) by extension 'colcon_pkg'
[0.174s] Level 1:colcon.colcon_core.package_identification:_identify(src) by extensions ['colcon_meta']
[0.174s] Level 1:colcon.colcon_core.package_identification:_identify(src) by extension 'colcon_meta'
[0.174s] Level 1:colcon.colcon_core.package_identification:_identify(src) by extensions ['ros']
[0.174s] Level 1:colcon.colcon_core.package_identification:_identify(src) by extension 'ros'
[0.174s] Level 1:colcon.colcon_core.package_identification:_identify(src) by extensions ['cmake', 'python']
[0.174s] Level 1:colcon.colcon_core.package_identification:_identify(src) by extension 'cmake'
[0.174s] Level 1:colcon.colcon_core.package_identification:_identify(src) by extension 'python'
[0.174s] Level 1:colcon.colcon_core.package_identification:_identify(src) by extensions ['python_setup_py']
[0.174s] Level 1:colcon.colcon_core.package_identification:_identify(src) by extension 'python_setup_py'
[0.174s] Level 1:colcon.colcon_core.package_identification:_identify(src/OrbbecSDK_ROS2) by extensions ['ignore', 'ignore_ament_install']
[0.174s] Level 1:colcon.colcon_core.package_identification:_identify(src/OrbbecSDK_ROS2) by extension 'ignore'
[0.174s] Level 1:colcon.colcon_core.package_identification:_identify(src/OrbbecSDK_ROS2) by extension 'ignore_ament_install'
[0.174s] Level 1:colcon.colcon_core.package_identification:_identify(src/OrbbecSDK_ROS2) by extensions ['colcon_pkg']
[0.174s] Level 1:colcon.colcon_core.package_identification:_identify(src/OrbbecSDK_ROS2) by extension 'colcon_pkg'
[0.174s] Level 1:colcon.colcon_core.package_identification:_identify(src/OrbbecSDK_ROS2) by extensions ['colcon_meta']
[0.174s] Level 1:colcon.colcon_core.package_identification:_identify(src/OrbbecSDK_ROS2) by extension 'colcon_meta'
[0.174s] Level 1:colcon.colcon_core.package_identification:_identify(src/OrbbecSDK_ROS2) by extensions ['ros']
[0.174s] Level 1:colcon.colcon_core.package_identification:_identify(src/OrbbecSDK_ROS2) by extension 'ros'
[0.174s] Level 1:colcon.colcon_core.package_identification:_identify(src/OrbbecSDK_ROS2) by extensions ['cmake', 'python']
[0.174s] Level 1:colcon.colcon_core.package_identification:_identify(src/OrbbecSDK_ROS2) by extension 'cmake'
[0.174s] Level 1:colcon.colcon_core.package_identification:_identify(src/OrbbecSDK_ROS2) by extension 'python'
[0.174s] Level 1:colcon.colcon_core.package_identification:_identify(src/OrbbecSDK_ROS2) by extensions ['python_setup_py']
[0.174s] Level 1:colcon.colcon_core.package_identification:_identify(src/OrbbecSDK_ROS2) by extension 'python_setup_py'
[0.174s] Level 1:colcon.colcon_core.package_identification:_identify(src/OrbbecSDK_ROS2/orbbec_camera) by extensions ['ignore', 'ignore_ament_install']
[0.174s] Level 1:colcon.colcon_core.package_identification:_identify(src/OrbbecSDK_ROS2/orbbec_camera) by extension 'ignore'
[0.174s] Level 1:colcon.colcon_core.package_identification:_identify(src/OrbbecSDK_ROS2/orbbec_camera) by extension 'ignore_ament_install'
[0.174s] Level 1:colcon.colcon_core.package_identification:_identify(src/OrbbecSDK_ROS2/orbbec_camera) by extensions ['colcon_pkg']
[0.174s] Level 1:colcon.colcon_core.package_identification:_identify(src/OrbbecSDK_ROS2/orbbec_camera) by extension 'colcon_pkg'
[0.174s] Level 1:colcon.colcon_core.package_identification:_identify(src/OrbbecSDK_ROS2/orbbec_camera) by extensions ['colcon_meta']
[0.174s] Level 1:colcon.colcon_core.package_identification:_identify(src/OrbbecSDK_ROS2/orbbec_camera) by extension 'colcon_meta'
[0.174s] Level 1:colcon.colcon_core.package_identification:_identify(src/OrbbecSDK_ROS2/orbbec_camera) by extensions ['ros']
[0.174s] Level 1:colcon.colcon_core.package_identification:_identify(src/OrbbecSDK_ROS2/orbbec_camera) by extension 'ros'
[0.177s] DEBUG:colcon.colcon_core.package_identification:Package 'src/OrbbecSDK_ROS2/orbbec_camera' with type 'ros.ament_cmake' and name 'orbbec_camera'
[0.177s] Level 1:colcon.colcon_core.package_identification:_identify(src/OrbbecSDK_ROS2/orbbec_camera_msgs) by extensions ['ignore', 'ignore_ament_install']
[0.177s] Level 1:colcon.colcon_core.package_identification:_identify(src/OrbbecSDK_ROS2/orbbec_camera_msgs) by extension 'ignore'
[0.177s] Level 1:colcon.colcon_core.package_identification:_identify(src/OrbbecSDK_ROS2/orbbec_camera_msgs) by extension 'ignore_ament_install'
[0.177s] Level 1:colcon.colcon_core.package_identification:_identify(src/OrbbecSDK_ROS2/orbbec_camera_msgs) by extensions ['colcon_pkg']
[0.177s] Level 1:colcon.colcon_core.package_identification:_identify(src/OrbbecSDK_ROS2/orbbec_camera_msgs) by extension 'colcon_pkg'
[0.177s] Level 1:colcon.colcon_core.package_identification:_identify(src/OrbbecSDK_ROS2/orbbec_camera_msgs) by extensions ['colcon_meta']
[0.177s] Level 1:colcon.colcon_core.package_identification:_identify(src/OrbbecSDK_ROS2/orbbec_camera_msgs) by extension 'colcon_meta'
[0.177s] Level 1:colcon.colcon_core.package_identification:_identify(src/OrbbecSDK_ROS2/orbbec_camera_msgs) by extensions ['ros']
[0.177s] Level 1:colcon.colcon_core.package_identification:_identify(src/OrbbecSDK_ROS2/orbbec_camera_msgs) by extension 'ros'
[0.177s] DEBUG:colcon.colcon_core.package_identification:Package 'src/OrbbecSDK_ROS2/orbbec_camera_msgs' with type 'ros.ament_cmake' and name 'orbbec_camera_msgs'
[0.177s] Level 1:colcon.colcon_core.package_identification:_identify(src/OrbbecSDK_ROS2/orbbec_description) by extensions ['ignore', 'ignore_ament_install']
[0.177s] Level 1:colcon.colcon_core.package_identification:_identify(src/OrbbecSDK_ROS2/orbbec_description) by extension 'ignore'
[0.177s] Level 1:colcon.colcon_core.package_identification:_identify(src/OrbbecSDK_ROS2/orbbec_description) by extension 'ignore_ament_install'
[0.178s] Level 1:colcon.colcon_core.package_identification:_identify(src/OrbbecSDK_ROS2/orbbec_description) by extensions ['colcon_pkg']
[0.178s] Level 1:colcon.colcon_core.package_identification:_identify(src/OrbbecSDK_ROS2/orbbec_description) by extension 'colcon_pkg'
[0.178s] Level 1:colcon.colcon_core.package_identification:_identify(src/OrbbecSDK_ROS2/orbbec_description) by extensions ['colcon_meta']
[0.178s] Level 1:colcon.colcon_core.package_identification:_identify(src/OrbbecSDK_ROS2/orbbec_description) by extension 'colcon_meta'
[0.178s] Level 1:colcon.colcon_core.package_identification:_identify(src/OrbbecSDK_ROS2/orbbec_description) by extensions ['ros']
[0.178s] Level 1:colcon.colcon_core.package_identification:_identify(src/OrbbecSDK_ROS2/orbbec_description) by extension 'ros'
[0.178s] DEBUG:colcon.colcon_core.package_identification:Package 'src/OrbbecSDK_ROS2/orbbec_description' with type 'ros.ament_cmake' and name 'orbbec_description'
[0.178s] Level 1:colcon.colcon_core.package_identification:_identify(src/allex_ces_idle_interaction) by extensions ['ignore', 'ignore_ament_install']
[0.178s] Level 1:colcon.colcon_core.package_identification:_identify(src/allex_ces_idle_interaction) by extension 'ignore'
[0.178s] Level 1:colcon.colcon_core.package_identification:_identify(src/allex_ces_idle_interaction) by extension 'ignore_ament_install'
[0.178s] Level 1:colcon.colcon_core.package_identification:_identify(src/allex_ces_idle_interaction) by extensions ['colcon_pkg']
[0.178s] Level 1:colcon.colcon_core.package_identification:_identify(src/allex_ces_idle_interaction) by extension 'colcon_pkg'
[0.178s] Level 1:colcon.colcon_core.package_identification:_identify(src/allex_ces_idle_interaction) by extensions ['colcon_meta']
[0.178s] Level 1:colcon.colcon_core.package_identification:_identify(src/allex_ces_idle_interaction) by extension 'colcon_meta'
[0.178s] Level 1:colcon.colcon_core.package_identification:_identify(src/allex_ces_idle_interaction) by extensions ['ros']
[0.178s] Level 1:colcon.colcon_core.package_identification:_identify(src/allex_ces_idle_interaction) by extension 'ros'
[0.178s] DEBUG:colcon.colcon_core.package_identification:Package 'src/allex_ces_idle_interaction' with type 'ros.ament_python' and name 'allex_ces_idle_interaction'
[0.179s] Level 1:colcon.colcon_core.package_discovery:discover_packages(recursive) using defaults
[0.179s] Level 1:colcon.colcon_core.package_discovery:discover_packages(ignore) discover
[0.179s] Level 1:colcon.colcon_core.package_discovery:discover_packages(ignore) using defaults
[0.179s] Level 1:colcon.colcon_core.package_discovery:discover_packages(path) discover
[0.179s] Level 1:colcon.colcon_core.package_discovery:discover_packages(path) using defaults
[0.190s] Level 1:colcon.colcon_core.package_discovery:discover_packages(prefix_path) check parameters
[0.190s] Level 1:colcon.colcon_core.package_discovery:discover_packages(prefix_path) discover
[0.191s] DEBUG:colcon.colcon_installed_package_information.package_discovery:Found 4 installed packages in /home/yeah2/allex_ces_idle_interaction_gui/install
[0.191s] DEBUG:colcon.colcon_installed_package_information.package_discovery:Found 4 installed packages in /home/yeah2/ros2_ws/install
[0.192s] DEBUG:colcon.colcon_installed_package_information.package_discovery:Found 303 installed packages in /opt/ros/humble
[0.193s] Level 1:colcon.colcon_core.package_discovery:discover_packages(prefix_path) using defaults
[0.212s] Level 5:colcon.colcon_core.verb:set package 'allex_ces_idle_interaction' build argument 'cmake_args' from command line to 'None'
[0.212s] Level 5:colcon.colcon_core.verb:set package 'allex_ces_idle_interaction' build argument 'cmake_target' from command line to 'None'
[0.212s] Level 5:colcon.colcon_core.verb:set package 'allex_ces_idle_interaction' build argument 'cmake_target_skip_unavailable' from command line to 'False'
[0.212s] Level 5:colcon.colcon_core.verb:set package 'allex_ces_idle_interaction' build argument 'cmake_clean_cache' from command line to 'False'
[0.212s] Level 5:colcon.colcon_core.verb:set package 'allex_ces_idle_interaction' build argument 'cmake_clean_first' from command line to 'False'
[0.212s] Level 5:colcon.colcon_core.verb:set package 'allex_ces_idle_interaction' build argument 'cmake_force_configure' from command line to 'False'
[0.212s] Level 5:colcon.colcon_core.verb:set package 'allex_ces_idle_interaction' build argument 'ament_cmake_args' from command line to 'None'
[0.212s] Level 5:colcon.colcon_core.verb:set package 'allex_ces_idle_interaction' build argument 'catkin_cmake_args' from command line to 'None'
[0.212s] Level 5:colcon.colcon_core.verb:set package 'allex_ces_idle_interaction' build argument 'catkin_skip_building_tests' from command line to 'False'
[0.212s] DEBUG:colcon.colcon_core.verb:Building package 'allex_ces_idle_interaction' with the following arguments: {'ament_cmake_args': None, 'build_base': '/home/yeah2/allex_ces_idle_interaction_gui/build/allex_ces_idle_interaction', 'catkin_cmake_args': None, 'catkin_skip_building_tests': False, 'cmake_args': None, 'cmake_clean_cache': False, 'cmake_clean_first': False, 'cmake_force_configure': False, 'cmake_target': None, 'cmake_target_skip_unavailable': False, 'install_base': '/home/yeah2/allex_ces_idle_interaction_gui/install/allex_ces_idle_interaction', 'merge_install': False, 'path': '/home/yeah2/allex_ces_idle_interaction_gui/src/allex_ces_idle_interaction', 'symlink_install': True, 'test_result_base': None}
[0.213s] Level 5:colcon.colcon_core.verb:set package 'orbbec_camera_msgs' build argument 'cmake_args' from command line to 'None'
[0.213s] Level 5:colcon.colcon_core.verb:set package 'orbbec_camera_msgs' build argument 'cmake_target' from command line to 'None'
[0.213s] Level 5:colcon.colcon_core.verb:set package 'orbbec_camera_msgs' build argument 'cmake_target_skip_unavailable' from command line to 'False'
[0.213s] Level 5:colcon.colcon_core.verb:set package 'orbbec_camera_msgs' build argument 'cmake_clean_cache' from command line to 'False'
[0.213s] Level 5:colcon.colcon_core.verb:set package 'orbbec_camera_msgs' build argument 'cmake_clean_first' from command line to 'False'
[0.213s] Level 5:colcon.colcon_core.verb:set package 'orbbec_camera_msgs' build argument 'cmake_force_configure' from command line to 'False'
[0.213s] Level 5:colcon.colcon_core.verb:set package 'orbbec_camera_msgs' build argument 'ament_cmake_args' from command line to 'None'
[0.213s] Level 5:colcon.colcon_core.verb:set package 'orbbec_camera_msgs' build argument 'catkin_cmake_args' from command line to 'None'
[0.213s] Level 5:colcon.colcon_core.verb:set package 'orbbec_camera_msgs' build argument 'catkin_skip_building_tests' from command line to 'False'
[0.213s] DEBUG:colcon.colcon_core.verb:Building package 'orbbec_camera_msgs' with the following arguments: {'ament_cmake_args': None, 'build_base': '/home/yeah2/allex_ces_idle_interaction_gui/build/orbbec_camera_msgs', 'catkin_cmake_args': None, 'catkin_skip_building_tests': False, 'cmake_args': None, 'cmake_clean_cache': False, 'cmake_clean_first': False, 'cmake_force_configure': False, 'cmake_target': None, 'cmake_target_skip_unavailable': False, 'install_base': '/home/yeah2/allex_ces_idle_interaction_gui/install/orbbec_camera_msgs', 'merge_install': False, 'path': '/home/yeah2/allex_ces_idle_interaction_gui/src/OrbbecSDK_ROS2/orbbec_camera_msgs', 'symlink_install': True, 'test_result_base': None}
[0.213s] Level 5:colcon.colcon_core.verb:set package 'orbbec_description' build argument 'cmake_args' from command line to 'None'
[0.213s] Level 5:colcon.colcon_core.verb:set package 'orbbec_description' build argument 'cmake_target' from command line to 'None'
[0.213s] Level 5:colcon.colcon_core.verb:set package 'orbbec_description' build argument 'cmake_target_skip_unavailable' from command line to 'False'
[0.213s] Level 5:colcon.colcon_core.verb:set package 'orbbec_description' build argument 'cmake_clean_cache' from command line to 'False'
[0.213s] Level 5:colcon.colcon_core.verb:set package 'orbbec_description' build argument 'cmake_clean_first' from command line to 'False'
[0.213s] Level 5:colcon.colcon_core.verb:set package 'orbbec_description' build argument 'cmake_force_configure' from command line to 'False'
[0.213s] Level 5:colcon.colcon_core.verb:set package 'orbbec_description' build argument 'ament_cmake_args' from command line to 'None'
[0.213s] Level 5:colcon.colcon_core.verb:set package 'orbbec_description' build argument 'catkin_cmake_args' from command line to 'None'
[0.213s] Level 5:colcon.colcon_core.verb:set package 'orbbec_description' build argument 'catkin_skip_building_tests' from command line to 'False'
[0.213s] DEBUG:colcon.colcon_core.verb:Building package 'orbbec_description' with the following arguments: {'ament_cmake_args': None, 'build_base': '/home/yeah2/allex_ces_idle_interaction_gui/build/orbbec_description', 'catkin_cmake_args': None, 'catkin_skip_building_tests': False, 'cmake_args': None, 'cmake_clean_cache': False, 'cmake_clean_first': False, 'cmake_force_configure': False, 'cmake_target': None, 'cmake_target_skip_unavailable': False, 'install_base': '/home/yeah2/allex_ces_idle_interaction_gui/install/orbbec_description', 'merge_install': False, 'path': '/home/yeah2/allex_ces_idle_interaction_gui/src/OrbbecSDK_ROS2/orbbec_description', 'symlink_install': True, 'test_result_base': None}
[0.213s] Level 5:colcon.colcon_core.verb:set package 'orbbec_camera' build argument 'cmake_args' from command line to 'None'
[0.213s] Level 5:colcon.colcon_core.verb:set package 'orbbec_camera' build argument 'cmake_target' from command line to 'None'
[0.213s] Level 5:colcon.colcon_core.verb:set package 'orbbec_camera' build argument 'cmake_target_skip_unavailable' from command line to 'False'
[0.213s] Level 5:colcon.colcon_core.verb:set package 'orbbec_camera' build argument 'cmake_clean_cache' from command line to 'False'
[0.213s] Level 5:colcon.colcon_core.verb:set package 'orbbec_camera' build argument 'cmake_clean_first' from command line to 'False'
[0.213s] Level 5:colcon.colcon_core.verb:set package 'orbbec_camera' build argument 'cmake_force_configure' from command line to 'False'
[0.213s] Level 5:colcon.colcon_core.verb:set package 'orbbec_camera' build argument 'ament_cmake_args' from command line to 'None'
[0.213s] Level 5:colcon.colcon_core.verb:set package 'orbbec_camera' build argument 'catkin_cmake_args' from command line to 'None'
[0.213s] Level 5:colcon.colcon_core.verb:set package 'orbbec_camera' build argument 'catkin_skip_building_tests' from command line to 'False'
[0.213s] DEBUG:colcon.colcon_core.verb:Building package 'orbbec_camera' with the following arguments: {'ament_cmake_args': None, 'build_base': '/home/yeah2/allex_ces_idle_interaction_gui/build/orbbec_camera', 'catkin_cmake_args': None, 'catkin_skip_building_tests': False, 'cmake_args': None, 'cmake_clean_cache': False, 'cmake_clean_first': False, 'cmake_force_configure': False, 'cmake_target': None, 'cmake_target_skip_unavailable': False, 'install_base': '/home/yeah2/allex_ces_idle_interaction_gui/install/orbbec_camera', 'merge_install': False, 'path': '/home/yeah2/allex_ces_idle_interaction_gui/src/OrbbecSDK_ROS2/orbbec_camera', 'symlink_install': True, 'test_result_base': None}
[0.213s] INFO:colcon.colcon_core.executor:Executing jobs using 'parallel' executor
[0.214s] DEBUG:colcon.colcon_parallel_executor.executor.parallel:run_until_complete
[0.214s] INFO:colcon.colcon_ros.task.ament_cmake.build:Building ROS package in '/home/yeah2/allex_ces_idle_interaction_gui/src/OrbbecSDK_ROS2/orbbec_camera_msgs' with build type 'ament_cmake'
[0.214s] INFO:colcon.colcon_cmake.task.cmake.build:Building CMake package in '/home/yeah2/allex_ces_idle_interaction_gui/src/OrbbecSDK_ROS2/orbbec_camera_msgs'
[0.216s] INFO:colcon.colcon_core.plugin_system:Skipping extension 'colcon_core.shell.bat': Not used on non-Windows systems
[0.216s] INFO:colcon.colcon_core.shell:Skip shell extension 'powershell' for command environment: Not usable outside of PowerShell
[0.216s] DEBUG:colcon.colcon_core.shell:Skip shell extension 'dsv' for command environment
[0.218s] INFO:colcon.colcon_ros.task.ament_python.build:Building ROS package in '/home/yeah2/allex_ces_idle_interaction_gui/src/allex_ces_idle_interaction' with build type 'ament_python'
[0.218s] Level 1:colcon.colcon_core.shell:create_environment_hook('allex_ces_idle_interaction', 'ament_prefix_path')
[0.218s] INFO:colcon.colcon_core.shell:Creating environment hook '/home/yeah2/allex_ces_idle_interaction_gui/install/allex_ces_idle_interaction/share/allex_ces_idle_interaction/hook/ament_prefix_path.ps1'
[0.219s] INFO:colcon.colcon_core.shell:Creating environment descriptor '/home/yeah2/allex_ces_idle_interaction_gui/install/allex_ces_idle_interaction/share/allex_ces_idle_interaction/hook/ament_prefix_path.dsv'
[0.219s] INFO:colcon.colcon_core.shell:Creating environment hook '/home/yeah2/allex_ces_idle_interaction_gui/install/allex_ces_idle_interaction/share/allex_ces_idle_interaction/hook/ament_prefix_path.sh'
[0.219s] INFO:colcon.colcon_core.shell:Skip shell extension 'powershell' for command environment: Not usable outside of PowerShell
[0.220s] DEBUG:colcon.colcon_core.shell:Skip shell extension 'dsv' for command environment
[0.221s] INFO:colcon.colcon_ros.task.ament_cmake.build:Building ROS package in '/home/yeah2/allex_ces_idle_interaction_gui/src/OrbbecSDK_ROS2/orbbec_description' with build type 'ament_cmake'
[0.221s] INFO:colcon.colcon_cmake.task.cmake.build:Building CMake package in '/home/yeah2/allex_ces_idle_interaction_gui/src/OrbbecSDK_ROS2/orbbec_description'
[0.222s] INFO:colcon.colcon_core.shell:Skip shell extension 'powershell' for command environment: Not usable outside of PowerShell
[0.222s] DEBUG:colcon.colcon_core.shell:Skip shell extension 'dsv' for command environment
[0.226s] DEBUG:colcon.colcon_core.event_handler.log_command:Invoking command in '/home/yeah2/allex_ces_idle_interaction_gui/build/orbbec_camera_msgs': CMAKE_PREFIX_PATH=${CMAKE_PREFIX_PATH}:/home/yeah2/allex_ces_idle_interaction_gui/install/allex_ces_idle_interaction:/home/yeah2/ros2_ws/install/trajectory_recorder:/home/yeah2/ros2_ws/install/joy_traj_param:/home/yeah2/ros2_ws/install/irim_control_panel_n_dashboard:/home/yeah2/ros2_ws/install/iri_zmq_ros2_bridge:/opt/ros/humble /usr/bin/cmake --build /home/yeah2/allex_ces_idle_interaction_gui/build/orbbec_camera_msgs -- -j20 -l20
[0.382s] INFO:colcon.colcon_core.task.python.build:Building Python package in '/home/yeah2/allex_ces_idle_interaction_gui/src/allex_ces_idle_interaction'
[0.382s] INFO:colcon.colcon_core.shell:Skip shell extension 'powershell' for command environment: Not usable outside of PowerShell
[0.382s] DEBUG:colcon.colcon_core.shell:Skip shell extension 'dsv' for command environment
[0.387s] DEBUG:colcon.colcon_core.event_handler.log_command:Invoking command in '/home/yeah2/allex_ces_idle_interaction_gui/build/orbbec_description': CMAKE_PREFIX_PATH=${CMAKE_PREFIX_PATH}:/home/yeah2/allex_ces_idle_interaction_gui/install/allex_ces_idle_interaction:/home/yeah2/ros2_ws/install/trajectory_recorder:/home/yeah2/ros2_ws/install/joy_traj_param:/home/yeah2/ros2_ws/install/irim_control_panel_n_dashboard:/home/yeah2/ros2_ws/install/iri_zmq_ros2_bridge:/opt/ros/humble /usr/bin/cmake --build /home/yeah2/allex_ces_idle_interaction_gui/build/orbbec_description -- -j20 -l20
[0.413s] DEBUG:colcon.colcon_core.event_handler.log_command:Invoked command in '/home/yeah2/allex_ces_idle_interaction_gui/build/orbbec_description' returned '0': CMAKE_PREFIX_PATH=${CMAKE_PREFIX_PATH}:/home/yeah2/allex_ces_idle_interaction_gui/install/allex_ces_idle_interaction:/home/yeah2/ros2_ws/install/trajectory_recorder:/home/yeah2/ros2_ws/install/joy_traj_param:/home/yeah2/ros2_ws/install/irim_control_panel_n_dashboard:/home/yeah2/ros2_ws/install/iri_zmq_ros2_bridge:/opt/ros/humble /usr/bin/cmake --build /home/yeah2/allex_ces_idle_interaction_gui/build/orbbec_description -- -j20 -l20
[0.422s] DEBUG:colcon.colcon_core.event_handler.log_command:Invoking command in '/home/yeah2/allex_ces_idle_interaction_gui/build/orbbec_description': CMAKE_PREFIX_PATH=${CMAKE_PREFIX_PATH}:/home/yeah2/allex_ces_idle_interaction_gui/install/allex_ces_idle_interaction:/home/yeah2/ros2_ws/install/trajectory_recorder:/home/yeah2/ros2_ws/install/joy_traj_param:/home/yeah2/ros2_ws/install/irim_control_panel_n_dashboard:/home/yeah2/ros2_ws/install/iri_zmq_ros2_bridge:/opt/ros/humble /usr/bin/cmake --install /home/yeah2/allex_ces_idle_interaction_gui/build/orbbec_description
[0.434s] DEBUG:colcon.colcon_core.event_handler.log_command:Invoked command in '/home/yeah2/allex_ces_idle_interaction_gui/build/orbbec_camera_msgs' returned '0': CMAKE_PREFIX_PATH=${CMAKE_PREFIX_PATH}:/home/yeah2/allex_ces_idle_interaction_gui/install/allex_ces_idle_interaction:/home/yeah2/ros2_ws/install/trajectory_recorder:/home/yeah2/ros2_ws/install/joy_traj_param:/home/yeah2/ros2_ws/install/irim_control_panel_n_dashboard:/home/yeah2/ros2_ws/install/iri_zmq_ros2_bridge:/opt/ros/humble /usr/bin/cmake --build /home/yeah2/allex_ces_idle_interaction_gui/build/orbbec_camera_msgs -- -j20 -l20
[0.435s] DEBUG:colcon.colcon_core.event_handler.log_command:Invoking command in '/home/yeah2/allex_ces_idle_interaction_gui/build/orbbec_camera_msgs': CMAKE_PREFIX_PATH=${CMAKE_PREFIX_PATH}:/home/yeah2/allex_ces_idle_interaction_gui/install/allex_ces_idle_interaction:/home/yeah2/ros2_ws/install/trajectory_recorder:/home/yeah2/ros2_ws/install/joy_traj_param:/home/yeah2/ros2_ws/install/irim_control_panel_n_dashboard:/home/yeah2/ros2_ws/install/iri_zmq_ros2_bridge:/opt/ros/humble /usr/bin/cmake --install /home/yeah2/allex_ces_idle_interaction_gui/build/orbbec_camera_msgs
[0.439s] Level 1:colcon.colcon_core.environment:create_environment_scripts_only(orbbec_description)
[0.439s] DEBUG:colcon.colcon_core.event_handler.log_command:Invoked command in '/home/yeah2/allex_ces_idle_interaction_gui/build/orbbec_description' returned '0': CMAKE_PREFIX_PATH=${CMAKE_PREFIX_PATH}:/home/yeah2/allex_ces_idle_interaction_gui/install/allex_ces_idle_interaction:/home/yeah2/ros2_ws/install/trajectory_recorder:/home/yeah2/ros2_ws/install/joy_traj_param:/home/yeah2/ros2_ws/install/irim_control_panel_n_dashboard:/home/yeah2/ros2_ws/install/iri_zmq_ros2_bridge:/opt/ros/humble /usr/bin/cmake --install /home/yeah2/allex_ces_idle_interaction_gui/build/orbbec_description
[0.442s] Level 1:colcon.colcon_core.environment:checking '/home/yeah2/allex_ces_idle_interaction_gui/install/orbbec_description' for CMake module files
[0.444s] Level 1:colcon.colcon_core.environment:checking '/home/yeah2/allex_ces_idle_interaction_gui/install/orbbec_description' for CMake config files
[0.444s] Level 1:colcon.colcon_core.shell:create_environment_hook('orbbec_description', 'cmake_prefix_path')
[0.444s] INFO:colcon.colcon_core.shell:Creating environment hook '/home/yeah2/allex_ces_idle_interaction_gui/install/orbbec_description/share/orbbec_description/hook/cmake_prefix_path.ps1'
[0.445s] INFO:colcon.colcon_core.shell:Creating environment descriptor '/home/yeah2/allex_ces_idle_interaction_gui/install/orbbec_description/share/orbbec_description/hook/cmake_prefix_path.dsv'
[0.446s] INFO:colcon.colcon_core.shell:Creating environment hook '/home/yeah2/allex_ces_idle_interaction_gui/install/orbbec_description/share/orbbec_description/hook/cmake_prefix_path.sh'
[0.446s] Level 1:colcon.colcon_core.environment:checking '/home/yeah2/allex_ces_idle_interaction_gui/install/orbbec_description/bin'
[0.447s] Level 1:colcon.colcon_core.environment:checking '/home/yeah2/allex_ces_idle_interaction_gui/install/orbbec_description/lib/pkgconfig/orbbec_description.pc'
[0.447s] Level 1:colcon.colcon_core.environment:checking '/home/yeah2/allex_ces_idle_interaction_gui/install/orbbec_description/lib/python3.10/site-packages'
[0.447s] Level 1:colcon.colcon_core.environment:checking '/home/yeah2/allex_ces_idle_interaction_gui/install/orbbec_description/bin'
[0.447s] INFO:colcon.colcon_core.shell:Creating package script '/home/yeah2/allex_ces_idle_interaction_gui/install/orbbec_description/share/orbbec_description/package.ps1'
[0.448s] INFO:colcon.colcon_core.shell:Creating package descriptor '/home/yeah2/allex_ces_idle_interaction_gui/install/orbbec_description/share/orbbec_description/package.dsv'
[0.449s] INFO:colcon.colcon_core.shell:Creating package script '/home/yeah2/allex_ces_idle_interaction_gui/install/orbbec_description/share/orbbec_description/package.sh'
[0.450s] INFO:colcon.colcon_core.shell:Creating package script '/home/yeah2/allex_ces_idle_interaction_gui/install/orbbec_description/share/orbbec_description/package.bash'
[0.451s] INFO:colcon.colcon_core.shell:Creating package script '/home/yeah2/allex_ces_idle_interaction_gui/install/orbbec_description/share/orbbec_description/package.zsh'
[0.453s] Level 1:colcon.colcon_core.environment:create_file_with_runtime_dependencies(/home/yeah2/allex_ces_idle_interaction_gui/install/orbbec_description/share/colcon-core/packages/orbbec_description)
[0.454s] Level 1:colcon.colcon_core.environment:create_environment_scripts_only(orbbec_description)
[0.454s] Level 1:colcon.colcon_core.environment:checking '/home/yeah2/allex_ces_idle_interaction_gui/install/orbbec_description' for CMake module files
[0.455s] Level 1:colcon.colcon_core.environment:checking '/home/yeah2/allex_ces_idle_interaction_gui/install/orbbec_description' for CMake config files
[0.455s] Level 1:colcon.colcon_core.shell:create_environment_hook('orbbec_description', 'cmake_prefix_path')
[0.455s] INFO:colcon.colcon_core.shell:Creating environment hook '/home/yeah2/allex_ces_idle_interaction_gui/install/orbbec_description/share/orbbec_description/hook/cmake_prefix_path.ps1'
[0.456s] INFO:colcon.colcon_core.shell:Creating environment descriptor '/home/yeah2/allex_ces_idle_interaction_gui/install/orbbec_description/share/orbbec_description/hook/cmake_prefix_path.dsv'
[0.456s] INFO:colcon.colcon_core.shell:Creating environment hook '/home/yeah2/allex_ces_idle_interaction_gui/install/orbbec_description/share/orbbec_description/hook/cmake_prefix_path.sh'
[0.456s] Level 1:colcon.colcon_core.environment:checking '/home/yeah2/allex_ces_idle_interaction_gui/install/orbbec_description/bin'
[0.456s] Level 1:colcon.colcon_core.environment:checking '/home/yeah2/allex_ces_idle_interaction_gui/install/orbbec_description/lib/pkgconfig/orbbec_description.pc'
[0.456s] Level 1:colcon.colcon_core.environment:checking '/home/yeah2/allex_ces_idle_interaction_gui/install/orbbec_description/lib/python3.10/site-packages'
[0.457s] Level 1:colcon.colcon_core.environment:checking '/home/yeah2/allex_ces_idle_interaction_gui/install/orbbec_description/bin'
[0.457s] INFO:colcon.colcon_core.shell:Creating package script '/home/yeah2/allex_ces_idle_interaction_gui/install/orbbec_description/share/orbbec_description/package.ps1'
[0.457s] INFO:colcon.colcon_core.shell:Creating package descriptor '/home/yeah2/allex_ces_idle_interaction_gui/install/orbbec_description/share/orbbec_description/package.dsv'
[0.458s] INFO:colcon.colcon_core.shell:Creating package script '/home/yeah2/allex_ces_idle_interaction_gui/install/orbbec_description/share/orbbec_description/package.sh'
[0.458s] INFO:colcon.colcon_core.shell:Creating package script '/home/yeah2/allex_ces_idle_interaction_gui/install/orbbec_description/share/orbbec_description/package.bash'
[0.458s] INFO:colcon.colcon_core.shell:Creating package script '/home/yeah2/allex_ces_idle_interaction_gui/install/orbbec_description/share/orbbec_description/package.zsh'
[0.458s] Level 1:colcon.colcon_core.environment:create_file_with_runtime_dependencies(/home/yeah2/allex_ces_idle_interaction_gui/install/orbbec_description/share/colcon-core/packages/orbbec_description)
[0.494s] Level 1:colcon.colcon_core.environment:create_environment_scripts_only(orbbec_camera_msgs)
[0.494s] Level 1:colcon.colcon_core.environment:checking '/home/yeah2/allex_ces_idle_interaction_gui/install/orbbec_camera_msgs' for CMake module files
[0.495s] DEBUG:colcon.colcon_core.event_handler.log_command:Invoked command in '/home/yeah2/allex_ces_idle_interaction_gui/build/orbbec_camera_msgs' returned '0': CMAKE_PREFIX_PATH=${CMAKE_PREFIX_PATH}:/home/yeah2/allex_ces_idle_interaction_gui/install/allex_ces_idle_interaction:/home/yeah2/ros2_ws/install/trajectory_recorder:/home/yeah2/ros2_ws/install/joy_traj_param:/home/yeah2/ros2_ws/install/irim_control_panel_n_dashboard:/home/yeah2/ros2_ws/install/iri_zmq_ros2_bridge:/opt/ros/humble /usr/bin/cmake --install /home/yeah2/allex_ces_idle_interaction_gui/build/orbbec_camera_msgs
[0.495s] Level 1:colcon.colcon_core.environment:checking '/home/yeah2/allex_ces_idle_interaction_gui/install/orbbec_camera_msgs' for CMake config files
[0.495s] Level 1:colcon.colcon_core.shell:create_environment_hook('orbbec_camera_msgs', 'cmake_prefix_path')
[0.495s] INFO:colcon.colcon_core.shell:Creating environment hook '/home/yeah2/allex_ces_idle_interaction_gui/install/orbbec_camera_msgs/share/orbbec_camera_msgs/hook/cmake_prefix_path.ps1'
[0.496s] INFO:colcon.colcon_core.shell:Creating environment descriptor '/home/yeah2/allex_ces_idle_interaction_gui/install/orbbec_camera_msgs/share/orbbec_camera_msgs/hook/cmake_prefix_path.dsv'
[0.496s] INFO:colcon.colcon_core.shell:Creating environment hook '/home/yeah2/allex_ces_idle_interaction_gui/install/orbbec_camera_msgs/share/orbbec_camera_msgs/hook/cmake_prefix_path.sh'
[0.496s] Level 1:colcon.colcon_core.environment:checking '/home/yeah2/allex_ces_idle_interaction_gui/install/orbbec_camera_msgs/lib'
[0.496s] Level 1:colcon.colcon_core.shell:create_environment_hook('orbbec_camera_msgs', 'ld_library_path_lib')
[0.496s] INFO:colcon.colcon_core.shell:Creating environment hook '/home/yeah2/allex_ces_idle_interaction_gui/install/orbbec_camera_msgs/share/orbbec_camera_msgs/hook/ld_library_path_lib.ps1'
[0.497s] INFO:colcon.colcon_core.shell:Creating environment descriptor '/home/yeah2/allex_ces_idle_interaction_gui/install/orbbec_camera_msgs/share/orbbec_camera_msgs/hook/ld_library_path_lib.dsv'
[0.497s] INFO:colcon.colcon_core.shell:Creating environment hook '/home/yeah2/allex_ces_idle_interaction_gui/install/orbbec_camera_msgs/share/orbbec_camera_msgs/hook/ld_library_path_lib.sh'
[0.497s] Level 1:colcon.colcon_core.environment:checking '/home/yeah2/allex_ces_idle_interaction_gui/install/orbbec_camera_msgs/bin'
[0.497s] Level 1:colcon.colcon_core.environment:checking '/home/yeah2/allex_ces_idle_interaction_gui/install/orbbec_camera_msgs/lib/pkgconfig/orbbec_camera_msgs.pc'
[0.497s] Level 1:colcon.colcon_core.environment:checking '/home/yeah2/allex_ces_idle_interaction_gui/install/orbbec_camera_msgs/lib/python3.10/site-packages'
[0.497s] Level 1:colcon.colcon_core.environment:checking '/home/yeah2/allex_ces_idle_interaction_gui/install/orbbec_camera_msgs/bin'
[0.497s] INFO:colcon.colcon_core.shell:Creating package script '/home/yeah2/allex_ces_idle_interaction_gui/install/orbbec_camera_msgs/share/orbbec_camera_msgs/package.ps1'
[0.498s] INFO:colcon.colcon_core.shell:Creating package descriptor '/home/yeah2/allex_ces_idle_interaction_gui/install/orbbec_camera_msgs/share/orbbec_camera_msgs/package.dsv'
[0.498s] INFO:colcon.colcon_core.shell:Creating package script '/home/yeah2/allex_ces_idle_interaction_gui/install/orbbec_camera_msgs/share/orbbec_camera_msgs/package.sh'
[0.498s] INFO:colcon.colcon_core.shell:Creating package script '/home/yeah2/allex_ces_idle_interaction_gui/install/orbbec_camera_msgs/share/orbbec_camera_msgs/package.bash'
[0.498s] INFO:colcon.colcon_core.shell:Creating package script '/home/yeah2/allex_ces_idle_interaction_gui/install/orbbec_camera_msgs/share/orbbec_camera_msgs/package.zsh'
[0.498s] Level 1:colcon.colcon_core.environment:create_file_with_runtime_dependencies(/home/yeah2/allex_ces_idle_interaction_gui/install/orbbec_camera_msgs/share/colcon-core/packages/orbbec_camera_msgs)
[0.499s] Level 1:colcon.colcon_core.environment:create_environment_scripts_only(orbbec_camera_msgs)
[0.499s] Level 1:colcon.colcon_core.environment:checking '/home/yeah2/allex_ces_idle_interaction_gui/install/orbbec_camera_msgs' for CMake module files
[0.499s] Level 1:colcon.colcon_core.environment:checking '/home/yeah2/allex_ces_idle_interaction_gui/install/orbbec_camera_msgs' for CMake config files
[0.499s] Level 1:colcon.colcon_core.shell:create_environment_hook('orbbec_camera_msgs', 'cmake_prefix_path')
[0.499s] INFO:colcon.colcon_core.shell:Creating environment hook '/home/yeah2/allex_ces_idle_interaction_gui/install/orbbec_camera_msgs/share/orbbec_camera_msgs/hook/cmake_prefix_path.ps1'
[0.500s] INFO:colcon.colcon_core.shell:Creating environment descriptor '/home/yeah2/allex_ces_idle_interaction_gui/install/orbbec_camera_msgs/share/orbbec_camera_msgs/hook/cmake_prefix_path.dsv'
[0.500s] INFO:colcon.colcon_core.shell:Creating environment hook '/home/yeah2/allex_ces_idle_interaction_gui/install/orbbec_camera_msgs/share/orbbec_camera_msgs/hook/cmake_prefix_path.sh'
[0.500s] Level 1:colcon.colcon_core.environment:checking '/home/yeah2/allex_ces_idle_interaction_gui/install/orbbec_camera_msgs/lib'
[0.500s] Level 1:colcon.colcon_core.shell:create_environment_hook('orbbec_camera_msgs', 'ld_library_path_lib')
[0.500s] INFO:colcon.colcon_core.shell:Creating environment hook '/home/yeah2/allex_ces_idle_interaction_gui/install/orbbec_camera_msgs/share/orbbec_camera_msgs/hook/ld_library_path_lib.ps1'
[0.500s] INFO:colcon.colcon_core.shell:Creating environment descriptor '/home/yeah2/allex_ces_idle_interaction_gui/install/orbbec_camera_msgs/share/orbbec_camera_msgs/hook/ld_library_path_lib.dsv'
[0.501s] INFO:colcon.colcon_core.shell:Creating environment hook '/home/yeah2/allex_ces_idle_interaction_gui/install/orbbec_camera_msgs/share/orbbec_camera_msgs/hook/ld_library_path_lib.sh'
[0.501s] Level 1:colcon.colcon_core.environment:checking '/home/yeah2/allex_ces_idle_interaction_gui/install/orbbec_camera_msgs/bin'
[0.501s] Level 1:colcon.colcon_core.environment:checking '/home/yeah2/allex_ces_idle_interaction_gui/install/orbbec_camera_msgs/lib/pkgconfig/orbbec_camera_msgs.pc'
[0.501s] Level 1:colcon.colcon_core.environment:checking '/home/yeah2/allex_ces_idle_interaction_gui/install/orbbec_camera_msgs/lib/python3.10/site-packages'
[0.501s] Level 1:colcon.colcon_core.environment:checking '/home/yeah2/allex_ces_idle_interaction_gui/install/orbbec_camera_msgs/bin'
[0.501s] INFO:colcon.colcon_core.shell:Creating package script '/home/yeah2/allex_ces_idle_interaction_gui/install/orbbec_camera_msgs/share/orbbec_camera_msgs/package.ps1'
[0.501s] INFO:colcon.colcon_core.shell:Creating package descriptor '/home/yeah2/allex_ces_idle_interaction_gui/install/orbbec_camera_msgs/share/orbbec_camera_msgs/package.dsv'
[0.502s] INFO:colcon.colcon_core.shell:Creating package script '/home/yeah2/allex_ces_idle_interaction_gui/install/orbbec_camera_msgs/share/orbbec_camera_msgs/package.sh'
[0.502s] INFO:colcon.colcon_core.shell:Creating package script '/home/yeah2/allex_ces_idle_interaction_gui/install/orbbec_camera_msgs/share/orbbec_camera_msgs/package.bash'
[0.502s] INFO:colcon.colcon_core.shell:Creating package script '/home/yeah2/allex_ces_idle_interaction_gui/install/orbbec_camera_msgs/share/orbbec_camera_msgs/package.zsh'
[0.502s] Level 1:colcon.colcon_core.environment:create_file_with_runtime_dependencies(/home/yeah2/allex_ces_idle_interaction_gui/install/orbbec_camera_msgs/share/colcon-core/packages/orbbec_camera_msgs)
[0.502s] INFO:colcon.colcon_ros.task.ament_cmake.build:Building ROS package in '/home/yeah2/allex_ces_idle_interaction_gui/src/OrbbecSDK_ROS2/orbbec_camera' with build type 'ament_cmake'
[0.502s] INFO:colcon.colcon_cmake.task.cmake.build:Building CMake package in '/home/yeah2/allex_ces_idle_interaction_gui/src/OrbbecSDK_ROS2/orbbec_camera'
[0.503s] INFO:colcon.colcon_core.shell:Skip shell extension 'powershell' for command environment: Not usable outside of PowerShell
[0.503s] DEBUG:colcon.colcon_core.shell:Skip shell extension 'dsv' for command environment
[0.509s] DEBUG:colcon.colcon_core.event_handler.log_command:Invoking command in '/home/yeah2/allex_ces_idle_interaction_gui/build/orbbec_camera': CMAKE_PREFIX_PATH=/home/yeah2/allex_ces_idle_interaction_gui/install/orbbec_camera_msgs:/home/yeah2/allex_ces_idle_interaction_gui/install/orbbec_camera:/home/yeah2/allex_ces_idle_interaction_gui/install/orbbec_description:/home/yeah2/allex_ces_idle_interaction_gui/install/allex_ces_idle_interaction:/home/yeah2/ros2_ws/install/trajectory_recorder:/home/yeah2/ros2_ws/install/joy_traj_param:/home/yeah2/ros2_ws/install/irim_control_panel_n_dashboard:/home/yeah2/ros2_ws/install/iri_zmq_ros2_bridge:/opt/ros/humble LD_LIBRARY_PATH=/home/yeah2/allex_ces_idle_interaction_gui/install/orbbec_camera_msgs/lib:/home/yeah2/allex_ces_idle_interaction_gui/install/orbbec_camera/lib:/opt/ros/humble/opt/rviz_ogre_vendor/lib:/opt/ros/humble/lib/x86_64-linux-gnu:/opt/ros/humble/lib /usr/bin/cmake --build /home/yeah2/allex_ces_idle_interaction_gui/build/orbbec_camera -- -j20 -l20
[0.584s] DEBUG:colcon.colcon_core.event_handler.log_command:Invoking command in '/home/yeah2/allex_ces_idle_interaction_gui/build/allex_ces_idle_interaction': PYTHONPATH=/home/yeah2/allex_ces_idle_interaction_gui/build/allex_ces_idle_interaction/prefix_override:/usr/lib/python3/dist-packages/colcon_core/task/python/colcon_distutils_commands:/home/yeah2/allex_ces_idle_interaction_gui/install/allex_ces_idle_interaction/lib/python3.10/site-packages:${PYTHONPATH} /usr/bin/python3 -W ignore:setup.py install is deprecated -W ignore:easy_install command is deprecated setup.py develop --editable --build-directory /home/yeah2/allex_ces_idle_interaction_gui/build/allex_ces_idle_interaction/build --no-deps symlink_data
[0.599s] DEBUG:colcon.colcon_core.event_handler.log_command:Invoked command in '/home/yeah2/allex_ces_idle_interaction_gui/build/orbbec_camera' returned '0': CMAKE_PREFIX_PATH=/home/yeah2/allex_ces_idle_interaction_gui/install/orbbec_camera_msgs:/home/yeah2/allex_ces_idle_interaction_gui/install/orbbec_camera:/home/yeah2/allex_ces_idle_interaction_gui/install/orbbec_description:/home/yeah2/allex_ces_idle_interaction_gui/install/allex_ces_idle_interaction:/home/yeah2/ros2_ws/install/trajectory_recorder:/home/yeah2/ros2_ws/install/joy_traj_param:/home/yeah2/ros2_ws/install/irim_control_panel_n_dashboard:/home/yeah2/ros2_ws/install/iri_zmq_ros2_bridge:/opt/ros/humble LD_LIBRARY_PATH=/home/yeah2/allex_ces_idle_interaction_gui/install/orbbec_camera_msgs/lib:/home/yeah2/allex_ces_idle_interaction_gui/install/orbbec_camera/lib:/opt/ros/humble/opt/rviz_ogre_vendor/lib:/opt/ros/humble/lib/x86_64-linux-gnu:/opt/ros/humble/lib /usr/bin/cmake --build /home/yeah2/allex_ces_idle_interaction_gui/build/orbbec_camera -- -j20 -l20
[0.600s] DEBUG:colcon.colcon_core.event_handler.log_command:Invoking command in '/home/yeah2/allex_ces_idle_interaction_gui/build/orbbec_camera': CMAKE_PREFIX_PATH=/home/yeah2/allex_ces_idle_interaction_gui/install/orbbec_camera_msgs:/home/yeah2/allex_ces_idle_interaction_gui/install/orbbec_camera:/home/yeah2/allex_ces_idle_interaction_gui/install/orbbec_description:/home/yeah2/allex_ces_idle_interaction_gui/install/allex_ces_idle_interaction:/home/yeah2/ros2_ws/install/trajectory_recorder:/home/yeah2/ros2_ws/install/joy_traj_param:/home/yeah2/ros2_ws/install/irim_control_panel_n_dashboard:/home/yeah2/ros2_ws/install/iri_zmq_ros2_bridge:/opt/ros/humble LD_LIBRARY_PATH=/home/yeah2/allex_ces_idle_interaction_gui/install/orbbec_camera_msgs/lib:/home/yeah2/allex_ces_idle_interaction_gui/install/orbbec_camera/lib:/opt/ros/humble/opt/rviz_ogre_vendor/lib:/opt/ros/humble/lib/x86_64-linux-gnu:/opt/ros/humble/lib /usr/bin/cmake --install /home/yeah2/allex_ces_idle_interaction_gui/build/orbbec_camera
[0.627s] Level 1:colcon.colcon_core.environment:create_environment_scripts_only(orbbec_camera)
[0.627s] Level 1:colcon.colcon_core.environment:checking '/home/yeah2/allex_ces_idle_interaction_gui/install/orbbec_camera' for CMake module files
[0.627s] DEBUG:colcon.colcon_core.event_handler.log_command:Invoked command in '/home/yeah2/allex_ces_idle_interaction_gui/build/orbbec_camera' returned '0': CMAKE_PREFIX_PATH=/home/yeah2/allex_ces_idle_interaction_gui/install/orbbec_camera_msgs:/home/yeah2/allex_ces_idle_interaction_gui/install/orbbec_camera:/home/yeah2/allex_ces_idle_interaction_gui/install/orbbec_description:/home/yeah2/allex_ces_idle_interaction_gui/install/allex_ces_idle_interaction:/home/yeah2/ros2_ws/install/trajectory_recorder:/home/yeah2/ros2_ws/install/joy_traj_param:/home/yeah2/ros2_ws/install/irim_control_panel_n_dashboard:/home/yeah2/ros2_ws/install/iri_zmq_ros2_bridge:/opt/ros/humble LD_LIBRARY_PATH=/home/yeah2/allex_ces_idle_interaction_gui/install/orbbec_camera_msgs/lib:/home/yeah2/allex_ces_idle_interaction_gui/install/orbbec_camera/lib:/opt/ros/humble/opt/rviz_ogre_vendor/lib:/opt/ros/humble/lib/x86_64-linux-gnu:/opt/ros/humble/lib /usr/bin/cmake --install /home/yeah2/allex_ces_idle_interaction_gui/build/orbbec_camera
[0.628s] Level 1:colcon.colcon_core.environment:checking '/home/yeah2/allex_ces_idle_interaction_gui/install/orbbec_camera' for CMake config files
[0.628s] Level 1:colcon.colcon_core.shell:create_environment_hook('orbbec_camera', 'cmake_prefix_path')
[0.628s] INFO:colcon.colcon_core.shell:Creating environment hook '/home/yeah2/allex_ces_idle_interaction_gui/install/orbbec_camera/share/orbbec_camera/hook/cmake_prefix_path.ps1'
[0.629s] INFO:colcon.colcon_core.shell:Creating environment descriptor '/home/yeah2/allex_ces_idle_interaction_gui/install/orbbec_camera/share/orbbec_camera/hook/cmake_prefix_path.dsv'
[0.629s] INFO:colcon.colcon_core.shell:Creating environment hook '/home/yeah2/allex_ces_idle_interaction_gui/install/orbbec_camera/share/orbbec_camera/hook/cmake_prefix_path.sh'
[0.629s] Level 1:colcon.colcon_core.environment:checking '/home/yeah2/allex_ces_idle_interaction_gui/install/orbbec_camera/lib'
[0.629s] Level 1:colcon.colcon_core.shell:create_environment_hook('orbbec_camera', 'ld_library_path_lib')
[0.629s] INFO:colcon.colcon_core.shell:Creating environment hook '/home/yeah2/allex_ces_idle_interaction_gui/install/orbbec_camera/share/orbbec_camera/hook/ld_library_path_lib.ps1'
[0.629s] INFO:colcon.colcon_core.shell:Creating environment descriptor '/home/yeah2/allex_ces_idle_interaction_gui/install/orbbec_camera/share/orbbec_camera/hook/ld_library_path_lib.dsv'
[0.630s] INFO:colcon.colcon_core.shell:Creating environment hook '/home/yeah2/allex_ces_idle_interaction_gui/install/orbbec_camera/share/orbbec_camera/hook/ld_library_path_lib.sh'
[0.630s] Level 1:colcon.colcon_core.environment:checking '/home/yeah2/allex_ces_idle_interaction_gui/install/orbbec_camera/bin'
[0.630s] Level 1:colcon.colcon_core.environment:checking '/home/yeah2/allex_ces_idle_interaction_gui/install/orbbec_camera/lib/pkgconfig/orbbec_camera.pc'
[0.630s] Level 1:colcon.colcon_core.environment:checking '/home/yeah2/allex_ces_idle_interaction_gui/install/orbbec_camera/lib/python3.10/site-packages'
[0.630s] Level 1:colcon.colcon_core.environment:checking '/home/yeah2/allex_ces_idle_interaction_gui/install/orbbec_camera/bin'
[0.630s] INFO:colcon.colcon_core.shell:Creating package script '/home/yeah2/allex_ces_idle_interaction_gui/install/orbbec_camera/share/orbbec_camera/package.ps1'
[0.630s] INFO:colcon.colcon_core.shell:Creating package descriptor '/home/yeah2/allex_ces_idle_interaction_gui/install/orbbec_camera/share/orbbec_camera/package.dsv'
[0.631s] INFO:colcon.colcon_core.shell:Creating package script '/home/yeah2/allex_ces_idle_interaction_gui/install/orbbec_camera/share/orbbec_camera/package.sh'
[0.631s] INFO:colcon.colcon_core.shell:Creating package script '/home/yeah2/allex_ces_idle_interaction_gui/install/orbbec_camera/share/orbbec_camera/package.bash'
[0.631s] INFO:colcon.colcon_core.shell:Creating package script '/home/yeah2/allex_ces_idle_interaction_gui/install/orbbec_camera/share/orbbec_camera/package.zsh'
[0.631s] Level 1:colcon.colcon_core.environment:create_file_with_runtime_dependencies(/home/yeah2/allex_ces_idle_interaction_gui/install/orbbec_camera/share/colcon-core/packages/orbbec_camera)
[0.632s] Level 1:colcon.colcon_core.environment:create_environment_scripts_only(orbbec_camera)
[0.632s] Level 1:colcon.colcon_core.environment:checking '/home/yeah2/allex_ces_idle_interaction_gui/install/orbbec_camera' for CMake module files
[0.632s] Level 1:colcon.colcon_core.environment:checking '/home/yeah2/allex_ces_idle_interaction_gui/install/orbbec_camera' for CMake config files
[0.632s] Level 1:colcon.colcon_core.shell:create_environment_hook('orbbec_camera', 'cmake_prefix_path')
[0.632s] INFO:colcon.colcon_core.shell:Creating environment hook '/home/yeah2/allex_ces_idle_interaction_gui/install/orbbec_camera/share/orbbec_camera/hook/cmake_prefix_path.ps1'
[0.632s] INFO:colcon.colcon_core.shell:Creating environment descriptor '/home/yeah2/allex_ces_idle_interaction_gui/install/orbbec_camera/share/orbbec_camera/hook/cmake_prefix_path.dsv'
[0.633s] INFO:colcon.colcon_core.shell:Creating environment hook '/home/yeah2/allex_ces_idle_interaction_gui/install/orbbec_camera/share/orbbec_camera/hook/cmake_prefix_path.sh'
[0.633s] Level 1:colcon.colcon_core.environment:checking '/home/yeah2/allex_ces_idle_interaction_gui/install/orbbec_camera/lib'
[0.633s] Level 1:colcon.colcon_core.shell:create_environment_hook('orbbec_camera', 'ld_library_path_lib')
[0.633s] INFO:colcon.colcon_core.shell:Creating environment hook '/home/yeah2/allex_ces_idle_interaction_gui/install/orbbec_camera/share/orbbec_camera/hook/ld_library_path_lib.ps1'
[0.633s] INFO:colcon.colcon_core.shell:Creating environment descriptor '/home/yeah2/allex_ces_idle_interaction_gui/install/orbbec_camera/share/orbbec_camera/hook/ld_library_path_lib.dsv'
[0.633s] INFO:colcon.colcon_core.shell:Creating environment hook '/home/yeah2/allex_ces_idle_interaction_gui/install/orbbec_camera/share/orbbec_camera/hook/ld_library_path_lib.sh'
[0.633s] Level 1:colcon.colcon_core.environment:checking '/home/yeah2/allex_ces_idle_interaction_gui/install/orbbec_camera/bin'
[0.634s] Level 1:colcon.colcon_core.environment:checking '/home/yeah2/allex_ces_idle_interaction_gui/install/orbbec_camera/lib/pkgconfig/orbbec_camera.pc'
[0.634s] Level 1:colcon.colcon_core.environment:checking '/home/yeah2/allex_ces_idle_interaction_gui/install/orbbec_camera/lib/python3.10/site-packages'
[0.634s] Level 1:colcon.colcon_core.environment:checking '/home/yeah2/allex_ces_idle_interaction_gui/install/orbbec_camera/bin'
[0.634s] INFO:colcon.colcon_core.shell:Creating package script '/home/yeah2/allex_ces_idle_interaction_gui/install/orbbec_camera/share/orbbec_camera/package.ps1'
[0.634s] INFO:colcon.colcon_core.shell:Creating package descriptor '/home/yeah2/allex_ces_idle_interaction_gui/install/orbbec_camera/share/orbbec_camera/package.dsv'
[0.634s] INFO:colcon.colcon_core.shell:Creating package script '/home/yeah2/allex_ces_idle_interaction_gui/install/orbbec_camera/share/orbbec_camera/package.sh'
[0.635s] INFO:colcon.colcon_core.shell:Creating package script '/home/yeah2/allex_ces_idle_interaction_gui/install/orbbec_camera/share/orbbec_camera/package.bash'
[0.635s] INFO:colcon.colcon_core.shell:Creating package script '/home/yeah2/allex_ces_idle_interaction_gui/install/orbbec_camera/share/orbbec_camera/package.zsh'
[0.635s] Level 1:colcon.colcon_core.environment:create_file_with_runtime_dependencies(/home/yeah2/allex_ces_idle_interaction_gui/install/orbbec_camera/share/colcon-core/packages/orbbec_camera)
[0.857s] Level 1:colcon.colcon_core.shell:create_environment_hook('allex_ces_idle_interaction', 'pythonpath_develop')
[0.857s] INFO:colcon.colcon_core.shell:Creating environment hook '/home/yeah2/allex_ces_idle_interaction_gui/build/allex_ces_idle_interaction/share/allex_ces_idle_interaction/hook/pythonpath_develop.ps1'
[0.857s] DEBUG:colcon.colcon_core.event_handler.log_command:Invoked command in '/home/yeah2/allex_ces_idle_interaction_gui/build/allex_ces_idle_interaction' returned '0': PYTHONPATH=/home/yeah2/allex_ces_idle_interaction_gui/build/allex_ces_idle_interaction/prefix_override:/usr/lib/python3/dist-packages/colcon_core/task/python/colcon_distutils_commands:/home/yeah2/allex_ces_idle_interaction_gui/install/allex_ces_idle_interaction/lib/python3.10/site-packages:${PYTHONPATH} /usr/bin/python3 -W ignore:setup.py install is deprecated -W ignore:easy_install command is deprecated setup.py develop --editable --build-directory /home/yeah2/allex_ces_idle_interaction_gui/build/allex_ces_idle_interaction/build --no-deps symlink_data
[0.857s] INFO:colcon.colcon_core.shell:Creating environment descriptor '/home/yeah2/allex_ces_idle_interaction_gui/build/allex_ces_idle_interaction/share/allex_ces_idle_interaction/hook/pythonpath_develop.dsv'
[0.858s] INFO:colcon.colcon_core.shell:Creating environment hook '/home/yeah2/allex_ces_idle_interaction_gui/build/allex_ces_idle_interaction/share/allex_ces_idle_interaction/hook/pythonpath_develop.sh'
[0.858s] Level 1:colcon.colcon_core.environment:checking '/home/yeah2/allex_ces_idle_interaction_gui/install/allex_ces_idle_interaction' for CMake module files
[0.858s] Level 1:colcon.colcon_core.environment:checking '/home/yeah2/allex_ces_idle_interaction_gui/install/allex_ces_idle_interaction' for CMake config files
[0.858s] Level 1:colcon.colcon_core.environment:checking '/home/yeah2/allex_ces_idle_interaction_gui/install/allex_ces_idle_interaction/lib'
[0.859s] Level 1:colcon.colcon_core.environment:checking '/home/yeah2/allex_ces_idle_interaction_gui/install/allex_ces_idle_interaction/bin'
[0.859s] Level 1:colcon.colcon_core.environment:checking '/home/yeah2/allex_ces_idle_interaction_gui/install/allex_ces_idle_interaction/lib/pkgconfig/allex_ces_idle_interaction.pc'
[0.859s] Level 1:colcon.colcon_core.environment:checking '/home/yeah2/allex_ces_idle_interaction_gui/install/allex_ces_idle_interaction/lib/python3.10/site-packages'
[0.859s] Level 1:colcon.colcon_core.shell:create_environment_hook('allex_ces_idle_interaction', 'pythonpath')
[0.859s] INFO:colcon.colcon_core.shell:Creating environment hook '/home/yeah2/allex_ces_idle_interaction_gui/install/allex_ces_idle_interaction/share/allex_ces_idle_interaction/hook/pythonpath.ps1'
[0.859s] INFO:colcon.colcon_core.shell:Creating environment descriptor '/home/yeah2/allex_ces_idle_interaction_gui/install/allex_ces_idle_interaction/share/allex_ces_idle_interaction/hook/pythonpath.dsv'
[0.859s] INFO:colcon.colcon_core.shell:Creating environment hook '/home/yeah2/allex_ces_idle_interaction_gui/install/allex_ces_idle_interaction/share/allex_ces_idle_interaction/hook/pythonpath.sh'
[0.860s] Level 1:colcon.colcon_core.environment:checking '/home/yeah2/allex_ces_idle_interaction_gui/install/allex_ces_idle_interaction/bin'
[0.860s] Level 1:colcon.colcon_core.environment:create_environment_scripts_only(allex_ces_idle_interaction)
[0.860s] INFO:colcon.colcon_core.shell:Creating package script '/home/yeah2/allex_ces_idle_interaction_gui/install/allex_ces_idle_interaction/share/allex_ces_idle_interaction/package.ps1'
[0.860s] INFO:colcon.colcon_core.shell:Creating package descriptor '/home/yeah2/allex_ces_idle_interaction_gui/install/allex_ces_idle_interaction/share/allex_ces_idle_interaction/package.dsv'
[0.860s] INFO:colcon.colcon_core.shell:Creating package script '/home/yeah2/allex_ces_idle_interaction_gui/install/allex_ces_idle_interaction/share/allex_ces_idle_interaction/package.sh'
[0.861s] INFO:colcon.colcon_core.shell:Creating package script '/home/yeah2/allex_ces_idle_interaction_gui/install/allex_ces_idle_interaction/share/allex_ces_idle_interaction/package.bash'
[0.861s] INFO:colcon.colcon_core.shell:Creating package script '/home/yeah2/allex_ces_idle_interaction_gui/install/allex_ces_idle_interaction/share/allex_ces_idle_interaction/package.zsh'
[0.861s] Level 1:colcon.colcon_core.environment:create_file_with_runtime_dependencies(/home/yeah2/allex_ces_idle_interaction_gui/install/allex_ces_idle_interaction/share/colcon-core/packages/allex_ces_idle_interaction)
[0.862s] DEBUG:colcon.colcon_parallel_executor.executor.parallel:closing loop
[0.862s] DEBUG:colcon.colcon_parallel_executor.executor.parallel:loop closed
[0.862s] DEBUG:colcon.colcon_parallel_executor.executor.parallel:run_until_complete finished with '0'
[0.862s] DEBUG:colcon.colcon_core.event_reactor:joining thread
[0.865s] INFO:colcon.colcon_core.plugin_system:Skipping extension 'colcon_notification.desktop_notification.terminal_notifier': Not used on non-Darwin systems
[0.865s] INFO:colcon.colcon_core.plugin_system:Skipping extension 'colcon_notification.desktop_notification.win32': Not used on non-Windows systems
[0.865s] INFO:colcon.colcon_notification.desktop_notification:Sending desktop notification using 'notify2'
[0.872s] DEBUG:colcon.colcon_core.event_reactor:joined thread
[0.872s] INFO:colcon.colcon_core.shell:Creating prefix script '/home/yeah2/allex_ces_idle_interaction_gui/install/local_setup.ps1'
[0.873s] INFO:colcon.colcon_core.shell:Creating prefix util module '/home/yeah2/allex_ces_idle_interaction_gui/install/_local_setup_util_ps1.py'
[0.874s] INFO:colcon.colcon_core.shell:Creating prefix chain script '/home/yeah2/allex_ces_idle_interaction_gui/install/setup.ps1'
[0.875s] INFO:colcon.colcon_core.shell:Creating prefix script '/home/yeah2/allex_ces_idle_interaction_gui/install/local_setup.sh'
[0.875s] INFO:colcon.colcon_core.shell:Creating prefix util module '/home/yeah2/allex_ces_idle_interaction_gui/install/_local_setup_util_sh.py'
[0.875s] INFO:colcon.colcon_core.shell:Creating prefix chain script '/home/yeah2/allex_ces_idle_interaction_gui/install/setup.sh'
[0.876s] INFO:colcon.colcon_core.shell:Creating prefix script '/home/yeah2/allex_ces_idle_interaction_gui/install/local_setup.bash'
[0.876s] INFO:colcon.colcon_core.shell:Creating prefix chain script '/home/yeah2/allex_ces_idle_interaction_gui/install/setup.bash'
[0.877s] INFO:colcon.colcon_core.shell:Creating prefix script '/home/yeah2/allex_ces_idle_interaction_gui/install/local_setup.zsh'
[0.877s] INFO:colcon.colcon_core.shell:Creating prefix chain script '/home/yeah2/allex_ces_idle_interaction_gui/install/setup.zsh'
